#
# A fatal error has been detected by the Java Runtime Environment:
#
#  SIGSEGV (0xb) at pc=0x0000000113a44d5a, pid=9430, tid=0x000000000000fb1b
#
# JRE version: Java(TM) SE Runtime Environment (8.0_281-b09) (build 1.8.0_281-b09)
# Java VM: Java HotSpot(TM) 64-Bit Server VM (25.281-b09 mixed mode bsd-amd64 compressed oops)
# Problematic frame:
# J 3054 C2 circeIsland.creatures.Nymph.act()V (137 bytes) @ 0x0000000113a44d5a [0x0000000113a44ae0+0x27a]
#
# Failed to write core dump. Core dumps have been disabled. To enable core dumping, try "ulimit -c unlimited" before starting Java again
#
# If you would like to submit a bug report, please visit:
#   http://bugreport.java.com/bugreport/crash.jsp
#

---------------  T H R E A D  ---------------

Current thread (0x00007fb7381a3000):  JavaThread "Animation Thread" [_thread_in_Java, id=64283, stack(0x000000030f93e000,0x000000030fa3e000)]

siginfo: si_signo: 11 (SIGSEGV), si_code: 2 (SEGV_ACCERR), si_addr: 0x0000000000000014

Registers:
RAX=0x0000000000000003, RBX=0x0000000000000005, RCX=0x0000000000000019, RDX=0x0000000000000002
RSP=0x000000030fa3d7a0, RBP=0x000000074b8a96d8, RSI=0x0000000000000001, RDI=0x0000000000000004
R8 =0x0000000000000004, R9 =0x0000000000000002, R10=0x00000000e8134d08, R11=0x0000000000000014
R12=0x0000000000000000, R13=0x0000000000000005, R14=0x0000000000000001, R15=0x00007fb7381a3000
RIP=0x0000000113a44d5a, EFLAGS=0x0000000000000293, ERR=0x0000000000000004
  TRAPNO=0x000000000000000e

Top of Stack: (sp=0x000000030fa3d7a0)
0x000000030fa3d7a0:   0000000000000000 e8a2dbed00000008
0x000000030fa3d7b0:   0000000796bd4a30 0000000740a1a238
0x000000030fa3d7c0:   448e400042080000 0000000740924078
0x000000030fa3d7d0:   0000000796bcfd10 0000000796bd4778
0x000000030fa3d7e0:   0000000796bd4400 e8a2dbd642040000
0x000000030fa3d7f0:   00000007423c0000 00000007409a6840
0x000000030fa3d800:   000000074b8a96d8 0000000113f47894
0x000000030fa3d810:   00000007c009b388 000000074516deb0
0x000000030fa3d820:   e8a2dd7300000001 00000007c00b31b0
0x000000030fa3d830:   00000007c00af728 00000007437f0000
0x000000030fa3d840:   000000074516eb98 0000000100000000
0x000000030fa3d850:   00000000e803552b 000000074516deb0
0x000000030fa3d860:   0000000796bcfb60 0000000113d2748c
0x000000030fa3d870:   00000007c0107330 0000000740a6c790
0x000000030fa3d880:   00000000e8134d08 00000001139ee8a4
0x000000030fa3d890:   0000000000000000 0000000000000000
0x000000030fa3d8a0:   0000000000000000 0000000113a62474
0x000000030fa3d8b0:   0000000796bcf4e8 0000000796bcf4e8
0x000000030fa3d8c0:   0000000740a6c790 0000000700000000
0x000000030fa3d8d0:   0000034f000004b0 0000000700000000
0x000000030fa3d8e0:   0000000000000001 0000000000000000
0x000000030fa3d8f0:   0000000100000000 0000000000000007
0x000000030fa3d900:   0000000000000000 00000000e8136181
0x000000030fa3d910:   0000000796bcf4e8 0000000113b57004
0x000000030fa3d920:   000004b000000000 0000000796bcf080
0x000000030fa3d930:   0000000796bcf990 00000001138ef58c
0x000000030fa3d940:   00000007409a6840 000000074c0a8d50
0x000000030fa3d950:   00000000f2d79e10 0000000113dd0e8c
0x000000030fa3d960:   0000000796bcf990 00000007400288a8
0x000000030fa3d970:   000000074002a520 0000000796bcf080
0x000000030fa3d980:   0000000300000001 0000000111d7c799
0x000000030fa3d990:   00000007409a6980 00000007401aa958 

Instructions: (pc=0x0000000113a44d5a)
0x0000000113a44d3a:   41 3b fb 0f 84 a4 0f 00 00 45 3b eb 75 0c 44 8b
0x0000000113a44d4a:   c1 66 0f 7e d1 e9 ec 0e 00 00 41 bb 14 00 00 00
0x0000000113a44d5a:   45 8b 1b 45 33 ed 44 8b c1 66 0f 7e d1 bb 10 00
0x0000000113a44d6a:   00 00 8b 7c 24 0c 45 8b 4c fc 10 47 8b 4c cc 0c 

Register to memory mapping:

RAX=0x0000000000000003 is an unknown value
RBX=0x0000000000000005 is an unknown value
RCX=0x0000000000000019 is an unknown value
RDX=0x0000000000000002 is an unknown value
RSP=0x000000030fa3d7a0 is pointing into the stack for thread: 0x00007fb7381a3000
RBP=0x000000074b8a96d8 is an oop
circeIsland.creatures.Nymph 
 - klass: 'circeIsland/creatures/Nymph'
RSI=0x0000000000000001 is an unknown value
RDI=0x0000000000000004 is an unknown value
R8 =0x0000000000000004 is an unknown value
R9 =0x0000000000000002 is an unknown value
R10=0x00000000e8134d08 is an unknown value
R11=0x0000000000000014 is an unknown value
R12=0x0000000000000000 is an unknown value
R13=0x0000000000000005 is an unknown value
R14=0x0000000000000001 is an unknown value
R15=0x00007fb7381a3000 is a thread


Stack: [0x000000030f93e000,0x000000030fa3e000],  sp=0x000000030fa3d7a0,  free space=1021k
Native frames: (J=compiled Java code, j=interpreted, Vv=VM code, C=native code)
J 3054 C2 circeIsland.creatures.Nymph.act()V (137 bytes) @ 0x0000000113a44d5a [0x0000000113a44ae0+0x27a]
J 2994 C2 circeIsland.screens.Island.draw()V (682 bytes) @ 0x0000000113f47894 [0x0000000113f46320+0x1574]
J 2859 C1 circeIsland.main.DrawingSurface.draw()V (353 bytes) @ 0x00000001139ee8a4 [0x00000001139eaaa0+0x3e04]
J 2786 C2 processing.awt.PSurfaceAWT$12.callDraw()V (18 bytes) @ 0x0000000113c45bac [0x0000000113c45a40+0x16c]
j  processing.core.PSurfaceNone$AnimationThread.run()V+30
v  ~StubRoutines::call_stub
V  [libjvm.dylib+0x2d5599]
V  [libjvm.dylib+0x2d4264]
V  [libjvm.dylib+0x2d447f]
V  [libjvm.dylib+0x342b21]
V  [libjvm.dylib+0x5653f2]
V  [libjvm.dylib+0x5652b7]
V  [libjvm.dylib+0x490329]
C  [libsystem_pthread.dylib+0x6950]  _pthread_start+0xe0
C  [libsystem_pthread.dylib+0x247b]  thread_start+0xf
C  0x0000000000000000


---------------  P R O C E S S  ---------------

Java Threads: ( => current thread )
  0x00007fb73780f000 JavaThread "DestroyJavaVM" [_thread_blocked, id=6147, stack(0x000000030dcbb000,0x000000030ddbb000)]
=>0x00007fb7381a3000 JavaThread "Animation Thread" [_thread_in_Java, id=64283, stack(0x000000030f93e000,0x000000030fa3e000)]
  0x00007fb738a04800 JavaThread "AWT-EventQueue-0" [_thread_blocked, id=58915, stack(0x000000030f83b000,0x000000030f93b000)]
  0x00007fb738902000 JavaThread "Java2D Disposer" daemon [_thread_blocked, id=71203, stack(0x000000030f635000,0x000000030f735000)]
  0x00007fb737adc000 JavaThread "Java2D Queue Flusher" daemon [_thread_blocked, id=51471, stack(0x000000030f532000,0x000000030f632000)]
  0x00007fb737a73000 JavaThread "AWT-Shutdown" [_thread_blocked, id=30239, stack(0x000000030f104000,0x000000030f204000)]
  0x00007fb7388cd000 JavaThread "AppKit Thread" daemon [_thread_in_native, id=515, stack(0x000000030d437000,0x000000030dc37000)]
  0x00007fb737868800 JavaThread "Service Thread" daemon [_thread_blocked, id=23303, stack(0x000000030eefe000,0x000000030effe000)]
  0x00007fb738858800 JavaThread "C1 CompilerThread3" daemon [_thread_blocked, id=22531, stack(0x000000030edfb000,0x000000030eefb000)]
  0x00007fb717808800 JavaThread "C2 CompilerThread2" daemon [_thread_blocked, id=41987, stack(0x000000030ecf8000,0x000000030edf8000)]
  0x00007fb738017000 JavaThread "C2 CompilerThread1" daemon [_thread_blocked, id=42243, stack(0x000000030ebf5000,0x000000030ecf5000)]
  0x00007fb738015000 JavaThread "C2 CompilerThread0" daemon [_thread_blocked, id=42499, stack(0x000000030eaf2000,0x000000030ebf2000)]
  0x00007fb738857800 JavaThread "Signal Dispatcher" daemon [_thread_blocked, id=43011, stack(0x000000030e9ef000,0x000000030eaef000)]
  0x00007fb738850000 JavaThread "Finalizer" daemon [_thread_blocked, id=13871, stack(0x000000030e7dc000,0x000000030e8dc000)]
  0x00007fb738849800 JavaThread "Reference Handler" daemon [_thread_blocked, id=18979, stack(0x000000030e6d9000,0x000000030e7d9000)]

Other Threads:
  0x00007fb738843000 VMThread [stack: 0x000000030e5d6000,0x000000030e6d6000] [id=19459]
  0x00007fb738042000 WatcherThread [stack: 0x000000030f001000,0x000000030f101000] [id=41235]

VM state:not at safepoint (normal execution)

VM Mutex/Monitor currently owned by a thread: None

heap address: 0x0000000740000000, size: 2048 MB, Compressed Oops mode: Zero based, Oop shift amount: 3
Narrow klass base: 0x0000000000000000, Narrow klass shift: 3
Compressed class space size: 1073741824 Address: 0x00000007c0000000

Heap:
 PSYoungGen      total 523264K, used 26480K [0x0000000795580000, 0x00000007bf580000, 0x00000007c0000000)
  eden space 373760K, 7% used [0x0000000795580000,0x0000000796f5c250,0x00000007ac280000)
  from space 149504K, 0% used [0x00000007b6380000,0x00000007b6380000,0x00000007bf580000)
  to   space 157184K, 0% used [0x00000007ac280000,0x00000007ac280000,0x00000007b5c00000)
 ParOldGen       total 458752K, used 305941K [0x0000000740000000, 0x000000075c000000, 0x0000000795580000)
  object space 458752K, 66% used [0x0000000740000000,0x0000000752ac57a0,0x000000075c000000)
 Metaspace       used 14617K, capacity 14952K, committed 15360K, reserved 1062912K
  class space    used 1557K, capacity 1672K, committed 1792K, reserved 1048576K

Card table byte_map: [0x00000001225de000,0x00000001229df000] byte_map_base: 0x000000011ebde000

Marking Bits: (ParMarkBitMap*) 0x0000000111f28488
 Begin Bits: [0x00000001229df000, 0x00000001249df000)
 End Bits:   [0x00000001249df000, 0x00000001269df000)

Polling page: 0x000000010d0d3000

CodeCache: size=245760Kb used=8740Kb max_used=9404Kb free=237019Kb
 bounds [0x00000001135de000, 0x0000000113f5e000, 0x00000001225de000]
 total_blobs=3073 nmethods=2485 adapters=501
 compilation: enabled

Compilation events (10 events):
Event: 432.049 Thread 0x00007fb717808800 3050       4       sun.font.SunFontManager::dotStyleStr (40 bytes)
Event: 432.049 Thread 0x00007fb717808800 nmethod 3050 0x0000000113955350 code [0x00000001139554a0, 0x0000000113955518]
Event: 432.225 Thread 0x00007fb738015000 3051       4       java.text.AttributedString$AttributedStringIterator::next (25 bytes)
Event: 432.229 Thread 0x00007fb738015000 nmethod 3051 0x0000000113d603d0 code [0x0000000113d60560, 0x0000000113d60ab8]
Event: 432.482 Thread 0x00007fb738858800 3052       3       sun.text.bidi.BidiBase::setPara (740 bytes)
Event: 432.484 Thread 0x00007fb738858800 nmethod 3052 0x0000000113b1d8d0 code [0x0000000113b1dc80, 0x0000000113b1fdd8]
Event: 432.999 Thread 0x00007fb738858800 3053       1       sun.font.StandardGlyphVector::getNumGlyphs (6 bytes)
Event: 432.999 Thread 0x00007fb738858800 nmethod 3053 0x0000000113bce090 code [0x0000000113bce1e0, 0x0000000113bce2f0]
Event: 433.594 Thread 0x00007fb738017000 3054       4       circeIsland.creatures.Nymph::act (137 bytes)
Event: 433.676 Thread 0x00007fb738017000 nmethod 3054 0x0000000113a44650 code [0x0000000113a44ae0, 0x0000000113a47690]

GC Heap History (10 events):
Event: 33.346 GC heap before
{Heap before GC invocations=11 (full 3):
 PSYoungGen      total 264192K, used 263331K [0x0000000795580000, 0x00000007b3900000, 0x00000007c0000000)
  eden space 200704K, 100% used [0x0000000795580000,0x00000007a1980000,0x00000007a1980000)
  from space 63488K, 98% used [0x00000007a1980000,0x00000007a56a8c60,0x00000007a5780000)
  to   space 78336K, 0% used [0x00000007aec80000,0x00000007aec80000,0x00000007b3900000)
 ParOldGen       total 198144K, used 115962K [0x0000000740000000, 0x000000074c180000, 0x0000000795580000)
  object space 198144K, 58% used [0x0000000740000000,0x000000074713e9f0,0x000000074c180000)
 Metaspace       used 14250K, capacity 14630K, committed 14720K, reserved 1062912K
  class space    used 1534K, capacity 1635K, committed 1664K, reserved 1048576K
Event: 33.467 GC heap after
Heap after GC invocations=11 (full 3):
 PSYoungGen      total 358912K, used 78326K [0x0000000795580000, 0x00000007b9e80000, 0x00000007c0000000)
  eden space 280576K, 0% used [0x0000000795580000,0x0000000795580000,0x00000007a6780000)
  from space 78336K, 99% used [0x00000007aec80000,0x00000007b38fd868,0x00000007b3900000)
  to   space 136192K, 0% used [0x00000007a6780000,0x00000007a6780000,0x00000007aec80000)
 ParOldGen       total 215040K, used 210799K [0x0000000740000000, 0x000000074d200000, 0x0000000795580000)
  object space 215040K, 98% used [0x0000000740000000,0x000000074cddbe08,0x000000074d200000)
 Metaspace       used 14250K, capacity 14630K, committed 14720K, reserved 1062912K
  class space    used 1534K, capacity 1635K, committed 1664K, reserved 1048576K
}
Event: 33.467 GC heap before
{Heap before GC invocations=12 (full 4):
 PSYoungGen      total 358912K, used 78326K [0x0000000795580000, 0x00000007b9e80000, 0x00000007c0000000)
  eden space 280576K, 0% used [0x0000000795580000,0x0000000795580000,0x00000007a6780000)
  from space 78336K, 99% used [0x00000007aec80000,0x00000007b38fd868,0x00000007b3900000)
  to   space 136192K, 0% used [0x00000007a6780000,0x00000007a6780000,0x00000007aec80000)
 ParOldGen       total 215040K, used 210799K [0x0000000740000000, 0x000000074d200000, 0x0000000795580000)
  object space 215040K, 98% used [0x0000000740000000,0x000000074cddbe08,0x000000074d200000)
 Metaspace       used 14250K, capacity 14630K, committed 14720K, reserved 1062912K
  class space    used 1534K, capacity 1635K, committed 1664K, reserved 1048576K
Event: 33.545 GC heap after
Heap after GC invocations=12 (full 4):
 PSYoungGen      total 358912K, used 56142K [0x0000000795580000, 0x00000007b9e80000, 0x00000007c0000000)
  eden space 280576K, 0% used [0x0000000795580000,0x0000000795580000,0x00000007a6780000)
  from space 78336K, 71% used [0x00000007aec80000,0x00000007b2353be8,0x00000007b3900000)
  to   space 136192K, 0% used [0x00000007a6780000,0x00000007a6780000,0x00000007aec80000)
 ParOldGen       total 359424K, used 213598K [0x0000000740000000, 0x0000000755f00000, 0x0000000795580000)
  object space 359424K, 59% used [0x0000000740000000,0x000000074d097ad8,0x0000000755f00000)
 Metaspace       used 14250K, capacity 14630K, committed 14720K, reserved 1062912K
  class space    used 1534K, capacity 1635K, committed 1664K, reserved 1048576K
}
Event: 207.652 GC heap before
{Heap before GC invocations=13 (full 4):
 PSYoungGen      total 358912K, used 336718K [0x0000000795580000, 0x00000007b9e80000, 0x00000007c0000000)
  eden space 280576K, 100% used [0x0000000795580000,0x00000007a6780000,0x00000007a6780000)
  from space 78336K, 71% used [0x00000007aec80000,0x00000007b2353be8,0x00000007b3900000)
  to   space 136192K, 0% used [0x00000007a6780000,0x00000007a6780000,0x00000007aec80000)
 ParOldGen       total 359424K, used 213601K [0x0000000740000000, 0x0000000755f00000, 0x0000000795580000)
  object space 359424K, 59% used [0x0000000740000000,0x000000074d0985b8,0x0000000755f00000)
 Metaspace       used 14453K, capacity 14798K, committed 15104K, reserved 1062912K
  class space    used 1555K, capacity 1669K, committed 1792K, reserved 1048576K
Event: 207.809 GC heap after
Heap after GC invocations=13 (full 4):
 PSYoungGen      total 416768K, used 130047K [0x0000000795580000, 0x00000007c0000000, 0x00000007c0000000)
  eden space 280576K, 0% used [0x0000000795580000,0x0000000795580000,0x00000007a6780000)
  from space 136192K, 95% used [0x00000007a6780000,0x00000007ae67fde8,0x00000007aec80000)
  to   space 160256K, 0% used [0x00000007b6380000,0x00000007b6380000,0x00000007c0000000)
 ParOldGen       total 359424K, used 232629K [0x0000000740000000, 0x0000000755f00000, 0x0000000795580000)
  object space 359424K, 64% used [0x0000000740000000,0x000000074e32d738,0x0000000755f00000)
 Metaspace       used 14453K, capacity 14798K, committed 15104K, reserved 1062912K
  class space    used 1555K, capacity 1669K, committed 1792K, reserved 1048576K
}
Event: 418.667 GC heap before
{Heap before GC invocations=14 (full 4):
 PSYoungGen      total 416768K, used 410623K [0x0000000795580000, 0x00000007c0000000, 0x00000007c0000000)
  eden space 280576K, 100% used [0x0000000795580000,0x00000007a6780000,0x00000007a6780000)
  from space 136192K, 95% used [0x00000007a6780000,0x00000007ae67fde8,0x00000007aec80000)
  to   space 160256K, 0% used [0x00000007b6380000,0x00000007b6380000,0x00000007c0000000)
 ParOldGen       total 359424K, used 232629K [0x0000000740000000, 0x0000000755f00000, 0x0000000795580000)
  object space 359424K, 64% used [0x0000000740000000,0x000000074e32d738,0x0000000755f00000)
 Metaspace       used 14595K, capacity 14952K, committed 15360K, reserved 1062912K
  class space    used 1557K, capacity 1672K, committed 1792K, reserved 1048576K
Event: 418.728 GC heap after
Heap after GC invocations=14 (full 4):
 PSYoungGen      total 523264K, used 73820K [0x0000000795580000, 0x00000007bf580000, 0x00000007c0000000)
  eden space 373760K, 0% used [0x0000000795580000,0x0000000795580000,0x00000007ac280000)
  from space 149504K, 49% used [0x00000007b6380000,0x00000007bab972e8,0x00000007bf580000)
  to   space 157184K, 0% used [0x00000007ac280000,0x00000007ac280000,0x00000007b5c00000)
 ParOldGen       total 359424K, used 280599K [0x0000000740000000, 0x0000000755f00000, 0x0000000795580000)
  object space 359424K, 78% used [0x0000000740000000,0x0000000751205f28,0x0000000755f00000)
 Metaspace       used 14595K, capacity 14952K, committed 15360K, reserved 1062912K
  class space    used 1557K, capacity 1672K, committed 1792K, reserved 1048576K
}
Event: 418.728 GC heap before
{Heap before GC invocations=15 (full 5):
 PSYoungGen      total 523264K, used 73820K [0x0000000795580000, 0x00000007bf580000, 0x00000007c0000000)
  eden space 373760K, 0% used [0x0000000795580000,0x0000000795580000,0x00000007ac280000)
  from space 149504K, 49% used [0x00000007b6380000,0x00000007bab972e8,0x00000007bf580000)
  to   space 157184K, 0% used [0x00000007ac280000,0x00000007ac280000,0x00000007b5c00000)
 ParOldGen       total 359424K, used 280599K [0x0000000740000000, 0x0000000755f00000, 0x0000000795580000)
  object space 359424K, 78% used [0x0000000740000000,0x0000000751205f28,0x0000000755f00000)
 Metaspace       used 14595K, capacity 14952K, committed 15360K, reserved 1062912K
  class space    used 1557K, capacity 1672K, committed 1792K, reserved 1048576K
Event: 418.832 GC heap after
Heap after GC invocations=15 (full 5):
 PSYoungGen      total 523264K, used 0K [0x0000000795580000, 0x00000007bf580000, 0x00000007c0000000)
  eden space 373760K, 0% used [0x0000000795580000,0x0000000795580000,0x00000007ac280000)
  from space 149504K, 0% used [0x00000007b6380000,0x00000007b6380000,0x00000007bf580000)
  to   space 157184K, 0% used [0x00000007ac280000,0x00000007ac280000,0x00000007b5c00000)
 ParOldGen       total 458752K, used 305941K [0x0000000740000000, 0x000000075c000000, 0x0000000795580000)
  object space 458752K, 66% used [0x0000000740000000,0x0000000752ac57a0,0x000000075c000000)
 Metaspace       used 14595K, capacity 14952K, committed 15360K, reserved 1062912K
  class space    used 1557K, capacity 1672K, committed 1792K, reserved 1048576K
}

Deoptimization events (10 events):
Event: 353.349 Thread 0x00007fb7381a3000 Uncommon trap: reason=unstable_if action=reinterpret pc=0x0000000113ecfcdc method=circeIsland.elements.House.draw(LcirceIsland/main/DrawingSurface;FF)V @ 6
Event: 353.360 Thread 0x00007fb7381a3000 Uncommon trap: reason=unstable_if action=reinterpret pc=0x0000000113c32620 method=circeIsland.creatures.Nymph.setHouse()Z @ 40
Event: 358.799 Thread 0x00007fb7381a3000 Uncommon trap: reason=unstable_if action=reinterpret pc=0x0000000113dc81e8 method=circeIsland.main.DrawingSurface.draw()V @ 81
Event: 385.663 Thread 0x00007fb738a04800 Uncommon trap: reason=unstable_if action=reinterpret pc=0x0000000113871ca4 method=processing.awt.PSurfaceAWT.nativeMouseEvent(Ljava/awt/event/MouseEvent;)V @ 153
Event: 410.277 Thread 0x00007fb738a04800 Uncommon trap: reason=unstable_if action=reinterpret pc=0x0000000113eddc30 method=processing.awt.PSurfaceAWT.nativeMouseEvent(Ljava/awt/event/MouseEvent;)V @ 153
Event: 415.348 Thread 0x00007fb7381a3000 Uncommon trap: reason=unstable_if action=reinterpret pc=0x00000001139d2b20 method=circeIsland.screens.Island.changeWithTime()V @ 55
Event: 418.868 Thread 0x00007fb738a04800 Uncommon trap: reason=unstable_if action=reinterpret pc=0x000000011388e4c8 method=java.util.concurrent.locks.ReentrantLock$Sync.nonfairTryAcquire(I)Z @ 19
Event: 427.318 Thread 0x00007fb7381a3000 Uncommon trap: reason=unstable_if action=reinterpret pc=0x0000000113c32068 method=circeIsland.creatures.Pig.findPigPen()[I @ 26
Event: 427.364 Thread 0x00007fb7381a3000 Uncommon trap: reason=unstable_if action=reinterpret pc=0x0000000113c12fb8 method=circeIsland.creatures.Pig.findPigPen()[I @ 26
Event: 431.744 Thread 0x00007fb7381a3000 Uncommon trap: reason=unstable_if action=reinterpret pc=0x0000000113c27f88 method=circeIsland.screens.Island.getNumHouses()I @ 62

Classes redefined (0 events):
No events

Internal exceptions (10 events):
Event: 0.922 Thread 0x00007fb7381a3000 Exception <a 'java/io/FileNotFoundException'> (0x00000007961fba48) thrown at [/jenkins/workspace/8-2-build-macosx-x86_64/jdk8u281/880/hotspot/src/share/vm/prims/jni.cpp, line 710]
Event: 0.922 Thread 0x00007fb7381a3000 Exception <a 'java/io/FileNotFoundException'> (0x00000007961ff530) thrown at [/jenkins/workspace/8-2-build-macosx-x86_64/jdk8u281/880/hotspot/src/share/vm/prims/jni.cpp, line 710]
Event: 0.922 Thread 0x00007fb7381a3000 Exception <a 'java/io/FileNotFoundException'> (0x0000000796200400) thrown at [/jenkins/workspace/8-2-build-macosx-x86_64/jdk8u281/880/hotspot/src/share/vm/prims/jni.cpp, line 710]
Event: 0.922 Thread 0x00007fb7381a3000 Exception <a 'java/io/FileNotFoundException'> (0x0000000796200d18) thrown at [/jenkins/workspace/8-2-build-macosx-x86_64/jdk8u281/880/hotspot/src/share/vm/prims/jni.cpp, line 710]
Event: 0.923 Thread 0x00007fb7381a3000 Exception <a 'java/io/FileNotFoundException'> (0x0000000796202b20) thrown at [/jenkins/workspace/8-2-build-macosx-x86_64/jdk8u281/880/hotspot/src/share/vm/prims/jni.cpp, line 710]
Event: 1.604 Thread 0x00007fb738850000 Exception <a 'java/lang/NullPointerException'> (0x0000000795be1fb8) thrown at [/jenkins/workspace/8-2-build-macosx-x86_64/jdk8u281/880/hotspot/src/share/vm/interpreter/linkResolver.cpp, line 1185]
Event: 33.902 Thread 0x00007fb738a04800 Implicit null exception at 0x0000000113dc5fe9 to 0x0000000113dc7ef9
Event: 76.513 Thread 0x00007fb738a04800 Implicit null exception at 0x0000000113dbc304 to 0x0000000113dbe7b9
Event: 77.620 Thread 0x00007fb738a04800 Implicit null exception at 0x0000000113e650a5 to 0x0000000113e65759
Event: 433.682 Thread 0x00007fb7381a3000 Implicit null exception at 0x0000000113a44d5a to 0x0000000000000000

Events (10 events):
Event: 429.521 Thread 0x00007fb7381a3000 DEOPT UNPACKING pc=0x0000000113625384 sp=0x000000030fa3d478 mode 0
Event: 431.744 Thread 0x00007fb7381a3000 Uncommon trap: trap_request=0xffffff65 fr.pc=0x0000000113c27f88
Event: 431.744 Thread 0x00007fb7381a3000 DEOPT PACKING pc=0x0000000113c27f88 sp=0x000000030fa3d7c0
Event: 431.744 Thread 0x00007fb7381a3000 DEOPT UNPACKING pc=0x000000011362373a sp=0x000000030fa3d750 mode 2
Event: 432.310 Thread 0x00007fb7381a3000 DEOPT PACKING pc=0x0000000113b52ebf sp=0x000000030fa3d7c0
Event: 432.310 Thread 0x00007fb7381a3000 DEOPT UNPACKING pc=0x0000000113625384 sp=0x000000030fa3d4c0 mode 0
Event: 432.826 Thread 0x00007fb7381a3000 DEOPT PACKING pc=0x0000000113b52ebf sp=0x000000030fa3d7c0
Event: 432.826 Thread 0x00007fb7381a3000 DEOPT UNPACKING pc=0x0000000113625384 sp=0x000000030fa3d4c0 mode 0
Event: 433.337 Thread 0x00007fb7381a3000 DEOPT PACKING pc=0x0000000113b52ebf sp=0x000000030fa3d7c0
Event: 433.337 Thread 0x00007fb7381a3000 DEOPT UNPACKING pc=0x0000000113625384 sp=0x000000030fa3d4c0 mode 0


Dynamic libraries:
0x00007ffdffe96000 	/Library/Apple/usr/libexec/oah/runtime
0x00007fff352b5000 	/System/Library/Frameworks/Cocoa.framework/Versions/A/Cocoa
0x00007fff221f9000 	/System/Library/Frameworks/Security.framework/Versions/A/Security
0x00007fff3350d000 	/System/Library/Frameworks/ApplicationServices.framework/Versions/A/ApplicationServices
0x00007fff2a686000 	/usr/lib/libz.1.dylib
0x00007fff2a752000 	/usr/lib/libSystem.B.dylib
0x00007fff2048e000 	/System/Library/Frameworks/CoreFoundation.framework/Versions/A/CoreFoundation
0x00007fff2116d000 	/System/Library/Frameworks/Foundation.framework/Versions/C/Foundation
0x00007fff202ac000 	/usr/lib/libobjc.A.dylib
0x00007fff22c1d000 	/System/Library/Frameworks/AppKit.framework/Versions/C/AppKit
0x00007fff25aca000 	/System/Library/Frameworks/CoreData.framework/Versions/A/CoreData
0x00007fff23979000 	/System/Library/PrivateFrameworks/UIFoundation.framework/Versions/A/UIFoundation
0x00007fff2fef0000 	/System/Library/PrivateFrameworks/RemoteViewServices.framework/Versions/A/RemoteViewServices
0x00007fff28ca1000 	/System/Library/PrivateFrameworks/XCTTargetBootstrap.framework/Versions/A/XCTTargetBootstrap
0x00007fff2b9ef000 	/usr/lib/libspindump.dylib
0x00007fff23bcd000 	/System/Library/Frameworks/UniformTypeIdentifiers.framework/Versions/A/UniformTypeIdentifiers
0x00007fff27474000 	/usr/lib/libapp_launch_measurement.dylib
0x00007fff27477000 	/System/Library/PrivateFrameworks/CoreAutoLayout.framework/Versions/A/CoreAutoLayout
0x00007fff28602000 	/System/Library/Frameworks/Metal.framework/Versions/A/Metal
0x00007fff292f7000 	/usr/lib/liblangid.dylib
0x00007fff28ca5000 	/System/Library/PrivateFrameworks/CoreSVG.framework/Versions/A/CoreSVG
0x00007fff24bb3000 	/System/Library/PrivateFrameworks/SkyLight.framework/Versions/A/SkyLight
0x00007fff24f12000 	/System/Library/Frameworks/CoreGraphics.framework/Versions/A/CoreGraphics
0x00007fff30547000 	/System/Library/Frameworks/Accelerate.framework/Versions/A/Accelerate
0x00007fff2b42a000 	/System/Library/PrivateFrameworks/IconServices.framework/Versions/A/IconServices
0x00007fff285e3000 	/System/Library/Frameworks/IOSurface.framework/Versions/A/IOSurface
0x00007fff2645c000 	/usr/lib/libDiagnosticMessagesClient.dylib
0x00007fff28c8d000 	/System/Library/PrivateFrameworks/DFRFoundation.framework/Versions/A/DFRFoundation
0x00007fff22549000 	/usr/lib/libicucore.A.dylib
0x00007fff2cf2a000 	/System/Library/Frameworks/AudioToolbox.framework/Versions/A/AudioToolbox
0x00007fff2c1d5000 	/System/Library/PrivateFrameworks/DataDetectorsCore.framework/Versions/A/DataDetectorsCore
0x00007fff2898d000 	/System/Library/Frameworks/Carbon.framework/Versions/A/Frameworks/HIToolbox.framework/Versions/A/HIToolbox
0x00007fff26ed8000 	/System/Library/Frameworks/QuartzCore.framework/Versions/A/QuartzCore
0x00007fff2ff2c000 	/System/Library/Frameworks/Carbon.framework/Versions/A/Frameworks/SpeechRecognition.framework/Versions/A/SpeechRecognition
0x00007fff271dc000 	/System/Library/PrivateFrameworks/CoreUI.framework/Versions/A/CoreUI
0x00007fff21b55000 	/System/Library/Frameworks/CoreAudio.framework/Versions/A/CoreAudio
0x00007fff26547000 	/System/Library/Frameworks/DiskArbitration.framework/Versions/A/DiskArbitration
0x00007fff2bde7000 	/System/Library/PrivateFrameworks/MultitouchSupport.framework/Versions/A/MultitouchSupport
0x00007fff2c1cc000 	/System/Library/PrivateFrameworks/InternationalSupport.framework/Versions/A/InternationalSupport
0x00007fff24b27000 	/usr/lib/libenergytrace.dylib
0x00007fff22b17000 	/System/Library/Frameworks/IOKit.framework/Versions/A/IOKit
0x00007fff30279000 	/System/Library/Frameworks/CoreServices.framework/Versions/A/CoreServices
0x00007fff2740a000 	/System/Library/PrivateFrameworks/PerformanceAnalysis.framework/Versions/A/PerformanceAnalysis
0x00007fff6b767000 	/System/Library/Frameworks/OpenGL.framework/Versions/A/OpenGL
0x00007fff2c251000 	/System/Library/PrivateFrameworks/UserActivity.framework/Versions/A/UserActivity
0x00007fff255cc000 	/System/Library/Frameworks/ColorSync.framework/Versions/A/ColorSync
0x00007fff28f10000 	/System/Library/Frameworks/CoreImage.framework/Versions/A/CoreImage
0x00007fff2196b000 	/System/Library/Frameworks/CoreText.framework/Versions/A/CoreText
0x00007fff28ccf000 	/System/Library/Frameworks/ImageIO.framework/Versions/A/ImageIO
0x00007fff2a758000 	/System/Library/PrivateFrameworks/SoftLinking.framework/Versions/A/SoftLinking
0x00007fff274bf000 	/usr/lib/libxml2.2.dylib
0x00007fff20372000 	/usr/lib/libc++.1.dylib
0x00007fff2a9ca000 	/usr/lib/libcompression.dylib
0x00007fff24b28000 	/usr/lib/libMobileGestalt.dylib
0x00007fff2c0ff000 	/System/Library/PrivateFrameworks/TextureIO.framework/Versions/A/TextureIO
0x00007fff2b0b8000 	/usr/lib/libate.dylib
0x00007fff2a74c000 	/usr/lib/system/libcache.dylib
0x00007fff2a708000 	/usr/lib/system/libcommonCrypto.dylib
0x00007fff2a732000 	/usr/lib/system/libcompiler_rt.dylib
0x00007fff2a727000 	/usr/lib/system/libcopyfile.dylib
0x00007fff2019e000 	/usr/lib/system/libcorecrypto.dylib
0x00007fff20267000 	/usr/lib/system/libdispatch.dylib
0x00007fff2041c000 	/usr/lib/system/libdyld.dylib
0x00007fff2a743000 	/usr/lib/system/libkeymgr.dylib
0x00007fff2dcd9000 	/usr/lib/system/liblaunch.dylib
0x00007fff2a6e6000 	/usr/lib/system/libmacho.dylib
0x00007fff29efb000 	/usr/lib/system/libquarantine.dylib
0x00007fff2a740000 	/usr/lib/system/libremovefile.dylib
0x00007fff24b84000 	/usr/lib/system/libsystem_asl.dylib
0x00007fff2014e000 	/usr/lib/system/libsystem_blocks.dylib
0x00007fff202e9000 	/usr/lib/system/libsystem_c.dylib
0x00007fff2a73a000 	/usr/lib/system/libsystem_collections.dylib
0x00007fff292e8000 	/usr/lib/system/libsystem_configuration.dylib
0x00007fff285d2000 	/usr/lib/system/libsystem_containermanager.dylib
0x00007fff2a47e000 	/usr/lib/system/libsystem_coreservices.dylib
0x00007fff227ab000 	/usr/lib/system/libsystem_darwin.dylib
0x00007fff2a744000 	/usr/lib/system/libsystem_dnssd.dylib
0x00007fff202e6000 	/usr/lib/system/libsystem_featureflags.dylib
0x00007fff20462000 	/usr/lib/system/libsystem_info.dylib
0x00007fff2a699000 	/usr/lib/system/libsystem_m.dylib
0x00007fff2023a000 	/usr/lib/system/libsystem_malloc.dylib
0x00007fff24b18000 	/usr/lib/system/libsystem_networkextension.dylib
0x00007fff22bc5000 	/usr/lib/system/libsystem_notify.dylib
0x00007fff30177000 	/usr/lib/system/libsystem_product_info_filter.dylib
0x00007fff292ec000 	/usr/lib/system/libsystem_sandbox.dylib
0x00007fff2a73d000 	/usr/lib/system/libsystem_secinit.dylib
0x00007fff203e1000 	/usr/lib/system/libsystem_kernel.dylib
0x00007fff20458000 	/usr/lib/system/libsystem_platform.dylib
0x00007fff20410000 	/usr/lib/system/libsystem_pthread.dylib
0x00007fff262aa000 	/usr/lib/system/libsystem_symptoms.dylib
0x00007fff20186000 	/usr/lib/system/libsystem_trace.dylib
0x00007fff2a714000 	/usr/lib/system/libunwind.dylib
0x00007fff20150000 	/usr/lib/system/libxpc.dylib
0x00007fff203c8000 	/usr/lib/libc++abi.dylib
0x00007fff2a71f000 	/usr/lib/liboah.dylib
0x00007fff2ade3000 	/usr/lib/liblzma.5.dylib
0x00007fff20e83000 	/System/Library/Frameworks/SystemConfiguration.framework/Versions/A/SystemConfiguration
0x00007fff2a754000 	/usr/lib/libfakelink.dylib
0x00007fff2467b000 	/System/Library/Frameworks/CFNetwork.framework/Versions/A/CFNetwork
0x00007fff2a894000 	/usr/lib/libarchive.2.dylib
0x00007fff20f00000 	/usr/lib/libCRFSuite.dylib
0x00007fff29f22000 	/usr/lib/libbsm.0.dylib
0x00007fff24037000 	/usr/lib/libnetwork.dylib
0x00007fff2a759000 	/usr/lib/libpcap.A.dylib
0x00007fff262a3000 	/usr/lib/libdns_services.dylib
0x00007fff2adfc000 	/usr/lib/libcoretls_cfhelpers.dylib
0x00007fff2a998000 	/usr/lib/libapple_nghttp2.dylib
0x00007fff2a6ec000 	/usr/lib/system/libkxld.dylib
0x00007fff25f11000 	/usr/lib/libsqlite3.dylib
0x00007fff2a460000 	/System/Library/PrivateFrameworks/AppleFSCompression.framework/Versions/A/AppleFSCompression
0x00007fff29f0a000 	/usr/lib/libcoretls.dylib
0x00007fff2a9c5000 	/usr/lib/libpam.2.dylib
0x00007fff2aef9000 	/usr/lib/libxar.1.dylib
0x00007fff292f3000 	/System/Library/PrivateFrameworks/AppleSystemInfo.framework/Versions/A/AppleSystemInfo
0x00007fff29b4d000 	/System/Library/PrivateFrameworks/IOMobileFramebuffer.framework/Versions/A/IOMobileFramebuffer
0x00007fff2a470000 	/usr/lib/libbz2.1.0.dylib
0x00007fff2a791000 	/usr/lib/libiconv.2.dylib
0x00007fff2a6e5000 	/usr/lib/libcharset.1.dylib
0x00007fff27446000 	/System/Library/Frameworks/CoreServices.framework/Versions/A/Frameworks/FSEvents.framework/Versions/A/FSEvents
0x00007fff227b5000 	/System/Library/Frameworks/CoreServices.framework/Versions/A/Frameworks/CarbonCore.framework/Versions/A/CarbonCore
0x00007fff264ac000 	/System/Library/Frameworks/CoreServices.framework/Versions/A/Frameworks/Metadata.framework/Versions/A/Metadata
0x00007fff2a483000 	/System/Library/Frameworks/CoreServices.framework/Versions/A/Frameworks/OSServices.framework/Versions/A/OSServices
0x00007fff2a906000 	/System/Library/Frameworks/CoreServices.framework/Versions/A/Frameworks/SearchKit.framework/Versions/A/SearchKit
0x00007fff2622d000 	/System/Library/Frameworks/CoreServices.framework/Versions/A/Frameworks/AE.framework/Versions/A/AE
0x00007fff2092a000 	/System/Library/Frameworks/CoreServices.framework/Versions/A/Frameworks/LaunchServices.framework/Versions/A/LaunchServices
0x00007fff2ad94000 	/System/Library/Frameworks/CoreServices.framework/Versions/A/Frameworks/DictionaryServices.framework/Versions/A/DictionaryServices
0x00007fff2744f000 	/System/Library/Frameworks/CoreServices.framework/Versions/A/Frameworks/SharedFileList.framework/Versions/A/SharedFileList
0x00007fff29efe000 	/usr/lib/libCheckFix.dylib
0x00007fff24b9b000 	/System/Library/PrivateFrameworks/TCC.framework/Versions/A/TCC
0x00007fff292f9000 	/System/Library/PrivateFrameworks/CoreNLP.framework/Versions/A/CoreNLP
0x00007fff2645f000 	/System/Library/PrivateFrameworks/MetadataUtilities.framework/Versions/A/MetadataUtilities
0x00007fff20f36000 	/usr/lib/libmecabra.dylib
0x00007fff2a212000 	/System/Library/Frameworks/MLCompute.framework/Versions/A/MLCompute
0x00007fff29f33000 	/usr/lib/libmecab.dylib
0x00007fff29f7d000 	/usr/lib/libgermantok.dylib
0x00007fff2a96e000 	/usr/lib/libThaiTokenizer.dylib
0x00007fff2af34000 	/usr/lib/libChineseTokenizer.dylib
0x00007fff2a9c3000 	/System/Library/Frameworks/MetalPerformanceShaders.framework/Versions/A/MetalPerformanceShaders
0x00007fff2654e000 	/System/Library/Frameworks/Accelerate.framework/Versions/A/Frameworks/vImage.framework/Versions/A/vImage
0x00007fff30252000 	/System/Library/Frameworks/Accelerate.framework/Versions/A/Frameworks/vecLib.framework/Versions/A/vecLib
0x00007fff2af3f000 	/System/Library/Frameworks/Accelerate.framework/Versions/A/Frameworks/vecLib.framework/Versions/A/libvMisc.dylib
0x00007fff299a9000 	/System/Library/Frameworks/Accelerate.framework/Versions/A/Frameworks/vecLib.framework/Versions/A/libvDSP.dylib
0x00007fff20c2d000 	/System/Library/Frameworks/Accelerate.framework/Versions/A/Frameworks/vecLib.framework/Versions/A/libBLAS.dylib
0x00007fff2a9e9000 	/System/Library/Frameworks/Accelerate.framework/Versions/A/Frameworks/vecLib.framework/Versions/A/libLAPACK.dylib
0x00007fff29f83000 	/System/Library/Frameworks/Accelerate.framework/Versions/A/Frameworks/vecLib.framework/Versions/A/libLinearAlgebra.dylib
0x00007fff2a9b0000 	/System/Library/Frameworks/Accelerate.framework/Versions/A/Frameworks/vecLib.framework/Versions/A/libSparseBLAS.dylib
0x00007fff2a9e3000 	/System/Library/Frameworks/Accelerate.framework/Versions/A/Frameworks/vecLib.framework/Versions/A/libQuadrature.dylib
0x00007fff293a1000 	/System/Library/Frameworks/Accelerate.framework/Versions/A/Frameworks/vecLib.framework/Versions/A/libBNNS.dylib
0x00007fff20e14000 	/System/Library/Frameworks/Accelerate.framework/Versions/A/Frameworks/vecLib.framework/Versions/A/libSparse.dylib
0x00007fff2928c000 	/System/Library/Frameworks/MetalPerformanceShaders.framework/Versions/A/Frameworks/MPSCore.framework/Versions/A/MPSCore
0x00007fff2a3cf000 	/System/Library/Frameworks/MetalPerformanceShaders.framework/Versions/A/Frameworks/MPSImage.framework/Versions/A/MPSImage
0x00007fff29f9a000 	/System/Library/Frameworks/MetalPerformanceShaders.framework/Versions/A/Frameworks/MPSNeuralNetwork.framework/Versions/A/MPSNeuralNetwork
0x00007fff2a35a000 	/System/Library/Frameworks/MetalPerformanceShaders.framework/Versions/A/Frameworks/MPSMatrix.framework/Versions/A/MPSMatrix
0x00007fff2a1c2000 	/System/Library/Frameworks/MetalPerformanceShaders.framework/Versions/A/Frameworks/MPSRayIntersector.framework/Versions/A/MPSRayIntersector
0x00007fff2a391000 	/System/Library/Frameworks/MetalPerformanceShaders.framework/Versions/A/Frameworks/MPSNDArray.framework/Versions/A/MPSNDArray
0x00007fff20b59000 	/System/Library/PrivateFrameworks/MetalTools.framework/Versions/A/MetalTools
0x00007fff292f1000 	/System/Library/PrivateFrameworks/AggregateDictionary.framework/Versions/A/AggregateDictionary
0x00007fff26437000 	/System/Library/PrivateFrameworks/CoreAnalytics.framework/Versions/A/CoreAnalytics
0x00007fff2a970000 	/System/Library/PrivateFrameworks/AppleSauce.framework/Versions/A/AppleSauce
0x00007fff285f5000 	/System/Library/PrivateFrameworks/IOAccelerator.framework/Versions/A/IOAccelerator
0x00007fff6b75b000 	/System/Library/Frameworks/OpenGL.framework/Versions/A/Libraries/libCoreFSCache.dylib
0x00007fff214d1000 	/System/Library/PrivateFrameworks/LanguageModeling.framework/Versions/A/LanguageModeling
0x00007fff29b3a000 	/System/Library/PrivateFrameworks/CoreEmoji.framework/Versions/A/CoreEmoji
0x00007fff2939a000 	/System/Library/PrivateFrameworks/LinguisticData.framework/Versions/A/LinguisticData
0x00007fff20dc6000 	/System/Library/PrivateFrameworks/Lexicon.framework/Versions/A/Lexicon
0x00007fff2a882000 	/usr/lib/libcmph.dylib
0x00007fff27426000 	/System/Library/Frameworks/OpenDirectory.framework/Versions/A/Frameworks/CFOpenDirectory.framework/Versions/A/CFOpenDirectory
0x00007fff27416000 	/System/Library/Frameworks/OpenDirectory.framework/Versions/A/OpenDirectory
0x00007fff2adfe000 	/System/Library/PrivateFrameworks/APFS.framework/Versions/A/APFS
0x00007fff29e5f000 	/System/Library/Frameworks/SecurityFoundation.framework/Versions/A/SecurityFoundation
0x00007fff2af07000 	/usr/lib/libutil.dylib
0x00007fff22adc000 	/System/Library/PrivateFrameworks/CoreServicesStore.framework/Versions/A/CoreServicesStore
0x00007fff29ef6000 	/System/Library/Frameworks/ServiceManagement.framework/Versions/A/ServiceManagement
0x00007fff2af0b000 	/usr/lib/libxslt.1.dylib
0x00007fff29eec000 	/System/Library/PrivateFrameworks/BackgroundTaskManagement.framework/Versions/A/BackgroundTaskManagement
0x00007fff2c04a000 	/System/Library/Frameworks/ImageIO.framework/Versions/A/Resources/libRadiance.dylib
0x00007fff2c053000 	/System/Library/Frameworks/ImageIO.framework/Versions/A/Resources/libJPEG.dylib
0x00007fff2bfa1000 	/System/Library/Frameworks/ImageIO.framework/Versions/A/Resources/libPng.dylib
0x00007fff2bfc8000 	/System/Library/Frameworks/ImageIO.framework/Versions/A/Resources/libTIFF.dylib
0x00007fff2c0a8000 	/System/Library/Frameworks/ImageIO.framework/Versions/A/Resources/libGIF.dylib
0x00007fff2bd05000 	/System/Library/Frameworks/ImageIO.framework/Versions/A/Resources/libJP2.dylib
0x00007fff2b3f1000 	/usr/lib/libexpat.1.dylib
0x00007fff2bcbb000 	/System/Library/PrivateFrameworks/AppleJPEG.framework/Versions/A/AppleJPEG
0x00007fff28830000 	/System/Library/PrivateFrameworks/FontServices.framework/libFontParser.dylib
0x00007fff261e1000 	/System/Library/PrivateFrameworks/RunningBoardServices.framework/Versions/A/RunningBoardServices
0x00007fff2bde3000 	/System/Library/PrivateFrameworks/WatchdogClient.framework/Versions/A/WatchdogClient
0x00007fff215be000 	/System/Library/Frameworks/CoreDisplay.framework/Versions/A/CoreDisplay
0x00007fff28745000 	/System/Library/Frameworks/CoreMedia.framework/Versions/A/CoreMedia
0x00007fff275a2000 	/System/Library/Frameworks/CoreVideo.framework/Versions/A/CoreVideo
0x00007fff2be1b000 	/System/Library/Frameworks/VideoToolbox.framework/Versions/A/VideoToolbox
0x00007fff2615f000 	/System/Library/PrivateFrameworks/BaseBoard.framework/Versions/A/BaseBoard
0x00007fff2b536000 	/System/Library/PrivateFrameworks/PersistentConnection.framework/Versions/A/PersistentConnection
0x00007fff25efa000 	/System/Library/PrivateFrameworks/ProtocolBuffer.framework/Versions/A/ProtocolBuffer
0x00007fff26146000 	/System/Library/PrivateFrameworks/CommonUtilities.framework/Versions/A/CommonUtilities
0x00007fff2bc50000 	/System/Library/PrivateFrameworks/Bom.framework/Versions/A/Bom
0x00007fff2c043000 	/System/Library/PrivateFrameworks/GPUWrangler.framework/Versions/A/GPUWrangler
0x00007fff2c026000 	/System/Library/PrivateFrameworks/IOPresentment.framework/Versions/A/IOPresentment
0x00007fff2c04d000 	/System/Library/PrivateFrameworks/DSExternalDisplay.framework/Versions/A/DSExternalDisplay
0x00007fff2c0ad000 	/System/Library/PrivateFrameworks/CMCaptureCore.framework/Versions/A/CMCaptureCore
0x00007fff2b9d6000 	/System/Library/PrivateFrameworks/AppServerSupport.framework/Versions/A/AppServerSupport
0x00007fff2da7a000 	/System/Library/PrivateFrameworks/perfdata.framework/Versions/A/perfdata
0x00007fff29e4e000 	/System/Library/PrivateFrameworks/AssertionServices.framework/Versions/A/AssertionServices
0x00007fff216f5000 	/System/Library/PrivateFrameworks/AudioToolboxCore.framework/Versions/A/AudioToolboxCore
0x00007fff28728000 	/System/Library/PrivateFrameworks/caulk.framework/Versions/A/caulk
0x00007fff3cd09000 	/System/Library/PrivateFrameworks/SystemPolicy.framework/Versions/A/SystemPolicy
0x00007fff2b1e7000 	/usr/lib/libIOReport.dylib
0x00007fff2d29c000 	/usr/lib/libSMC.dylib
0x00007fff2bf6e000 	/usr/lib/libAudioToolboxUtility.dylib
0x00007fff3d66e000 	/usr/lib/libmis.dylib
0x00007fff6b7b7000 	/System/Library/Frameworks/OpenGL.framework/Versions/A/Libraries/libGLU.dylib
0x00007fff6b77a000 	/System/Library/Frameworks/OpenGL.framework/Versions/A/Libraries/libGFXShared.dylib
0x00007fff6b989000 	/System/Library/Frameworks/OpenGL.framework/Versions/A/Libraries/libGL.dylib
0x00007fff6b783000 	/System/Library/Frameworks/OpenGL.framework/Versions/A/Libraries/libGLImage.dylib
0x00007fff6b777000 	/System/Library/Frameworks/OpenGL.framework/Versions/A/Libraries/libCVMSPluginSupport.dylib
0x00007fff6b762000 	/System/Library/Frameworks/OpenGL.framework/Versions/A/Libraries/libCoreVMClient.dylib
0x00007fff6cdca000 	/System/Library/Frameworks/OpenCL.framework/Versions/A/OpenCL
0x00007fff2b560000 	/System/Library/PrivateFrameworks/GraphVisualizer.framework/Versions/A/GraphVisualizer
0x00007fff2b56f000 	/System/Library/PrivateFrameworks/FaceCore.framework/Versions/A/FaceCore
0x00007fff2b98b000 	/System/Library/PrivateFrameworks/OTSVG.framework/Versions/A/OTSVG
0x00007fff2719a000 	/System/Library/Frameworks/ApplicationServices.framework/Versions/A/Frameworks/ATS.framework/Versions/A/Resources/libFontRegistry.dylib
0x00007fff2b9dd000 	/System/Library/PrivateFrameworks/FontServices.framework/libhvf.dylib
0x00007fff2b39d000 	/System/Library/PrivateFrameworks/AppleVA.framework/Versions/A/AppleVA
0x00007fff2d0e5000 	/System/Library/Frameworks/ApplicationServices.framework/Versions/A/Frameworks/ATS.framework/Versions/A/ATS
0x00007fff2d3f7000 	/System/Library/Frameworks/ApplicationServices.framework/Versions/A/Frameworks/ColorSyncLegacy.framework/Versions/A/ColorSyncLegacy
0x00007fff256c3000 	/System/Library/Frameworks/ApplicationServices.framework/Versions/A/Frameworks/HIServices.framework/Versions/A/HIServices
0x00007fff2d3dc000 	/System/Library/Frameworks/ApplicationServices.framework/Versions/A/Frameworks/LangAnalysis.framework/Versions/A/LangAnalysis
0x00007fff2c0b7000 	/System/Library/Frameworks/ApplicationServices.framework/Versions/A/Frameworks/PrintCore.framework/Versions/A/PrintCore
0x00007fff2d3ff000 	/System/Library/Frameworks/ApplicationServices.framework/Versions/A/Frameworks/QD.framework/Versions/A/QD
0x00007fff2d0d5000 	/System/Library/Frameworks/ApplicationServices.framework/Versions/A/Frameworks/SpeechSynthesis.framework/Versions/A/SpeechSynthesis
0x00007fff2c078000 	/System/Library/Frameworks/ApplicationServices.framework/Versions/A/Frameworks/ATSUI.framework/Versions/A/ATSUI
0x00007fff2d37c000 	/usr/lib/libcups.2.dylib
0x00007fff2d3ec000 	/System/Library/PrivateFrameworks/NetAuth.framework/Versions/A/NetAuth
0x00007fff2da96000 	/System/Library/Frameworks/Kerberos.framework/Versions/A/Kerberos
0x00007fff2daa6000 	/System/Library/Frameworks/GSS.framework/Versions/A/GSS
0x00007fff2d151000 	/usr/lib/libresolv.9.dylib
0x00007fff2b9f2000 	/System/Library/PrivateFrameworks/Heimdal.framework/Versions/A/Heimdal
0x00007fff3380d000 	/System/Library/Frameworks/Kerberos.framework/Versions/A/Libraries/libHeimdalProxy.dylib
0x00007fff262b2000 	/System/Library/Frameworks/Network.framework/Versions/A/Network
0x00007fff2b40b000 	/usr/lib/libheimdal-asn1.dylib
0x00007fff2daf6000 	/System/Library/PrivateFrameworks/CommonAuth.framework/Versions/A/CommonAuth
0x00007fff275ef000 	/System/Library/PrivateFrameworks/login.framework/Versions/A/Frameworks/loginsupport.framework/Versions/A/loginsupport
0x00007fff2d05a000 	/System/Library/PrivateFrameworks/AudioSession.framework/Versions/A/AudioSession
0x00007fff2d0c2000 	/usr/lib/libAudioStatistics.dylib
0x00007fff2b498000 	/System/Library/PrivateFrameworks/MediaExperience.framework/Versions/A/MediaExperience
0x00007fff2cef8000 	/System/Library/PrivateFrameworks/AudioSession.framework/libSessionUtility.dylib
0x00007fff2da87000 	/usr/lib/libperfcheck.dylib
0x00007fff2d40b000 	/System/Library/PrivateFrameworks/AudioResourceArbitration.framework/Versions/A/AudioResourceArbitration
0x00007fff2b415000 	/System/Library/PrivateFrameworks/IconFoundation.framework/Versions/A/IconFoundation
0x00007fff2ff1c000 	/System/Library/PrivateFrameworks/SpeechRecognitionCore.framework/Versions/A/SpeechRecognitionCore
0x0000000111800000 	/Library/Internet Plug-Ins/JavaAppletPlugin.plugin/Contents/Home/lib/server/libjvm.dylib
0x000000010d035000 	/Library/Internet Plug-Ins/JavaAppletPlugin.plugin/Contents/Home/lib/libverify.dylib
0x000000010d05b000 	/Library/Internet Plug-Ins/JavaAppletPlugin.plugin/Contents/Home/lib/libjava.dylib
0x000000010d125000 	/Library/Internet Plug-Ins/JavaAppletPlugin.plugin/Contents/Home/lib/libzip.dylib
0x00000001298d2000 	/Library/Internet Plug-Ins/JavaAppletPlugin.plugin/Contents/Home/lib/libawt.dylib
0x0000000129a17000 	/Library/Internet Plug-Ins/JavaAppletPlugin.plugin/Contents/Home/lib/libmlib_image.dylib
0x00007fff6e7ee000 	/System/Library/Frameworks/JavaNativeFoundation.framework/Versions/A/JavaNativeFoundation
0x00007fff6e7fa000 	/System/Library/Frameworks/JavaRuntimeSupport.framework/Versions/A/JavaRuntimeSupport
0x00007fff3ca8b000 	/System/Library/Frameworks/Carbon.framework/Versions/A/Carbon
0x00007fff31efc000 	/System/Library/PrivateFrameworks/CoreSymbolication.framework/Versions/A/CoreSymbolication
0x00007fff366f3000 	/System/Library/Frameworks/Carbon.framework/Versions/A/Frameworks/CommonPanels.framework/Versions/A/CommonPanels
0x00007fff332cc000 	/System/Library/Frameworks/Carbon.framework/Versions/A/Frameworks/Help.framework/Versions/A/Help
0x00007fff366f7000 	/System/Library/Frameworks/Carbon.framework/Versions/A/Frameworks/ImageCapture.framework/Versions/A/ImageCapture
0x00007fff366cf000 	/System/Library/Frameworks/Carbon.framework/Versions/A/Frameworks/OpenScripting.framework/Versions/A/OpenScripting
0x00007fff366ef000 	/System/Library/Frameworks/Carbon.framework/Versions/A/Frameworks/Ink.framework/Versions/A/Ink
0x00007fff3ca87000 	/System/Library/Frameworks/Carbon.framework/Versions/A/Frameworks/Print.framework/Versions/A/Print
0x00007fff366eb000 	/System/Library/Frameworks/Carbon.framework/Versions/A/Frameworks/SecurityHI.framework/Versions/A/SecurityHI
0x00007fff31ebf000 	/System/Library/PrivateFrameworks/DebugSymbols.framework/Versions/A/DebugSymbols
0x0000000129bcc000 	/Library/Internet Plug-Ins/JavaAppletPlugin.plugin/Contents/Home/lib/libawt_lwawt.dylib
0x0000000129d45000 	/Library/Internet Plug-Ins/JavaAppletPlugin.plugin/Contents/Home/lib/libosxapp.dylib
0x00007fff3c113000 	/System/Library/Frameworks/ExceptionHandling.framework/Versions/A/ExceptionHandling
0x00007fff22a9d000 	/System/Library/PrivateFrameworks/CoreServicesInternal.framework/Versions/A/CoreServicesInternal
0x00007fff31422000 	/System/Library/Frameworks/FileProvider.framework/Versions/A/FileProvider
0x00007fff260c9000 	/System/Library/Frameworks/Accounts.framework/Versions/A/Accounts
0x00007fff31543000 	/System/Library/PrivateFrameworks/GenerationalStorage.framework/Versions/A/GenerationalStorage
0x00007fff30e41000 	/System/Library/PrivateFrameworks/SymptomDiagnosticReporter.framework/Versions/A/SymptomDiagnosticReporter
0x00007fff2e733000 	/System/Library/PrivateFrameworks/AppContainer.framework/Versions/A/AppContainer
0x00007fff23be0000 	/System/Library/PrivateFrameworks/DesktopServicesPriv.framework/Versions/A/DesktopServicesPriv
0x00007fff22bd1000 	/usr/lib/libsandbox.1.dylib
0x00007fff2761b000 	/System/Library/PrivateFrameworks/UserManagement.framework/Versions/A/UserManagement
0x00007fff29e2b000 	/System/Library/PrivateFrameworks/MobileKeyBag.framework/Versions/A/MobileKeyBag
0x00007fff3486f000 	/System/Library/PrivateFrameworks/ChunkingLibrary.framework/Versions/A/ChunkingLibrary
0x00007fff2e748000 	/System/Library/PrivateFrameworks/SecCodeWrapper.framework/Versions/A/SecCodeWrapper
0x00007fff2b1ef000 	/System/Library/PrivateFrameworks/CrashReporterSupport.framework/Versions/A/CrashReporterSupport
0x00007fff47b0b000 	/System/Library/PrivateFrameworks/OSAnalytics.framework/Versions/A/OSAnalytics
0x00007fff7837d000 	/usr/lib/libRosetta.dylib
0x00007fff3325d000 	/System/Library/PrivateFrameworks/RemoteServiceDiscovery.framework/Versions/A/RemoteServiceDiscovery
0x00007fff515df000 	/System/Library/PrivateFrameworks/Symbolication.framework/Versions/A/Symbolication
0x00007fff3326d000 	/System/Library/PrivateFrameworks/RemoteXPC.framework/Versions/A/RemoteXPC
0x00007fff39558000 	/System/Library/PrivateFrameworks/OSAServicesClient.framework/Versions/A/OSAServicesClient
0x00007fff3d64d000 	/System/Library/PrivateFrameworks/MallocStackLogging.framework/Versions/A/MallocStackLogging
0x00007fff2e4cb000 	/System/Library/PrivateFrameworks/Sharing.framework/Versions/A/Sharing
0x00007fff32e3a000 	/System/Library/PrivateFrameworks/Apple80211.framework/Versions/A/Apple80211
0x00007fff2a4b1000 	/System/Library/PrivateFrameworks/AuthKit.framework/Versions/A/AuthKit
0x00007fff29c2b000 	/System/Library/PrivateFrameworks/CoreUtils.framework/Versions/A/CoreUtils
0x00007fff29b58000 	/System/Library/Frameworks/CoreWLAN.framework/Versions/A/CoreWLAN
0x00007fff2e612000 	/System/Library/Frameworks/IOBluetooth.framework/Versions/A/IOBluetooth
0x00007fff32e9e000 	/System/Library/PrivateFrameworks/CoreWiFi.framework/Versions/A/CoreWiFi
0x00007fff2db7c000 	/System/Library/PrivateFrameworks/CorePhoneNumbers.framework/Versions/A/CorePhoneNumbers
0x00007fff30f49000 	/System/Library/PrivateFrameworks/DiskManagement.framework/Versions/A/DiskManagement
0x00007fff30e5f000 	/System/Library/PrivateFrameworks/AppleIDAuthSupport.framework/Versions/A/AppleIDAuthSupport
0x00007fff2db59000 	/System/Library/PrivateFrameworks/KeychainCircle.framework/Versions/A/KeychainCircle
0x00007fff30f15000 	/System/Library/PrivateFrameworks/MediaKit.framework/Versions/A/MediaKit
0x00007fff30e6c000 	/System/Library/Frameworks/DiscRecording.framework/Versions/A/DiscRecording
0x00007fff2b311000 	/usr/lib/libCoreStorage.dylib
0x00007fff332d8000 	/usr/lib/libcsfde.dylib
0x00007fff2e74c000 	/System/Library/PrivateFrameworks/ProtectedCloudStorage.framework/Versions/A/ProtectedCloudStorage
0x00007fff332d0000 	/System/Library/PrivateFrameworks/EFILogin.framework/Versions/A/EFILogin
0x00007fff338c0000 	/System/Library/Frameworks/AudioUnit.framework/Versions/A/AudioUnit
0x00007fff30dab000 	/System/Library/Frameworks/CoreBluetooth.framework/Versions/A/CoreBluetooth
0x00007fff2b309000 	/usr/lib/libMatch.1.dylib
0x00007fff4382a000 	/System/Library/CoreServices/RawCamera.bundle/Contents/MacOS/RawCamera
0x00007fff2db07000 	/System/Library/PrivateFrameworks/MobileAsset.framework/Versions/A/MobileAsset
0x00007fff338e5000 	/System/Library/PrivateFrameworks/StreamingZip.framework/Versions/A/StreamingZip
0x00007fff2c2b0000 	/System/Library/Frameworks/MediaToolbox.framework/Versions/A/MediaToolbox
0x00007fff313f4000 	/System/Library/PrivateFrameworks/CoreAVCHD.framework/Versions/A/CoreAVCHD
0x00007fff30588000 	/System/Library/Frameworks/MediaAccessibility.framework/Versions/A/MediaAccessibility
0x00007fff313f0000 	/System/Library/PrivateFrameworks/Mangrove.framework/Versions/A/Mangrove
0x00007fff30594000 	/System/Library/PrivateFrameworks/AlgosScoreFramework.framework/Versions/A/AlgosScoreFramework
0x00007fff31daf000 	/System/Library/PrivateFrameworks/AppleVPA.framework/Versions/A/AppleVPA
0x00007fff31035000 	/System/Library/PrivateFrameworks/CoreAUC.framework/Versions/A/CoreAUC
0x00007fff4121e000 	/System/Library/Frameworks/Accelerate.framework/Versions/A/Frameworks/vImage.framework/Versions/A/Libraries/libCGInterfaces.dylib
0x000000012c32f000 	/usr/lib/libobjc-trampolines.dylib
0x00007fff2731e000 	/System/Library/PrivateFrameworks/ViewBridge.framework/Versions/A/ViewBridge
0x00007fff2bab3000 	/System/Library/PrivateFrameworks/login.framework/Versions/A/login
0x000000012e953000 	/Library/Internet Plug-Ins/JavaAppletPlugin.plugin/Contents/Home/lib/libfontmanager.dylib
0x00007fff6b994000 	/System/Library/Frameworks/OpenGL.framework/Versions/A/Resources/GLEngine.bundle/GLEngine
0x00007fff6b7f4000 	/System/Library/Frameworks/OpenGL.framework/Versions/A/Libraries/libGLProgrammability.dylib
0x000000012ea20000 	/System/Library/Extensions/AppleMetalGLRenderer.bundle/Contents/MacOS/AppleMetalGLRenderer
0x00007fff6bb10000 	/System/Library/Frameworks/OpenGL.framework/Versions/A/Resources/GLRendererFloat.bundle/GLRendererFloat
0x000000012eb76000 	/System/Library/Extensions/AGXMetal13_3.bundle/Contents/MacOS/AGXMetal13_3
0x00007fff388bd000 	/System/Library/PrivateFrameworks/IOGPU.framework/Versions/A/IOGPU
0x00007fff692ed000 	/System/Library/PrivateFrameworks/GPUCompiler.framework/Versions/31001/Libraries/libmetal_timestamp.dylib
0x000000012b042000 	/Library/Internet Plug-Ins/JavaAppletPlugin.plugin/Contents/Home/lib/libosxui.dylib
0x000000012b089000 	/Library/Internet Plug-Ins/JavaAppletPlugin.plugin/Contents/Home/lib/libmanagement.dylib
0x0000000130c60000 	/Library/Internet Plug-Ins/JavaAppletPlugin.plugin/Contents/Home/lib/libdcpr.dylib
0x0000000130cb5000 	/Library/Internet Plug-Ins/JavaAppletPlugin.plugin/Contents/Home/lib/libnio.dylib
0x0000000130f88000 	/Library/Internet Plug-Ins/JavaAppletPlugin.plugin/Contents/Home/lib/libnet.dylib
0x000000013a0d8000 	/Library/Internet Plug-Ins/JavaAppletPlugin.plugin/Contents/Home/lib/libt2k.dylib
0x00007fff6f226000 	/System/Library/PrivateFrameworks/AccessibilityBundles.framework/Versions/A/AccessibilityBundles
0x00007fff305c5000 	/System/Library/PrivateFrameworks/SystemAdministration.framework/Versions/A/SystemAdministration
0x00007fff2fee4000 	/System/Library/Frameworks/DirectoryService.framework/Versions/A/DirectoryService
0x00007fff33176000 	/System/Library/PrivateFrameworks/DiskImages.framework/Versions/A/DiskImages
0x00007fff3334a000 	/System/Library/PrivateFrameworks/LoginUIKit.framework/Versions/A/Frameworks/LoginUICore.framework/Versions/A/LoginUICore
0x00007fff2bc4c000 	/usr/lib/libodfde.dylib
0x00007fff332e4000 	/usr/lib/libcurl.4.dylib
0x00007fff33044000 	/usr/lib/libcrypto.44.dylib
0x00007fff33148000 	/usr/lib/libssl.46.dylib
0x00007fff3300a000 	/System/Library/Frameworks/LDAP.framework/Versions/A/LDAP
0x00007fff33042000 	/System/Library/PrivateFrameworks/TrustEvaluationAgent.framework/Versions/A/TrustEvaluationAgent
0x00007fff2d16a000 	/usr/lib/libsasl2.2.dylib
0x00007fff305b9000 	/System/Library/PrivateFrameworks/CoreDaemon.framework/Versions/B/CoreDaemon
0x00007fff305b4000 	/System/Library/PrivateFrameworks/AppleSRP.framework/Versions/A/AppleSRP

VM Arguments:
jvm_args: -Dfile.encoding=UTF-8 
java_command: circeIsland.main.Main
java_class_path (initial): /Users/emmay/Documents/GitHub/capstoneproject-capstone-emma-jiwoo-rittika-sarah/CapstoneProject/bin:/Users/emmay/Documents/GitHub/capstoneproject-capstone-emma-jiwoo-rittika-sarah/CapstoneProject/processing_core.jar:/Users/emmay/Documents/GitHub/capstoneproject-capstone-emma-jiwoo-rittika-sarah/CapstoneProject/core.jar:/Users/emmay/Documents/GitHub/capstoneproject-capstone-emma-jiwoo-rittika-sarah/CapstoneProject/G4P.jar
Launcher Type: SUN_STANDARD

Environment Variables:
PATH=/usr/bin:/bin:/usr/sbin:/sbin
SHELL=/bin/zsh

Signal Handlers:
SIGSEGV: [libjvm.dylib+0x5a1f9b], sa_mask[0]=11111111111111111111111111111111, sa_flags=SA_ONSTACK|SA_RESTART|SA_SIGINFO
SIGBUS: [libjvm.dylib+0x5a1f9b], sa_mask[0]=11111111111111111111111111111111, sa_flags=SA_RESTART|SA_SIGINFO
SIGFPE: [libjvm.dylib+0x492701], sa_mask[0]=11111111111111111111111111111111, sa_flags=SA_RESTART|SA_SIGINFO
SIGPIPE: [libjvm.dylib+0x492701], sa_mask[0]=11111111111111111111111111111111, sa_flags=SA_RESTART|SA_SIGINFO
SIGXFSZ: [libjvm.dylib+0x492701], sa_mask[0]=11111111111111111111111111111111, sa_flags=SA_RESTART|SA_SIGINFO
SIGILL: [libjvm.dylib+0x492701], sa_mask[0]=11111111111111111111111111111111, sa_flags=SA_RESTART|SA_SIGINFO
SIGUSR1: SIG_DFL, sa_mask[0]=00000000000000000000000000000000, sa_flags=none
SIGUSR2: [libjvm.dylib+0x492ffa], sa_mask[0]=00100000000000000000000000000000, sa_flags=SA_RESTART|SA_SIGINFO
SIGHUP: [libjvm.dylib+0x491209], sa_mask[0]=11111111111111111111111111111111, sa_flags=SA_RESTART|SA_SIGINFO
SIGINT: [libjvm.dylib+0x491209], sa_mask[0]=11111111111111111111111111111111, sa_flags=SA_RESTART|SA_SIGINFO
SIGTERM: [libjvm.dylib+0x491209], sa_mask[0]=11111111111111111111111111111111, sa_flags=SA_RESTART|SA_SIGINFO
SIGQUIT: [libjvm.dylib+0x491209], sa_mask[0]=11111111111111111111111111111111, sa_flags=SA_RESTART|SA_SIGINFO


---------------  S Y S T E M  ---------------

OS:Bsduname:Darwin 20.1.0 Darwin Kernel Version 20.1.0: Sun Oct 18 15:32:00 PDT 2020; root:xnu-7195.41.8~9/RELEASE_ARM64_T8101 x86_64
rlimit: STACK 8176k, CORE 0k, NPROC 1333, NOFILE 10240, AS infinity
load average:5.61 4.61 3.61

CPU:total 8 (initial active 8) (1 cores per cpu, 1 threads per core) family 6 model 44 stepping 0, cmov, cx8, fxsr, mmx, sse, sse2, sse3, ssse3, sse4.1, sse4.2, popcnt, aes, clmul, tsc, tscinvbit, tscinv

Memory: 4k page, physical 8388608k(61008k free)

/proc/meminfo:


vm_info: Java HotSpot(TM) 64-Bit Server VM (25.281-b09) for bsd-amd64 JRE (1.8.0_281-b09), built on Dec  9 2020 12:44:49 by "java_re" with gcc 4.2.1 Compatible Apple LLVM 10.0.0 (clang-1000.11.45.5)

time: Mon May 23 19:29:27 2022
timezone: PDT
elapsed time: 433.692180 seconds (0d 0h 7m 13s)

