#
# A fatal error has been detected by the Java Runtime Environment:
#
#  SIGSEGV (0xb) at pc=0x0000000111acd2f2, pid=98272, tid=0x0000000000000737
#
# JRE version: Java(TM) SE Runtime Environment (8.0_261-b12) (build 1.8.0_261-b12)
# Java VM: Java HotSpot(TM) 64-Bit Server VM (25.261-b12 mixed mode bsd-amd64 compressed oops)
# Problematic frame:
# J 2859 C2 circeIsland.creatures.Nymph.act()V (137 bytes) @ 0x0000000111acd2f2 [0x0000000111acd160+0x192]
#
# Failed to write core dump. Core dumps have been disabled. To enable core dumping, try "ulimit -c unlimited" before starting Java again
#
# If you would like to submit a bug report, please visit:
#   http://bugreport.java.com/bugreport/crash.jsp
#

---------------  T H R E A D  ---------------

Current thread (0x00007fc6ab954800):  JavaThread "Animation Thread" [_thread_in_Java, id=1847, stack(0x000070000dedd000,0x000070000dfdd000)]

siginfo: si_signo: 11 (SIGSEGV), si_code: 1 (SEGV_MAPERR), si_addr: 0x0000000000000014

Registers:
RAX=0x0000000000000008, RBX=0x000000000000000a, RCX=0x000000000000030d, RDX=0x0000000000000002
RSP=0x000070000dfdc7a0, RBP=0x000000000000000b, RSI=0x0000000000000006, RDI=0x0000000000000009
R8 =0x00000000e8a104cc, R9 =0x0000000000000009, R10=0x00000000e813287a, R11=0x0000000000000014
R12=0x0000000000000000, R13=0x00000000000004b0, R14=0x000000000000000a, R15=0x00007fc6ab954800
RIP=0x0000000111acd2f2, EFLAGS=0x0000000000010297, ERR=0x0000000000000004
  TRAPNO=0x000000000000000e

Top of Stack: (sp=0x000070000dfdc7a0)
0x000070000dfdc7a0:   000000074719f0a0 000000079ea8b428
0x000070000dfdc7b0:   448e400000000013 00000007400de498
0x000070000dfdc7c0:   000000079ea87c68 000000079ea8b170
0x000070000dfdc7d0:   000000079ea8adf8 00000007409943d0
0x000070000dfdc7e0:   000000079ea87c68 0000000700000000
0x000070000dfdc7f0:   000000074719f0a0 0000000111ed3ee0
0x000070000dfdc800:   00000007c009b388 00000007450825b0
0x000070000dfdc810:   0000000300000002 00000007c00b2718
0x000070000dfdc820:   0000000000000000 000fffffffffffff
0x000070000dfdc830:   e8a1065200000001 00000007c00aec90
0x000070000dfdc840:   0000000000000006 00000001437f0000
0x000070000dfdc850:   0000000745083290 0000000740994518
0x000070000dfdc860:   0000000740aa5f58 0000000000000001
0x000070000dfdc870:   000000079ea87440 000000079ea87100
0x000070000dfdc880:   000000079ea87c88 000000011198f318
0x000070000dfdc890:   00000007c00a9b58 000000074e3a8f18
0x000070000dfdc8a0:   00000007409943d0 0000000111ee37c0
0x000070000dfdc8b0:   0000000100000000 e81328a300000000
0x000070000dfdc8c0:   ffffffff00000001 0000000000000001
0x000070000dfdc8d0:   000000ff00000000 00000007ff000000
0x000070000dfdc8e0:   0000000740994518 00000007c00aec90
0x000070000dfdc8f0:   0000000740a95660 0000000111e167f8
0x000070000dfdc900:   e8026b1600000000 00000007401357e8
0x000070000dfdc910:   0000000000000007 0000002de8152acc
0x000070000dfdc920:   00000007401358b0 0000000111de7420
0x000070000dfdc930:   f801742ef80250d2 00000007c0128690
0x000070000dfdc940:   0000000000000011 000000010e9f4af7
0x000070000dfdc950:   000070000dfdcaa0 0000000111c485fc
0x000070000dfdc960:   4190ed0b90000000 e813229be81327ed
0x000070000dfdc970:   0000030d000004b0 0000000740994370
0x000070000dfdc980:   000070000dfdc990 000000010eae0899
0x000070000dfdc990:   000070000dfdc9b0 000000010eae5d8d 

Instructions: (pc=0x0000000111acd2f2)
0x0000000111acd2d2:   44 8b cb 41 ff c1 44 3b cd 0f 84 ca 02 00 00 83
0x0000000111acd2e2:   c3 02 3b dd 0f 84 00 03 00 00 41 bb 14 00 00 00
0x0000000111acd2f2:   45 8b 1b 44 89 5c 24 10 41 bb 10 00 00 00 33 db
0x0000000111acd302:   45 8b c8 c4 c1 79 7e c8 eb 6e 45 8b c8 c4 c1 79 

Register to memory mapping:

RAX=0x0000000000000008 is an unknown value
RBX=0x000000000000000a is an unknown value
RCX=0x000000000000030d is an unknown value
RDX=0x0000000000000002 is an unknown value
RSP=0x000070000dfdc7a0 is pointing into the stack for thread: 0x00007fc6ab954800
RBP=0x000000000000000b is an unknown value
RSI=0x0000000000000006 is an unknown value
RDI=0x0000000000000009 is an unknown value
R8 =0x00000000e8a104cc is an unknown value
R9 =0x0000000000000009 is an unknown value
R10=0x00000000e813287a is an unknown value
R11=0x0000000000000014 is an unknown value
R12=0x0000000000000000 is an unknown value
R13=0x00000000000004b0 is an unknown value
R14=0x000000000000000a is an unknown value
R15=0x00007fc6ab954800 is a thread


Stack: [0x000070000dedd000,0x000070000dfdd000],  sp=0x000070000dfdc7a0,  free space=1021k
Native frames: (J=compiled Java code, j=interpreted, Vv=VM code, C=native code)
J 2859 C2 circeIsland.creatures.Nymph.act()V (137 bytes) @ 0x0000000111acd2f2 [0x0000000111acd160+0x192]
J 2794 C2 circeIsland.screens.Island.draw()V (682 bytes) @ 0x0000000111ed3ee0 [0x0000000111ed23a0+0x1b40]
J 2852 C2 circeIsland.main.DrawingSurface.draw()V (353 bytes) @ 0x0000000111ee37c0 [0x0000000111ee2da0+0xa20]
J 1869 C1 processing.core.PApplet.handleDraw()V (253 bytes) @ 0x0000000111c485fc [0x0000000111c47ca0+0x95c]
J 1735 C1 processing.awt.PSurfaceAWT$12.callDraw()V (18 bytes) @ 0x0000000111bce704 [0x0000000111bce5e0+0x124]
j  processing.core.PSurfaceNone$AnimationThread.run()V+30
v  ~StubRoutines::call_stub
V  [libjvm.dylib+0x2d42cd]
V  [libjvm.dylib+0x2d2f98]
V  [libjvm.dylib+0x2d31b3]
V  [libjvm.dylib+0x3416cd]
V  [libjvm.dylib+0x5636ee]
V  [libjvm.dylib+0x5635b3]
V  [libjvm.dylib+0x48e895]
C  [libsystem_pthread.dylib+0x64e1]  _pthread_start+0x7d
C  [libsystem_pthread.dylib+0x1f6b]  thread_start+0xf
C  0x0000000000000000


---------------  P R O C E S S  ---------------

Java Threads: ( => current thread )
  0x00007fc6aa19e000 JavaThread "DestroyJavaVM" [_thread_blocked, id=3843, stack(0x000070000c80f000,0x000070000c90f000)]
=>0x00007fc6ab954800 JavaThread "Animation Thread" [_thread_in_Java, id=1847, stack(0x000070000dedd000,0x000070000dfdd000)]
  0x00007fc6aa18e800 JavaThread "AWT-EventQueue-0" [_thread_blocked, id=55299, stack(0x000070000ddda000,0x000070000deda000)]
  0x00007fc6aa0fd000 JavaThread "Java2D Disposer" daemon [_thread_blocked, id=50439, stack(0x000070000dace000,0x000070000dbce000)]
  0x00007fc6ab8c0800 JavaThread "Java2D Queue Flusher" daemon [_thread_blocked, id=46599, stack(0x000070000d9cb000,0x000070000dacb000)]
  0x00007fc6a99dd800 JavaThread "AWT-Shutdown" [_thread_blocked, id=37639, stack(0x000070000d7c2000,0x000070000d8c2000)]
  0x00007fc6a99c0800 JavaThread "AppKit Thread" daemon [_thread_in_native, id=259, stack(0x00007ff7b209d000,0x00007ff7b289d000)]
  0x00007fc6aa047800 JavaThread "Service Thread" daemon [_thread_blocked, id=14595, stack(0x000070000d5bc000,0x000070000d6bc000)]
  0x00007fc6aa02f000 JavaThread "C1 CompilerThread2" daemon [_thread_blocked, id=14339, stack(0x000070000d4b9000,0x000070000d5b9000)]
  0x00007fc6a986f800 JavaThread "C2 CompilerThread1" daemon [_thread_blocked, id=14083, stack(0x000070000d3b6000,0x000070000d4b6000)]
  0x00007fc6a984b000 JavaThread "C2 CompilerThread0" daemon [_thread_blocked, id=13571, stack(0x000070000d2b3000,0x000070000d3b3000)]
  0x00007fc6aa008800 JavaThread "Signal Dispatcher" daemon [_thread_blocked, id=19459, stack(0x000070000d1b0000,0x000070000d2b0000)]
  0x00007fc6a9844800 JavaThread "Finalizer" daemon [_thread_blocked, id=20739, stack(0x000070000cf24000,0x000070000d024000)]
  0x00007fc6a9842000 JavaThread "Reference Handler" daemon [_thread_blocked, id=20995, stack(0x000070000ce21000,0x000070000cf21000)]

Other Threads:
  0x00007fc6a983d800 VMThread [stack: 0x000070000cd1e000,0x000070000ce1e000] [id=21251]
  0x00007fc6a881a800 WatcherThread [stack: 0x000070000d6bf000,0x000070000d7bf000] [id=15107]

VM state:not at safepoint (normal execution)

VM Mutex/Monitor currently owned by a thread: None

heap address: 0x0000000740000000, size: 2048 MB, Compressed Oops mode: Zero based, Oop shift amount: 3
Narrow klass base: 0x0000000000000000, Narrow klass shift: 3
Compressed class space size: 1073741824 Address: 0x00000007c0000000

Heap:
 PSYoungGen      total 449024K, used 156209K [0x0000000795580000, 0x00000007b7480000, 0x00000007c0000000)
  eden space 372736K, 41% used [0x0000000795580000,0x000000079ee0c598,0x00000007ac180000)
  from space 76288K, 0% used [0x00000007b2000000,0x00000007b2000000,0x00000007b6a80000)
  to   space 91648K, 0% used [0x00000007ac180000,0x00000007ac180000,0x00000007b1b00000)
 ParOldGen       total 452608K, used 295656K [0x0000000740000000, 0x000000075ba00000, 0x0000000795580000)
  object space 452608K, 65% used [0x0000000740000000,0x00000007520ba3b8,0x000000075ba00000)
 Metaspace       used 14327K, capacity 14686K, committed 14976K, reserved 1062912K
  class space    used 1523K, capacity 1637K, committed 1664K, reserved 1048576K

Card table byte_map: [0x000000010dc24000,0x000000010e025000] byte_map_base: 0x000000010a224000

Marking Bits: (ParMarkBitMap*) 0x000000010ec8e748
 Begin Bits: [0x0000000120667000, 0x0000000122667000)
 End Bits:   [0x0000000122667000, 0x0000000124667000)

Polling page: 0x000000010d79c000

CodeCache: size=245760Kb used=8527Kb max_used=8612Kb free=237232Kb
 bounds [0x0000000111667000, 0x0000000111ef7000, 0x0000000120667000]
 total_blobs=2958 nmethods=2369 adapters=501
 compilation: enabled

Compilation events (10 events):
Event: 424.407 Thread 0x00007fc6a986f800 2855       4       sun.java2d.opengl.CGLSurfaceData$CGLOffScreenSurfaceData::getBounds (50 bytes)
Event: 424.409 Thread 0x00007fc6a986f800 nmethod 2855 0x0000000111915810 code [0x0000000111915960, 0x0000000111915a58]
Event: 424.479 Thread 0x00007fc6a984b000 2856       4       sun.java2d.opengl.CGLSurfaceData$CGLLayerSurfaceData::getBounds (16 bytes)
Event: 424.481 Thread 0x00007fc6a984b000 nmethod 2856 0x0000000111a953d0 code [0x0000000111a95520, 0x0000000111a955f8]
Event: 426.055 Thread 0x00007fc6a986f800 2857       4       java.awt.AWTKeyStroke::hashCode (36 bytes)
Event: 426.056 Thread 0x00007fc6a986f800 nmethod 2857 0x0000000111c10950 code [0x0000000111c10aa0, 0x0000000111c10b38]
Event: 426.218 Thread 0x00007fc6a984b000 2858       4       java.awt.Component::isShowing (38 bytes)
Event: 426.218 Thread 0x00007fc6a984b000 nmethod 2858 0x000000011190e690 code [0x000000011190e7e0, 0x000000011190e8d8]
Event: 426.599 Thread 0x00007fc6a986f800 2859       4       circeIsland.creatures.Nymph::act (137 bytes)
Event: 426.623 Thread 0x00007fc6a986f800 nmethod 2859 0x0000000111accf50 code [0x0000000111acd160, 0x0000000111acdcb0]

GC Heap History (10 events):
Event: 6.032 GC heap before
{Heap before GC invocations=9 (full 3):
 PSYoungGen      total 135680K, used 129737K [0x0000000795580000, 0x00000007aa100000, 0x00000007c0000000)
  eden space 130560K, 99% used [0x0000000795580000,0x000000079d432558,0x000000079d500000)
  from space 5120K, 0% used [0x000000079d500000,0x000000079d500000,0x000000079da00000)
  to   space 56832K, 0% used [0x00000007a6980000,0x00000007a6980000,0x00000007aa100000)
 ParOldGen       total 185856K, used 89013K [0x0000000740000000, 0x000000074b580000, 0x0000000795580000)
  object space 185856K, 47% used [0x0000000740000000,0x00000007456ed5c0,0x000000074b580000)
 Metaspace       used 12629K, capacity 12926K, committed 13056K, reserved 1060864K
  class space    used 1456K, capacity 1533K, committed 1536K, reserved 1048576K
Event: 6.093 GC heap after
Heap after GC invocations=9 (full 3):
 PSYoungGen      total 277504K, used 38282K [0x0000000795580000, 0x00000007ab080000, 0x00000007c0000000)
  eden space 220672K, 0% used [0x0000000795580000,0x0000000795580000,0x00000007a2d00000)
  from space 56832K, 67% used [0x00000007a6980000,0x00000007a8ee2a70,0x00000007aa100000)
  to   space 61952K, 0% used [0x00000007a2d00000,0x00000007a2d00000,0x00000007a6980000)
 ParOldGen       total 185856K, used 89021K [0x0000000740000000, 0x000000074b580000, 0x0000000795580000)
  object space 185856K, 47% used [0x0000000740000000,0x00000007456ef5c0,0x000000074b580000)
 Metaspace       used 12629K, capacity 12926K, committed 13056K, reserved 1060864K
  class space    used 1456K, capacity 1533K, committed 1536K, reserved 1048576K
}
Event: 6.868 GC heap before
{Heap before GC invocations=10 (full 3):
 PSYoungGen      total 277504K, used 257370K [0x0000000795580000, 0x00000007ab080000, 0x00000007c0000000)
  eden space 220672K, 99% used [0x0000000795580000,0x00000007a2b74180,0x00000007a2d00000)
  from space 56832K, 67% used [0x00000007a6980000,0x00000007a8ee2a70,0x00000007aa100000)
  to   space 61952K, 0% used [0x00000007a2d00000,0x00000007a2d00000,0x00000007a6980000)
 ParOldGen       total 185856K, used 89021K [0x0000000740000000, 0x000000074b580000, 0x0000000795580000)
  object space 185856K, 47% used [0x0000000740000000,0x00000007456ef5c0,0x000000074b580000)
 Metaspace       used 12644K, capacity 12926K, committed 13056K, reserved 1060864K
  class space    used 1456K, capacity 1533K, committed 1536K, reserved 1048576K
Event: 6.963 GC heap after
Heap after GC invocations=10 (full 3):
 PSYoungGen      total 282624K, used 60298K [0x0000000795580000, 0x00000007b6a80000, 0x00000007c0000000)
  eden space 220672K, 0% used [0x0000000795580000,0x0000000795580000,0x00000007a2d00000)
  from space 61952K, 97% used [0x00000007a2d00000,0x00000007a67e2868,0x00000007a6980000)
  to   space 76288K, 0% used [0x00000007b2000000,0x00000007b2000000,0x00000007b6a80000)
 ParOldGen       total 185856K, used 143382K [0x0000000740000000, 0x000000074b580000, 0x0000000795580000)
  object space 185856K, 77% used [0x0000000740000000,0x0000000748c059e8,0x000000074b580000)
 Metaspace       used 12644K, capacity 12926K, committed 13056K, reserved 1060864K
  class space    used 1456K, capacity 1533K, committed 1536K, reserved 1048576K
}
Event: 6.963 GC heap before
{Heap before GC invocations=11 (full 4):
 PSYoungGen      total 282624K, used 60298K [0x0000000795580000, 0x00000007b6a80000, 0x00000007c0000000)
  eden space 220672K, 0% used [0x0000000795580000,0x0000000795580000,0x00000007a2d00000)
  from space 61952K, 97% used [0x00000007a2d00000,0x00000007a67e2868,0x00000007a6980000)
  to   space 76288K, 0% used [0x00000007b2000000,0x00000007b2000000,0x00000007b6a80000)
 ParOldGen       total 185856K, used 143382K [0x0000000740000000, 0x000000074b580000, 0x0000000795580000)
  object space 185856K, 77% used [0x0000000740000000,0x0000000748c059e8,0x000000074b580000)
 Metaspace       used 12644K, capacity 12926K, committed 13056K, reserved 1060864K
  class space    used 1456K, capacity 1533K, committed 1536K, reserved 1048576K
Event: 7.050 GC heap after
Heap after GC invocations=11 (full 4):
 PSYoungGen      total 282624K, used 6773K [0x0000000795580000, 0x00000007b6a80000, 0x00000007c0000000)
  eden space 220672K, 0% used [0x0000000795580000,0x0000000795580000,0x00000007a2d00000)
  from space 61952K, 10% used [0x00000007a2d00000,0x00000007a339d468,0x00000007a6980000)
  to   space 76288K, 0% used [0x00000007b2000000,0x00000007b2000000,0x00000007b6a80000)
 ParOldGen       total 300544K, used 182063K [0x0000000740000000, 0x0000000752580000, 0x0000000795580000)
  object space 300544K, 60% used [0x0000000740000000,0x000000074b1cbde0,0x0000000752580000)
 Metaspace       used 12644K, capacity 12926K, committed 13056K, reserved 1060864K
  class space    used 1456K, capacity 1533K, committed 1536K, reserved 1048576K
}
Event: 109.344 GC heap before
{Heap before GC invocations=12 (full 4):
 PSYoungGen      total 282624K, used 225548K [0x0000000795580000, 0x00000007b6a80000, 0x00000007c0000000)
  eden space 220672K, 99% used [0x0000000795580000,0x00000007a2b25d40,0x00000007a2d00000)
  from space 61952K, 10% used [0x00000007a2d00000,0x00000007a339d468,0x00000007a6980000)
  to   space 76288K, 0% used [0x00000007b2000000,0x00000007b2000000,0x00000007b6a80000)
 ParOldGen       total 300544K, used 182063K [0x0000000740000000, 0x0000000752580000, 0x0000000795580000)
  object space 300544K, 60% used [0x0000000740000000,0x000000074b1cbde0,0x0000000752580000)
 Metaspace       used 14065K, capacity 14354K, committed 14464K, reserved 1062912K
  class space    used 1520K, capacity 1635K, committed 1664K, reserved 1048576K
Event: 109.781 GC heap after
Heap after GC invocations=12 (full 4):
 PSYoungGen      total 449024K, used 75698K [0x0000000795580000, 0x00000007b7480000, 0x00000007c0000000)
  eden space 372736K, 0% used [0x0000000795580000,0x0000000795580000,0x00000007ac180000)
  from space 76288K, 99% used [0x00000007b2000000,0x00000007b69ec9b0,0x00000007b6a80000)
  to   space 91648K, 0% used [0x00000007ac180000,0x00000007ac180000,0x00000007b1b00000)
 ParOldGen       total 300544K, used 298169K [0x0000000740000000, 0x0000000752580000, 0x0000000795580000)
  object space 300544K, 99% used [0x0000000740000000,0x000000075232e5a8,0x0000000752580000)
 Metaspace       used 14065K, capacity 14354K, committed 14464K, reserved 1062912K
  class space    used 1520K, capacity 1635K, committed 1664K, reserved 1048576K
}
Event: 109.781 GC heap before
{Heap before GC invocations=13 (full 5):
 PSYoungGen      total 449024K, used 75698K [0x0000000795580000, 0x00000007b7480000, 0x00000007c0000000)
  eden space 372736K, 0% used [0x0000000795580000,0x0000000795580000,0x00000007ac180000)
  from space 76288K, 99% used [0x00000007b2000000,0x00000007b69ec9b0,0x00000007b6a80000)
  to   space 91648K, 0% used [0x00000007ac180000,0x00000007ac180000,0x00000007b1b00000)
 ParOldGen       total 300544K, used 298169K [0x0000000740000000, 0x0000000752580000, 0x0000000795580000)
  object space 300544K, 99% used [0x0000000740000000,0x000000075232e5a8,0x0000000752580000)
 Metaspace       used 14065K, capacity 14354K, committed 14464K, reserved 1062912K
  class space    used 1520K, capacity 1635K, committed 1664K, reserved 1048576K
Event: 109.850 GC heap after
Heap after GC invocations=13 (full 5):
 PSYoungGen      total 449024K, used 0K [0x0000000795580000, 0x00000007b7480000, 0x00000007c0000000)
  eden space 372736K, 0% used [0x0000000795580000,0x0000000795580000,0x00000007ac180000)
  from space 76288K, 0% used [0x00000007b2000000,0x00000007b2000000,0x00000007b6a80000)
  to   space 91648K, 0% used [0x00000007ac180000,0x00000007ac180000,0x00000007b1b00000)
 ParOldGen       total 452608K, used 295656K [0x0000000740000000, 0x000000075ba00000, 0x0000000795580000)
  object space 452608K, 65% used [0x0000000740000000,0x00000007520ba3b8,0x000000075ba00000)
 Metaspace       used 14065K, capacity 14354K, committed 14464K, reserved 1062912K
  class space    used 1520K, capacity 1635K, committed 1664K, reserved 1048576K
}

Deoptimization events (10 events):
Event: 142.823 Thread 0x00007fc6ab954800 Uncommon trap: reason=bimorphic action=maybe_recompile pc=0x0000000111de3dcc method=circeIsland.screens.Island.draw()V @ 244
Event: 142.899 Thread 0x00007fc6ab954800 Uncommon trap: reason=bimorphic action=maybe_recompile pc=0x0000000111de3dcc method=circeIsland.screens.Island.draw()V @ 244
Event: 142.970 Thread 0x00007fc6ab954800 Uncommon trap: reason=bimorphic action=maybe_recompile pc=0x0000000111de3dcc method=circeIsland.screens.Island.draw()V @ 244
Event: 143.041 Thread 0x00007fc6ab954800 Uncommon trap: reason=bimorphic action=maybe_recompile pc=0x0000000111b63364 method=circeIsland.screens.Island.draw()V @ 244
Event: 143.046 Thread 0x00007fc6ab954800 Uncommon trap: reason=unstable_if action=reinterpret pc=0x0000000111b5d800 method=circeIsland.creatures.Pig.findPigPen()[I @ 26
Event: 176.381 Thread 0x00007fc6ab954800 Uncommon trap: reason=unstable_if action=reinterpret pc=0x0000000111e28d4c method=circeIsland.screens.Island.draw()V @ 650
Event: 215.658 Thread 0x00007fc6ab954800 Uncommon trap: reason=unloaded action=reinterpret pc=0x0000000111d6f4a0 method=circeIsland.screens.Island.performSteal(LcirceIsland/creatures/Creature;)V @ 102
Event: 236.331 Thread 0x00007fc6ab954800 Uncommon trap: reason=unstable_if action=reinterpret pc=0x0000000111c56f00 method=circeIsland.creatures.Creature.islandHeightResized()Z @ 16
Event: 283.095 Thread 0x00007fc6ab954800 Uncommon trap: reason=unstable_if action=reinterpret pc=0x000000011192c4ec method=g4p_controls.GScrollbar.mouseEvent(Lprocessing/event/MouseEvent;)V @ 58
Event: 316.326 Thread 0x00007fc6ab954800 Uncommon trap: reason=unstable_if action=reinterpret pc=0x0000000111e83594 method=circeIsland.screens.Island.changeWithTime()V @ 110

Classes redefined (0 events):
No events

Internal exceptions (10 events):
Event: 0.673 Thread 0x00007fc6a9811000 Exception <a 'java/io/FileNotFoundException'> (0x00000007958de090) thrown at [/jenkins/workspace/8-2-build-macosx-x86_64/jdk8u261/295/hotspot/src/share/vm/prims/jni.cpp, line 710]
Event: 1.360 Thread 0x00007fc6ab954800 Exception <a 'java/io/FileNotFoundException'> (0x00000007961febe0) thrown at [/jenkins/workspace/8-2-build-macosx-x86_64/jdk8u261/295/hotspot/src/share/vm/prims/jni.cpp, line 710]
Event: 1.360 Thread 0x00007fc6ab954800 Exception <a 'java/io/FileNotFoundException'> (0x00000007962026c8) thrown at [/jenkins/workspace/8-2-build-macosx-x86_64/jdk8u261/295/hotspot/src/share/vm/prims/jni.cpp, line 710]
Event: 1.360 Thread 0x00007fc6ab954800 Exception <a 'java/io/FileNotFoundException'> (0x0000000796203598) thrown at [/jenkins/workspace/8-2-build-macosx-x86_64/jdk8u261/295/hotspot/src/share/vm/prims/jni.cpp, line 710]
Event: 1.360 Thread 0x00007fc6ab954800 Exception <a 'java/io/FileNotFoundException'> (0x0000000796203eb0) thrown at [/jenkins/workspace/8-2-build-macosx-x86_64/jdk8u261/295/hotspot/src/share/vm/prims/jni.cpp, line 710]
Event: 1.361 Thread 0x00007fc6ab954800 Exception <a 'java/io/FileNotFoundException'> (0x0000000796205cb8) thrown at [/jenkins/workspace/8-2-build-macosx-x86_64/jdk8u261/295/hotspot/src/share/vm/prims/jni.cpp, line 710]
Event: 3.655 Thread 0x00007fc6a9844800 Exception <a 'java/lang/NullPointerException'> (0x0000000795b692f0) thrown at [/jenkins/workspace/8-2-build-macosx-x86_64/jdk8u261/295/hotspot/src/share/vm/interpreter/linkResolver.cpp, line 1185]
Event: 47.357 Thread 0x00007fc6ab954800 Implicit null exception at 0x0000000111c96657 to 0x0000000111c96819
Event: 48.137 Thread 0x00007fc6ab954800 Implicit null exception at 0x0000000111ca5f94 to 0x0000000111ca77a9
Event: 426.672 Thread 0x00007fc6ab954800 Implicit null exception at 0x0000000111acd2f2 to 0x0000000000000000

Events (10 events):
Event: 355.902 Thread 0x00007fc6aa02f000 flushing nmethod 0x0000000111d1f610
Event: 355.902 Thread 0x00007fc6aa02f000 flushing nmethod 0x0000000111d37d50
Event: 357.365 Thread 0x00007fc6a984b000 flushing nmethod 0x0000000111d4d510
Event: 357.365 Thread 0x00007fc6a984b000 flushing nmethod 0x0000000111dadd50
Event: 357.365 Thread 0x00007fc6a984b000 flushing nmethod 0x0000000111dc0210
Event: 357.365 Thread 0x00007fc6a984b000 flushing nmethod 0x0000000111dc2850
Event: 357.365 Thread 0x00007fc6a984b000 flushing nmethod 0x0000000111dc6290
Event: 357.365 Thread 0x00007fc6a984b000 flushing nmethod 0x0000000111dc8ad0
Event: 357.365 Thread 0x00007fc6a984b000 flushing nmethod 0x0000000111dd7c50
Event: 357.365 Thread 0x00007fc6a984b000 flushing nmethod 0x0000000111ddf590


Dynamic libraries:
0x00007ff8256b1000 	/System/Library/Frameworks/Cocoa.framework/Versions/A/Cocoa
0x00007ff81132e000 	/System/Library/Frameworks/AppKit.framework/Versions/C/AppKit
0x00007ff814839000 	/System/Library/Frameworks/CoreData.framework/Versions/A/CoreData
0x00007ff80f73a000 	/System/Library/Frameworks/Foundation.framework/Versions/C/Foundation
0x00007ff81965a000 	/usr/lib/libSystem.B.dylib
0x00007ff8121bc000 	/System/Library/PrivateFrameworks/UIFoundation.framework/Versions/A/UIFoundation
0x00007ff81f5bb000 	/System/Library/PrivateFrameworks/RemoteViewServices.framework/Versions/A/RemoteViewServices
0x00007ff8178a5000 	/System/Library/PrivateFrameworks/XCTTargetBootstrap.framework/Versions/A/XCTTargetBootstrap
0x00007ff81b461000 	/System/Library/PrivateFrameworks/InternationalSupport.framework/Versions/A/InternationalSupport
0x00007ff81b4eb000 	/System/Library/PrivateFrameworks/UserActivity.framework/Versions/A/UserActivity
0x00007ff81a841000 	/usr/lib/libspindump.dylib
0x00007ff81244a000 	/System/Library/Frameworks/UniformTypeIdentifiers.framework/Versions/A/UniformTypeIdentifiers
0x00007ff815fce000 	/usr/lib/libapp_launch_measurement.dylib
0x00007ff815209000 	/System/Library/PrivateFrameworks/CoreAnalytics.framework/Versions/A/CoreAnalytics
0x00007ff815fd1000 	/System/Library/PrivateFrameworks/CoreAutoLayout.framework/Versions/A/CoreAutoLayout
0x00007ff8171ff000 	/System/Library/Frameworks/Metal.framework/Versions/A/Metal
0x00007ff817f2b000 	/usr/lib/liblangid.dylib
0x00007ff8178aa000 	/System/Library/PrivateFrameworks/CoreSVG.framework/Versions/A/CoreSVG
0x00007ff813831000 	/System/Library/PrivateFrameworks/SkyLight.framework/Versions/A/SkyLight
0x00007ff813bcf000 	/System/Library/Frameworks/CoreGraphics.framework/Versions/A/CoreGraphics
0x00007ff81fc7b000 	/System/Library/Frameworks/Accelerate.framework/Versions/A/Accelerate
0x00007ff81a2c0000 	/System/Library/PrivateFrameworks/IconServices.framework/Versions/A/IconServices
0x00007ff8171e4000 	/System/Library/Frameworks/IOSurface.framework/Versions/A/IOSurface
0x00007ff815237000 	/usr/lib/libDiagnosticMessagesClient.dylib
0x00007ff81957a000 	/usr/lib/libz.1.dylib
0x00007ff82335e000 	/System/Library/Frameworks/ApplicationServices.framework/Versions/A/ApplicationServices
0x00007ff817891000 	/System/Library/PrivateFrameworks/DFRFoundation.framework/Versions/A/DFRFoundation
0x00007ff810c16000 	/usr/lib/libicucore.A.dylib
0x00007ff81c256000 	/System/Library/Frameworks/AudioToolbox.framework/Versions/A/AudioToolbox
0x00007ff81b46d000 	/System/Library/PrivateFrameworks/DataDetectorsCore.framework/Versions/A/DataDetectorsCore
0x00007ff9173fa000 	/System/Library/PrivateFrameworks/TextInput.framework/Versions/A/TextInput
0x00007ff8137b4000 	/usr/lib/libMobileGestalt.dylib
0x00007ff81759d000 	/System/Library/Frameworks/Carbon.framework/Versions/A/Frameworks/HIToolbox.framework/Versions/A/HIToolbox
0x00007ff8159d4000 	/System/Library/Frameworks/QuartzCore.framework/Versions/A/QuartzCore
0x00007ff8108bd000 	/System/Library/Frameworks/Security.framework/Versions/A/Security
0x00007ff81f5f3000 	/System/Library/Frameworks/Carbon.framework/Versions/A/Frameworks/SpeechRecognition.framework/Versions/A/SpeechRecognition
0x00007ff815d2e000 	/System/Library/PrivateFrameworks/CoreUI.framework/Versions/A/CoreUI
0x00007ff810189000 	/System/Library/Frameworks/CoreAudio.framework/Versions/A/CoreAudio
0x00007ff815326000 	/System/Library/Frameworks/DiskArbitration.framework/Versions/A/DiskArbitration
0x00007ff81ac2f000 	/System/Library/PrivateFrameworks/MultitouchSupport.framework/Versions/A/MultitouchSupport
0x00007ff8137b3000 	/usr/lib/libenergytrace.dylib
0x00007ff81121a000 	/System/Library/Frameworks/IOKit.framework/Versions/A/IOKit
0x00007ff81f9e3000 	/System/Library/Frameworks/CoreServices.framework/Versions/A/CoreServices
0x00007ff815f68000 	/System/Library/PrivateFrameworks/PerformanceAnalysis.framework/Versions/A/PerformanceAnalysis
0x00007ffa2691e000 	/System/Library/Frameworks/OpenGL.framework/Versions/A/OpenGL
0x00007ff818b94000 	/System/Library/PrivateFrameworks/MobileKeyBag.framework/Versions/A/MobileKeyBag
0x00007ff80e70a000 	/usr/lib/libobjc.A.dylib
0x00007ff81429a000 	/System/Library/Frameworks/ColorSync.framework/Versions/A/ColorSync
0x00007ff80e8c8000 	/System/Library/Frameworks/CoreFoundation.framework/Versions/A/CoreFoundation
0x00007ff817b21000 	/System/Library/Frameworks/CoreImage.framework/Versions/A/CoreImage
0x00007ff80ffa1000 	/System/Library/Frameworks/CoreText.framework/Versions/A/CoreText
0x00007ff8178da000 	/System/Library/Frameworks/ImageIO.framework/Versions/A/ImageIO
0x00007ff819660000 	/System/Library/PrivateFrameworks/SoftLinking.framework/Versions/A/SoftLinking
0x00007ff816019000 	/usr/lib/libxml2.2.dylib
0x00007ff80e7d4000 	/usr/lib/libc++.1.dylib
0x00007ff8198e4000 	/usr/lib/libcompression.dylib
0x00007ff81b394000 	/System/Library/PrivateFrameworks/TextureIO.framework/Versions/A/TextureIO
0x00007ff819fd2000 	/usr/lib/libate.dylib
0x00007ff819655000 	/usr/lib/system/libcache.dylib
0x00007ff819611000 	/usr/lib/system/libcommonCrypto.dylib
0x00007ff81963a000 	/usr/lib/system/libcompiler_rt.dylib
0x00007ff819630000 	/usr/lib/system/libcopyfile.dylib
0x00007ff80e605000 	/usr/lib/system/libcorecrypto.dylib
0x00007ff80e6c3000 	/usr/lib/system/libdispatch.dylib
0x00007ff80e887000 	/usr/lib/system/libdyld.dylib
0x00007ff81964c000 	/usr/lib/system/libkeymgr.dylib
0x00007ff8195ef000 	/usr/lib/system/libmacho.dylib
0x00007ff818c6e000 	/usr/lib/system/libquarantine.dylib
0x00007ff81964a000 	/usr/lib/system/libremovefile.dylib
0x00007ff813801000 	/usr/lib/system/libsystem_asl.dylib
0x00007ff80e5ae000 	/usr/lib/system/libsystem_blocks.dylib
0x00007ff80e74b000 	/usr/lib/system/libsystem_c.dylib
0x00007ff819642000 	/usr/lib/system/libsystem_collections.dylib
0x00007ff817f1b000 	/usr/lib/system/libsystem_configuration.dylib
0x00007ff8171c7000 	/usr/lib/system/libsystem_containermanager.dylib
0x00007ff819328000 	/usr/lib/system/libsystem_coreservices.dylib
0x00007ff810eaa000 	/usr/lib/system/libsystem_darwin.dylib
0x00007ff81964d000 	/usr/lib/system/libsystem_dnssd.dylib
0x00007ff80e748000 	/usr/lib/system/libsystem_featureflags.dylib
0x00007ff80e89d000 	/usr/lib/system/libsystem_info.dylib
0x00007ff81958d000 	/usr/lib/system/libsystem_m.dylib
0x00007ff80e697000 	/usr/lib/system/libsystem_malloc.dylib
0x00007ff81379c000 	/usr/lib/system/libsystem_networkextension.dylib
0x00007ff8112d0000 	/usr/lib/system/libsystem_notify.dylib
0x00007ff81f8b8000 	/usr/lib/system/libsystem_product_info_filter.dylib
0x00007ff817f1f000 	/usr/lib/system/libsystem_sandbox.dylib
0x00007ff819647000 	/usr/lib/system/libsystem_secinit.dylib
0x00007ff80e843000 	/usr/lib/system/libsystem_kernel.dylib
0x00007ff80e893000 	/usr/lib/system/libsystem_platform.dylib
0x00007ff80e87b000 	/usr/lib/system/libsystem_pthread.dylib
0x00007ff815049000 	/usr/lib/system/libsystem_symptoms.dylib
0x00007ff80e5ec000 	/usr/lib/system/libsystem_trace.dylib
0x00007ff81961d000 	/usr/lib/system/libunwind.dylib
0x00007ff80e5b0000 	/usr/lib/system/libxpc.dylib
0x00007ff80e82d000 	/usr/lib/libc++abi.dylib
0x00007ff819628000 	/usr/lib/liboah.dylib
0x00007ff819dae000 	/usr/lib/liblzma.5.dylib
0x00007ff80f44d000 	/System/Library/Frameworks/SystemConfiguration.framework/Versions/A/SystemConfiguration
0x00007ff81965c000 	/usr/lib/libfakelink.dylib
0x00007ff81330d000 	/System/Library/Frameworks/CFNetwork.framework/Versions/A/CFNetwork
0x00007ff81979d000 	/usr/lib/libarchive.2.dylib
0x00007ff817f27000 	/System/Library/PrivateFrameworks/AppleSystemInfo.framework/Versions/A/AppleSystemInfo
0x00007ff818c95000 	/usr/lib/libbsm.0.dylib
0x00007ff812920000 	/usr/lib/libnetwork.dylib
0x00007ff8195f5000 	/usr/lib/system/libkxld.dylib
0x00007ff8188c1000 	/System/Library/PrivateFrameworks/IOMobileFramebuffer.framework/Versions/A/IOMobileFramebuffer
0x00007ffb25e25000 	/usr/lib/libCoreEntitlements.dylib
0x00007ff81930a000 	/System/Library/PrivateFrameworks/AppleFSCompression.framework/Versions/A/AppleFSCompression
0x00007ff818c7d000 	/usr/lib/libcoretls.dylib
0x00007ff819dc8000 	/usr/lib/libcoretls_cfhelpers.dylib
0x00007ff8198df000 	/usr/lib/libpam.2.dylib
0x00007ff814c69000 	/usr/lib/libsqlite3.dylib
0x00007ff819e37000 	/usr/lib/libxar.1.dylib
0x00007ff81931a000 	/usr/lib/libbz2.1.0.dylib
0x00007ff819661000 	/usr/lib/libpcap.A.dylib
0x00007ff815041000 	/usr/lib/libdns_services.dylib
0x00007ff8198af000 	/usr/lib/libapple_nghttp2.dylib
0x00007ff81969b000 	/usr/lib/libiconv.2.dylib
0x00007ff8195ee000 	/usr/lib/libcharset.1.dylib
0x00007ff815f9c000 	/System/Library/Frameworks/CoreServices.framework/Versions/A/Frameworks/FSEvents.framework/Versions/A/FSEvents
0x00007ff810eb4000 	/System/Library/Frameworks/CoreServices.framework/Versions/A/Frameworks/CarbonCore.framework/Versions/A/CarbonCore
0x00007ff81528a000 	/System/Library/Frameworks/CoreServices.framework/Versions/A/Frameworks/Metadata.framework/Versions/A/Metadata
0x00007ff81932d000 	/System/Library/Frameworks/CoreServices.framework/Versions/A/Frameworks/OSServices.framework/Versions/A/OSServices
0x00007ff819824000 	/System/Library/Frameworks/CoreServices.framework/Versions/A/Frameworks/SearchKit.framework/Versions/A/SearchKit
0x00007ff814fd4000 	/System/Library/Frameworks/CoreServices.framework/Versions/A/Frameworks/AE.framework/Versions/A/AE
0x00007ff80edca000 	/System/Library/Frameworks/CoreServices.framework/Versions/A/Frameworks/LaunchServices.framework/Versions/A/LaunchServices
0x00007ff819d5f000 	/System/Library/Frameworks/CoreServices.framework/Versions/A/Frameworks/DictionaryServices.framework/Versions/A/DictionaryServices
0x00007ff815fa9000 	/System/Library/Frameworks/CoreServices.framework/Versions/A/Frameworks/SharedFileList.framework/Versions/A/SharedFileList
0x00007ff818c71000 	/usr/lib/libCheckFix.dylib
0x00007ff813818000 	/System/Library/PrivateFrameworks/TCC.framework/Versions/A/TCC
0x00007ff817f2d000 	/System/Library/PrivateFrameworks/CoreNLP.framework/Versions/A/CoreNLP
0x00007ff81523a000 	/System/Library/PrivateFrameworks/MetadataUtilities.framework/Versions/A/MetadataUtilities
0x00007ff80f4fd000 	/usr/lib/libmecabra.dylib
0x00007ff818ca5000 	/usr/lib/libmecab.dylib
0x00007ff80f4c8000 	/usr/lib/libCRFSuite.dylib
0x00007ff818cff000 	/usr/lib/libgermantok.dylib
0x00007ff81988a000 	/usr/lib/libThaiTokenizer.dylib
0x00007ff81532d000 	/System/Library/Frameworks/Accelerate.framework/Versions/A/Frameworks/vImage.framework/Versions/A/vImage
0x00007ff81f9ba000 	/System/Library/Frameworks/Accelerate.framework/Versions/A/Frameworks/vecLib.framework/Versions/A/vecLib
0x00007ff819e78000 	/System/Library/Frameworks/Accelerate.framework/Versions/A/Frameworks/vecLib.framework/Versions/A/libvMisc.dylib
0x00007ff8186ec000 	/System/Library/Frameworks/Accelerate.framework/Versions/A/Frameworks/vecLib.framework/Versions/A/libvDSP.dylib
0x00007ff80f144000 	/System/Library/Frameworks/Accelerate.framework/Versions/A/Frameworks/vecLib.framework/Versions/A/libBLAS.dylib
0x00007ff8199c1000 	/System/Library/Frameworks/Accelerate.framework/Versions/A/Frameworks/vecLib.framework/Versions/A/libLAPACK.dylib
0x00007ff818d02000 	/System/Library/Frameworks/Accelerate.framework/Versions/A/Frameworks/vecLib.framework/Versions/A/libLinearAlgebra.dylib
0x00007ff8198c7000 	/System/Library/Frameworks/Accelerate.framework/Versions/A/Frameworks/vecLib.framework/Versions/A/libSparseBLAS.dylib
0x00007ff8199bb000 	/System/Library/Frameworks/Accelerate.framework/Versions/A/Frameworks/vecLib.framework/Versions/A/libQuadrature.dylib
0x00007ff818018000 	/System/Library/Frameworks/Accelerate.framework/Versions/A/Frameworks/vecLib.framework/Versions/A/libBNNS.dylib
0x00007ff80f3de000 	/System/Library/Frameworks/Accelerate.framework/Versions/A/Frameworks/vecLib.framework/Versions/A/libSparse.dylib
0x00007ff818011000 	/System/Library/PrivateFrameworks/LinguisticData.framework/Versions/A/LinguisticData
0x00007ff80f394000 	/System/Library/PrivateFrameworks/Lexicon.framework/Versions/A/Lexicon
0x00007ff819e71000 	/usr/lib/libChineseTokenizer.dylib
0x00007ff80faf6000 	/System/Library/PrivateFrameworks/LanguageModeling.framework/Versions/A/LanguageModeling
0x00007ff81988c000 	/System/Library/PrivateFrameworks/AppleSauce.framework/Versions/A/AppleSauce
0x00007ff8188af000 	/System/Library/PrivateFrameworks/CoreEmoji.framework/Versions/A/CoreEmoji
0x00007ff81978c000 	/usr/lib/libcmph.dylib
0x00007ff815f80000 	/System/Library/Frameworks/OpenDirectory.framework/Versions/A/Frameworks/CFOpenDirectory.framework/Versions/A/CFOpenDirectory
0x00007ff815f74000 	/System/Library/Frameworks/OpenDirectory.framework/Versions/A/OpenDirectory
0x00007ff819dca000 	/System/Library/PrivateFrameworks/APFS.framework/Versions/A/APFS
0x00007ff818bcc000 	/System/Library/Frameworks/SecurityFoundation.framework/Versions/A/SecurityFoundation
0x00007ff819e45000 	/usr/lib/libutil.dylib
0x00007ff8111de000 	/System/Library/PrivateFrameworks/CoreServicesStore.framework/Versions/A/CoreServicesStore
0x00007ff819e49000 	/usr/lib/libxslt.1.dylib
0x00007ff818c59000 	/System/Library/PrivateFrameworks/BackgroundTaskManagement.framework/Versions/A/BackgroundTaskManagement
0x00007ff81b2b4000 	/System/Library/Frameworks/ImageIO.framework/Versions/A/Resources/libRadiance.dylib
0x00007ff81b2bd000 	/System/Library/Frameworks/ImageIO.framework/Versions/A/Resources/libJPEG.dylib
0x00007ff81b20e000 	/System/Library/Frameworks/ImageIO.framework/Versions/A/Resources/libPng.dylib
0x00007ff81b22f000 	/System/Library/Frameworks/ImageIO.framework/Versions/A/Resources/libTIFF.dylib
0x00007ff81b31d000 	/System/Library/Frameworks/ImageIO.framework/Versions/A/Resources/libGIF.dylib
0x00007ff81ab49000 	/System/Library/Frameworks/ImageIO.framework/Versions/A/Resources/libJP2.dylib
0x00007ff81a287000 	/usr/lib/libexpat.1.dylib
0x00007ff81aafe000 	/System/Library/PrivateFrameworks/AppleJPEG.framework/Versions/A/AppleJPEG
0x00007ff817461000 	/System/Library/PrivateFrameworks/FontServices.framework/libFontParser.dylib
0x00007ff814f7e000 	/System/Library/PrivateFrameworks/RunningBoardServices.framework/Versions/A/RunningBoardServices
0x00007ff825c69000 	/System/Library/PrivateFrameworks/IOSurfaceAccelerator.framework/Versions/A/IOSurfaceAccelerator
0x00007ff81ac2b000 	/System/Library/PrivateFrameworks/WatchdogClient.framework/Versions/A/WatchdogClient
0x00007ff80fbe4000 	/System/Library/Frameworks/CoreDisplay.framework/Versions/A/CoreDisplay
0x00007ff81735f000 	/System/Library/Frameworks/CoreMedia.framework/Versions/A/CoreMedia
0x00007ff8171f6000 	/System/Library/PrivateFrameworks/IOAccelerator.framework/Versions/A/IOAccelerator
0x00007ff8160fd000 	/System/Library/Frameworks/CoreVideo.framework/Versions/A/CoreVideo
0x00007ff8198dd000 	/System/Library/Frameworks/MetalPerformanceShaders.framework/Versions/A/MetalPerformanceShaders
0x00007ff81ac68000 	/System/Library/Frameworks/VideoToolbox.framework/Versions/A/VideoToolbox
0x00007ff814ec8000 	/System/Library/PrivateFrameworks/BaseBoard.framework/Versions/A/BaseBoard
0x00007ff814c4f000 	/System/Library/PrivateFrameworks/ProtocolBuffer.framework/Versions/A/ProtocolBuffer
0x00007ff81b2ad000 	/System/Library/PrivateFrameworks/GPUWrangler.framework/Versions/A/GPUWrangler
0x00007ff81b291000 	/System/Library/PrivateFrameworks/IOPresentment.framework/Versions/A/IOPresentment
0x00007ff81b2b7000 	/System/Library/PrivateFrameworks/DSExternalDisplay.framework/Versions/A/DSExternalDisplay
0x00007ffa26912000 	/System/Library/Frameworks/OpenGL.framework/Versions/A/Libraries/libCoreFSCache.dylib
0x00007ffb135ce000 	/System/Library/PrivateFrameworks/GPUCompiler.framework/Versions/31001/Libraries/libGPUCompilerUtils.dylib
0x00007ff81b322000 	/System/Library/PrivateFrameworks/CMCaptureCore.framework/Versions/A/CMCaptureCore
0x00007ff81a82f000 	/System/Library/PrivateFrameworks/AppServerSupport.framework/Versions/A/AppServerSupport
0x00007ff81caee000 	/System/Library/PrivateFrameworks/perfdata.framework/Versions/A/perfdata
0x00007ff80fd10000 	/System/Library/PrivateFrameworks/AudioToolboxCore.framework/Versions/A/AudioToolboxCore
0x00007ff81733d000 	/System/Library/PrivateFrameworks/caulk.framework/Versions/A/caulk
0x00007ff81c400000 	/usr/lib/libAudioStatistics.dylib
0x00007ff913ba8000 	/System/Library/PrivateFrameworks/SystemPolicy.framework/Versions/A/SystemPolicy
0x00007ff81c65b000 	/usr/lib/libSMC.dylib
0x00007ff825564000 	/System/Library/Frameworks/CoreMIDI.framework/Versions/A/CoreMIDI
0x00007ff81b1dd000 	/usr/lib/libAudioToolboxUtility.dylib
0x00007ff90fe4b000 	/System/Library/PrivateFrameworks/OSAServicesClient.framework/Versions/A/OSAServicesClient
0x00007ff81cafb000 	/usr/lib/libperfcheck.dylib
0x00007ff914652000 	/usr/lib/libmis.dylib
0x00007ffa2696d000 	/System/Library/Frameworks/OpenGL.framework/Versions/A/Libraries/libGLU.dylib
0x00007ffa26931000 	/System/Library/Frameworks/OpenGL.framework/Versions/A/Libraries/libGFXShared.dylib
0x00007ffa26b3a000 	/System/Library/Frameworks/OpenGL.framework/Versions/A/Libraries/libGL.dylib
0x00007ffa2693a000 	/System/Library/Frameworks/OpenGL.framework/Versions/A/Libraries/libGLImage.dylib
0x00007ffa2692e000 	/System/Library/Frameworks/OpenGL.framework/Versions/A/Libraries/libCVMSPluginSupport.dylib
0x00007ffa26919000 	/System/Library/Frameworks/OpenGL.framework/Versions/A/Libraries/libCoreVMClient.dylib
0x00007ff817ea9000 	/System/Library/Frameworks/MetalPerformanceShaders.framework/Versions/A/Frameworks/MPSCore.framework/Versions/A/MPSCore
0x00007ff819275000 	/System/Library/Frameworks/MetalPerformanceShaders.framework/Versions/A/Frameworks/MPSImage.framework/Versions/A/MPSImage
0x00007ff818d18000 	/System/Library/Frameworks/MetalPerformanceShaders.framework/Versions/A/Frameworks/MPSNeuralNetwork.framework/Versions/A/MPSNeuralNetwork
0x00007ff81918c000 	/System/Library/Frameworks/MetalPerformanceShaders.framework/Versions/A/Frameworks/MPSMatrix.framework/Versions/A/MPSMatrix
0x00007ff818f47000 	/System/Library/Frameworks/MetalPerformanceShaders.framework/Versions/A/Frameworks/MPSRayIntersector.framework/Versions/A/MPSRayIntersector
0x00007ff8191c4000 	/System/Library/Frameworks/MetalPerformanceShaders.framework/Versions/A/Frameworks/MPSNDArray.framework/Versions/A/MPSNDArray
0x00007ffa2b89a000 	/System/Library/Frameworks/MetalPerformanceShaders.framework/Versions/A/Frameworks/MPSFunctions.framework/Versions/A/MPSFunctions
0x00007ff80f021000 	/System/Library/PrivateFrameworks/MetalTools.framework/Versions/A/MetalTools
0x00007ff817f25000 	/System/Library/PrivateFrameworks/AggregateDictionary.framework/Versions/A/AggregateDictionary
0x00007ff81a069000 	/usr/lib/libIOReport.dylib
0x00007ffa27f49000 	/System/Library/Frameworks/OpenCL.framework/Versions/A/OpenCL
0x00007ff81a3cd000 	/System/Library/PrivateFrameworks/FaceCore.framework/Versions/A/FaceCore
0x00007ff81a3be000 	/System/Library/PrivateFrameworks/GraphVisualizer.framework/Versions/A/GraphVisualizer
0x00007ffb134d9000 	/System/Library/PrivateFrameworks/FontServices.framework/Versions/A/FontServices
0x00007ff81a7e7000 	/System/Library/PrivateFrameworks/OTSVG.framework/Versions/A/OTSVG
0x00007ff815ce4000 	/System/Library/Frameworks/ApplicationServices.framework/Versions/A/Frameworks/ATS.framework/Versions/A/Resources/libFontRegistry.dylib
0x00007ff81a837000 	/System/Library/PrivateFrameworks/FontServices.framework/libhvf.dylib
0x00007ffb134da000 	/System/Library/PrivateFrameworks/FontServices.framework/libXTFontStaticRegistryData.dylib
0x00007ff81a237000 	/System/Library/PrivateFrameworks/AppleVA.framework/Versions/A/AppleVA
0x00007ff81c420000 	/System/Library/Frameworks/ApplicationServices.framework/Versions/A/Frameworks/ATS.framework/Versions/A/ATS
0x00007ff814396000 	/System/Library/Frameworks/ApplicationServices.framework/Versions/A/Frameworks/HIServices.framework/Versions/A/HIServices
0x00007ff81b32c000 	/System/Library/Frameworks/ApplicationServices.framework/Versions/A/Frameworks/PrintCore.framework/Versions/A/PrintCore
0x00007ff81c7ae000 	/System/Library/Frameworks/ApplicationServices.framework/Versions/A/Frameworks/QD.framework/Versions/A/QD
0x00007ff81c7a6000 	/System/Library/Frameworks/ApplicationServices.framework/Versions/A/Frameworks/ColorSyncLegacy.framework/Versions/A/ColorSyncLegacy
0x00007ff81c410000 	/System/Library/Frameworks/ApplicationServices.framework/Versions/A/Frameworks/SpeechSynthesis.framework/Versions/A/SpeechSynthesis
0x00007ff81b2ed000 	/System/Library/Frameworks/ApplicationServices.framework/Versions/A/Frameworks/ATSUI.framework/Versions/A/ATSUI
0x00007ff81c73b000 	/usr/lib/libcups.2.dylib
0x00007ff81cb0a000 	/System/Library/Frameworks/Kerberos.framework/Versions/A/Kerberos
0x00007ff81cb19000 	/System/Library/Frameworks/GSS.framework/Versions/A/GSS
0x00007ff81c48c000 	/usr/lib/libresolv.9.dylib
0x00007ff81a846000 	/System/Library/PrivateFrameworks/Heimdal.framework/Versions/A/Heimdal
0x00007ff8236e6000 	/System/Library/Frameworks/Kerberos.framework/Versions/A/Libraries/libHeimdalProxy.dylib
0x00007ff815051000 	/System/Library/Frameworks/Network.framework/Versions/A/Network
0x00007ff81a2a1000 	/usr/lib/libheimdal-asn1.dylib
0x00007ff81cb64000 	/System/Library/PrivateFrameworks/CommonAuth.framework/Versions/A/CommonAuth
0x00007ff81c392000 	/System/Library/PrivateFrameworks/AudioSession.framework/Versions/A/AudioSession
0x00007ff81a331000 	/System/Library/PrivateFrameworks/MediaExperience.framework/Versions/A/MediaExperience
0x00007ff81c225000 	/System/Library/PrivateFrameworks/AudioSession.framework/libSessionUtility.dylib
0x00007ff81c7ba000 	/System/Library/PrivateFrameworks/AudioResourceArbitration.framework/Versions/A/AudioResourceArbitration
0x00007ff82082d000 	/System/Library/PrivateFrameworks/PowerLog.framework/Versions/A/PowerLog
0x00007ff81a2aa000 	/System/Library/PrivateFrameworks/IconFoundation.framework/Versions/A/IconFoundation
0x00007ff81f5e3000 	/System/Library/PrivateFrameworks/SpeechRecognitionCore.framework/Versions/A/SpeechRecognitionCore
0x000000010e566000 	/Library/Java/JavaVirtualMachines/jdk1.8.0_261.jdk/Contents/Home/jre/lib/server/libjvm.dylib
0x000000010d7ad000 	/Library/Java/JavaVirtualMachines/jdk1.8.0_261.jdk/Contents/Home/jre/lib/libverify.dylib
0x000000010d7f1000 	/Library/Java/JavaVirtualMachines/jdk1.8.0_261.jdk/Contents/Home/jre/lib/libjava.dylib
0x000000010d7cb000 	/Library/Java/JavaVirtualMachines/jdk1.8.0_261.jdk/Contents/Home/jre/lib/libzip.dylib
0x000000010ff72000 	/Library/Java/JavaVirtualMachines/jdk1.8.0_261.jdk/Contents/Home/jre/lib/libawt.dylib
0x00000001100d1000 	/Library/Java/JavaVirtualMachines/jdk1.8.0_261.jdk/Contents/Home/jre/lib/libmlib_image.dylib
0x00007ffa2b7f7000 	/System/Library/Frameworks/JavaNativeFoundation.framework/Versions/A/JavaNativeFoundation
0x00007ffa2b803000 	/System/Library/Frameworks/JavaRuntimeSupport.framework/Versions/A/JavaRuntimeSupport
0x00007ff9136cd000 	/System/Library/Frameworks/Carbon.framework/Versions/A/Carbon
0x00007ff821aaa000 	/System/Library/PrivateFrameworks/CoreSymbolication.framework/Versions/A/CoreSymbolication
0x00007ff826ff7000 	/System/Library/Frameworks/Carbon.framework/Versions/A/Frameworks/CommonPanels.framework/Versions/A/CommonPanels
0x00007ff8230de000 	/System/Library/Frameworks/Carbon.framework/Versions/A/Frameworks/Help.framework/Versions/A/Help
0x00007ff826ffb000 	/System/Library/Frameworks/Carbon.framework/Versions/A/Frameworks/ImageCapture.framework/Versions/A/ImageCapture
0x00007ff826fcb000 	/System/Library/Frameworks/Carbon.framework/Versions/A/Frameworks/OpenScripting.framework/Versions/A/OpenScripting
0x00007ff826ff3000 	/System/Library/Frameworks/Carbon.framework/Versions/A/Frameworks/Ink.framework/Versions/A/Ink
0x00007ff9136c9000 	/System/Library/Frameworks/Carbon.framework/Versions/A/Frameworks/Print.framework/Versions/A/Print
0x00007ff826fef000 	/System/Library/Frameworks/Carbon.framework/Versions/A/Frameworks/SecurityHI.framework/Versions/A/SecurityHI
0x00007ff821a6f000 	/System/Library/PrivateFrameworks/DebugSymbols.framework/Versions/A/DebugSymbols
0x0000000110190000 	/Library/Java/JavaVirtualMachines/jdk1.8.0_261.jdk/Contents/Home/jre/lib/libawt_lwawt.dylib
0x000000010e500000 	/Library/Java/JavaVirtualMachines/jdk1.8.0_261.jdk/Contents/Home/jre/lib/libosxapp.dylib
0x00007ff912ab7000 	/System/Library/Frameworks/ExceptionHandling.framework/Versions/A/ExceptionHandling
0x00007ff8111a0000 	/System/Library/PrivateFrameworks/CoreServicesInternal.framework/Versions/A/CoreServicesInternal
0x00007ff820e1e000 	/System/Library/Frameworks/FileProvider.framework/Versions/A/FileProvider
0x00007ff814e35000 	/System/Library/Frameworks/Accounts.framework/Versions/A/Accounts
0x00007ff820f97000 	/System/Library/PrivateFrameworks/GenerationalStorage.framework/Versions/A/GenerationalStorage
0x00007ff820822000 	/System/Library/PrivateFrameworks/SymptomDiagnosticReporter.framework/Versions/A/SymptomDiagnosticReporter
0x00007ff81245e000 	/System/Library/PrivateFrameworks/DesktopServicesPriv.framework/Versions/A/DesktopServicesPriv
0x00007ff8112df000 	/usr/lib/libsandbox.1.dylib
0x00007ff81617c000 	/System/Library/PrivateFrameworks/UserManagement.framework/Versions/A/UserManagement
0x00007ff81c79b000 	/System/Library/PrivateFrameworks/NetAuth.framework/Versions/A/NetAuth
0x00007ff81d6a8000 	/System/Library/PrivateFrameworks/Sharing.framework/Versions/A/Sharing
0x00007ff81614f000 	/System/Library/PrivateFrameworks/login.framework/Versions/A/Frameworks/loginsupport.framework/Versions/A/loginsupport
0x00007ff822c0d000 	/System/Library/PrivateFrameworks/Apple80211.framework/Versions/A/Apple80211
0x00007ff81935a000 	/System/Library/PrivateFrameworks/AuthKit.framework/Versions/A/AuthKit
0x00007ff8189a5000 	/System/Library/PrivateFrameworks/CoreUtils.framework/Versions/A/CoreUtils
0x00007ff8188cc000 	/System/Library/Frameworks/CoreWLAN.framework/Versions/A/CoreWLAN
0x00007ff81d807000 	/System/Library/Frameworks/IOBluetooth.framework/Versions/A/IOBluetooth
0x00007ff822c75000 	/System/Library/PrivateFrameworks/CoreWiFi.framework/Versions/A/CoreWiFi
0x00007ff821641000 	/System/Library/PrivateFrameworks/FrontBoardServices.framework/Versions/A/FrontBoardServices
0x00007ff8216d2000 	/System/Library/PrivateFrameworks/BoardServices.framework/Versions/A/BoardServices
0x00007ff818bbb000 	/System/Library/PrivateFrameworks/AssertionServices.framework/Versions/A/AssertionServices
0x00007ff822df8000 	/System/Library/PrivateFrameworks/BackBoardServices.framework/Versions/A/BackBoardServices
0x00007ff81cbf5000 	/System/Library/PrivateFrameworks/CorePhoneNumbers.framework/Versions/A/CorePhoneNumbers
0x00007ff82093f000 	/System/Library/PrivateFrameworks/DiskManagement.framework/Versions/A/DiskManagement
0x00007ff820853000 	/System/Library/PrivateFrameworks/AppleIDAuthSupport.framework/Versions/A/AppleIDAuthSupport
0x00007ffa2de5b000 	/System/Library/PrivateFrameworks/AAAFoundation.framework/Versions/A/AAAFoundation
0x00007ff81cbd6000 	/System/Library/PrivateFrameworks/KeychainCircle.framework/Versions/A/KeychainCircle
0x00007ff82090b000 	/System/Library/PrivateFrameworks/MediaKit.framework/Versions/A/MediaKit
0x00007ff82085f000 	/System/Library/Frameworks/DiscRecording.framework/Versions/A/DiscRecording
0x00007ff81a1af000 	/usr/lib/libCoreStorage.dylib
0x00007ff8230e6000 	/usr/lib/libcsfde.dylib
0x00007ff81d8d4000 	/System/Library/PrivateFrameworks/ProtectedCloudStorage.framework/Versions/A/ProtectedCloudStorage
0x00007ff8230e2000 	/System/Library/PrivateFrameworks/EFILogin.framework/Versions/A/EFILogin
0x00007ff820fbd000 	/System/Library/PrivateFrameworks/OctagonTrust.framework/Versions/A/OctagonTrust
0x00007ffb12748000 	/System/Library/PrivateFrameworks/CoreUtilsExtras.framework/Versions/A/CoreUtilsExtras
0x00007ff820786000 	/System/Library/Frameworks/CoreBluetooth.framework/Versions/A/CoreBluetooth
0x00007ff82376b000 	/System/Library/Frameworks/AudioUnit.framework/Versions/A/AudioUnit
0x00007ff81a1a7000 	/usr/lib/libMatch.1.dylib
0x00007ff91b3f9000 	/System/Library/CoreServices/RawCamera.bundle/Contents/MacOS/RawCamera
0x00007ff81cb74000 	/System/Library/PrivateFrameworks/MobileAsset.framework/Versions/A/MobileAsset
0x00007ff823792000 	/System/Library/PrivateFrameworks/StreamingZip.framework/Versions/A/StreamingZip
0x00007ffb0fa42000 	/System/Library/PrivateFrameworks/CMPhoto.framework/Versions/A/CMPhoto
0x00007ff821945000 	/System/Library/PrivateFrameworks/AppleVPA.framework/Versions/A/AppleVPA
0x00007ff81b556000 	/System/Library/Frameworks/MediaToolbox.framework/Versions/A/MediaToolbox
0x00007ff820dee000 	/System/Library/PrivateFrameworks/CoreAVCHD.framework/Versions/A/CoreAVCHD
0x00007ff81fcc3000 	/System/Library/Frameworks/MediaAccessibility.framework/Versions/A/MediaAccessibility
0x00007ff820dea000 	/System/Library/PrivateFrameworks/Mangrove.framework/Versions/A/Mangrove
0x00007ff81fcce000 	/System/Library/PrivateFrameworks/AlgosScoreFramework.framework/Versions/A/AlgosScoreFramework
0x00007ff820a2f000 	/System/Library/PrivateFrameworks/CoreAUC.framework/Versions/A/CoreAUC
0x00007ff918c2b000 	/System/Library/Frameworks/Accelerate.framework/Versions/A/Frameworks/vImage.framework/Versions/A/Libraries/libCGInterfaces.dylib
0x000000011158b000 	/usr/lib/libobjc-trampolines.dylib
0x00007ff815e74000 	/System/Library/PrivateFrameworks/ViewBridge.framework/Versions/A/ViewBridge
0x00000001287ba000 	/Library/Java/JavaVirtualMachines/jdk1.8.0_261.jdk/Contents/Home/jre/lib/libfontmanager.dylib
0x00007ffa26b45000 	/System/Library/Frameworks/OpenGL.framework/Versions/A/Resources/GLEngine.bundle/GLEngine
0x00007ffa269ab000 	/System/Library/Frameworks/OpenGL.framework/Versions/A/Libraries/libGLProgrammability.dylib
0x00007ffa1b9c6000 	/System/Library/Extensions/AppleIntelKBLGraphicsGLDriver.bundle/Contents/MacOS/AppleIntelKBLGraphicsGLDriver
0x00007ff91e78c000 	/System/Library/PrivateFrameworks/GPUSupport.framework/Versions/A/Libraries/libGPUSupportMercury.dylib
0x00007ffa26ccf000 	/System/Library/Frameworks/OpenGL.framework/Versions/A/Resources/GLRendererFloat.bundle/GLRendererFloat
0x00007ff81a8fd000 	/System/Library/PrivateFrameworks/login.framework/Versions/A/login
0x0000000128fa9000 	/Library/Java/JavaVirtualMachines/jdk1.8.0_261.jdk/Contents/Home/jre/lib/libosxui.dylib
0x0000000128fc8000 	/Library/Java/JavaVirtualMachines/jdk1.8.0_261.jdk/Contents/Home/jre/lib/libmanagement.dylib
0x000000012a0ab000 	/Library/Java/JavaVirtualMachines/jdk1.8.0_261.jdk/Contents/Home/jre/lib/libdcpr.dylib
0x0000000129ffe000 	/Library/Java/JavaVirtualMachines/jdk1.8.0_261.jdk/Contents/Home/jre/lib/libnio.dylib
0x000000012a0d9000 	/Library/Java/JavaVirtualMachines/jdk1.8.0_261.jdk/Contents/Home/jre/lib/libnet.dylib
0x00007ffb25f34000 	/usr/lib/libRosetta.dylib
0x00000001327e1000 	/Library/Java/JavaVirtualMachines/jdk1.8.0_261.jdk/Contents/Home/jre/lib/libt2k.dylib
0x00007ff92b740000 	/System/Library/PrivateFrameworks/Shortcut.framework/Versions/A/Shortcut
0x00007ff92b710000 	/System/Library/PrivateFrameworks/HelpData.framework/Versions/A/HelpData
0x00007ff81fcff000 	/System/Library/PrivateFrameworks/SystemAdministration.framework/Versions/A/SystemAdministration
0x00007ff81f5af000 	/System/Library/Frameworks/DirectoryService.framework/Versions/A/DirectoryService
0x00007ff822f84000 	/System/Library/PrivateFrameworks/DiskImages.framework/Versions/A/DiskImages
0x00007ff818c63000 	/System/Library/Frameworks/ServiceManagement.framework/Versions/A/ServiceManagement
0x00007ff823160000 	/System/Library/PrivateFrameworks/LoginUIKit.framework/Versions/A/Frameworks/LoginUICore.framework/Versions/A/LoginUICore
0x00007ff81aaa6000 	/usr/lib/libodfde.dylib
0x00007ff8230f2000 	/usr/lib/libcurl.4.dylib
0x00007ffb263a0000 	/usr/lib/libcrypto.46.dylib
0x00007ffb26891000 	/usr/lib/libssl.48.dylib
0x00007ff822e16000 	/System/Library/Frameworks/LDAP.framework/Versions/A/LDAP
0x00007ff822e4e000 	/System/Library/PrivateFrameworks/TrustEvaluationAgent.framework/Versions/A/TrustEvaluationAgent
0x00007ff81c4a5000 	/usr/lib/libsasl2.2.dylib
0x00007ff81fcf3000 	/System/Library/PrivateFrameworks/CoreDaemon.framework/Versions/B/CoreDaemon
0x00007ff81fcee000 	/System/Library/PrivateFrameworks/AppleSRP.framework/Versions/A/AppleSRP

VM Arguments:
jvm_args: -Dfile.encoding=UTF-8 
java_command: circeIsland.main.Main
java_class_path (initial): /Users/rittika/Documents/APCS/capstoneproject-capstone-emma-jiwoo-rittika-sarah/CapstoneProject/bin:/Users/rittika/Documents/APCS/capstoneproject-capstone-emma-jiwoo-rittika-sarah/CapstoneProject/processing_core.jar:/Users/rittika/Documents/APCS/capstoneproject-capstone-emma-jiwoo-rittika-sarah/CapstoneProject/core.jar:/Users/rittika/Documents/APCS/capstoneproject-capstone-emma-jiwoo-rittika-sarah/CapstoneProject/G4P.jar
Launcher Type: SUN_STANDARD

Environment Variables:
PATH=/usr/bin:/bin:/usr/sbin:/sbin
SHELL=/bin/bash

Signal Handlers:
SIGSEGV: [libjvm.dylib+0x5a009b], sa_mask[0]=11111111011111110111111111111111, sa_flags=SA_ONSTACK|SA_RESTART|SA_SIGINFO
SIGBUS: [libjvm.dylib+0x5a009b], sa_mask[0]=11111111011111110111111111111111, sa_flags=SA_RESTART|SA_SIGINFO
SIGFPE: [libjvm.dylib+0x490c6d], sa_mask[0]=11111111011111110111111111111111, sa_flags=SA_RESTART|SA_SIGINFO
SIGPIPE: [libjvm.dylib+0x490c6d], sa_mask[0]=11111111011111110111111111111111, sa_flags=SA_RESTART|SA_SIGINFO
SIGXFSZ: [libjvm.dylib+0x490c6d], sa_mask[0]=11111111011111110111111111111111, sa_flags=SA_RESTART|SA_SIGINFO
SIGILL: [libjvm.dylib+0x490c6d], sa_mask[0]=11111111011111110111111111111111, sa_flags=SA_RESTART|SA_SIGINFO
SIGUSR1: SIG_DFL, sa_mask[0]=00000000000000000000000000000000, sa_flags=none
SIGUSR2: [libjvm.dylib+0x491566], sa_mask[0]=00100000000000000000000000000000, sa_flags=SA_RESTART|SA_SIGINFO
SIGHUP: [libjvm.dylib+0x48f775], sa_mask[0]=11111111011111110111111111111111, sa_flags=SA_RESTART|SA_SIGINFO
SIGINT: [libjvm.dylib+0x48f775], sa_mask[0]=11111111011111110111111111111111, sa_flags=SA_RESTART|SA_SIGINFO
SIGTERM: [libjvm.dylib+0x48f775], sa_mask[0]=11111111011111110111111111111111, sa_flags=SA_RESTART|SA_SIGINFO
SIGQUIT: [libjvm.dylib+0x48f775], sa_mask[0]=11111111011111110111111111111111, sa_flags=SA_RESTART|SA_SIGINFO


---------------  S Y S T E M  ---------------

OS:Bsduname:Darwin 21.4.0 Darwin Kernel Version 21.4.0: Fri Mar 18 00:45:05 PDT 2022; root:xnu-8020.101.4~15/RELEASE_X86_64 x86_64
rlimit: STACK 8192k, CORE 0k, NPROC 1392, NOFILE 10240, AS infinity
load average:4.42 5.99 7.64

CPU:total 4 (initial active 4) (2 cores per cpu, 2 threads per core) family 6 model 142 stepping 9, cmov, cx8, fxsr, mmx, sse, sse2, sse3, ssse3, sse4.1, sse4.2, popcnt, avx, avx2, aes, clmul, erms, 3dnowpref, lzcnt, ht, tsc, tscinvbit, bmi1, bmi2, adx

Memory: 4k page, physical 8388608k(30380k free)

/proc/meminfo:


vm_info: Java HotSpot(TM) 64-Bit Server VM (25.261-b12) for bsd-amd64 JRE (1.8.0_261-b12), built on Jun 18 2020 06:38:55 by "java_re" with gcc 4.2.1 Compatible Apple LLVM 10.0.0 (clang-1000.11.45.5)

time: Mon May 23 12:30:23 2022
timezone: PDT
elapsed time: 426 seconds (0d 0h 7m 6s)

