#
# A fatal error has been detected by the Java Runtime Environment:
#
#  SIGSEGV (0xb) at pc=0x0000000112fe633d, pid=9339, tid=0x0000000000010e0f
#
# JRE version: Java(TM) SE Runtime Environment (8.0_281-b09) (build 1.8.0_281-b09)
# Java VM: Java HotSpot(TM) 64-Bit Server VM (25.281-b09 mixed mode bsd-amd64 compressed oops)
# Problematic frame:
# J 2019 C2 circeIsland.creatures.Nymph.act()V (137 bytes) @ 0x0000000112fe633d [0x0000000112fe61a0+0x19d]
#
# Failed to write core dump. Core dumps have been disabled. To enable core dumping, try "ulimit -c unlimited" before starting Java again
#
# If you would like to submit a bug report, please visit:
#   http://bugreport.java.com/bugreport/crash.jsp
#

---------------  T H R E A D  ---------------

Current thread (0x00007f8d4fa3a800):  JavaThread "Animation Thread" [_thread_in_Java, id=69135, stack(0x000000030f5c2000,0x000000030f6c2000)]

siginfo: si_signo: 11 (SIGSEGV), si_code: 2 (SEGV_ACCERR), si_addr: 0x0000000000000014

Registers:
RAX=0x0000000000000006, RBX=0x0000000000000019, RCX=0x0000000000000005, RDX=0x0000000000000002
RSP=0x000000030f6c1700, RBP=0x0000000000000006, RSI=0x0000000000000010, RDI=0x0000000000000002
R8 =0x00000000000004b0, R9 =0x0000000000000014, R10=0x00000000e8a8f7a6, R11=0x00000000e813567b
R12=0x0000000000000000, R13=0x0000000000000005, R14=0x0000000000000004, R15=0x00007f8d4fa3a800
RIP=0x0000000112fe633d, EFLAGS=0x0000000000000293, ERR=0x0000000000000004
  TRAPNO=0x000000000000000e

Top of Stack: (sp=0x000000030f6c1700)
0x000000030f6c1700:   000000079a386058 000000079a824f70
0x000000030f6c1710:   0000000700000008 0000000000000001
0x000000030f6c1720:   000000079a822180 00000007409ab518
0x000000030f6c1730:   000000074bc16e20 000000074b424f00
0x000000030f6c1740:   0000000000000011 f350442741400000
0x000000030f6c1750:   000000079a386058 00000001134b0c2c
0x000000030f6c1760:   000000074547c960 000000074547bc78
0x000000030f6c1770:   00000004e8a8f92c 0000000400000003
0x000000030f6c1780:   e813ec6d42040000 00000007409ab518
0x000000030f6c1790:   000000074547c978 00000007409ab518
0x000000030f6c17a0:   0000000000000020 00000000f35043b3
0x000000030f6c17b0:   000000030f6c1aa0 0000000113309d70
0x000000030f6c17c0:   000000079a821ff8 000000074b4230d0
0x000000030f6c17d0:   000000030f6c1aa0 0000000113409394
0x000000030f6c17e0:   000000030f6c1aa0 00000001133c9324
0x000000030f6c17f0:   0000000000000000 000000074b4230d0
0x000000030f6c1800:   00000024d46ca611 000000074096c9d8
0x000000030f6c1810:   00000000f35042b2 000000011344b2c8
0x000000030f6c1820:   000000079a821d98 000000079a821590
0x000000030f6c1830:   00000007401ea4f8 0000000100000002
0x000000030f6c1840:   0000000000000001 000000079a821590
0x000000030f6c1850:   00000000f35042b2 00000001134a48b0
0x000000030f6c1860:   000000030f6c1aa0 3ff0000000000000
0x000000030f6c1870:   3ff0000000000000 000000079a821d98
0x000000030f6c1880:   00000007f35043ce 0000000000000000
0x000000030f6c1890:   00000000e9784b12 00000001133d61cc
0x000000030f6c18a0:   00000007409ab3d8 00000001133a4334
0x000000030f6c18b0:   000000074097ee80 00000007409ab0d8
0x000000030f6c18c0:   0000000740a35068 000000079a6b1ac0
0x000000030f6c18d0:   000000074b4230d0 00000007409ac9f8
0x000000030f6c18e0:   0000000740970298 00000007409ac6f8
0x000000030f6c18f0:   00000007409ab518 0000000740823d50 

Instructions: (pc=0x0000000112fe633d)
0x0000000112fe631d:   3b cd 0f 84 82 02 00 00 41 83 c1 02 44 3b cd 0f
0x0000000112fe632d:   84 c1 02 00 00 be 10 00 00 00 41 b9 14 00 00 00
0x0000000112fe633d:   41 8b 09 89 4c 24 10 45 33 c9 66 0f 7e c9 eb 61
0x0000000112fe634d:   66 0f 7e c9 49 8b 47 60 4c 8b c8 49 83 c1 18 4d 

Register to memory mapping:

RAX=0x0000000000000006 is an unknown value
RBX=0x0000000000000019 is an unknown value
RCX=0x0000000000000005 is an unknown value
RDX=0x0000000000000002 is an unknown value
RSP=0x000000030f6c1700 is pointing into the stack for thread: 0x00007f8d4fa3a800
RBP=0x0000000000000006 is an unknown value
RSI=0x0000000000000010 is an unknown value
RDI=0x0000000000000002 is an unknown value
R8 =0x00000000000004b0 is an unknown value
R9 =0x0000000000000014 is an unknown value
R10=0x00000000e8a8f7a6 is an unknown value
R11=0x00000000e813567b is an unknown value
R12=0x0000000000000000 is an unknown value
R13=0x0000000000000005 is an unknown value
R14=0x0000000000000004 is an unknown value
R15=0x00007f8d4fa3a800 is a thread


Stack: [0x000000030f5c2000,0x000000030f6c2000],  sp=0x000000030f6c1700,  free space=1021k
Native frames: (J=compiled Java code, j=interpreted, Vv=VM code, C=native code)
J 2019 C2 circeIsland.creatures.Nymph.act()V (137 bytes) @ 0x0000000112fe633d [0x0000000112fe61a0+0x19d]
J 1963 C2 circeIsland.screens.Island.draw()V (682 bytes) @ 0x00000001134b0c2c [0x00000001134af6e0+0x154c]
J 1737 C1 circeIsland.main.DrawingSurface.draw()V (353 bytes) @ 0x00000001133c9324 [0x00000001133c5440+0x3ee4]
J 1806 C1 processing.core.PApplet.handleDraw()V (253 bytes) @ 0x0000000113414ebc [0x0000000113414560+0x95c]
J 1729 C1 processing.awt.PSurfaceAWT$12.callDraw()V (18 bytes) @ 0x00000001133b8504 [0x00000001133b83e0+0x124]
j  processing.core.PSurfaceNone$AnimationThread.run()V+30
v  ~StubRoutines::call_stub
V  [libjvm.dylib+0x2d5599]  JavaCalls::call_helper(JavaValue*, methodHandle*, JavaCallArguments*, Thread*)+0x771
V  [libjvm.dylib+0x2d4264]  JavaCalls::call_virtual(JavaValue*, KlassHandle, Symbol*, Symbol*, JavaCallArguments*, Thread*)+0x14a
V  [libjvm.dylib+0x2d447f]  JavaCalls::call_virtual(JavaValue*, Handle, KlassHandle, Symbol*, Symbol*, Thread*)+0x57
V  [libjvm.dylib+0x342b21]  thread_entry(JavaThread*, Thread*)+0x78
V  [libjvm.dylib+0x5653f2]  JavaThread::thread_main_inner()+0x82
V  [libjvm.dylib+0x5652b7]  JavaThread::run()+0x19d
V  [libjvm.dylib+0x490329]  java_start(Thread*)+0xfa
C  [libsystem_pthread.dylib+0x6950]  _pthread_start+0xe0
C  [libsystem_pthread.dylib+0x247b]  thread_start+0xf
C  0x0000000000000000


---------------  P R O C E S S  ---------------

Java Threads: ( => current thread )
  0x00007f8d4f808800 JavaThread "DestroyJavaVM" [_thread_blocked, id=5891, stack(0x000000030d93e000,0x000000030da3e000)]
=>0x00007f8d4fa3a800 JavaThread "Animation Thread" [_thread_in_Java, id=69135, stack(0x000000030f5c2000,0x000000030f6c2000)]
  0x00007f8d4f917800 JavaThread "AWT-EventQueue-0" [_thread_blocked, id=64263, stack(0x000000030f4bf000,0x000000030f5bf000)]
  0x00007f8d4f337000 JavaThread "Java2D Disposer" daemon [_thread_blocked, id=59423, stack(0x000000030f2b9000,0x000000030f3b9000)]
  0x00007f8d4f2e4000 JavaThread "Java2D Queue Flusher" daemon [_thread_blocked, id=55063, stack(0x000000030f1b6000,0x000000030f2b6000)]
  0x00007f8d4f27e800 JavaThread "AWT-Shutdown" [_thread_blocked, id=33315, stack(0x000000030ee0f000,0x000000030ef0f000)]
  0x00007f8d4f24c000 JavaThread "AppKit Thread" daemon [_thread_in_native, id=515, stack(0x000000030d0ba000,0x000000030d8ba000)]
  0x00007f8d4f049000 JavaThread "Service Thread" daemon [_thread_blocked, id=23047, stack(0x000000030eb82000,0x000000030ec82000)]
  0x00007f8d4f038800 JavaThread "C1 CompilerThread3" daemon [_thread_blocked, id=22531, stack(0x000000030ea7f000,0x000000030eb7f000)]
  0x00007f8d2f008800 JavaThread "C2 CompilerThread2" daemon [_thread_blocked, id=41987, stack(0x000000030e97c000,0x000000030ea7c000)]
  0x00007f8d4f02f800 JavaThread "C2 CompilerThread1" daemon [_thread_blocked, id=42499, stack(0x000000030e879000,0x000000030e979000)]
  0x00007f8d4f02e000 JavaThread "C2 CompilerThread0" daemon [_thread_blocked, id=22275, stack(0x000000030e776000,0x000000030e876000)]
  0x00007f8d4f02d000 JavaThread "Signal Dispatcher" daemon [_thread_blocked, id=43011, stack(0x000000030e673000,0x000000030e773000)]
  0x00007f8d4f01c000 JavaThread "Finalizer" daemon [_thread_blocked, id=17447, stack(0x000000030e45f000,0x000000030e55f000)]
  0x00007f8d4f019000 JavaThread "Reference Handler" daemon [_thread_blocked, id=17955, stack(0x000000030e35c000,0x000000030e45c000)]

Other Threads:
  0x00007f8d50009800 VMThread [stack: 0x000000030e259000,0x000000030e359000] [id=18435]
  0x00007f8d4f84c000 WatcherThread [stack: 0x000000030ec85000,0x000000030ed85000] [id=41235]

VM state:not at safepoint (normal execution)

VM Mutex/Monitor currently owned by a thread: None

heap address: 0x0000000740000000, size: 2048 MB, Compressed Oops mode: Zero based, Oop shift amount: 3
Narrow klass base: 0x0000000000000000, Narrow klass shift: 3
Compressed class space size: 1073741824 Address: 0x00000007c0000000

Heap:
 PSYoungGen      total 407552K, used 124461K [0x0000000795580000, 0x00000007b4e80000, 0x00000007c0000000)
  eden space 331776K, 26% used [0x0000000795580000,0x000000079aac3c08,0x00000007a9980000)
  from space 75776K, 49% used [0x00000007af280000,0x00000007b16c7a68,0x00000007b3c80000)
  to   space 91136K, 0% used [0x00000007a9980000,0x00000007a9980000,0x00000007af280000)
 ParOldGen       total 362496K, used 222595K [0x0000000740000000, 0x0000000756200000, 0x0000000795580000)
  object space 362496K, 61% used [0x0000000740000000,0x000000074d960d98,0x0000000756200000)
 Metaspace       used 13752K, capacity 14068K, committed 14208K, reserved 1062912K
  class space    used 1502K, capacity 1600K, committed 1664K, reserved 1048576K

Card table byte_map: [0x000000012219e000,0x000000012259f000] byte_map_base: 0x000000011e79e000

Marking Bits: (ParMarkBitMap*) 0x0000000111728488
 Begin Bits: [0x000000012285e000, 0x000000012485e000)
 End Bits:   [0x000000012485e000, 0x000000012685e000)

Polling page: 0x000000010cf4e000

CodeCache: size=245760Kb used=6701Kb max_used=7013Kb free=239058Kb
 bounds [0x0000000112dde000, 0x00000001134ce000, 0x0000000121dde000]
 total_blobs=2482 nmethods=1907 adapters=489
 compilation: enabled

Compilation events (10 events):
Event: 222.439 Thread 0x00007f8d4f02f800 2015       4       sun.lwawt.LWComponentPeer::getWindowPeerOrSelf (5 bytes)
Event: 222.439 Thread 0x00007f8d4f02f800 nmethod 2015 0x000000011316f710 code [0x000000011316f860, 0x000000011316f8d8]
Event: 223.975 Thread 0x00007f8d4f02e000 2016       4       sun.java2d.pipe.DrawImage::scaleSurfaceData (79 bytes)
Event: 223.982 Thread 0x00007f8d4f02e000 nmethod 2016 0x0000000112ff5ed0 code [0x0000000112ff60a0, 0x0000000112ff6bc8]
Event: 224.299 Thread 0x00007f8d2f008800 2017   !   4       sun.java2d.SunGraphics2D::copyImage (107 bytes)
Event: 224.301 Thread 0x00007f8d4f02f800 2018   !   4       sun.java2d.SunGraphics2D::drawHiDPIImage (355 bytes)
Event: 224.305 Thread 0x00007f8d2f008800 nmethod 2017 0x0000000112efc710 code [0x0000000112efc8e0, 0x0000000112efcde0]
Event: 224.313 Thread 0x00007f8d4f02f800 nmethod 2018 0x00000001130ed590 code [0x00000001130ed8a0, 0x00000001130eece0]
Event: 226.818 Thread 0x00007f8d4f02e000 2019       4       circeIsland.creatures.Nymph::act (137 bytes)
Event: 226.828 Thread 0x00007f8d4f02e000 nmethod 2019 0x0000000112fe5fd0 code [0x0000000112fe61a0, 0x0000000112fe6990]

GC Heap History (10 events):
Event: 2.780 GC heap before
{Heap before GC invocations=8 (full 3):
 PSYoungGen      total 133632K, used 3917K [0x0000000795580000, 0x00000007a9400000, 0x00000007c0000000)
  eden space 128512K, 0% used [0x0000000795580000,0x0000000795580000,0x000000079d300000)
  from space 5120K, 76% used [0x000000079d300000,0x000000079d6d35d8,0x000000079d800000)
  to   space 59904K, 0% used [0x00000007a5980000,0x00000007a5980000,0x00000007a9400000)
 ParOldGen       total 156160K, used 112838K [0x0000000740000000, 0x0000000749880000, 0x0000000795580000)
  object space 156160K, 72% used [0x0000000740000000,0x0000000746e319e0,0x0000000749880000)
 Metaspace       used 12549K, capacity 12870K, committed 13056K, reserved 1060864K
  class space    used 1429K, capacity 1531K, committed 1536K, reserved 1048576K
Event: 2.799 GC heap after
Heap after GC invocations=8 (full 3):
 PSYoungGen      total 133632K, used 0K [0x0000000795580000, 0x00000007a9400000, 0x00000007c0000000)
  eden space 128512K, 0% used [0x0000000795580000,0x0000000795580000,0x000000079d300000)
  from space 5120K, 0% used [0x000000079d300000,0x000000079d300000,0x000000079d800000)
  to   space 59904K, 0% used [0x00000007a5980000,0x00000007a5980000,0x00000007a9400000)
 ParOldGen       total 197632K, used 87119K [0x0000000740000000, 0x000000074c100000, 0x0000000795580000)
  object space 197632K, 44% used [0x0000000740000000,0x0000000745513d40,0x000000074c100000)
 Metaspace       used 12549K, capacity 12870K, committed 13056K, reserved 1060864K
  class space    used 1429K, capacity 1531K, committed 1536K, reserved 1048576K
}
Event: 3.164 GC heap before
{Heap before GC invocations=9 (full 3):
 PSYoungGen      total 133632K, used 125602K [0x0000000795580000, 0x00000007a9400000, 0x00000007c0000000)
  eden space 128512K, 97% used [0x0000000795580000,0x000000079d028898,0x000000079d300000)
  from space 5120K, 0% used [0x000000079d300000,0x000000079d300000,0x000000079d800000)
  to   space 59904K, 0% used [0x00000007a5980000,0x00000007a5980000,0x00000007a9400000)
 ParOldGen       total 197632K, used 87119K [0x0000000740000000, 0x000000074c100000, 0x0000000795580000)
  object space 197632K, 44% used [0x0000000740000000,0x0000000745513d40,0x000000074c100000)
 Metaspace       used 12572K, capacity 12870K, committed 13056K, reserved 1060864K
  class space    used 1431K, capacity 1531K, committed 1536K, reserved 1048576K
Event: 3.174 GC heap after
Heap after GC invocations=9 (full 3):
 PSYoungGen      total 264704K, used 33134K [0x0000000795580000, 0x00000007aa100000, 0x00000007c0000000)
  eden space 204800K, 0% used [0x0000000795580000,0x0000000795580000,0x00000007a1d80000)
  from space 59904K, 55% used [0x00000007a5980000,0x00000007a79db8b0,0x00000007a9400000)
  to   space 61440K, 0% used [0x00000007a1d80000,0x00000007a1d80000,0x00000007a5980000)
 ParOldGen       total 197632K, used 87119K [0x0000000740000000, 0x000000074c100000, 0x0000000795580000)
  object space 197632K, 44% used [0x0000000740000000,0x0000000745513d40,0x000000074c100000)
 Metaspace       used 12572K, capacity 12870K, committed 13056K, reserved 1060864K
  class space    used 1431K, capacity 1531K, committed 1536K, reserved 1048576K
}
Event: 3.657 GC heap before
{Heap before GC invocations=10 (full 3):
 PSYoungGen      total 264704K, used 236507K [0x0000000795580000, 0x00000007aa100000, 0x00000007c0000000)
  eden space 204800K, 99% used [0x0000000795580000,0x00000007a1c1b648,0x00000007a1d80000)
  from space 59904K, 55% used [0x00000007a5980000,0x00000007a79db8b0,0x00000007a9400000)
  to   space 61440K, 0% used [0x00000007a1d80000,0x00000007a1d80000,0x00000007a5980000)
 ParOldGen       total 197632K, used 87119K [0x0000000740000000, 0x000000074c100000, 0x0000000795580000)
  object space 197632K, 44% used [0x0000000740000000,0x0000000745513d40,0x000000074c100000)
 Metaspace       used 12595K, capacity 12870K, committed 13056K, reserved 1060864K
  class space    used 1431K, capacity 1531K, committed 1536K, reserved 1048576K
Event: 3.695 GC heap after
Heap after GC invocations=10 (full 3):
 PSYoungGen      total 266240K, used 60141K [0x0000000795580000, 0x00000007b3c80000, 0x00000007c0000000)
  eden space 204800K, 0% used [0x0000000795580000,0x0000000795580000,0x00000007a1d80000)
  from space 61440K, 97% used [0x00000007a1d80000,0x00000007a583b538,0x00000007a5980000)
  to   space 75776K, 0% used [0x00000007af280000,0x00000007af280000,0x00000007b3c80000)
 ParOldGen       total 197632K, used 118052K [0x0000000740000000, 0x000000074c100000, 0x0000000795580000)
  object space 197632K, 59% used [0x0000000740000000,0x0000000747349040,0x000000074c100000)
 Metaspace       used 12595K, capacity 12870K, committed 13056K, reserved 1060864K
  class space    used 1431K, capacity 1531K, committed 1536K, reserved 1048576K
}
Event: 95.239 GC heap before
{Heap before GC invocations=11 (full 3):
 PSYoungGen      total 266240K, used 264941K [0x0000000795580000, 0x00000007b3c80000, 0x00000007c0000000)
  eden space 204800K, 100% used [0x0000000795580000,0x00000007a1d80000,0x00000007a1d80000)
  from space 61440K, 97% used [0x00000007a1d80000,0x00000007a583b538,0x00000007a5980000)
  to   space 75776K, 0% used [0x00000007af280000,0x00000007af280000,0x00000007b3c80000)
 ParOldGen       total 197632K, used 118052K [0x0000000740000000, 0x000000074c100000, 0x0000000795580000)
  object space 197632K, 59% used [0x0000000740000000,0x0000000747349040,0x000000074c100000)
 Metaspace       used 13746K, capacity 14068K, committed 14208K, reserved 1062912K
  class space    used 1501K, capacity 1600K, committed 1664K, reserved 1048576K
Event: 95.373 GC heap after
Heap after GC invocations=11 (full 3):
 PSYoungGen      total 407552K, used 75508K [0x0000000795580000, 0x00000007b4e80000, 0x00000007c0000000)
  eden space 331776K, 0% used [0x0000000795580000,0x0000000795580000,0x00000007a9980000)
  from space 75776K, 99% used [0x00000007af280000,0x00000007b3c3d350,0x00000007b3c80000)
  to   space 91136K, 0% used [0x00000007a9980000,0x00000007a9980000,0x00000007af280000)
 ParOldGen       total 223744K, used 220729K [0x0000000740000000, 0x000000074da80000, 0x0000000795580000)
  object space 223744K, 98% used [0x0000000740000000,0x000000074d78e458,0x000000074da80000)
 Metaspace       used 13746K, capacity 14068K, committed 14208K, reserved 1062912K
  class space    used 1501K, capacity 1600K, committed 1664K, reserved 1048576K
}
Event: 95.373 GC heap before
{Heap before GC invocations=12 (full 4):
 PSYoungGen      total 407552K, used 75508K [0x0000000795580000, 0x00000007b4e80000, 0x00000007c0000000)
  eden space 331776K, 0% used [0x0000000795580000,0x0000000795580000,0x00000007a9980000)
  from space 75776K, 99% used [0x00000007af280000,0x00000007b3c3d350,0x00000007b3c80000)
  to   space 91136K, 0% used [0x00000007a9980000,0x00000007a9980000,0x00000007af280000)
 ParOldGen       total 223744K, used 220729K [0x0000000740000000, 0x000000074da80000, 0x0000000795580000)
  object space 223744K, 98% used [0x0000000740000000,0x000000074d78e458,0x000000074da80000)
 Metaspace       used 13746K, capacity 14068K, committed 14208K, reserved 1062912K
  class space    used 1501K, capacity 1600K, committed 1664K, reserved 1048576K
Event: 95.503 GC heap after
Heap after GC invocations=12 (full 4):
 PSYoungGen      total 407552K, used 37150K [0x0000000795580000, 0x00000007b4e80000, 0x00000007c0000000)
  eden space 331776K, 0% used [0x0000000795580000,0x0000000795580000,0x00000007a9980000)
  from space 75776K, 49% used [0x00000007af280000,0x00000007b16c7a68,0x00000007b3c80000)
  to   space 91136K, 0% used [0x00000007a9980000,0x00000007a9980000,0x00000007af280000)
 ParOldGen       total 362496K, used 222595K [0x0000000740000000, 0x0000000756200000, 0x0000000795580000)
  object space 362496K, 61% used [0x0000000740000000,0x000000074d960d98,0x0000000756200000)
 Metaspace       used 13746K, capacity 14068K, committed 14208K, reserved 1062912K
  class space    used 1501K, capacity 1600K, committed 1664K, reserved 1048576K
}

Deoptimization events (10 events):
Event: 67.518 Thread 0x00007f8d4fa3a800 Uncommon trap: reason=class_check action=maybe_recompile pc=0x00000001132506b4 method=sun.java2d.SunGraphics2D.draw(Ljava/awt/Shape;)V @ 6
Event: 67.567 Thread 0x00007f8d4fa3a800 Uncommon trap: reason=unstable_if action=reinterpret pc=0x0000000113252f40 method=sun.java2d.SunGraphics2D.setColor(Ljava/awt/Color;)V @ 42
Event: 67.567 Thread 0x00007f8d4fa3a800 Uncommon trap: reason=class_check action=maybe_recompile pc=0x00000001132506b4 method=sun.java2d.SunGraphics2D.draw(Ljava/awt/Shape;)V @ 6
Event: 67.618 Thread 0x00007f8d4fa3a800 Uncommon trap: reason=unstable_if action=reinterpret pc=0x000000011324de50 method=sun.java2d.SunGraphics2D.setColor(Ljava/awt/Color;)V @ 42
Event: 67.618 Thread 0x00007f8d4fa3a800 Uncommon trap: reason=class_check action=maybe_recompile pc=0x00000001132506b4 method=sun.java2d.SunGraphics2D.draw(Ljava/awt/Shape;)V @ 6
Event: 67.666 Thread 0x00007f8d4fa3a800 Uncommon trap: reason=class_check action=maybe_recompile pc=0x00000001132506b4 method=sun.java2d.SunGraphics2D.draw(Ljava/awt/Shape;)V @ 6
Event: 99.307 Thread 0x00007f8d4fa3a800 Uncommon trap: reason=unstable_if action=reinterpret pc=0x000000011338b920 method=circeIsland.screens.Island.draw()V @ 650
Event: 99.354 Thread 0x00007f8d4fa3a800 Uncommon trap: reason=unstable_if action=reinterpret pc=0x000000011337dee0 method=circeIsland.screens.Island.draw()V @ 650
Event: 159.190 Thread 0x00007f8d4fa3a800 Uncommon trap: reason=unstable_if action=reinterpret pc=0x000000011325d204 method=sun.java2d.SunGraphics2D.setColor(Ljava/awt/Color;)V @ 42
Event: 218.873 Thread 0x00007f8d4fa3a800 Uncommon trap: reason=unstable_if action=reinterpret pc=0x0000000113474a70 method=circeIsland.creatures.Creature.islandHeightResized()Z @ 16

Classes redefined (0 events):
No events

Internal exceptions (10 events):
Event: 0.706 Thread 0x00007f8d4f808800 Exception <a 'java/io/FileNotFoundException'> (0x00000007958c3480) thrown at [/jenkins/workspace/8-2-build-macosx-x86_64/jdk8u281/880/hotspot/src/share/vm/prims/jni.cpp, line 710]
Event: 0.707 Thread 0x00007f8d4f808800 Exception <a 'java/io/FileNotFoundException'> (0x00000007958c3fb0) thrown at [/jenkins/workspace/8-2-build-macosx-x86_64/jdk8u281/880/hotspot/src/share/vm/prims/jni.cpp, line 710]
Event: 0.809 Thread 0x00007f8d4f808800 Exception <a 'java/io/FileNotFoundException'> (0x00000007958d9198) thrown at [/jenkins/workspace/8-2-build-macosx-x86_64/jdk8u281/880/hotspot/src/share/vm/prims/jni.cpp, line 710]
Event: 1.185 Thread 0x00007f8d4fa3a800 Exception <a 'java/io/FileNotFoundException'> (0x00000007961fbf68) thrown at [/jenkins/workspace/8-2-build-macosx-x86_64/jdk8u281/880/hotspot/src/share/vm/prims/jni.cpp, line 710]
Event: 1.186 Thread 0x00007f8d4fa3a800 Exception <a 'java/io/FileNotFoundException'> (0x00000007961ffa50) thrown at [/jenkins/workspace/8-2-build-macosx-x86_64/jdk8u281/880/hotspot/src/share/vm/prims/jni.cpp, line 710]
Event: 1.186 Thread 0x00007f8d4fa3a800 Exception <a 'java/io/FileNotFoundException'> (0x0000000796200920) thrown at [/jenkins/workspace/8-2-build-macosx-x86_64/jdk8u281/880/hotspot/src/share/vm/prims/jni.cpp, line 710]
Event: 1.186 Thread 0x00007f8d4fa3a800 Exception <a 'java/io/FileNotFoundException'> (0x0000000796201238) thrown at [/jenkins/workspace/8-2-build-macosx-x86_64/jdk8u281/880/hotspot/src/share/vm/prims/jni.cpp, line 710]
Event: 1.186 Thread 0x00007f8d4fa3a800 Exception <a 'java/io/FileNotFoundException'> (0x0000000796203040) thrown at [/jenkins/workspace/8-2-build-macosx-x86_64/jdk8u281/880/hotspot/src/share/vm/prims/jni.cpp, line 710]
Event: 1.865 Thread 0x00007f8d4f01c000 Exception <a 'java/lang/NullPointerException'> (0x0000000795b692b0) thrown at [/jenkins/workspace/8-2-build-macosx-x86_64/jdk8u281/880/hotspot/src/share/vm/interpreter/linkResolver.cpp, line 1185]
Event: 226.863 Thread 0x00007f8d4fa3a800 Implicit null exception at 0x0000000112fe633d to 0x0000000000000000

Events (10 events):
Event: 138.421 Thread 0x00007f8d2f008800 flushing nmethod 0x0000000113208b90
Event: 138.421 Thread 0x00007f8d2f008800 flushing nmethod 0x0000000113209f50
Event: 138.421 Thread 0x00007f8d2f008800 flushing nmethod 0x000000011320afd0
Event: 139.470 Thread 0x00007f8d4f02f800 flushing nmethod 0x000000011320cdd0
Event: 159.190 Thread 0x00007f8d4fa3a800 Uncommon trap: trap_request=0xffffff65 fr.pc=0x000000011325d204
Event: 159.190 Thread 0x00007f8d4fa3a800 DEOPT PACKING pc=0x000000011325d204 sp=0x000000030f6c1700
Event: 159.190 Thread 0x00007f8d4fa3a800 DEOPT UNPACKING pc=0x0000000112e2373a sp=0x000000030f6c1508 mode 2
Event: 218.872 Thread 0x00007f8d4fa3a800 Uncommon trap: trap_request=0xffffff65 fr.pc=0x0000000113474a70
Event: 218.873 Thread 0x00007f8d4fa3a800 DEOPT PACKING pc=0x0000000113474a70 sp=0x000000030f6c1600
Event: 218.873 Thread 0x00007f8d4fa3a800 DEOPT UNPACKING pc=0x0000000112e2373a sp=0x000000030f6c1570 mode 2


Dynamic libraries:
0x00007ffdffc41000 	/Library/Apple/usr/libexec/oah/runtime
0x00007fff352b5000 	/System/Library/Frameworks/Cocoa.framework/Versions/A/Cocoa
0x00007fff221f9000 	/System/Library/Frameworks/Security.framework/Versions/A/Security
0x00007fff3350d000 	/System/Library/Frameworks/ApplicationServices.framework/Versions/A/ApplicationServices
0x00007fff2a686000 	/usr/lib/libz.1.dylib
0x00007fff2a752000 	/usr/lib/libSystem.B.dylib
0x00007fff2048e000 	/System/Library/Frameworks/CoreFoundation.framework/Versions/A/CoreFoundation
0x00007fff2116d000 	/System/Library/Frameworks/Foundation.framework/Versions/C/Foundation
0x00007fff202ac000 	/usr/lib/libobjc.A.dylib
0x00007fff22c1d000 	/System/Library/Frameworks/AppKit.framework/Versions/C/AppKit
0x00007fff25aca000 	/System/Library/Frameworks/CoreData.framework/Versions/A/CoreData
0x00007fff23979000 	/System/Library/PrivateFrameworks/UIFoundation.framework/Versions/A/UIFoundation
0x00007fff2fef0000 	/System/Library/PrivateFrameworks/RemoteViewServices.framework/Versions/A/RemoteViewServices
0x00007fff28ca1000 	/System/Library/PrivateFrameworks/XCTTargetBootstrap.framework/Versions/A/XCTTargetBootstrap
0x00007fff2b9ef000 	/usr/lib/libspindump.dylib
0x00007fff23bcd000 	/System/Library/Frameworks/UniformTypeIdentifiers.framework/Versions/A/UniformTypeIdentifiers
0x00007fff27474000 	/usr/lib/libapp_launch_measurement.dylib
0x00007fff27477000 	/System/Library/PrivateFrameworks/CoreAutoLayout.framework/Versions/A/CoreAutoLayout
0x00007fff28602000 	/System/Library/Frameworks/Metal.framework/Versions/A/Metal
0x00007fff292f7000 	/usr/lib/liblangid.dylib
0x00007fff28ca5000 	/System/Library/PrivateFrameworks/CoreSVG.framework/Versions/A/CoreSVG
0x00007fff24bb3000 	/System/Library/PrivateFrameworks/SkyLight.framework/Versions/A/SkyLight
0x00007fff24f12000 	/System/Library/Frameworks/CoreGraphics.framework/Versions/A/CoreGraphics
0x00007fff30547000 	/System/Library/Frameworks/Accelerate.framework/Versions/A/Accelerate
0x00007fff2b42a000 	/System/Library/PrivateFrameworks/IconServices.framework/Versions/A/IconServices
0x00007fff285e3000 	/System/Library/Frameworks/IOSurface.framework/Versions/A/IOSurface
0x00007fff2645c000 	/usr/lib/libDiagnosticMessagesClient.dylib
0x00007fff28c8d000 	/System/Library/PrivateFrameworks/DFRFoundation.framework/Versions/A/DFRFoundation
0x00007fff22549000 	/usr/lib/libicucore.A.dylib
0x00007fff2cf2a000 	/System/Library/Frameworks/AudioToolbox.framework/Versions/A/AudioToolbox
0x00007fff2c1d5000 	/System/Library/PrivateFrameworks/DataDetectorsCore.framework/Versions/A/DataDetectorsCore
0x00007fff2898d000 	/System/Library/Frameworks/Carbon.framework/Versions/A/Frameworks/HIToolbox.framework/Versions/A/HIToolbox
0x00007fff26ed8000 	/System/Library/Frameworks/QuartzCore.framework/Versions/A/QuartzCore
0x00007fff2ff2c000 	/System/Library/Frameworks/Carbon.framework/Versions/A/Frameworks/SpeechRecognition.framework/Versions/A/SpeechRecognition
0x00007fff271dc000 	/System/Library/PrivateFrameworks/CoreUI.framework/Versions/A/CoreUI
0x00007fff21b55000 	/System/Library/Frameworks/CoreAudio.framework/Versions/A/CoreAudio
0x00007fff26547000 	/System/Library/Frameworks/DiskArbitration.framework/Versions/A/DiskArbitration
0x00007fff2bde7000 	/System/Library/PrivateFrameworks/MultitouchSupport.framework/Versions/A/MultitouchSupport
0x00007fff2c1cc000 	/System/Library/PrivateFrameworks/InternationalSupport.framework/Versions/A/InternationalSupport
0x00007fff24b27000 	/usr/lib/libenergytrace.dylib
0x00007fff22b17000 	/System/Library/Frameworks/IOKit.framework/Versions/A/IOKit
0x00007fff30279000 	/System/Library/Frameworks/CoreServices.framework/Versions/A/CoreServices
0x00007fff2740a000 	/System/Library/PrivateFrameworks/PerformanceAnalysis.framework/Versions/A/PerformanceAnalysis
0x00007fff6b767000 	/System/Library/Frameworks/OpenGL.framework/Versions/A/OpenGL
0x00007fff2c251000 	/System/Library/PrivateFrameworks/UserActivity.framework/Versions/A/UserActivity
0x00007fff255cc000 	/System/Library/Frameworks/ColorSync.framework/Versions/A/ColorSync
0x00007fff28f10000 	/System/Library/Frameworks/CoreImage.framework/Versions/A/CoreImage
0x00007fff2196b000 	/System/Library/Frameworks/CoreText.framework/Versions/A/CoreText
0x00007fff28ccf000 	/System/Library/Frameworks/ImageIO.framework/Versions/A/ImageIO
0x00007fff2a758000 	/System/Library/PrivateFrameworks/SoftLinking.framework/Versions/A/SoftLinking
0x00007fff274bf000 	/usr/lib/libxml2.2.dylib
0x00007fff20372000 	/usr/lib/libc++.1.dylib
0x00007fff2a9ca000 	/usr/lib/libcompression.dylib
0x00007fff24b28000 	/usr/lib/libMobileGestalt.dylib
0x00007fff2c0ff000 	/System/Library/PrivateFrameworks/TextureIO.framework/Versions/A/TextureIO
0x00007fff2b0b8000 	/usr/lib/libate.dylib
0x00007fff2a74c000 	/usr/lib/system/libcache.dylib
0x00007fff2a708000 	/usr/lib/system/libcommonCrypto.dylib
0x00007fff2a732000 	/usr/lib/system/libcompiler_rt.dylib
0x00007fff2a727000 	/usr/lib/system/libcopyfile.dylib
0x00007fff2019e000 	/usr/lib/system/libcorecrypto.dylib
0x00007fff20267000 	/usr/lib/system/libdispatch.dylib
0x00007fff2041c000 	/usr/lib/system/libdyld.dylib
0x00007fff2a743000 	/usr/lib/system/libkeymgr.dylib
0x00007fff2dcd9000 	/usr/lib/system/liblaunch.dylib
0x00007fff2a6e6000 	/usr/lib/system/libmacho.dylib
0x00007fff29efb000 	/usr/lib/system/libquarantine.dylib
0x00007fff2a740000 	/usr/lib/system/libremovefile.dylib
0x00007fff24b84000 	/usr/lib/system/libsystem_asl.dylib
0x00007fff2014e000 	/usr/lib/system/libsystem_blocks.dylib
0x00007fff202e9000 	/usr/lib/system/libsystem_c.dylib
0x00007fff2a73a000 	/usr/lib/system/libsystem_collections.dylib
0x00007fff292e8000 	/usr/lib/system/libsystem_configuration.dylib
0x00007fff285d2000 	/usr/lib/system/libsystem_containermanager.dylib
0x00007fff2a47e000 	/usr/lib/system/libsystem_coreservices.dylib
0x00007fff227ab000 	/usr/lib/system/libsystem_darwin.dylib
0x00007fff2a744000 	/usr/lib/system/libsystem_dnssd.dylib
0x00007fff202e6000 	/usr/lib/system/libsystem_featureflags.dylib
0x00007fff20462000 	/usr/lib/system/libsystem_info.dylib
0x00007fff2a699000 	/usr/lib/system/libsystem_m.dylib
0x00007fff2023a000 	/usr/lib/system/libsystem_malloc.dylib
0x00007fff24b18000 	/usr/lib/system/libsystem_networkextension.dylib
0x00007fff22bc5000 	/usr/lib/system/libsystem_notify.dylib
0x00007fff30177000 	/usr/lib/system/libsystem_product_info_filter.dylib
0x00007fff292ec000 	/usr/lib/system/libsystem_sandbox.dylib
0x00007fff2a73d000 	/usr/lib/system/libsystem_secinit.dylib
0x00007fff203e1000 	/usr/lib/system/libsystem_kernel.dylib
0x00007fff20458000 	/usr/lib/system/libsystem_platform.dylib
0x00007fff20410000 	/usr/lib/system/libsystem_pthread.dylib
0x00007fff262aa000 	/usr/lib/system/libsystem_symptoms.dylib
0x00007fff20186000 	/usr/lib/system/libsystem_trace.dylib
0x00007fff2a714000 	/usr/lib/system/libunwind.dylib
0x00007fff20150000 	/usr/lib/system/libxpc.dylib
0x00007fff203c8000 	/usr/lib/libc++abi.dylib
0x00007fff2a71f000 	/usr/lib/liboah.dylib
0x00007fff2ade3000 	/usr/lib/liblzma.5.dylib
0x00007fff20e83000 	/System/Library/Frameworks/SystemConfiguration.framework/Versions/A/SystemConfiguration
0x00007fff2a754000 	/usr/lib/libfakelink.dylib
0x00007fff2467b000 	/System/Library/Frameworks/CFNetwork.framework/Versions/A/CFNetwork
0x00007fff2a894000 	/usr/lib/libarchive.2.dylib
0x00007fff20f00000 	/usr/lib/libCRFSuite.dylib
0x00007fff29f22000 	/usr/lib/libbsm.0.dylib
0x00007fff24037000 	/usr/lib/libnetwork.dylib
0x00007fff2a759000 	/usr/lib/libpcap.A.dylib
0x00007fff262a3000 	/usr/lib/libdns_services.dylib
0x00007fff2adfc000 	/usr/lib/libcoretls_cfhelpers.dylib
0x00007fff2a998000 	/usr/lib/libapple_nghttp2.dylib
0x00007fff2a6ec000 	/usr/lib/system/libkxld.dylib
0x00007fff25f11000 	/usr/lib/libsqlite3.dylib
0x00007fff2a460000 	/System/Library/PrivateFrameworks/AppleFSCompression.framework/Versions/A/AppleFSCompression
0x00007fff29f0a000 	/usr/lib/libcoretls.dylib
0x00007fff2a9c5000 	/usr/lib/libpam.2.dylib
0x00007fff2aef9000 	/usr/lib/libxar.1.dylib
0x00007fff292f3000 	/System/Library/PrivateFrameworks/AppleSystemInfo.framework/Versions/A/AppleSystemInfo
0x00007fff29b4d000 	/System/Library/PrivateFrameworks/IOMobileFramebuffer.framework/Versions/A/IOMobileFramebuffer
0x00007fff2a470000 	/usr/lib/libbz2.1.0.dylib
0x00007fff2a791000 	/usr/lib/libiconv.2.dylib
0x00007fff2a6e5000 	/usr/lib/libcharset.1.dylib
0x00007fff27446000 	/System/Library/Frameworks/CoreServices.framework/Versions/A/Frameworks/FSEvents.framework/Versions/A/FSEvents
0x00007fff227b5000 	/System/Library/Frameworks/CoreServices.framework/Versions/A/Frameworks/CarbonCore.framework/Versions/A/CarbonCore
0x00007fff264ac000 	/System/Library/Frameworks/CoreServices.framework/Versions/A/Frameworks/Metadata.framework/Versions/A/Metadata
0x00007fff2a483000 	/System/Library/Frameworks/CoreServices.framework/Versions/A/Frameworks/OSServices.framework/Versions/A/OSServices
0x00007fff2a906000 	/System/Library/Frameworks/CoreServices.framework/Versions/A/Frameworks/SearchKit.framework/Versions/A/SearchKit
0x00007fff2622d000 	/System/Library/Frameworks/CoreServices.framework/Versions/A/Frameworks/AE.framework/Versions/A/AE
0x00007fff2092a000 	/System/Library/Frameworks/CoreServices.framework/Versions/A/Frameworks/LaunchServices.framework/Versions/A/LaunchServices
0x00007fff2ad94000 	/System/Library/Frameworks/CoreServices.framework/Versions/A/Frameworks/DictionaryServices.framework/Versions/A/DictionaryServices
0x00007fff2744f000 	/System/Library/Frameworks/CoreServices.framework/Versions/A/Frameworks/SharedFileList.framework/Versions/A/SharedFileList
0x00007fff29efe000 	/usr/lib/libCheckFix.dylib
0x00007fff24b9b000 	/System/Library/PrivateFrameworks/TCC.framework/Versions/A/TCC
0x00007fff292f9000 	/System/Library/PrivateFrameworks/CoreNLP.framework/Versions/A/CoreNLP
0x00007fff2645f000 	/System/Library/PrivateFrameworks/MetadataUtilities.framework/Versions/A/MetadataUtilities
0x00007fff20f36000 	/usr/lib/libmecabra.dylib
0x00007fff2a212000 	/System/Library/Frameworks/MLCompute.framework/Versions/A/MLCompute
0x00007fff29f33000 	/usr/lib/libmecab.dylib
0x00007fff29f7d000 	/usr/lib/libgermantok.dylib
0x00007fff2a96e000 	/usr/lib/libThaiTokenizer.dylib
0x00007fff2af34000 	/usr/lib/libChineseTokenizer.dylib
0x00007fff2a9c3000 	/System/Library/Frameworks/MetalPerformanceShaders.framework/Versions/A/MetalPerformanceShaders
0x00007fff2654e000 	/System/Library/Frameworks/Accelerate.framework/Versions/A/Frameworks/vImage.framework/Versions/A/vImage
0x00007fff30252000 	/System/Library/Frameworks/Accelerate.framework/Versions/A/Frameworks/vecLib.framework/Versions/A/vecLib
0x00007fff2af3f000 	/System/Library/Frameworks/Accelerate.framework/Versions/A/Frameworks/vecLib.framework/Versions/A/libvMisc.dylib
0x00007fff299a9000 	/System/Library/Frameworks/Accelerate.framework/Versions/A/Frameworks/vecLib.framework/Versions/A/libvDSP.dylib
0x00007fff20c2d000 	/System/Library/Frameworks/Accelerate.framework/Versions/A/Frameworks/vecLib.framework/Versions/A/libBLAS.dylib
0x00007fff2a9e9000 	/System/Library/Frameworks/Accelerate.framework/Versions/A/Frameworks/vecLib.framework/Versions/A/libLAPACK.dylib
0x00007fff29f83000 	/System/Library/Frameworks/Accelerate.framework/Versions/A/Frameworks/vecLib.framework/Versions/A/libLinearAlgebra.dylib
0x00007fff2a9b0000 	/System/Library/Frameworks/Accelerate.framework/Versions/A/Frameworks/vecLib.framework/Versions/A/libSparseBLAS.dylib
0x00007fff2a9e3000 	/System/Library/Frameworks/Accelerate.framework/Versions/A/Frameworks/vecLib.framework/Versions/A/libQuadrature.dylib
0x00007fff293a1000 	/System/Library/Frameworks/Accelerate.framework/Versions/A/Frameworks/vecLib.framework/Versions/A/libBNNS.dylib
0x00007fff20e14000 	/System/Library/Frameworks/Accelerate.framework/Versions/A/Frameworks/vecLib.framework/Versions/A/libSparse.dylib
0x00007fff2928c000 	/System/Library/Frameworks/MetalPerformanceShaders.framework/Versions/A/Frameworks/MPSCore.framework/Versions/A/MPSCore
0x00007fff2a3cf000 	/System/Library/Frameworks/MetalPerformanceShaders.framework/Versions/A/Frameworks/MPSImage.framework/Versions/A/MPSImage
0x00007fff29f9a000 	/System/Library/Frameworks/MetalPerformanceShaders.framework/Versions/A/Frameworks/MPSNeuralNetwork.framework/Versions/A/MPSNeuralNetwork
0x00007fff2a35a000 	/System/Library/Frameworks/MetalPerformanceShaders.framework/Versions/A/Frameworks/MPSMatrix.framework/Versions/A/MPSMatrix
0x00007fff2a1c2000 	/System/Library/Frameworks/MetalPerformanceShaders.framework/Versions/A/Frameworks/MPSRayIntersector.framework/Versions/A/MPSRayIntersector
0x00007fff2a391000 	/System/Library/Frameworks/MetalPerformanceShaders.framework/Versions/A/Frameworks/MPSNDArray.framework/Versions/A/MPSNDArray
0x00007fff20b59000 	/System/Library/PrivateFrameworks/MetalTools.framework/Versions/A/MetalTools
0x00007fff292f1000 	/System/Library/PrivateFrameworks/AggregateDictionary.framework/Versions/A/AggregateDictionary
0x00007fff26437000 	/System/Library/PrivateFrameworks/CoreAnalytics.framework/Versions/A/CoreAnalytics
0x00007fff2a970000 	/System/Library/PrivateFrameworks/AppleSauce.framework/Versions/A/AppleSauce
0x00007fff285f5000 	/System/Library/PrivateFrameworks/IOAccelerator.framework/Versions/A/IOAccelerator
0x00007fff6b75b000 	/System/Library/Frameworks/OpenGL.framework/Versions/A/Libraries/libCoreFSCache.dylib
0x00007fff214d1000 	/System/Library/PrivateFrameworks/LanguageModeling.framework/Versions/A/LanguageModeling
0x00007fff29b3a000 	/System/Library/PrivateFrameworks/CoreEmoji.framework/Versions/A/CoreEmoji
0x00007fff2939a000 	/System/Library/PrivateFrameworks/LinguisticData.framework/Versions/A/LinguisticData
0x00007fff20dc6000 	/System/Library/PrivateFrameworks/Lexicon.framework/Versions/A/Lexicon
0x00007fff2a882000 	/usr/lib/libcmph.dylib
0x00007fff27426000 	/System/Library/Frameworks/OpenDirectory.framework/Versions/A/Frameworks/CFOpenDirectory.framework/Versions/A/CFOpenDirectory
0x00007fff27416000 	/System/Library/Frameworks/OpenDirectory.framework/Versions/A/OpenDirectory
0x00007fff2adfe000 	/System/Library/PrivateFrameworks/APFS.framework/Versions/A/APFS
0x00007fff29e5f000 	/System/Library/Frameworks/SecurityFoundation.framework/Versions/A/SecurityFoundation
0x00007fff2af07000 	/usr/lib/libutil.dylib
0x00007fff22adc000 	/System/Library/PrivateFrameworks/CoreServicesStore.framework/Versions/A/CoreServicesStore
0x00007fff29ef6000 	/System/Library/Frameworks/ServiceManagement.framework/Versions/A/ServiceManagement
0x00007fff2af0b000 	/usr/lib/libxslt.1.dylib
0x00007fff29eec000 	/System/Library/PrivateFrameworks/BackgroundTaskManagement.framework/Versions/A/BackgroundTaskManagement
0x00007fff2c04a000 	/System/Library/Frameworks/ImageIO.framework/Versions/A/Resources/libRadiance.dylib
0x00007fff2c053000 	/System/Library/Frameworks/ImageIO.framework/Versions/A/Resources/libJPEG.dylib
0x00007fff2bfa1000 	/System/Library/Frameworks/ImageIO.framework/Versions/A/Resources/libPng.dylib
0x00007fff2bfc8000 	/System/Library/Frameworks/ImageIO.framework/Versions/A/Resources/libTIFF.dylib
0x00007fff2c0a8000 	/System/Library/Frameworks/ImageIO.framework/Versions/A/Resources/libGIF.dylib
0x00007fff2bd05000 	/System/Library/Frameworks/ImageIO.framework/Versions/A/Resources/libJP2.dylib
0x00007fff2b3f1000 	/usr/lib/libexpat.1.dylib
0x00007fff2bcbb000 	/System/Library/PrivateFrameworks/AppleJPEG.framework/Versions/A/AppleJPEG
0x00007fff28830000 	/System/Library/PrivateFrameworks/FontServices.framework/libFontParser.dylib
0x00007fff261e1000 	/System/Library/PrivateFrameworks/RunningBoardServices.framework/Versions/A/RunningBoardServices
0x00007fff2bde3000 	/System/Library/PrivateFrameworks/WatchdogClient.framework/Versions/A/WatchdogClient
0x00007fff215be000 	/System/Library/Frameworks/CoreDisplay.framework/Versions/A/CoreDisplay
0x00007fff28745000 	/System/Library/Frameworks/CoreMedia.framework/Versions/A/CoreMedia
0x00007fff275a2000 	/System/Library/Frameworks/CoreVideo.framework/Versions/A/CoreVideo
0x00007fff2be1b000 	/System/Library/Frameworks/VideoToolbox.framework/Versions/A/VideoToolbox
0x00007fff2615f000 	/System/Library/PrivateFrameworks/BaseBoard.framework/Versions/A/BaseBoard
0x00007fff2b536000 	/System/Library/PrivateFrameworks/PersistentConnection.framework/Versions/A/PersistentConnection
0x00007fff25efa000 	/System/Library/PrivateFrameworks/ProtocolBuffer.framework/Versions/A/ProtocolBuffer
0x00007fff26146000 	/System/Library/PrivateFrameworks/CommonUtilities.framework/Versions/A/CommonUtilities
0x00007fff2bc50000 	/System/Library/PrivateFrameworks/Bom.framework/Versions/A/Bom
0x00007fff2c043000 	/System/Library/PrivateFrameworks/GPUWrangler.framework/Versions/A/GPUWrangler
0x00007fff2c026000 	/System/Library/PrivateFrameworks/IOPresentment.framework/Versions/A/IOPresentment
0x00007fff2c04d000 	/System/Library/PrivateFrameworks/DSExternalDisplay.framework/Versions/A/DSExternalDisplay
0x00007fff2c0ad000 	/System/Library/PrivateFrameworks/CMCaptureCore.framework/Versions/A/CMCaptureCore
0x00007fff2b9d6000 	/System/Library/PrivateFrameworks/AppServerSupport.framework/Versions/A/AppServerSupport
0x00007fff2da7a000 	/System/Library/PrivateFrameworks/perfdata.framework/Versions/A/perfdata
0x00007fff29e4e000 	/System/Library/PrivateFrameworks/AssertionServices.framework/Versions/A/AssertionServices
0x00007fff216f5000 	/System/Library/PrivateFrameworks/AudioToolboxCore.framework/Versions/A/AudioToolboxCore
0x00007fff28728000 	/System/Library/PrivateFrameworks/caulk.framework/Versions/A/caulk
0x00007fff3cd09000 	/System/Library/PrivateFrameworks/SystemPolicy.framework/Versions/A/SystemPolicy
0x00007fff2b1e7000 	/usr/lib/libIOReport.dylib
0x00007fff2d29c000 	/usr/lib/libSMC.dylib
0x00007fff2bf6e000 	/usr/lib/libAudioToolboxUtility.dylib
0x00007fff3d66e000 	/usr/lib/libmis.dylib
0x00007fff6b7b7000 	/System/Library/Frameworks/OpenGL.framework/Versions/A/Libraries/libGLU.dylib
0x00007fff6b77a000 	/System/Library/Frameworks/OpenGL.framework/Versions/A/Libraries/libGFXShared.dylib
0x00007fff6b989000 	/System/Library/Frameworks/OpenGL.framework/Versions/A/Libraries/libGL.dylib
0x00007fff6b783000 	/System/Library/Frameworks/OpenGL.framework/Versions/A/Libraries/libGLImage.dylib
0x00007fff6b777000 	/System/Library/Frameworks/OpenGL.framework/Versions/A/Libraries/libCVMSPluginSupport.dylib
0x00007fff6b762000 	/System/Library/Frameworks/OpenGL.framework/Versions/A/Libraries/libCoreVMClient.dylib
0x00007fff6cdca000 	/System/Library/Frameworks/OpenCL.framework/Versions/A/OpenCL
0x00007fff2b560000 	/System/Library/PrivateFrameworks/GraphVisualizer.framework/Versions/A/GraphVisualizer
0x00007fff2b56f000 	/System/Library/PrivateFrameworks/FaceCore.framework/Versions/A/FaceCore
0x00007fff2b98b000 	/System/Library/PrivateFrameworks/OTSVG.framework/Versions/A/OTSVG
0x00007fff2719a000 	/System/Library/Frameworks/ApplicationServices.framework/Versions/A/Frameworks/ATS.framework/Versions/A/Resources/libFontRegistry.dylib
0x00007fff2b9dd000 	/System/Library/PrivateFrameworks/FontServices.framework/libhvf.dylib
0x00007fff2b39d000 	/System/Library/PrivateFrameworks/AppleVA.framework/Versions/A/AppleVA
0x00007fff2d0e5000 	/System/Library/Frameworks/ApplicationServices.framework/Versions/A/Frameworks/ATS.framework/Versions/A/ATS
0x00007fff2d3f7000 	/System/Library/Frameworks/ApplicationServices.framework/Versions/A/Frameworks/ColorSyncLegacy.framework/Versions/A/ColorSyncLegacy
0x00007fff256c3000 	/System/Library/Frameworks/ApplicationServices.framework/Versions/A/Frameworks/HIServices.framework/Versions/A/HIServices
0x00007fff2d3dc000 	/System/Library/Frameworks/ApplicationServices.framework/Versions/A/Frameworks/LangAnalysis.framework/Versions/A/LangAnalysis
0x00007fff2c0b7000 	/System/Library/Frameworks/ApplicationServices.framework/Versions/A/Frameworks/PrintCore.framework/Versions/A/PrintCore
0x00007fff2d3ff000 	/System/Library/Frameworks/ApplicationServices.framework/Versions/A/Frameworks/QD.framework/Versions/A/QD
0x00007fff2d0d5000 	/System/Library/Frameworks/ApplicationServices.framework/Versions/A/Frameworks/SpeechSynthesis.framework/Versions/A/SpeechSynthesis
0x00007fff2c078000 	/System/Library/Frameworks/ApplicationServices.framework/Versions/A/Frameworks/ATSUI.framework/Versions/A/ATSUI
0x00007fff2d37c000 	/usr/lib/libcups.2.dylib
0x00007fff2d3ec000 	/System/Library/PrivateFrameworks/NetAuth.framework/Versions/A/NetAuth
0x00007fff2da96000 	/System/Library/Frameworks/Kerberos.framework/Versions/A/Kerberos
0x00007fff2daa6000 	/System/Library/Frameworks/GSS.framework/Versions/A/GSS
0x00007fff2d151000 	/usr/lib/libresolv.9.dylib
0x00007fff2b9f2000 	/System/Library/PrivateFrameworks/Heimdal.framework/Versions/A/Heimdal
0x00007fff3380d000 	/System/Library/Frameworks/Kerberos.framework/Versions/A/Libraries/libHeimdalProxy.dylib
0x00007fff262b2000 	/System/Library/Frameworks/Network.framework/Versions/A/Network
0x00007fff2b40b000 	/usr/lib/libheimdal-asn1.dylib
0x00007fff2daf6000 	/System/Library/PrivateFrameworks/CommonAuth.framework/Versions/A/CommonAuth
0x00007fff275ef000 	/System/Library/PrivateFrameworks/login.framework/Versions/A/Frameworks/loginsupport.framework/Versions/A/loginsupport
0x00007fff2d05a000 	/System/Library/PrivateFrameworks/AudioSession.framework/Versions/A/AudioSession
0x00007fff2d0c2000 	/usr/lib/libAudioStatistics.dylib
0x00007fff2b498000 	/System/Library/PrivateFrameworks/MediaExperience.framework/Versions/A/MediaExperience
0x00007fff2cef8000 	/System/Library/PrivateFrameworks/AudioSession.framework/libSessionUtility.dylib
0x00007fff2da87000 	/usr/lib/libperfcheck.dylib
0x00007fff2d40b000 	/System/Library/PrivateFrameworks/AudioResourceArbitration.framework/Versions/A/AudioResourceArbitration
0x00007fff2b415000 	/System/Library/PrivateFrameworks/IconFoundation.framework/Versions/A/IconFoundation
0x00007fff2ff1c000 	/System/Library/PrivateFrameworks/SpeechRecognitionCore.framework/Versions/A/SpeechRecognitionCore
0x0000000111000000 	/Library/Internet Plug-Ins/JavaAppletPlugin.plugin/Contents/Home/lib/server/libjvm.dylib
0x000000010ceb0000 	/Library/Internet Plug-Ins/JavaAppletPlugin.plugin/Contents/Home/lib/libverify.dylib
0x000000010ced6000 	/Library/Internet Plug-Ins/JavaAppletPlugin.plugin/Contents/Home/lib/libjava.dylib
0x000000010cfa0000 	/Library/Internet Plug-Ins/JavaAppletPlugin.plugin/Contents/Home/lib/libzip.dylib
0x000000012974e000 	/Library/Internet Plug-Ins/JavaAppletPlugin.plugin/Contents/Home/lib/libawt.dylib
0x0000000129893000 	/Library/Internet Plug-Ins/JavaAppletPlugin.plugin/Contents/Home/lib/libmlib_image.dylib
0x00007fff6e7ee000 	/System/Library/Frameworks/JavaNativeFoundation.framework/Versions/A/JavaNativeFoundation
0x00007fff6e7fa000 	/System/Library/Frameworks/JavaRuntimeSupport.framework/Versions/A/JavaRuntimeSupport
0x00007fff3ca8b000 	/System/Library/Frameworks/Carbon.framework/Versions/A/Carbon
0x00007fff31efc000 	/System/Library/PrivateFrameworks/CoreSymbolication.framework/Versions/A/CoreSymbolication
0x00007fff366f3000 	/System/Library/Frameworks/Carbon.framework/Versions/A/Frameworks/CommonPanels.framework/Versions/A/CommonPanels
0x00007fff332cc000 	/System/Library/Frameworks/Carbon.framework/Versions/A/Frameworks/Help.framework/Versions/A/Help
0x00007fff366f7000 	/System/Library/Frameworks/Carbon.framework/Versions/A/Frameworks/ImageCapture.framework/Versions/A/ImageCapture
0x00007fff366cf000 	/System/Library/Frameworks/Carbon.framework/Versions/A/Frameworks/OpenScripting.framework/Versions/A/OpenScripting
0x00007fff366ef000 	/System/Library/Frameworks/Carbon.framework/Versions/A/Frameworks/Ink.framework/Versions/A/Ink
0x00007fff3ca87000 	/System/Library/Frameworks/Carbon.framework/Versions/A/Frameworks/Print.framework/Versions/A/Print
0x00007fff366eb000 	/System/Library/Frameworks/Carbon.framework/Versions/A/Frameworks/SecurityHI.framework/Versions/A/SecurityHI
0x00007fff31ebf000 	/System/Library/PrivateFrameworks/DebugSymbols.framework/Versions/A/DebugSymbols
0x0000000129a47000 	/Library/Internet Plug-Ins/JavaAppletPlugin.plugin/Contents/Home/lib/libawt_lwawt.dylib
0x0000000129bc0000 	/Library/Internet Plug-Ins/JavaAppletPlugin.plugin/Contents/Home/lib/libosxapp.dylib
0x00007fff3c113000 	/System/Library/Frameworks/ExceptionHandling.framework/Versions/A/ExceptionHandling
0x00007fff22a9d000 	/System/Library/PrivateFrameworks/CoreServicesInternal.framework/Versions/A/CoreServicesInternal
0x00007fff31422000 	/System/Library/Frameworks/FileProvider.framework/Versions/A/FileProvider
0x00007fff260c9000 	/System/Library/Frameworks/Accounts.framework/Versions/A/Accounts
0x00007fff31543000 	/System/Library/PrivateFrameworks/GenerationalStorage.framework/Versions/A/GenerationalStorage
0x00007fff30e41000 	/System/Library/PrivateFrameworks/SymptomDiagnosticReporter.framework/Versions/A/SymptomDiagnosticReporter
0x00007fff2e733000 	/System/Library/PrivateFrameworks/AppContainer.framework/Versions/A/AppContainer
0x00007fff23be0000 	/System/Library/PrivateFrameworks/DesktopServicesPriv.framework/Versions/A/DesktopServicesPriv
0x00007fff22bd1000 	/usr/lib/libsandbox.1.dylib
0x00007fff2761b000 	/System/Library/PrivateFrameworks/UserManagement.framework/Versions/A/UserManagement
0x00007fff29e2b000 	/System/Library/PrivateFrameworks/MobileKeyBag.framework/Versions/A/MobileKeyBag
0x00007fff3486f000 	/System/Library/PrivateFrameworks/ChunkingLibrary.framework/Versions/A/ChunkingLibrary
0x00007fff2e748000 	/System/Library/PrivateFrameworks/SecCodeWrapper.framework/Versions/A/SecCodeWrapper
0x00007fff2b1ef000 	/System/Library/PrivateFrameworks/CrashReporterSupport.framework/Versions/A/CrashReporterSupport
0x00007fff47b0b000 	/System/Library/PrivateFrameworks/OSAnalytics.framework/Versions/A/OSAnalytics
0x00007fff7837d000 	/usr/lib/libRosetta.dylib
0x00007fff3325d000 	/System/Library/PrivateFrameworks/RemoteServiceDiscovery.framework/Versions/A/RemoteServiceDiscovery
0x00007fff515df000 	/System/Library/PrivateFrameworks/Symbolication.framework/Versions/A/Symbolication
0x00007fff3326d000 	/System/Library/PrivateFrameworks/RemoteXPC.framework/Versions/A/RemoteXPC
0x00007fff39558000 	/System/Library/PrivateFrameworks/OSAServicesClient.framework/Versions/A/OSAServicesClient
0x00007fff3d64d000 	/System/Library/PrivateFrameworks/MallocStackLogging.framework/Versions/A/MallocStackLogging
0x00007fff2e4cb000 	/System/Library/PrivateFrameworks/Sharing.framework/Versions/A/Sharing
0x00007fff32e3a000 	/System/Library/PrivateFrameworks/Apple80211.framework/Versions/A/Apple80211
0x00007fff2a4b1000 	/System/Library/PrivateFrameworks/AuthKit.framework/Versions/A/AuthKit
0x00007fff29c2b000 	/System/Library/PrivateFrameworks/CoreUtils.framework/Versions/A/CoreUtils
0x00007fff29b58000 	/System/Library/Frameworks/CoreWLAN.framework/Versions/A/CoreWLAN
0x00007fff2e612000 	/System/Library/Frameworks/IOBluetooth.framework/Versions/A/IOBluetooth
0x00007fff32e9e000 	/System/Library/PrivateFrameworks/CoreWiFi.framework/Versions/A/CoreWiFi
0x00007fff2db7c000 	/System/Library/PrivateFrameworks/CorePhoneNumbers.framework/Versions/A/CorePhoneNumbers
0x00007fff30f49000 	/System/Library/PrivateFrameworks/DiskManagement.framework/Versions/A/DiskManagement
0x00007fff30e5f000 	/System/Library/PrivateFrameworks/AppleIDAuthSupport.framework/Versions/A/AppleIDAuthSupport
0x00007fff2db59000 	/System/Library/PrivateFrameworks/KeychainCircle.framework/Versions/A/KeychainCircle
0x00007fff30f15000 	/System/Library/PrivateFrameworks/MediaKit.framework/Versions/A/MediaKit
0x00007fff30e6c000 	/System/Library/Frameworks/DiscRecording.framework/Versions/A/DiscRecording
0x00007fff2b311000 	/usr/lib/libCoreStorage.dylib
0x00007fff332d8000 	/usr/lib/libcsfde.dylib
0x00007fff2e74c000 	/System/Library/PrivateFrameworks/ProtectedCloudStorage.framework/Versions/A/ProtectedCloudStorage
0x00007fff332d0000 	/System/Library/PrivateFrameworks/EFILogin.framework/Versions/A/EFILogin
0x00007fff338c0000 	/System/Library/Frameworks/AudioUnit.framework/Versions/A/AudioUnit
0x00007fff30dab000 	/System/Library/Frameworks/CoreBluetooth.framework/Versions/A/CoreBluetooth
0x00007fff2b309000 	/usr/lib/libMatch.1.dylib
0x00007fff4382a000 	/System/Library/CoreServices/RawCamera.bundle/Contents/MacOS/RawCamera
0x00007fff2db07000 	/System/Library/PrivateFrameworks/MobileAsset.framework/Versions/A/MobileAsset
0x00007fff338e5000 	/System/Library/PrivateFrameworks/StreamingZip.framework/Versions/A/StreamingZip
0x00007fff2c2b0000 	/System/Library/Frameworks/MediaToolbox.framework/Versions/A/MediaToolbox
0x00007fff313f4000 	/System/Library/PrivateFrameworks/CoreAVCHD.framework/Versions/A/CoreAVCHD
0x00007fff30588000 	/System/Library/Frameworks/MediaAccessibility.framework/Versions/A/MediaAccessibility
0x00007fff313f0000 	/System/Library/PrivateFrameworks/Mangrove.framework/Versions/A/Mangrove
0x00007fff30594000 	/System/Library/PrivateFrameworks/AlgosScoreFramework.framework/Versions/A/AlgosScoreFramework
0x00007fff31daf000 	/System/Library/PrivateFrameworks/AppleVPA.framework/Versions/A/AppleVPA
0x00007fff31035000 	/System/Library/PrivateFrameworks/CoreAUC.framework/Versions/A/CoreAUC
0x00007fff4121e000 	/System/Library/Frameworks/Accelerate.framework/Versions/A/Frameworks/vImage.framework/Versions/A/Libraries/libCGInterfaces.dylib
0x000000012c1bd000 	/usr/lib/libobjc-trampolines.dylib
0x00007fff2731e000 	/System/Library/PrivateFrameworks/ViewBridge.framework/Versions/A/ViewBridge
0x00007fff2bab3000 	/System/Library/PrivateFrameworks/login.framework/Versions/A/login
0x000000012e7d6000 	/Library/Internet Plug-Ins/JavaAppletPlugin.plugin/Contents/Home/lib/libfontmanager.dylib
0x00007fff6b994000 	/System/Library/Frameworks/OpenGL.framework/Versions/A/Resources/GLEngine.bundle/GLEngine
0x00007fff6b7f4000 	/System/Library/Frameworks/OpenGL.framework/Versions/A/Libraries/libGLProgrammability.dylib
0x000000012e89c000 	/System/Library/Extensions/AppleMetalGLRenderer.bundle/Contents/MacOS/AppleMetalGLRenderer
0x00007fff6bb10000 	/System/Library/Frameworks/OpenGL.framework/Versions/A/Resources/GLRendererFloat.bundle/GLRendererFloat
0x000000012e9f2000 	/System/Library/Extensions/AGXMetal13_3.bundle/Contents/MacOS/AGXMetal13_3
0x00007fff388bd000 	/System/Library/PrivateFrameworks/IOGPU.framework/Versions/A/IOGPU
0x00007fff692ed000 	/System/Library/PrivateFrameworks/GPUCompiler.framework/Versions/31001/Libraries/libmetal_timestamp.dylib
0x000000012a89f000 	/Library/Internet Plug-Ins/JavaAppletPlugin.plugin/Contents/Home/lib/libosxui.dylib
0x00000001300f9000 	/Library/Internet Plug-Ins/JavaAppletPlugin.plugin/Contents/Home/lib/libmanagement.dylib
0x0000000130a44000 	/Library/Internet Plug-Ins/JavaAppletPlugin.plugin/Contents/Home/lib/libdcpr.dylib
0x0000000130ad0000 	/Library/Internet Plug-Ins/JavaAppletPlugin.plugin/Contents/Home/lib/libnio.dylib
0x0000000130afb000 	/Library/Internet Plug-Ins/JavaAppletPlugin.plugin/Contents/Home/lib/libnet.dylib
0x0000000139d1d000 	/Library/Internet Plug-Ins/JavaAppletPlugin.plugin/Contents/Home/lib/libt2k.dylib
0x00007fff6f226000 	/System/Library/PrivateFrameworks/AccessibilityBundles.framework/Versions/A/AccessibilityBundles

VM Arguments:
jvm_args: -Dfile.encoding=UTF-8 
java_command: circeIsland.main.Main
java_class_path (initial): /Users/emmay/Documents/GitHub/capstoneproject-capstone-emma-jiwoo-rittika-sarah/CapstoneProject/bin:/Users/emmay/Documents/GitHub/capstoneproject-capstone-emma-jiwoo-rittika-sarah/CapstoneProject/processing_core.jar:/Users/emmay/Documents/GitHub/capstoneproject-capstone-emma-jiwoo-rittika-sarah/CapstoneProject/core.jar:/Users/emmay/Documents/GitHub/capstoneproject-capstone-emma-jiwoo-rittika-sarah/CapstoneProject/G4P.jar
Launcher Type: SUN_STANDARD

Environment Variables:
PATH=/usr/bin:/bin:/usr/sbin:/sbin
SHELL=/bin/zsh

Signal Handlers:
SIGSEGV: [libjvm.dylib+0x5a1f9b], sa_mask[0]=11111111111111111111111111111111, sa_flags=SA_ONSTACK|SA_RESTART|SA_SIGINFO
SIGBUS: [libjvm.dylib+0x5a1f9b], sa_mask[0]=11111111111111111111111111111111, sa_flags=SA_RESTART|SA_SIGINFO
SIGFPE: [libjvm.dylib+0x492701], sa_mask[0]=11111111111111111111111111111111, sa_flags=SA_RESTART|SA_SIGINFO
SIGPIPE: [libjvm.dylib+0x492701], sa_mask[0]=11111111111111111111111111111111, sa_flags=SA_RESTART|SA_SIGINFO
SIGXFSZ: [libjvm.dylib+0x492701], sa_mask[0]=11111111111111111111111111111111, sa_flags=SA_RESTART|SA_SIGINFO
SIGILL: [libjvm.dylib+0x492701], sa_mask[0]=11111111111111111111111111111111, sa_flags=SA_RESTART|SA_SIGINFO
SIGUSR1: SIG_DFL, sa_mask[0]=00000000000000000000000000000000, sa_flags=none
SIGUSR2: [libjvm.dylib+0x492ffa], sa_mask[0]=00100000000000000000000000000000, sa_flags=SA_RESTART|SA_SIGINFO
SIGHUP: [libjvm.dylib+0x491209], sa_mask[0]=11111111111111111111111111111111, sa_flags=SA_RESTART|SA_SIGINFO
SIGINT: [libjvm.dylib+0x491209], sa_mask[0]=11111111111111111111111111111111, sa_flags=SA_RESTART|SA_SIGINFO
SIGTERM: [libjvm.dylib+0x491209], sa_mask[0]=11111111111111111111111111111111, sa_flags=SA_RESTART|SA_SIGINFO
SIGQUIT: [libjvm.dylib+0x491209], sa_mask[0]=11111111111111111111111111111111, sa_flags=SA_RESTART|SA_SIGINFO


---------------  S Y S T E M  ---------------

OS:Bsduname:Darwin 20.1.0 Darwin Kernel Version 20.1.0: Sun Oct 18 15:32:00 PDT 2020; root:xnu-7195.41.8~9/RELEASE_ARM64_T8101 x86_64
rlimit: STACK 8176k, CORE 0k, NPROC 1333, NOFILE 10240, AS infinity
load average:3.24 3.50 3.14

CPU:total 8 (initial active 8) (1 cores per cpu, 1 threads per core) family 6 model 44 stepping 0, cmov, cx8, fxsr, mmx, sse, sse2, sse3, ssse3, sse4.1, sse4.2, popcnt, aes, clmul, tsc, tscinvbit, tscinv

Memory: 4k page, physical 8388608k(25912k free)

/proc/meminfo:


vm_info: Java HotSpot(TM) 64-Bit Server VM (25.281-b09) for bsd-amd64 JRE (1.8.0_281-b09), built on Dec  9 2020 12:44:49 by "java_re" with gcc 4.2.1 Compatible Apple LLVM 10.0.0 (clang-1000.11.45.5)

time: Mon May 23 19:08:08 2022
timezone: PDT
elapsed time: 226.881529 seconds (0d 0h 3m 46s)

