#
# A fatal error has been detected by the Java Runtime Environment:
#
#  SIGSEGV (0xb) at pc=0x000000011307eca7, pid=92298, tid=0x0000000000011b13
#
# JRE version: Java(TM) SE Runtime Environment (8.0_261-b12) (build 1.8.0_261-b12)
# Java VM: Java HotSpot(TM) 64-Bit Server VM (25.261-b12 mixed mode bsd-amd64 compressed oops)
# Problematic frame:
# J 2046 C2 circeIsland.creatures.Nymph.act()V (61 bytes) @ 0x000000011307eca7 [0x000000011307eb20+0x187]
#
# Failed to write core dump. Core dumps have been disabled. To enable core dumping, try "ulimit -c unlimited" before starting Java again
#
# If you would like to submit a bug report, please visit:
#   http://bugreport.java.com/bugreport/crash.jsp
#

---------------  T H R E A D  ---------------

Current thread (0x00007fecdf9c3000):  JavaThread "Animation Thread" [_thread_in_Java, id=72467, stack(0x0000700007474000,0x0000700007574000)]

siginfo: si_signo: 11 (SIGSEGV), si_code: 1 (SEGV_MAPERR), si_addr: 0x0000000000000014

Registers:
RAX=0x0000000000000005, RBX=0x0000000000000002, RCX=0x0000000000000003, RDX=0x0000000000000006
RSP=0x0000700007573680, RBP=0x000000079ecfe6d0, RSI=0x0000000000000005, RDI=0x0000000000000019
R8 =0x00000000e835969a, R9 =0x00000000e8359684, R10=0x0000000000000014, R11=0x0000000000000006
R12=0x0000000000000000, R13=0x0000000000000004, R14=0x000000010a7d8000, R15=0x00007fecdf9c3000
RIP=0x000000011307eca7, EFLAGS=0x0000000000010297, ERR=0x0000000000000004
  TRAPNO=0x000000000000000e

Top of Stack: (sp=0x0000700007573680)
0x0000700007573680:   000000079df314f8 f3dfdaab0000000a
0x0000700007573690:   00000000f3dfdd66 00000001134fc61c
0x00007000075736a0:   0000000740957300 00000007e812ae60
0x00007000075736b0:   000000079efe2e20 000000073f800000
0x00007000075736c0:   000000079efed2b8 0000000746192a68
0x00007000075736d0:   0000000000000009 000000079efe2e20
0x00007000075736e0:   000000079ecfe6d0 0000000113536b10
0x00007000075736f0:   0000000900000008 00000009e8359820
0x0000700007573700:   00000007c009b388 00000007c00b2718
0x0000700007573710:   00000007c00aec90 448e3b38437f0000
0x0000700007573720:   0000000741acb420 0000000741acc100
0x0000700007573730:   443a0000442ec000 44328000443dc000
0x0000700007573740:   e812ae3800000018 00000007409571c0
0x0000700007573750:   0000000741acc118 00000007f3dfc574
0x0000700007573760:   000000079efe2ac8 00000001e812ae60
0x0000700007573770:   000000079efe2e20 000000074097a7e8
0x0000700007573780:   0000000041400000 0000000000000000
0x0000700007573790:   0000700007573aa0 0000000113411c2c
0x00007000075737a0:   0000700007573aa0 00000001132878dc
0x00007000075737b0:   0000700007573aa0 000000011338a73c
0x00007000075737c0:   00000007408aca08 00007000075737f0
0x00007000075737d0:   0000700007573aa0 0000000113401a54
0x00007000075737e0:   000000000000030d 000000079efe21c0
0x00007000075737f0:   0000700007573aa0 000000079efe21c0
0x0000700007573800:   00000028a418fc11 0000000740973398
0x0000700007573810:   0000000000000001 0000000740a9baa8
0x0000700007573820:   000000074096f9b8 0000000740a9bb68
0x0000700007573830:   000000079efe2ac8 000000079efe2ba0
0x0000700007573840:   0000700007573aa0 00000001132eefbc
0x0000700007573850:   0000700007573aa0 00000001132e2544
0x0000700007573860:   0000700007573aa0 00000001133fbc34
0x0000700007573870:   00000000f3dfc438 00000001132e623c 

Instructions: (pc=0x000000011307eca7)
0x000000011307ec87:   c0 3b 44 24 08 0f 84 59 05 00 00 41 83 c3 02 44
0x000000011307ec97:   3b 5c 24 08 0f 84 7c 05 00 00 41 ba 14 00 00 00
0x000000011307eca7:   45 8b 12 bb 10 00 00 00 33 c0 eb 7e 41 3b da 74
0x000000011307ecb7:   14 41 3b ca 74 0f 45 3b ea 74 0a 41 3b f2 74 05 

Register to memory mapping:

RAX=0x0000000000000005 is an unknown value
RBX=0x0000000000000002 is an unknown value
RCX=0x0000000000000003 is an unknown value
RDX=0x0000000000000006 is an unknown value
RSP=0x0000700007573680 is pointing into the stack for thread: 0x00007fecdf9c3000
RBP=0x000000079ecfe6d0 is an oop
circeIsland.creatures.Nymph 
 - klass: 'circeIsland/creatures/Nymph'
RSI=0x0000000000000005 is an unknown value
RDI=0x0000000000000019 is an unknown value
R8 =0x00000000e835969a is an unknown value
R9 =0x00000000e8359684 is an unknown value
R10=0x0000000000000014 is an unknown value
R11=0x0000000000000006 is an unknown value
R12=0x0000000000000000 is an unknown value
R13=0x0000000000000004 is an unknown value
R14=0x000000010a7d8000 is an unknown value
R15=0x00007fecdf9c3000 is a thread


Stack: [0x0000700007474000,0x0000700007574000],  sp=0x0000700007573680,  free space=1021k
Native frames: (J=compiled Java code, j=interpreted, Vv=VM code, C=native code)
J 2046 C2 circeIsland.creatures.Nymph.act()V (61 bytes) @ 0x000000011307eca7 [0x000000011307eb20+0x187]
J 1948 C2 circeIsland.screens.Island.draw()V (959 bytes) @ 0x0000000113536b10 [0x0000000113534d40+0x1dd0]
J 1660 C1 circeIsland.main.DrawingSurface.draw()V (225 bytes) @ 0x0000000113411c2c [0x000000011340ee60+0x2dcc]
J 1657 C1 processing.core.PApplet.handleDraw()V (253 bytes) @ 0x000000011340607c [0x0000000113405720+0x95c]
J 1585 C1 processing.awt.PSurfaceAWT$12.callDraw()V (18 bytes) @ 0x00000001133a5c84 [0x00000001133a5b60+0x124]
j  processing.core.PSurfaceNone$AnimationThread.run()V+30
v  ~StubRoutines::call_stub
V  [libjvm.dylib+0x2d42cd]
V  [libjvm.dylib+0x2d2f98]
V  [libjvm.dylib+0x2d31b3]
V  [libjvm.dylib+0x3416cd]
V  [libjvm.dylib+0x5636ee]
V  [libjvm.dylib+0x5635b3]
V  [libjvm.dylib+0x48e895]
C  [libsystem_pthread.dylib+0x64e1]  _pthread_start+0x7d
C  [libsystem_pthread.dylib+0x1f6b]  thread_start+0xf
C  0x0000000000000000


---------------  P R O C E S S  ---------------

Java Threads: ( => current thread )
  0x00007fecdf9c4800 JavaThread "DestroyJavaVM" [_thread_blocked, id=3587, stack(0x0000700005e29000,0x0000700005f29000)]
=>0x00007fecdf9c3000 JavaThread "Animation Thread" [_thread_in_Java, id=72467, stack(0x0000700007474000,0x0000700007574000)]
  0x00007fecdf9be800 JavaThread "AWT-EventQueue-0" [_thread_blocked, id=73219, stack(0x0000700007371000,0x0000700007471000)]
  0x00007fecdf1eb800 JavaThread "Java2D Disposer" daemon [_thread_blocked, id=80131, stack(0x000070000716b000,0x000070000726b000)]
  0x00007fecdf1d8800 JavaThread "Java2D Queue Flusher" daemon [_thread_blocked, id=47111, stack(0x0000700007068000,0x0000700007168000)]
  0x00007fecdf1a8000 JavaThread "AWT-Shutdown" [_thread_blocked, id=37379, stack(0x0000700006e5f000,0x0000700006f5f000)]
  0x00007fece1075800 JavaThread "AppKit Thread" daemon [_thread_in_native, id=259, stack(0x00007ff7b1ae9000,0x00007ff7b22e9000)]
  0x00007fece0893000 JavaThread "Service Thread" daemon [_thread_blocked, id=13059, stack(0x0000700006bd6000,0x0000700006cd6000)]
  0x00007fece101a800 JavaThread "C1 CompilerThread2" daemon [_thread_blocked, id=17411, stack(0x0000700006ad3000,0x0000700006bd3000)]
  0x00007fece1019800 JavaThread "C2 CompilerThread1" daemon [_thread_blocked, id=17923, stack(0x00007000069d0000,0x0000700006ad0000)]
  0x00007fece084f800 JavaThread "C2 CompilerThread0" daemon [_thread_blocked, id=18179, stack(0x00007000068cd000,0x00007000069cd000)]
  0x00007fece084e800 JavaThread "Signal Dispatcher" daemon [_thread_blocked, id=12291, stack(0x00007000067ca000,0x00007000068ca000)]
  0x00007fece083a000 JavaThread "Finalizer" daemon [_thread_blocked, id=11267, stack(0x000070000653e000,0x000070000663e000)]
  0x00007fecdf01f000 JavaThread "Reference Handler" daemon [_thread_blocked, id=20995, stack(0x000070000643b000,0x000070000653b000)]

Other Threads:
  0x00007fecdf01c000 VMThread [stack: 0x0000700006338000,0x0000700006438000] [id=21251]
  0x00007fece084e000 WatcherThread [stack: 0x0000700006cd9000,0x0000700006dd9000] [id=16899]

VM state:not at safepoint (normal execution)

VM Mutex/Monitor currently owned by a thread: None

heap address: 0x0000000740000000, size: 2048 MB, Compressed Oops mode: Zero based, Oop shift amount: 3
Narrow klass base: 0x0000000000000000, Narrow klass shift: 3
Compressed class space size: 1073741824 Address: 0x00000007c0000000

Heap:
 PSYoungGen      total 331776K, used 233197K [0x0000000795580000, 0x00000007b8e80000, 0x00000007c0000000)
  eden space 233984K, 68% used [0x0000000795580000,0x000000079f15dcd8,0x00000007a3a00000)
  from space 97792K, 75% used [0x00000007a3a00000,0x00000007a81dd860,0x00000007a9980000)
  to   space 112640K, 0% used [0x00000007b2080000,0x00000007b2080000,0x00000007b8e80000)
 ParOldGen       total 370688K, used 247991K [0x0000000740000000, 0x0000000756a00000, 0x0000000795580000)
  object space 370688K, 66% used [0x0000000740000000,0x000000074f22dcc8,0x0000000756a00000)
 Metaspace       used 13649K, capacity 13946K, committed 14208K, reserved 1062912K
  class space    used 1462K, capacity 1537K, committed 1664K, reserved 1048576K

Card table byte_map: [0x000000010e1d8000,0x000000010e5d9000] byte_map_base: 0x000000010a7d8000

Marking Bits: (ParMarkBitMap*) 0x000000010f242748
 Begin Bits: [0x0000000121e24000, 0x0000000123e24000)
 End Bits:   [0x0000000123e24000, 0x0000000125e24000)

Polling page: 0x000000010dd50000

CodeCache: size=245760Kb used=7168Kb max_used=7471Kb free=238591Kb
 bounds [0x0000000112e24000, 0x0000000113584000, 0x0000000121e24000]
 total_blobs=2539 nmethods=1958 adapters=494
 compilation: enabled

Compilation events (10 events):
Event: 90.146 Thread 0x00007fece1019800 nmethod 2043 0x0000000112f323d0 code [0x0000000112f32520, 0x0000000112f325d8]
Event: 90.146 Thread 0x00007fece084f800 nmethod 2042 0x0000000112f34c50 code [0x0000000112f34da0, 0x0000000112f34ed8]
Event: 98.368 Thread 0x00007fece084f800 2044       4       sun.java2d.SurfaceData::validatePipe (785 bytes)
Event: 98.368 Thread 0x00007fece1019800 2045       4       sun.java2d.SurfaceData::getMaskFill (24 bytes)
Event: 98.377 Thread 0x00007fece1019800 nmethod 2045 0x0000000112f32e10 code [0x0000000112f32fc0, 0x0000000112f33658]
Event: 98.385 Thread 0x00007fece084f800 nmethod 2044 0x0000000112f35b90 code [0x0000000112f35dc0, 0x0000000112f36a08]
Event: 99.723 Thread 0x00007fece1019800 2046       4       circeIsland.creatures.Nymph::act (61 bytes)
Event: 99.821 Thread 0x00007fece1019800 nmethod 2046 0x000000011307e710 code [0x000000011307eb20, 0x00000001130807f0]
Event: 99.883 Thread 0x00007fece101a800 2047       1       sun.lwawt.LWComponentPeer::getTarget (5 bytes)
Event: 99.883 Thread 0x00007fece101a800 nmethod 2047 0x0000000112f46350 code [0x0000000112f464a0, 0x0000000112f465b0]

GC Heap History (10 events):
Event: 3.490 GC heap before
{Heap before GC invocations=11 (full 2):
 PSYoungGen      total 229376K, used 227265K [0x0000000795580000, 0x00000007a9400000, 0x00000007c0000000)
  eden space 169472K, 99% used [0x0000000795580000,0x000000079fa19508,0x000000079fb00000)
  from space 59904K, 98% used [0x00000007a4100000,0x00000007a7a572d0,0x00000007a7b80000)
  to   space 71680K, 0% used [0x000000079fb00000,0x000000079fb00000,0x00000007a4100000)
 ParOldGen       total 129024K, used 79656K [0x0000000740000000, 0x0000000747e00000, 0x0000000795580000)
  object space 129024K, 61% used [0x0000000740000000,0x0000000744dca0e8,0x0000000747e00000)
 Metaspace       used 12467K, capacity 12716K, committed 12800K, reserved 1060864K
  class space    used 1427K, capacity 1500K, committed 1536K, reserved 1048576K
Event: 3.518 GC heap after
Heap after GC invocations=11 (full 2):
 PSYoungGen      total 241152K, used 70107K [0x0000000795580000, 0x00000007aec80000, 0x00000007c0000000)
  eden space 169472K, 0% used [0x0000000795580000,0x0000000795580000,0x000000079fb00000)
  from space 71680K, 97% used [0x000000079fb00000,0x00000007a3f76f10,0x00000007a4100000)
  to   space 84992K, 0% used [0x00000007a9980000,0x00000007a9980000,0x00000007aec80000)
 ParOldGen       total 129024K, used 111753K [0x0000000740000000, 0x0000000747e00000, 0x0000000795580000)
  object space 129024K, 86% used [0x0000000740000000,0x0000000746d22618,0x0000000747e00000)
 Metaspace       used 12467K, capacity 12716K, committed 12800K, reserved 1060864K
  class space    used 1427K, capacity 1500K, committed 1536K, reserved 1048576K
}
Event: 3.518 GC heap before
{Heap before GC invocations=12 (full 3):
 PSYoungGen      total 241152K, used 70107K [0x0000000795580000, 0x00000007aec80000, 0x00000007c0000000)
  eden space 169472K, 0% used [0x0000000795580000,0x0000000795580000,0x000000079fb00000)
  from space 71680K, 97% used [0x000000079fb00000,0x00000007a3f76f10,0x00000007a4100000)
  to   space 84992K, 0% used [0x00000007a9980000,0x00000007a9980000,0x00000007aec80000)
 ParOldGen       total 129024K, used 111753K [0x0000000740000000, 0x0000000747e00000, 0x0000000795580000)
  object space 129024K, 86% used [0x0000000740000000,0x0000000746d22618,0x0000000747e00000)
 Metaspace       used 12467K, capacity 12716K, committed 12800K, reserved 1060864K
  class space    used 1427K, capacity 1500K, committed 1536K, reserved 1048576K
Event: 3.546 GC heap after
Heap after GC invocations=12 (full 3):
 PSYoungGen      total 241152K, used 50154K [0x0000000795580000, 0x00000007aec80000, 0x00000007c0000000)
  eden space 169472K, 0% used [0x0000000795580000,0x0000000795580000,0x000000079fb00000)
  from space 71680K, 69% used [0x000000079fb00000,0x00000007a2bfa9e8,0x00000007a4100000)
  to   space 84992K, 0% used [0x00000007a9980000,0x00000007a9980000,0x00000007aec80000)
 ParOldGen       total 210944K, used 119834K [0x0000000740000000, 0x000000074ce00000, 0x0000000795580000)
  object space 210944K, 56% used [0x0000000740000000,0x0000000747506928,0x000000074ce00000)
 Metaspace       used 12467K, capacity 12716K, committed 12800K, reserved 1060864K
  class space    used 1427K, capacity 1500K, committed 1536K, reserved 1048576K
}
Event: 3.791 GC heap before
{Heap before GC invocations=13 (full 3):
 PSYoungGen      total 241152K, used 219626K [0x0000000795580000, 0x00000007aec80000, 0x00000007c0000000)
  eden space 169472K, 100% used [0x0000000795580000,0x000000079fb00000,0x000000079fb00000)
  from space 71680K, 69% used [0x000000079fb00000,0x00000007a2bfa9e8,0x00000007a4100000)
  to   space 84992K, 0% used [0x00000007a9980000,0x00000007a9980000,0x00000007aec80000)
 ParOldGen       total 210944K, used 119834K [0x0000000740000000, 0x000000074ce00000, 0x0000000795580000)
  object space 210944K, 56% used [0x0000000740000000,0x0000000747506928,0x000000074ce00000)
 Metaspace       used 12468K, capacity 12716K, committed 12800K, reserved 1060864K
  class space    used 1427K, capacity 1500K, committed 1536K, reserved 1048576K
Event: 3.866 GC heap after
Heap after GC invocations=13 (full 3):
 PSYoungGen      total 318976K, used 79442K [0x0000000795580000, 0x00000007b0e00000, 0x00000007c0000000)
  eden space 233984K, 0% used [0x0000000795580000,0x0000000795580000,0x00000007a3a00000)
  from space 84992K, 93% used [0x00000007a9980000,0x00000007ae714918,0x00000007aec80000)
  to   space 97792K, 0% used [0x00000007a3a00000,0x00000007a3a00000,0x00000007a9980000)
 ParOldGen       total 210944K, used 164588K [0x0000000740000000, 0x000000074ce00000, 0x0000000795580000)
  object space 210944K, 78% used [0x0000000740000000,0x000000074a0bb268,0x000000074ce00000)
 Metaspace       used 12468K, capacity 12716K, committed 12800K, reserved 1060864K
  class space    used 1427K, capacity 1500K, committed 1536K, reserved 1048576K
}
Event: 4.322 GC heap before
{Heap before GC invocations=14 (full 3):
 PSYoungGen      total 318976K, used 309026K [0x0000000795580000, 0x00000007b0e00000, 0x00000007c0000000)
  eden space 233984K, 98% used [0x0000000795580000,0x00000007a35b4200,0x00000007a3a00000)
  from space 84992K, 93% used [0x00000007a9980000,0x00000007ae714918,0x00000007aec80000)
  to   space 97792K, 0% used [0x00000007a3a00000,0x00000007a3a00000,0x00000007a9980000)
 ParOldGen       total 210944K, used 164588K [0x0000000740000000, 0x000000074ce00000, 0x0000000795580000)
  object space 210944K, 78% used [0x0000000740000000,0x000000074a0bb268,0x000000074ce00000)
 Metaspace       used 12508K, capacity 12812K, committed 13056K, reserved 1060864K
  class space    used 1429K, capacity 1532K, committed 1536K, reserved 1048576K
Event: 4.447 GC heap after
Heap after GC invocations=14 (full 3):
 PSYoungGen      total 331776K, used 90892K [0x0000000795580000, 0x00000007b8e80000, 0x00000007c0000000)
  eden space 233984K, 0% used [0x0000000795580000,0x0000000795580000,0x00000007a3a00000)
  from space 97792K, 92% used [0x00000007a3a00000,0x00000007a92c32e0,0x00000007a9980000)
  to   space 112640K, 0% used [0x00000007b2080000,0x00000007b2080000,0x00000007b8e80000)
 ParOldGen       total 249344K, used 243743K [0x0000000740000000, 0x000000074f380000, 0x0000000795580000)
  object space 249344K, 97% used [0x0000000740000000,0x000000074ee07cc8,0x000000074f380000)
 Metaspace       used 12508K, capacity 12812K, committed 13056K, reserved 1060864K
  class space    used 1429K, capacity 1532K, committed 1536K, reserved 1048576K
}
Event: 4.447 GC heap before
{Heap before GC invocations=15 (full 4):
 PSYoungGen      total 331776K, used 90892K [0x0000000795580000, 0x00000007b8e80000, 0x00000007c0000000)
  eden space 233984K, 0% used [0x0000000795580000,0x0000000795580000,0x00000007a3a00000)
  from space 97792K, 92% used [0x00000007a3a00000,0x00000007a92c32e0,0x00000007a9980000)
  to   space 112640K, 0% used [0x00000007b2080000,0x00000007b2080000,0x00000007b8e80000)
 ParOldGen       total 249344K, used 243743K [0x0000000740000000, 0x000000074f380000, 0x0000000795580000)
  object space 249344K, 97% used [0x0000000740000000,0x000000074ee07cc8,0x000000074f380000)
 Metaspace       used 12508K, capacity 12812K, committed 13056K, reserved 1060864K
  class space    used 1429K, capacity 1532K, committed 1536K, reserved 1048576K
Event: 4.517 GC heap after
Heap after GC invocations=15 (full 4):
 PSYoungGen      total 331776K, used 73590K [0x0000000795580000, 0x00000007b8e80000, 0x00000007c0000000)
  eden space 233984K, 0% used [0x0000000795580000,0x0000000795580000,0x00000007a3a00000)
  from space 97792K, 75% used [0x00000007a3a00000,0x00000007a81dd860,0x00000007a9980000)
  to   space 112640K, 0% used [0x00000007b2080000,0x00000007b2080000,0x00000007b8e80000)
 ParOldGen       total 370688K, used 247991K [0x0000000740000000, 0x0000000756a00000, 0x0000000795580000)
  object space 370688K, 66% used [0x0000000740000000,0x000000074f22dcc8,0x0000000756a00000)
 Metaspace       used 12508K, capacity 12812K, committed 13056K, reserved 1060864K
  class space    used 1429K, capacity 1532K, committed 1536K, reserved 1048576K
}

Deoptimization events (10 events):
Event: 2.908 Thread 0x00007fecdf96a800 Uncommon trap: reason=class_check action=maybe_recompile pc=0x00000001130ae534 method=java.io.BufferedInputStream.read1([BII)I @ 39
Event: 14.067 Thread 0x00007fecdf9c3000 Uncommon trap: reason=unstable_if action=reinterpret pc=0x000000011317c3ac method=sun.java2d.SunGraphics2D.setColor(Ljava/awt/Color;)V @ 35
Event: 14.070 Thread 0x00007fecdf9c3000 Uncommon trap: reason=unstable_if action=reinterpret pc=0x000000011316f0b4 method=sun.java2d.SunGraphics2D.setColor(Ljava/awt/Color;)V @ 42
Event: 14.070 Thread 0x00007fecdf9c3000 Uncommon trap: reason=class_check action=maybe_recompile pc=0x0000000113175ff4 method=sun.java2d.SunGraphics2D.draw(Ljava/awt/Shape;)V @ 6
Event: 14.129 Thread 0x00007fecdf9c3000 Uncommon trap: reason=class_check action=maybe_recompile pc=0x0000000113175ff4 method=sun.java2d.SunGraphics2D.draw(Ljava/awt/Shape;)V @ 6
Event: 14.187 Thread 0x00007fecdf9c3000 Uncommon trap: reason=class_check action=maybe_recompile pc=0x0000000113175ff4 method=sun.java2d.SunGraphics2D.draw(Ljava/awt/Shape;)V @ 6
Event: 14.247 Thread 0x00007fecdf9c3000 Uncommon trap: reason=class_check action=maybe_recompile pc=0x0000000113175ff4 method=sun.java2d.SunGraphics2D.draw(Ljava/awt/Shape;)V @ 6
Event: 16.524 Thread 0x00007fecdf9c3000 Uncommon trap: reason=unstable_if action=reinterpret pc=0x000000011333c28c method=circeIsland.screens.Island.draw()V @ 214
Event: 63.833 Thread 0x00007fecdf9c3000 Uncommon trap: reason=unstable_if action=reinterpret pc=0x00000001133d1f84 method=circeIsland.screens.Island.draw()V @ 950
Event: 63.894 Thread 0x00007fecdf9c3000 Uncommon trap: reason=unstable_if action=reinterpret pc=0x000000011331a8e4 method=circeIsland.screens.Island.draw()V @ 950

Classes redefined (0 events):
No events

Internal exceptions (10 events):
Event: 0.407 Thread 0x00007fece0808800 Exception <a 'java/io/FileNotFoundException'> (0x00000007958c46d8) thrown at [/jenkins/workspace/8-2-build-macosx-x86_64/jdk8u261/295/hotspot/src/share/vm/prims/jni.cpp, line 710]
Event: 0.407 Thread 0x00007fece0808800 Exception <a 'java/io/FileNotFoundException'> (0x00000007958c5248) thrown at [/jenkins/workspace/8-2-build-macosx-x86_64/jdk8u261/295/hotspot/src/share/vm/prims/jni.cpp, line 710]
Event: 0.428 Thread 0x00007fece0808800 Exception <a 'java/io/FileNotFoundException'> (0x00000007958dadf0) thrown at [/jenkins/workspace/8-2-build-macosx-x86_64/jdk8u261/295/hotspot/src/share/vm/prims/jni.cpp, line 710]
Event: 0.854 Thread 0x00007fecdf9c3000 Exception <a 'java/io/FileNotFoundException'> (0x00000007961fdc80) thrown at [/jenkins/workspace/8-2-build-macosx-x86_64/jdk8u261/295/hotspot/src/share/vm/prims/jni.cpp, line 710]
Event: 0.855 Thread 0x00007fecdf9c3000 Exception <a 'java/io/FileNotFoundException'> (0x0000000796201768) thrown at [/jenkins/workspace/8-2-build-macosx-x86_64/jdk8u261/295/hotspot/src/share/vm/prims/jni.cpp, line 710]
Event: 0.855 Thread 0x00007fecdf9c3000 Exception <a 'java/io/FileNotFoundException'> (0x0000000796202638) thrown at [/jenkins/workspace/8-2-build-macosx-x86_64/jdk8u261/295/hotspot/src/share/vm/prims/jni.cpp, line 710]
Event: 0.855 Thread 0x00007fecdf9c3000 Exception <a 'java/io/FileNotFoundException'> (0x0000000796202f50) thrown at [/jenkins/workspace/8-2-build-macosx-x86_64/jdk8u261/295/hotspot/src/share/vm/prims/jni.cpp, line 710]
Event: 0.856 Thread 0x00007fecdf9c3000 Exception <a 'java/io/FileNotFoundException'> (0x0000000796204d58) thrown at [/jenkins/workspace/8-2-build-macosx-x86_64/jdk8u261/295/hotspot/src/share/vm/prims/jni.cpp, line 710]
Event: 1.389 Thread 0x00007fece083a000 Exception <a 'java/lang/NullPointerException'> (0x0000000795b692f0) thrown at [/jenkins/workspace/8-2-build-macosx-x86_64/jdk8u261/295/hotspot/src/share/vm/interpreter/linkResolver.cpp, line 1185]
Event: 99.884 Thread 0x00007fecdf9c3000 Implicit null exception at 0x000000011307eca7 to 0x0000000000000000

Events (10 events):
Event: 99.883 loading class sun/awt/AWTAccessor$MouseEventAccessor
Event: 99.883 loading class sun/awt/AWTAccessor$MouseEventAccessor done
Event: 99.883 loading class java/awt/event/MouseEvent$1 done
Event: 99.883 loading class sun/lwawt/LWCursorManager$1
Event: 99.883 loading class sun/lwawt/LWCursorManager$1 done
Event: 99.883 loading class sun/lwawt/macosx/CCustomCursor
Event: 99.883 loading class sun/lwawt/macosx/CCustomCursor done
Event: 99.883 Thread 0x00007fece101a800 flushing nmethod 0x0000000113047250
Event: 99.883 Thread 0x00007fece101a800 flushing nmethod 0x000000011305a010
Event: 99.883 Thread 0x00007fece101a800 flushing nmethod 0x000000011306e290


Dynamic libraries:
0x00007ff8256b1000 	/System/Library/Frameworks/Cocoa.framework/Versions/A/Cocoa
0x00007ff81132e000 	/System/Library/Frameworks/AppKit.framework/Versions/C/AppKit
0x00007ff814839000 	/System/Library/Frameworks/CoreData.framework/Versions/A/CoreData
0x00007ff80f73a000 	/System/Library/Frameworks/Foundation.framework/Versions/C/Foundation
0x00007ff81965a000 	/usr/lib/libSystem.B.dylib
0x00007ff8121bc000 	/System/Library/PrivateFrameworks/UIFoundation.framework/Versions/A/UIFoundation
0x00007ff81f5bb000 	/System/Library/PrivateFrameworks/RemoteViewServices.framework/Versions/A/RemoteViewServices
0x00007ff8178a5000 	/System/Library/PrivateFrameworks/XCTTargetBootstrap.framework/Versions/A/XCTTargetBootstrap
0x00007ff81b461000 	/System/Library/PrivateFrameworks/InternationalSupport.framework/Versions/A/InternationalSupport
0x00007ff81b4eb000 	/System/Library/PrivateFrameworks/UserActivity.framework/Versions/A/UserActivity
0x00007ff81a841000 	/usr/lib/libspindump.dylib
0x00007ff81244a000 	/System/Library/Frameworks/UniformTypeIdentifiers.framework/Versions/A/UniformTypeIdentifiers
0x00007ff815fce000 	/usr/lib/libapp_launch_measurement.dylib
0x00007ff815209000 	/System/Library/PrivateFrameworks/CoreAnalytics.framework/Versions/A/CoreAnalytics
0x00007ff815fd1000 	/System/Library/PrivateFrameworks/CoreAutoLayout.framework/Versions/A/CoreAutoLayout
0x00007ff8171ff000 	/System/Library/Frameworks/Metal.framework/Versions/A/Metal
0x00007ff817f2b000 	/usr/lib/liblangid.dylib
0x00007ff8178aa000 	/System/Library/PrivateFrameworks/CoreSVG.framework/Versions/A/CoreSVG
0x00007ff813831000 	/System/Library/PrivateFrameworks/SkyLight.framework/Versions/A/SkyLight
0x00007ff813bcf000 	/System/Library/Frameworks/CoreGraphics.framework/Versions/A/CoreGraphics
0x00007ff81fc7b000 	/System/Library/Frameworks/Accelerate.framework/Versions/A/Accelerate
0x00007ff81a2c0000 	/System/Library/PrivateFrameworks/IconServices.framework/Versions/A/IconServices
0x00007ff8171e4000 	/System/Library/Frameworks/IOSurface.framework/Versions/A/IOSurface
0x00007ff815237000 	/usr/lib/libDiagnosticMessagesClient.dylib
0x00007ff81957a000 	/usr/lib/libz.1.dylib
0x00007ff82335e000 	/System/Library/Frameworks/ApplicationServices.framework/Versions/A/ApplicationServices
0x00007ff817891000 	/System/Library/PrivateFrameworks/DFRFoundation.framework/Versions/A/DFRFoundation
0x00007ff810c16000 	/usr/lib/libicucore.A.dylib
0x00007ff81c256000 	/System/Library/Frameworks/AudioToolbox.framework/Versions/A/AudioToolbox
0x00007ff81b46d000 	/System/Library/PrivateFrameworks/DataDetectorsCore.framework/Versions/A/DataDetectorsCore
0x00007ff9173fa000 	/System/Library/PrivateFrameworks/TextInput.framework/Versions/A/TextInput
0x00007ff8137b4000 	/usr/lib/libMobileGestalt.dylib
0x00007ff81759d000 	/System/Library/Frameworks/Carbon.framework/Versions/A/Frameworks/HIToolbox.framework/Versions/A/HIToolbox
0x00007ff8159d4000 	/System/Library/Frameworks/QuartzCore.framework/Versions/A/QuartzCore
0x00007ff8108bd000 	/System/Library/Frameworks/Security.framework/Versions/A/Security
0x00007ff81f5f3000 	/System/Library/Frameworks/Carbon.framework/Versions/A/Frameworks/SpeechRecognition.framework/Versions/A/SpeechRecognition
0x00007ff815d2e000 	/System/Library/PrivateFrameworks/CoreUI.framework/Versions/A/CoreUI
0x00007ff810189000 	/System/Library/Frameworks/CoreAudio.framework/Versions/A/CoreAudio
0x00007ff815326000 	/System/Library/Frameworks/DiskArbitration.framework/Versions/A/DiskArbitration
0x00007ff81ac2f000 	/System/Library/PrivateFrameworks/MultitouchSupport.framework/Versions/A/MultitouchSupport
0x00007ff8137b3000 	/usr/lib/libenergytrace.dylib
0x00007ff81121a000 	/System/Library/Frameworks/IOKit.framework/Versions/A/IOKit
0x00007ff81f9e3000 	/System/Library/Frameworks/CoreServices.framework/Versions/A/CoreServices
0x00007ff815f68000 	/System/Library/PrivateFrameworks/PerformanceAnalysis.framework/Versions/A/PerformanceAnalysis
0x00007ffa2691e000 	/System/Library/Frameworks/OpenGL.framework/Versions/A/OpenGL
0x00007ff818b94000 	/System/Library/PrivateFrameworks/MobileKeyBag.framework/Versions/A/MobileKeyBag
0x00007ff80e70a000 	/usr/lib/libobjc.A.dylib
0x00007ff81429a000 	/System/Library/Frameworks/ColorSync.framework/Versions/A/ColorSync
0x00007ff80e8c8000 	/System/Library/Frameworks/CoreFoundation.framework/Versions/A/CoreFoundation
0x00007ff817b21000 	/System/Library/Frameworks/CoreImage.framework/Versions/A/CoreImage
0x00007ff80ffa1000 	/System/Library/Frameworks/CoreText.framework/Versions/A/CoreText
0x00007ff8178da000 	/System/Library/Frameworks/ImageIO.framework/Versions/A/ImageIO
0x00007ff819660000 	/System/Library/PrivateFrameworks/SoftLinking.framework/Versions/A/SoftLinking
0x00007ff816019000 	/usr/lib/libxml2.2.dylib
0x00007ff80e7d4000 	/usr/lib/libc++.1.dylib
0x00007ff8198e4000 	/usr/lib/libcompression.dylib
0x00007ff81b394000 	/System/Library/PrivateFrameworks/TextureIO.framework/Versions/A/TextureIO
0x00007ff819fd2000 	/usr/lib/libate.dylib
0x00007ff819655000 	/usr/lib/system/libcache.dylib
0x00007ff819611000 	/usr/lib/system/libcommonCrypto.dylib
0x00007ff81963a000 	/usr/lib/system/libcompiler_rt.dylib
0x00007ff819630000 	/usr/lib/system/libcopyfile.dylib
0x00007ff80e605000 	/usr/lib/system/libcorecrypto.dylib
0x00007ff80e6c3000 	/usr/lib/system/libdispatch.dylib
0x00007ff80e887000 	/usr/lib/system/libdyld.dylib
0x00007ff81964c000 	/usr/lib/system/libkeymgr.dylib
0x00007ff8195ef000 	/usr/lib/system/libmacho.dylib
0x00007ff818c6e000 	/usr/lib/system/libquarantine.dylib
0x00007ff81964a000 	/usr/lib/system/libremovefile.dylib
0x00007ff813801000 	/usr/lib/system/libsystem_asl.dylib
0x00007ff80e5ae000 	/usr/lib/system/libsystem_blocks.dylib
0x00007ff80e74b000 	/usr/lib/system/libsystem_c.dylib
0x00007ff819642000 	/usr/lib/system/libsystem_collections.dylib
0x00007ff817f1b000 	/usr/lib/system/libsystem_configuration.dylib
0x00007ff8171c7000 	/usr/lib/system/libsystem_containermanager.dylib
0x00007ff819328000 	/usr/lib/system/libsystem_coreservices.dylib
0x00007ff810eaa000 	/usr/lib/system/libsystem_darwin.dylib
0x00007ff81964d000 	/usr/lib/system/libsystem_dnssd.dylib
0x00007ff80e748000 	/usr/lib/system/libsystem_featureflags.dylib
0x00007ff80e89d000 	/usr/lib/system/libsystem_info.dylib
0x00007ff81958d000 	/usr/lib/system/libsystem_m.dylib
0x00007ff80e697000 	/usr/lib/system/libsystem_malloc.dylib
0x00007ff81379c000 	/usr/lib/system/libsystem_networkextension.dylib
0x00007ff8112d0000 	/usr/lib/system/libsystem_notify.dylib
0x00007ff81f8b8000 	/usr/lib/system/libsystem_product_info_filter.dylib
0x00007ff817f1f000 	/usr/lib/system/libsystem_sandbox.dylib
0x00007ff819647000 	/usr/lib/system/libsystem_secinit.dylib
0x00007ff80e843000 	/usr/lib/system/libsystem_kernel.dylib
0x00007ff80e893000 	/usr/lib/system/libsystem_platform.dylib
0x00007ff80e87b000 	/usr/lib/system/libsystem_pthread.dylib
0x00007ff815049000 	/usr/lib/system/libsystem_symptoms.dylib
0x00007ff80e5ec000 	/usr/lib/system/libsystem_trace.dylib
0x00007ff81961d000 	/usr/lib/system/libunwind.dylib
0x00007ff80e5b0000 	/usr/lib/system/libxpc.dylib
0x00007ff80e82d000 	/usr/lib/libc++abi.dylib
0x00007ff819628000 	/usr/lib/liboah.dylib
0x00007ff819dae000 	/usr/lib/liblzma.5.dylib
0x00007ff80f44d000 	/System/Library/Frameworks/SystemConfiguration.framework/Versions/A/SystemConfiguration
0x00007ff81965c000 	/usr/lib/libfakelink.dylib
0x00007ff81330d000 	/System/Library/Frameworks/CFNetwork.framework/Versions/A/CFNetwork
0x00007ff81979d000 	/usr/lib/libarchive.2.dylib
0x00007ff817f27000 	/System/Library/PrivateFrameworks/AppleSystemInfo.framework/Versions/A/AppleSystemInfo
0x00007ff818c95000 	/usr/lib/libbsm.0.dylib
0x00007ff812920000 	/usr/lib/libnetwork.dylib
0x00007ff8195f5000 	/usr/lib/system/libkxld.dylib
0x00007ff8188c1000 	/System/Library/PrivateFrameworks/IOMobileFramebuffer.framework/Versions/A/IOMobileFramebuffer
0x00007ffb25e25000 	/usr/lib/libCoreEntitlements.dylib
0x00007ff81930a000 	/System/Library/PrivateFrameworks/AppleFSCompression.framework/Versions/A/AppleFSCompression
0x00007ff818c7d000 	/usr/lib/libcoretls.dylib
0x00007ff819dc8000 	/usr/lib/libcoretls_cfhelpers.dylib
0x00007ff8198df000 	/usr/lib/libpam.2.dylib
0x00007ff814c69000 	/usr/lib/libsqlite3.dylib
0x00007ff819e37000 	/usr/lib/libxar.1.dylib
0x00007ff81931a000 	/usr/lib/libbz2.1.0.dylib
0x00007ff819661000 	/usr/lib/libpcap.A.dylib
0x00007ff815041000 	/usr/lib/libdns_services.dylib
0x00007ff8198af000 	/usr/lib/libapple_nghttp2.dylib
0x00007ff81969b000 	/usr/lib/libiconv.2.dylib
0x00007ff8195ee000 	/usr/lib/libcharset.1.dylib
0x00007ff815f9c000 	/System/Library/Frameworks/CoreServices.framework/Versions/A/Frameworks/FSEvents.framework/Versions/A/FSEvents
0x00007ff810eb4000 	/System/Library/Frameworks/CoreServices.framework/Versions/A/Frameworks/CarbonCore.framework/Versions/A/CarbonCore
0x00007ff81528a000 	/System/Library/Frameworks/CoreServices.framework/Versions/A/Frameworks/Metadata.framework/Versions/A/Metadata
0x00007ff81932d000 	/System/Library/Frameworks/CoreServices.framework/Versions/A/Frameworks/OSServices.framework/Versions/A/OSServices
0x00007ff819824000 	/System/Library/Frameworks/CoreServices.framework/Versions/A/Frameworks/SearchKit.framework/Versions/A/SearchKit
0x00007ff814fd4000 	/System/Library/Frameworks/CoreServices.framework/Versions/A/Frameworks/AE.framework/Versions/A/AE
0x00007ff80edca000 	/System/Library/Frameworks/CoreServices.framework/Versions/A/Frameworks/LaunchServices.framework/Versions/A/LaunchServices
0x00007ff819d5f000 	/System/Library/Frameworks/CoreServices.framework/Versions/A/Frameworks/DictionaryServices.framework/Versions/A/DictionaryServices
0x00007ff815fa9000 	/System/Library/Frameworks/CoreServices.framework/Versions/A/Frameworks/SharedFileList.framework/Versions/A/SharedFileList
0x00007ff818c71000 	/usr/lib/libCheckFix.dylib
0x00007ff813818000 	/System/Library/PrivateFrameworks/TCC.framework/Versions/A/TCC
0x00007ff817f2d000 	/System/Library/PrivateFrameworks/CoreNLP.framework/Versions/A/CoreNLP
0x00007ff81523a000 	/System/Library/PrivateFrameworks/MetadataUtilities.framework/Versions/A/MetadataUtilities
0x00007ff80f4fd000 	/usr/lib/libmecabra.dylib
0x00007ff818ca5000 	/usr/lib/libmecab.dylib
0x00007ff80f4c8000 	/usr/lib/libCRFSuite.dylib
0x00007ff818cff000 	/usr/lib/libgermantok.dylib
0x00007ff81988a000 	/usr/lib/libThaiTokenizer.dylib
0x00007ff81532d000 	/System/Library/Frameworks/Accelerate.framework/Versions/A/Frameworks/vImage.framework/Versions/A/vImage
0x00007ff81f9ba000 	/System/Library/Frameworks/Accelerate.framework/Versions/A/Frameworks/vecLib.framework/Versions/A/vecLib
0x00007ff819e78000 	/System/Library/Frameworks/Accelerate.framework/Versions/A/Frameworks/vecLib.framework/Versions/A/libvMisc.dylib
0x00007ff8186ec000 	/System/Library/Frameworks/Accelerate.framework/Versions/A/Frameworks/vecLib.framework/Versions/A/libvDSP.dylib
0x00007ff80f144000 	/System/Library/Frameworks/Accelerate.framework/Versions/A/Frameworks/vecLib.framework/Versions/A/libBLAS.dylib
0x00007ff8199c1000 	/System/Library/Frameworks/Accelerate.framework/Versions/A/Frameworks/vecLib.framework/Versions/A/libLAPACK.dylib
0x00007ff818d02000 	/System/Library/Frameworks/Accelerate.framework/Versions/A/Frameworks/vecLib.framework/Versions/A/libLinearAlgebra.dylib
0x00007ff8198c7000 	/System/Library/Frameworks/Accelerate.framework/Versions/A/Frameworks/vecLib.framework/Versions/A/libSparseBLAS.dylib
0x00007ff8199bb000 	/System/Library/Frameworks/Accelerate.framework/Versions/A/Frameworks/vecLib.framework/Versions/A/libQuadrature.dylib
0x00007ff818018000 	/System/Library/Frameworks/Accelerate.framework/Versions/A/Frameworks/vecLib.framework/Versions/A/libBNNS.dylib
0x00007ff80f3de000 	/System/Library/Frameworks/Accelerate.framework/Versions/A/Frameworks/vecLib.framework/Versions/A/libSparse.dylib
0x00007ff818011000 	/System/Library/PrivateFrameworks/LinguisticData.framework/Versions/A/LinguisticData
0x00007ff80f394000 	/System/Library/PrivateFrameworks/Lexicon.framework/Versions/A/Lexicon
0x00007ff819e71000 	/usr/lib/libChineseTokenizer.dylib
0x00007ff80faf6000 	/System/Library/PrivateFrameworks/LanguageModeling.framework/Versions/A/LanguageModeling
0x00007ff81988c000 	/System/Library/PrivateFrameworks/AppleSauce.framework/Versions/A/AppleSauce
0x00007ff8188af000 	/System/Library/PrivateFrameworks/CoreEmoji.framework/Versions/A/CoreEmoji
0x00007ff81978c000 	/usr/lib/libcmph.dylib
0x00007ff815f80000 	/System/Library/Frameworks/OpenDirectory.framework/Versions/A/Frameworks/CFOpenDirectory.framework/Versions/A/CFOpenDirectory
0x00007ff815f74000 	/System/Library/Frameworks/OpenDirectory.framework/Versions/A/OpenDirectory
0x00007ff819dca000 	/System/Library/PrivateFrameworks/APFS.framework/Versions/A/APFS
0x00007ff818bcc000 	/System/Library/Frameworks/SecurityFoundation.framework/Versions/A/SecurityFoundation
0x00007ff819e45000 	/usr/lib/libutil.dylib
0x00007ff8111de000 	/System/Library/PrivateFrameworks/CoreServicesStore.framework/Versions/A/CoreServicesStore
0x00007ff819e49000 	/usr/lib/libxslt.1.dylib
0x00007ff818c59000 	/System/Library/PrivateFrameworks/BackgroundTaskManagement.framework/Versions/A/BackgroundTaskManagement
0x00007ff81b2b4000 	/System/Library/Frameworks/ImageIO.framework/Versions/A/Resources/libRadiance.dylib
0x00007ff81b2bd000 	/System/Library/Frameworks/ImageIO.framework/Versions/A/Resources/libJPEG.dylib
0x00007ff81b20e000 	/System/Library/Frameworks/ImageIO.framework/Versions/A/Resources/libPng.dylib
0x00007ff81b22f000 	/System/Library/Frameworks/ImageIO.framework/Versions/A/Resources/libTIFF.dylib
0x00007ff81b31d000 	/System/Library/Frameworks/ImageIO.framework/Versions/A/Resources/libGIF.dylib
0x00007ff81ab49000 	/System/Library/Frameworks/ImageIO.framework/Versions/A/Resources/libJP2.dylib
0x00007ff81a287000 	/usr/lib/libexpat.1.dylib
0x00007ff81aafe000 	/System/Library/PrivateFrameworks/AppleJPEG.framework/Versions/A/AppleJPEG
0x00007ff817461000 	/System/Library/PrivateFrameworks/FontServices.framework/libFontParser.dylib
0x00007ff814f7e000 	/System/Library/PrivateFrameworks/RunningBoardServices.framework/Versions/A/RunningBoardServices
0x00007ff825c69000 	/System/Library/PrivateFrameworks/IOSurfaceAccelerator.framework/Versions/A/IOSurfaceAccelerator
0x00007ff81ac2b000 	/System/Library/PrivateFrameworks/WatchdogClient.framework/Versions/A/WatchdogClient
0x00007ff80fbe4000 	/System/Library/Frameworks/CoreDisplay.framework/Versions/A/CoreDisplay
0x00007ff81735f000 	/System/Library/Frameworks/CoreMedia.framework/Versions/A/CoreMedia
0x00007ff8171f6000 	/System/Library/PrivateFrameworks/IOAccelerator.framework/Versions/A/IOAccelerator
0x00007ff8160fd000 	/System/Library/Frameworks/CoreVideo.framework/Versions/A/CoreVideo
0x00007ff8198dd000 	/System/Library/Frameworks/MetalPerformanceShaders.framework/Versions/A/MetalPerformanceShaders
0x00007ff81ac68000 	/System/Library/Frameworks/VideoToolbox.framework/Versions/A/VideoToolbox
0x00007ff814ec8000 	/System/Library/PrivateFrameworks/BaseBoard.framework/Versions/A/BaseBoard
0x00007ff814c4f000 	/System/Library/PrivateFrameworks/ProtocolBuffer.framework/Versions/A/ProtocolBuffer
0x00007ff81b2ad000 	/System/Library/PrivateFrameworks/GPUWrangler.framework/Versions/A/GPUWrangler
0x00007ff81b291000 	/System/Library/PrivateFrameworks/IOPresentment.framework/Versions/A/IOPresentment
0x00007ff81b2b7000 	/System/Library/PrivateFrameworks/DSExternalDisplay.framework/Versions/A/DSExternalDisplay
0x00007ffa26912000 	/System/Library/Frameworks/OpenGL.framework/Versions/A/Libraries/libCoreFSCache.dylib
0x00007ffb135ce000 	/System/Library/PrivateFrameworks/GPUCompiler.framework/Versions/31001/Libraries/libGPUCompilerUtils.dylib
0x00007ff81b322000 	/System/Library/PrivateFrameworks/CMCaptureCore.framework/Versions/A/CMCaptureCore
0x00007ff81a82f000 	/System/Library/PrivateFrameworks/AppServerSupport.framework/Versions/A/AppServerSupport
0x00007ff81caee000 	/System/Library/PrivateFrameworks/perfdata.framework/Versions/A/perfdata
0x00007ff80fd10000 	/System/Library/PrivateFrameworks/AudioToolboxCore.framework/Versions/A/AudioToolboxCore
0x00007ff81733d000 	/System/Library/PrivateFrameworks/caulk.framework/Versions/A/caulk
0x00007ff81c400000 	/usr/lib/libAudioStatistics.dylib
0x00007ff913ba8000 	/System/Library/PrivateFrameworks/SystemPolicy.framework/Versions/A/SystemPolicy
0x00007ff81c65b000 	/usr/lib/libSMC.dylib
0x00007ff825564000 	/System/Library/Frameworks/CoreMIDI.framework/Versions/A/CoreMIDI
0x00007ff81b1dd000 	/usr/lib/libAudioToolboxUtility.dylib
0x00007ff90fe4b000 	/System/Library/PrivateFrameworks/OSAServicesClient.framework/Versions/A/OSAServicesClient
0x00007ff81cafb000 	/usr/lib/libperfcheck.dylib
0x00007ff914652000 	/usr/lib/libmis.dylib
0x00007ffa2696d000 	/System/Library/Frameworks/OpenGL.framework/Versions/A/Libraries/libGLU.dylib
0x00007ffa26931000 	/System/Library/Frameworks/OpenGL.framework/Versions/A/Libraries/libGFXShared.dylib
0x00007ffa26b3a000 	/System/Library/Frameworks/OpenGL.framework/Versions/A/Libraries/libGL.dylib
0x00007ffa2693a000 	/System/Library/Frameworks/OpenGL.framework/Versions/A/Libraries/libGLImage.dylib
0x00007ffa2692e000 	/System/Library/Frameworks/OpenGL.framework/Versions/A/Libraries/libCVMSPluginSupport.dylib
0x00007ffa26919000 	/System/Library/Frameworks/OpenGL.framework/Versions/A/Libraries/libCoreVMClient.dylib
0x00007ff817ea9000 	/System/Library/Frameworks/MetalPerformanceShaders.framework/Versions/A/Frameworks/MPSCore.framework/Versions/A/MPSCore
0x00007ff819275000 	/System/Library/Frameworks/MetalPerformanceShaders.framework/Versions/A/Frameworks/MPSImage.framework/Versions/A/MPSImage
0x00007ff818d18000 	/System/Library/Frameworks/MetalPerformanceShaders.framework/Versions/A/Frameworks/MPSNeuralNetwork.framework/Versions/A/MPSNeuralNetwork
0x00007ff81918c000 	/System/Library/Frameworks/MetalPerformanceShaders.framework/Versions/A/Frameworks/MPSMatrix.framework/Versions/A/MPSMatrix
0x00007ff818f47000 	/System/Library/Frameworks/MetalPerformanceShaders.framework/Versions/A/Frameworks/MPSRayIntersector.framework/Versions/A/MPSRayIntersector
0x00007ff8191c4000 	/System/Library/Frameworks/MetalPerformanceShaders.framework/Versions/A/Frameworks/MPSNDArray.framework/Versions/A/MPSNDArray
0x00007ffa2b89a000 	/System/Library/Frameworks/MetalPerformanceShaders.framework/Versions/A/Frameworks/MPSFunctions.framework/Versions/A/MPSFunctions
0x00007ff80f021000 	/System/Library/PrivateFrameworks/MetalTools.framework/Versions/A/MetalTools
0x00007ff817f25000 	/System/Library/PrivateFrameworks/AggregateDictionary.framework/Versions/A/AggregateDictionary
0x00007ff81a069000 	/usr/lib/libIOReport.dylib
0x00007ffa27f49000 	/System/Library/Frameworks/OpenCL.framework/Versions/A/OpenCL
0x00007ff81a3cd000 	/System/Library/PrivateFrameworks/FaceCore.framework/Versions/A/FaceCore
0x00007ff81a3be000 	/System/Library/PrivateFrameworks/GraphVisualizer.framework/Versions/A/GraphVisualizer
0x00007ffb134d9000 	/System/Library/PrivateFrameworks/FontServices.framework/Versions/A/FontServices
0x00007ff81a7e7000 	/System/Library/PrivateFrameworks/OTSVG.framework/Versions/A/OTSVG
0x00007ff815ce4000 	/System/Library/Frameworks/ApplicationServices.framework/Versions/A/Frameworks/ATS.framework/Versions/A/Resources/libFontRegistry.dylib
0x00007ff81a837000 	/System/Library/PrivateFrameworks/FontServices.framework/libhvf.dylib
0x00007ffb134da000 	/System/Library/PrivateFrameworks/FontServices.framework/libXTFontStaticRegistryData.dylib
0x00007ff81a237000 	/System/Library/PrivateFrameworks/AppleVA.framework/Versions/A/AppleVA
0x00007ff81c420000 	/System/Library/Frameworks/ApplicationServices.framework/Versions/A/Frameworks/ATS.framework/Versions/A/ATS
0x00007ff814396000 	/System/Library/Frameworks/ApplicationServices.framework/Versions/A/Frameworks/HIServices.framework/Versions/A/HIServices
0x00007ff81b32c000 	/System/Library/Frameworks/ApplicationServices.framework/Versions/A/Frameworks/PrintCore.framework/Versions/A/PrintCore
0x00007ff81c7ae000 	/System/Library/Frameworks/ApplicationServices.framework/Versions/A/Frameworks/QD.framework/Versions/A/QD
0x00007ff81c7a6000 	/System/Library/Frameworks/ApplicationServices.framework/Versions/A/Frameworks/ColorSyncLegacy.framework/Versions/A/ColorSyncLegacy
0x00007ff81c410000 	/System/Library/Frameworks/ApplicationServices.framework/Versions/A/Frameworks/SpeechSynthesis.framework/Versions/A/SpeechSynthesis
0x00007ff81b2ed000 	/System/Library/Frameworks/ApplicationServices.framework/Versions/A/Frameworks/ATSUI.framework/Versions/A/ATSUI
0x00007ff81c73b000 	/usr/lib/libcups.2.dylib
0x00007ff81cb0a000 	/System/Library/Frameworks/Kerberos.framework/Versions/A/Kerberos
0x00007ff81cb19000 	/System/Library/Frameworks/GSS.framework/Versions/A/GSS
0x00007ff81c48c000 	/usr/lib/libresolv.9.dylib
0x00007ff81a846000 	/System/Library/PrivateFrameworks/Heimdal.framework/Versions/A/Heimdal
0x00007ff8236e6000 	/System/Library/Frameworks/Kerberos.framework/Versions/A/Libraries/libHeimdalProxy.dylib
0x00007ff815051000 	/System/Library/Frameworks/Network.framework/Versions/A/Network
0x00007ff81a2a1000 	/usr/lib/libheimdal-asn1.dylib
0x00007ff81cb64000 	/System/Library/PrivateFrameworks/CommonAuth.framework/Versions/A/CommonAuth
0x00007ff81c392000 	/System/Library/PrivateFrameworks/AudioSession.framework/Versions/A/AudioSession
0x00007ff81a331000 	/System/Library/PrivateFrameworks/MediaExperience.framework/Versions/A/MediaExperience
0x00007ff81c225000 	/System/Library/PrivateFrameworks/AudioSession.framework/libSessionUtility.dylib
0x00007ff81c7ba000 	/System/Library/PrivateFrameworks/AudioResourceArbitration.framework/Versions/A/AudioResourceArbitration
0x00007ff82082d000 	/System/Library/PrivateFrameworks/PowerLog.framework/Versions/A/PowerLog
0x00007ff81a2aa000 	/System/Library/PrivateFrameworks/IconFoundation.framework/Versions/A/IconFoundation
0x00007ff81f5e3000 	/System/Library/PrivateFrameworks/SpeechRecognitionCore.framework/Versions/A/SpeechRecognitionCore
0x000000010eb1a000 	/Library/Java/JavaVirtualMachines/jdk1.8.0_261.jdk/Contents/Home/jre/lib/server/libjvm.dylib
0x000000010dd61000 	/Library/Java/JavaVirtualMachines/jdk1.8.0_261.jdk/Contents/Home/jre/lib/libverify.dylib
0x000000010dda5000 	/Library/Java/JavaVirtualMachines/jdk1.8.0_261.jdk/Contents/Home/jre/lib/libjava.dylib
0x000000010dd7f000 	/Library/Java/JavaVirtualMachines/jdk1.8.0_261.jdk/Contents/Home/jre/lib/libzip.dylib
0x0000000112224000 	/Library/Java/JavaVirtualMachines/jdk1.8.0_261.jdk/Contents/Home/jre/lib/libawt.dylib
0x0000000112383000 	/Library/Java/JavaVirtualMachines/jdk1.8.0_261.jdk/Contents/Home/jre/lib/libmlib_image.dylib
0x00007ffa2b7f7000 	/System/Library/Frameworks/JavaNativeFoundation.framework/Versions/A/JavaNativeFoundation
0x00007ffa2b803000 	/System/Library/Frameworks/JavaRuntimeSupport.framework/Versions/A/JavaRuntimeSupport
0x00007ff9136cd000 	/System/Library/Frameworks/Carbon.framework/Versions/A/Carbon
0x00007ff821aaa000 	/System/Library/PrivateFrameworks/CoreSymbolication.framework/Versions/A/CoreSymbolication
0x00007ff826ff7000 	/System/Library/Frameworks/Carbon.framework/Versions/A/Frameworks/CommonPanels.framework/Versions/A/CommonPanels
0x00007ff8230de000 	/System/Library/Frameworks/Carbon.framework/Versions/A/Frameworks/Help.framework/Versions/A/Help
0x00007ff826ffb000 	/System/Library/Frameworks/Carbon.framework/Versions/A/Frameworks/ImageCapture.framework/Versions/A/ImageCapture
0x00007ff826fcb000 	/System/Library/Frameworks/Carbon.framework/Versions/A/Frameworks/OpenScripting.framework/Versions/A/OpenScripting
0x00007ff826ff3000 	/System/Library/Frameworks/Carbon.framework/Versions/A/Frameworks/Ink.framework/Versions/A/Ink
0x00007ff9136c9000 	/System/Library/Frameworks/Carbon.framework/Versions/A/Frameworks/Print.framework/Versions/A/Print
0x00007ff826fef000 	/System/Library/Frameworks/Carbon.framework/Versions/A/Frameworks/SecurityHI.framework/Versions/A/SecurityHI
0x00007ff821a6f000 	/System/Library/PrivateFrameworks/DebugSymbols.framework/Versions/A/DebugSymbols
0x0000000112442000 	/Library/Java/JavaVirtualMachines/jdk1.8.0_261.jdk/Contents/Home/jre/lib/libawt_lwawt.dylib
0x000000010eab4000 	/Library/Java/JavaVirtualMachines/jdk1.8.0_261.jdk/Contents/Home/jre/lib/libosxapp.dylib
0x00007ff912ab7000 	/System/Library/Frameworks/ExceptionHandling.framework/Versions/A/ExceptionHandling
0x00007ff8111a0000 	/System/Library/PrivateFrameworks/CoreServicesInternal.framework/Versions/A/CoreServicesInternal
0x00007ff820e1e000 	/System/Library/Frameworks/FileProvider.framework/Versions/A/FileProvider
0x00007ff814e35000 	/System/Library/Frameworks/Accounts.framework/Versions/A/Accounts
0x00007ff820f97000 	/System/Library/PrivateFrameworks/GenerationalStorage.framework/Versions/A/GenerationalStorage
0x00007ff820822000 	/System/Library/PrivateFrameworks/SymptomDiagnosticReporter.framework/Versions/A/SymptomDiagnosticReporter
0x00007ff81245e000 	/System/Library/PrivateFrameworks/DesktopServicesPriv.framework/Versions/A/DesktopServicesPriv
0x00007ff8112df000 	/usr/lib/libsandbox.1.dylib
0x00007ff81617c000 	/System/Library/PrivateFrameworks/UserManagement.framework/Versions/A/UserManagement
0x00007ff81c79b000 	/System/Library/PrivateFrameworks/NetAuth.framework/Versions/A/NetAuth
0x00007ff81d6a8000 	/System/Library/PrivateFrameworks/Sharing.framework/Versions/A/Sharing
0x00007ff81614f000 	/System/Library/PrivateFrameworks/login.framework/Versions/A/Frameworks/loginsupport.framework/Versions/A/loginsupport
0x00007ff822c0d000 	/System/Library/PrivateFrameworks/Apple80211.framework/Versions/A/Apple80211
0x00007ff81935a000 	/System/Library/PrivateFrameworks/AuthKit.framework/Versions/A/AuthKit
0x00007ff8189a5000 	/System/Library/PrivateFrameworks/CoreUtils.framework/Versions/A/CoreUtils
0x00007ff8188cc000 	/System/Library/Frameworks/CoreWLAN.framework/Versions/A/CoreWLAN
0x00007ff81d807000 	/System/Library/Frameworks/IOBluetooth.framework/Versions/A/IOBluetooth
0x00007ff822c75000 	/System/Library/PrivateFrameworks/CoreWiFi.framework/Versions/A/CoreWiFi
0x00007ff821641000 	/System/Library/PrivateFrameworks/FrontBoardServices.framework/Versions/A/FrontBoardServices
0x00007ff8216d2000 	/System/Library/PrivateFrameworks/BoardServices.framework/Versions/A/BoardServices
0x00007ff818bbb000 	/System/Library/PrivateFrameworks/AssertionServices.framework/Versions/A/AssertionServices
0x00007ff822df8000 	/System/Library/PrivateFrameworks/BackBoardServices.framework/Versions/A/BackBoardServices
0x00007ff81cbf5000 	/System/Library/PrivateFrameworks/CorePhoneNumbers.framework/Versions/A/CorePhoneNumbers
0x00007ff82093f000 	/System/Library/PrivateFrameworks/DiskManagement.framework/Versions/A/DiskManagement
0x00007ff820853000 	/System/Library/PrivateFrameworks/AppleIDAuthSupport.framework/Versions/A/AppleIDAuthSupport
0x00007ffa2de5b000 	/System/Library/PrivateFrameworks/AAAFoundation.framework/Versions/A/AAAFoundation
0x00007ff81cbd6000 	/System/Library/PrivateFrameworks/KeychainCircle.framework/Versions/A/KeychainCircle
0x00007ff82090b000 	/System/Library/PrivateFrameworks/MediaKit.framework/Versions/A/MediaKit
0x00007ff82085f000 	/System/Library/Frameworks/DiscRecording.framework/Versions/A/DiscRecording
0x00007ff81a1af000 	/usr/lib/libCoreStorage.dylib
0x00007ff8230e6000 	/usr/lib/libcsfde.dylib
0x00007ff81d8d4000 	/System/Library/PrivateFrameworks/ProtectedCloudStorage.framework/Versions/A/ProtectedCloudStorage
0x00007ff8230e2000 	/System/Library/PrivateFrameworks/EFILogin.framework/Versions/A/EFILogin
0x00007ff820fbd000 	/System/Library/PrivateFrameworks/OctagonTrust.framework/Versions/A/OctagonTrust
0x00007ffb12748000 	/System/Library/PrivateFrameworks/CoreUtilsExtras.framework/Versions/A/CoreUtilsExtras
0x00007ff820786000 	/System/Library/Frameworks/CoreBluetooth.framework/Versions/A/CoreBluetooth
0x00007ff82376b000 	/System/Library/Frameworks/AudioUnit.framework/Versions/A/AudioUnit
0x00007ff81a1a7000 	/usr/lib/libMatch.1.dylib
0x00007ff91b3f9000 	/System/Library/CoreServices/RawCamera.bundle/Contents/MacOS/RawCamera
0x00007ff81cb74000 	/System/Library/PrivateFrameworks/MobileAsset.framework/Versions/A/MobileAsset
0x00007ff823792000 	/System/Library/PrivateFrameworks/StreamingZip.framework/Versions/A/StreamingZip
0x00007ffb0fa42000 	/System/Library/PrivateFrameworks/CMPhoto.framework/Versions/A/CMPhoto
0x00007ff821945000 	/System/Library/PrivateFrameworks/AppleVPA.framework/Versions/A/AppleVPA
0x00007ff81b556000 	/System/Library/Frameworks/MediaToolbox.framework/Versions/A/MediaToolbox
0x00007ff820dee000 	/System/Library/PrivateFrameworks/CoreAVCHD.framework/Versions/A/CoreAVCHD
0x00007ff81fcc3000 	/System/Library/Frameworks/MediaAccessibility.framework/Versions/A/MediaAccessibility
0x00007ff820dea000 	/System/Library/PrivateFrameworks/Mangrove.framework/Versions/A/Mangrove
0x00007ff81fcce000 	/System/Library/PrivateFrameworks/AlgosScoreFramework.framework/Versions/A/AlgosScoreFramework
0x00007ff820a2f000 	/System/Library/PrivateFrameworks/CoreAUC.framework/Versions/A/CoreAUC
0x00007ff918c2b000 	/System/Library/Frameworks/Accelerate.framework/Versions/A/Frameworks/vImage.framework/Versions/A/Libraries/libCGInterfaces.dylib
0x0000000112d49000 	/usr/lib/libobjc-trampolines.dylib
0x00007ff815e74000 	/System/Library/PrivateFrameworks/ViewBridge.framework/Versions/A/ViewBridge
0x0000000128d6f000 	/Library/Java/JavaVirtualMachines/jdk1.8.0_261.jdk/Contents/Home/jre/lib/libfontmanager.dylib
0x00007ffa26b45000 	/System/Library/Frameworks/OpenGL.framework/Versions/A/Resources/GLEngine.bundle/GLEngine
0x00007ffa269ab000 	/System/Library/Frameworks/OpenGL.framework/Versions/A/Libraries/libGLProgrammability.dylib
0x00007ffa1b9c6000 	/System/Library/Extensions/AppleIntelKBLGraphicsGLDriver.bundle/Contents/MacOS/AppleIntelKBLGraphicsGLDriver
0x00007ff91e78c000 	/System/Library/PrivateFrameworks/GPUSupport.framework/Versions/A/Libraries/libGPUSupportMercury.dylib
0x00007ffa26ccf000 	/System/Library/Frameworks/OpenGL.framework/Versions/A/Resources/GLRendererFloat.bundle/GLRendererFloat
0x00007ff81a8fd000 	/System/Library/PrivateFrameworks/login.framework/Versions/A/login
0x000000012955e000 	/Library/Java/JavaVirtualMachines/jdk1.8.0_261.jdk/Contents/Home/jre/lib/libosxui.dylib
0x000000012957d000 	/Library/Java/JavaVirtualMachines/jdk1.8.0_261.jdk/Contents/Home/jre/lib/libmanagement.dylib
0x000000012bf1b000 	/Library/Java/JavaVirtualMachines/jdk1.8.0_261.jdk/Contents/Home/jre/lib/libdcpr.dylib
0x000000012b55c000 	/Library/Java/JavaVirtualMachines/jdk1.8.0_261.jdk/Contents/Home/jre/lib/libnio.dylib
0x000000012b588000 	/Library/Java/JavaVirtualMachines/jdk1.8.0_261.jdk/Contents/Home/jre/lib/libnet.dylib
0x000000012bcab000 	/Library/Java/JavaVirtualMachines/jdk1.8.0_261.jdk/Contents/Home/jre/lib/libt2k.dylib
0x00007ffb25f34000 	/usr/lib/libRosetta.dylib
0x00007ff81fcff000 	/System/Library/PrivateFrameworks/SystemAdministration.framework/Versions/A/SystemAdministration
0x00007ff81f5af000 	/System/Library/Frameworks/DirectoryService.framework/Versions/A/DirectoryService
0x00007ff822f84000 	/System/Library/PrivateFrameworks/DiskImages.framework/Versions/A/DiskImages
0x00007ff818c63000 	/System/Library/Frameworks/ServiceManagement.framework/Versions/A/ServiceManagement
0x00007ff823160000 	/System/Library/PrivateFrameworks/LoginUIKit.framework/Versions/A/Frameworks/LoginUICore.framework/Versions/A/LoginUICore
0x00007ff81aaa6000 	/usr/lib/libodfde.dylib
0x00007ff8230f2000 	/usr/lib/libcurl.4.dylib
0x00007ffb263a0000 	/usr/lib/libcrypto.46.dylib
0x00007ffb26891000 	/usr/lib/libssl.48.dylib
0x00007ff822e16000 	/System/Library/Frameworks/LDAP.framework/Versions/A/LDAP
0x00007ff822e4e000 	/System/Library/PrivateFrameworks/TrustEvaluationAgent.framework/Versions/A/TrustEvaluationAgent
0x00007ff81c4a5000 	/usr/lib/libsasl2.2.dylib
0x00007ff81fcf3000 	/System/Library/PrivateFrameworks/CoreDaemon.framework/Versions/B/CoreDaemon
0x00007ff81fcee000 	/System/Library/PrivateFrameworks/AppleSRP.framework/Versions/A/AppleSRP

VM Arguments:
jvm_args: -Dfile.encoding=UTF-8 
java_command: circeIsland.main.Main
java_class_path (initial): /Users/rittika/Documents/APCS/capstoneproject-capstone-emma-jiwoo-rittika-sarah/CapstoneProject/bin:/Users/rittika/Documents/APCS/capstoneproject-capstone-emma-jiwoo-rittika-sarah/CapstoneProject/processing_core.jar:/Users/rittika/Documents/APCS/capstoneproject-capstone-emma-jiwoo-rittika-sarah/CapstoneProject/core.jar:/Users/rittika/Documents/APCS/capstoneproject-capstone-emma-jiwoo-rittika-sarah/CapstoneProject/G4P.jar
Launcher Type: SUN_STANDARD

Environment Variables:
PATH=/usr/bin:/bin:/usr/sbin:/sbin
SHELL=/bin/bash

Signal Handlers:
SIGSEGV: [libjvm.dylib+0x5a009b], sa_mask[0]=11111111011111110111111111111111, sa_flags=SA_ONSTACK|SA_RESTART|SA_SIGINFO
SIGBUS: [libjvm.dylib+0x5a009b], sa_mask[0]=11111111011111110111111111111111, sa_flags=SA_RESTART|SA_SIGINFO
SIGFPE: [libjvm.dylib+0x490c6d], sa_mask[0]=11111111011111110111111111111111, sa_flags=SA_RESTART|SA_SIGINFO
SIGPIPE: [libjvm.dylib+0x490c6d], sa_mask[0]=11111111011111110111111111111111, sa_flags=SA_RESTART|SA_SIGINFO
SIGXFSZ: [libjvm.dylib+0x490c6d], sa_mask[0]=11111111011111110111111111111111, sa_flags=SA_RESTART|SA_SIGINFO
SIGILL: [libjvm.dylib+0x490c6d], sa_mask[0]=11111111011111110111111111111111, sa_flags=SA_RESTART|SA_SIGINFO
SIGUSR1: SIG_DFL, sa_mask[0]=00000000000000000000000000000000, sa_flags=none
SIGUSR2: [libjvm.dylib+0x491566], sa_mask[0]=00100000000000000000000000000000, sa_flags=SA_RESTART|SA_SIGINFO
SIGHUP: [libjvm.dylib+0x48f775], sa_mask[0]=11111111011111110111111111111111, sa_flags=SA_RESTART|SA_SIGINFO
SIGINT: [libjvm.dylib+0x48f775], sa_mask[0]=11111111011111110111111111111111, sa_flags=SA_RESTART|SA_SIGINFO
SIGTERM: [libjvm.dylib+0x48f775], sa_mask[0]=11111111011111110111111111111111, sa_flags=SA_RESTART|SA_SIGINFO
SIGQUIT: [libjvm.dylib+0x48f775], sa_mask[0]=11111111011111110111111111111111, sa_flags=SA_RESTART|SA_SIGINFO


---------------  S Y S T E M  ---------------

OS:Bsduname:Darwin 21.4.0 Darwin Kernel Version 21.4.0: Fri Mar 18 00:45:05 PDT 2022; root:xnu-8020.101.4~15/RELEASE_X86_64 x86_64
rlimit: STACK 8192k, CORE 0k, NPROC 1392, NOFILE 10240, AS infinity
load average:2.81 3.54 5.30

CPU:total 4 (initial active 4) (2 cores per cpu, 2 threads per core) family 6 model 142 stepping 9, cmov, cx8, fxsr, mmx, sse, sse2, sse3, ssse3, sse4.1, sse4.2, popcnt, avx, avx2, aes, clmul, erms, 3dnowpref, lzcnt, ht, tsc, tscinvbit, bmi1, bmi2, adx

Memory: 4k page, physical 8388608k(28036k free)

/proc/meminfo:


vm_info: Java HotSpot(TM) 64-Bit Server VM (25.261-b12) for bsd-amd64 JRE (1.8.0_261-b12), built on Jun 18 2020 06:38:55 by "java_re" with gcc 4.2.1 Compatible Apple LLVM 10.0.0 (clang-1000.11.45.5)

time: Sun May 22 10:54:01 2022
timezone: PDT
elapsed time: 99 seconds (0d 0h 1m 39s)

