#
# A fatal error has been detected by the Java Runtime Environment:
#
#  SIGSEGV (0xb) at pc=0x00000001130bd607, pid=10330, tid=0x0000000000010717
#
# JRE version: Java(TM) SE Runtime Environment (8.0_281-b09) (build 1.8.0_281-b09)
# Java VM: Java HotSpot(TM) 64-Bit Server VM (25.281-b09 mixed mode bsd-amd64 compressed oops)
# Problematic frame:
# J 3042 C2 circeIsland.creatures.Nymph.act()V (286 bytes) @ 0x00000001130bd607 [0x00000001130bd480+0x187]
#
# Failed to write core dump. Core dumps have been disabled. To enable core dumping, try "ulimit -c unlimited" before starting Java again
#
# If you would like to submit a bug report, please visit:
#   http://bugreport.java.com/bugreport/crash.jsp
#

---------------  T H R E A D  ---------------

Current thread (0x00007f9d58a1f800):  JavaThread "Animation Thread" [_thread_in_Java, id=67351, stack(0x000000030f68e000,0x000000030f78e000)]

siginfo: si_signo: 11 (SIGSEGV), si_code: 2 (SEGV_ACCERR), si_addr: 0x0000000000000014

Registers:
RAX=0x0000000000000005, RBX=0x000000000000000c, RCX=0x00000000e8150d4d, RDX=0x0000000000000006
RSP=0x000000030f78d7a0, RBP=0x0000000000000007, RSI=0x0000000000000019, RDI=0x0000000000000003
R8 =0x00000000e910106b, R9 =0x00000000000004b0, R10=0x0000000000000014, R11=0x0000000000000006
R12=0x0000000000000000, R13=0x0000000000000005, R14=0x0000000000000004, R15=0x00007f9d58a1f800
RIP=0x00000001130bd607, EFLAGS=0x0000000000000297, ERR=0x0000000000000004
  TRAPNO=0x000000000000000e

Top of Stack: (sp=0x000000030f78d7a0)
0x000000030f78d7a0:   00000007ab712cc0 0000000113759768
0x000000030f78d7b0:   0000000700000000 0000000740a86a68
0x000000030f78d7c0:   0000000100000000 42080000448e3b38
0x000000030f78d7d0:   0000000740a86ba8 000000074024a748
0x000000030f78d7e0:   000000079c8af4c8 00000007f800cca3
0x000000030f78d7f0:   000000079c8af800 000000079c8af868
0x000000030f78d800:   00000007ab712cc0 00000001136f9d30
0x000000030f78d810:   e9101764437f0000 00000007488082a0
0x000000030f78d820:   00000007c00b31b0 000000010000000a
0x000000030f78d830:   000000074880bb20 00000007c00af728
0x000000030f78d840:   0000000700000002 000000079c8af2c8
0x000000030f78d850:   00000000e815b79c 00000001131ba7b0
0x000000030f78d860:   000000079c8af1e0 000000079c8a88a8
0x000000030f78d870:   00000000e8153a79 00000001135ad5dc
0x000000030f78d880:   00000000e8150d4d 000000011372b3f4
0x000000030f78d890:   00000000000004b0 000000000000034f
0x000000030f78d8a0:   0000000000000000 0000000000000000
0x000000030f78d8b0:   0000000000000000 00000001135e12b0
0x000000030f78d8c0:   000000079c8af078 000000079c8af078
0x000000030f78d8d0:   0000000740a9d2a8 0000000700000000
0x000000030f78d8e0:   0000034f000004b0 0000000700000000
0x000000030f78d8f0:   00000007ac3188f0 00000007ab712f00
0x000000030f78d900:   0000001b0f78da60 f586311e0000001b
0x000000030f78d910:   0000000000000011 000000079c8aed38
0x000000030f78d920:   000000079c8af4c8 0000000112fbca6c
0x000000030f78d930:   0000000000000000 000000074c239cb0
0x000000030f78d940:   0000000740a86a68 000000011342ab48
0x000000030f78d950:   000000079c8af4c8 000000074024a730
0x000000030f78d960:   000000074024a748 000000079c8aed38
0x000000030f78d970:   0000034f00000001 0000000740a9cbe8
0x000000030f78d980:   000000030f78d990 000000011157c799
0x000000030f78d990:   0000000740a86ba8 0000000740adbce0 

Instructions: (pc=0x00000001130bd607)
0x00000001130bd5e7:   eb 41 ff c5 44 3b ed 0f 84 2e 05 00 00 41 83 c3
0x00000001130bd5f7:   02 44 3b dd 0f 84 50 05 00 00 41 ba 14 00 00 00
0x00000001130bd607:   41 8b 1a 41 ba 10 00 00 00 33 c0 eb 6d 44 3b d3
0x00000001130bd617:   74 11 3b fb 74 0d 44 3b f3 74 08 3b c3 74 04 3b 

Register to memory mapping:

RAX=0x0000000000000005 is an unknown value
RBX=0x000000000000000c is an unknown value
RCX=0x00000000e8150d4d is an unknown value
RDX=0x0000000000000006 is an unknown value
RSP=0x000000030f78d7a0 is pointing into the stack for thread: 0x00007f9d58a1f800
RBP=0x0000000000000007 is an unknown value
RSI=0x0000000000000019 is an unknown value
RDI=0x0000000000000003 is an unknown value
R8 =0x00000000e910106b is an unknown value
R9 =0x00000000000004b0 is an unknown value
R10=0x0000000000000014 is an unknown value
R11=0x0000000000000006 is an unknown value
R12=0x0000000000000000 is an unknown value
R13=0x0000000000000005 is an unknown value
R14=0x0000000000000004 is an unknown value
R15=0x00007f9d58a1f800 is a thread


Stack: [0x000000030f68e000,0x000000030f78e000],  sp=0x000000030f78d7a0,  free space=1021k
Native frames: (J=compiled Java code, j=interpreted, Vv=VM code, C=native code)
J 3042 C2 circeIsland.creatures.Nymph.act()V (286 bytes) @ 0x00000001130bd607 [0x00000001130bd480+0x187]
J 2843 C2 circeIsland.screens.Island.draw()V (682 bytes) @ 0x00000001136f9d30 [0x00000001136f8b20+0x1210]
J 2995 C1 circeIsland.main.DrawingSurface.draw()V (353 bytes) @ 0x000000011372b3f4 [0x00000001137275e0+0x3e14]
J 2965 C2 processing.awt.PSurfaceAWT$12.callDraw()V (18 bytes) @ 0x00000001133f172c [0x00000001133f15c0+0x16c]
j  processing.core.PSurfaceNone$AnimationThread.run()V+30
v  ~StubRoutines::call_stub
V  [libjvm.dylib+0x2d5599]  JavaCalls::call_helper(JavaValue*, methodHandle*, JavaCallArguments*, Thread*)+0x771
V  [libjvm.dylib+0x2d4264]  JavaCalls::call_virtual(JavaValue*, KlassHandle, Symbol*, Symbol*, JavaCallArguments*, Thread*)+0x14a
V  [libjvm.dylib+0x2d447f]  JavaCalls::call_virtual(JavaValue*, Handle, KlassHandle, Symbol*, Symbol*, Thread*)+0x57
V  [libjvm.dylib+0x342b21]  thread_entry(JavaThread*, Thread*)+0x78
V  [libjvm.dylib+0x5653f2]  JavaThread::thread_main_inner()+0x82
V  [libjvm.dylib+0x5652b7]  JavaThread::run()+0x19d
V  [libjvm.dylib+0x490329]  java_start(Thread*)+0xfa
C  [libsystem_pthread.dylib+0x6950]  _pthread_start+0xe0
C  [libsystem_pthread.dylib+0x247b]  thread_start+0xf
C  0x0000000000000000


---------------  P R O C E S S  ---------------

Java Threads: ( => current thread )
  0x00007f9d59a04000 JavaThread "DestroyJavaVM" [_thread_blocked, id=6403, stack(0x000000030da0c000,0x000000030db0c000)]
=>0x00007f9d58a1f800 JavaThread "Animation Thread" [_thread_in_Java, id=67351, stack(0x000000030f68e000,0x000000030f78e000)]
  0x00007f9d57a08000 JavaThread "AWT-EventQueue-0" [_thread_blocked, id=63283, stack(0x000000030f58b000,0x000000030f68b000)]
  0x00007f9d58927000 JavaThread "Java2D Disposer" daemon [_thread_blocked, id=56123, stack(0x000000030f385000,0x000000030f485000)]
  0x00007f9d5810d800 JavaThread "Java2D Queue Flusher" daemon [_thread_blocked, id=55599, stack(0x000000030f282000,0x000000030f382000)]
  0x00007f9d59898000 JavaThread "AWT-Shutdown" [_thread_blocked, id=30751, stack(0x000000030ee54000,0x000000030ef54000)]
  0x00007f9d59837000 JavaThread "AppKit Thread" daemon [_thread_in_native, id=515, stack(0x000000030d188000,0x000000030d988000)]
  0x00007f9d59833800 JavaThread "Service Thread" daemon [_thread_blocked, id=41735, stack(0x000000030ec4e000,0x000000030ed4e000)]
  0x00007f9d58846800 JavaThread "C1 CompilerThread3" daemon [_thread_blocked, id=23299, stack(0x000000030eb4b000,0x000000030ec4b000)]
  0x00007f9d5883d800 JavaThread "C2 CompilerThread2" daemon [_thread_blocked, id=23043, stack(0x000000030ea48000,0x000000030eb48000)]
  0x00007f9d58825800 JavaThread "C2 CompilerThread1" daemon [_thread_blocked, id=22787, stack(0x000000030e945000,0x000000030ea45000)]
  0x00007f9d58028800 JavaThread "C2 CompilerThread0" daemon [_thread_blocked, id=22531, stack(0x000000030e842000,0x000000030e942000)]
  0x00007f9d5802a000 JavaThread "Signal Dispatcher" daemon [_thread_blocked, id=22275, stack(0x000000030e73f000,0x000000030e83f000)]
  0x00007f9d58026800 JavaThread "Finalizer" daemon [_thread_blocked, id=18479, stack(0x000000030e52d000,0x000000030e62d000)]
  0x00007f9d5801e000 JavaThread "Reference Handler" daemon [_thread_blocked, id=18723, stack(0x000000030e42a000,0x000000030e52a000)]

Other Threads:
  0x00007f9d58820800 VMThread [stack: 0x000000030e327000,0x000000030e427000] [id=18947]
  0x00007f9d58867000 WatcherThread [stack: 0x000000030ed51000,0x000000030ee51000] [id=40711]

VM state:not at safepoint (normal execution)

VM Mutex/Monitor currently owned by a thread: None

heap address: 0x0000000740000000, size: 2048 MB, Compressed Oops mode: Zero based, Oop shift amount: 3
Narrow klass base: 0x0000000000000000, Narrow klass shift: 3
Compressed class space size: 1073741824 Address: 0x00000007c0000000

Heap:
 PSYoungGen      total 497664K, used 253116K [0x0000000795580000, 0x00000007c0000000, 0x00000007c0000000)
  eden space 361984K, 32% used [0x0000000795580000,0x000000079c94cd60,0x00000007ab700000)
  from space 135680K, 99% used [0x00000007ab700000,0x00000007b3a62648,0x00000007b3b80000)
  to   space 161792K, 0% used [0x00000007b6200000,0x00000007b6200000,0x00000007c0000000)
 ParOldGen       total 410112K, used 287860K [0x0000000740000000, 0x0000000759080000, 0x0000000795580000)
  object space 410112K, 70% used [0x0000000740000000,0x000000075191d3e8,0x0000000759080000)
 Metaspace       used 14523K, capacity 14866K, committed 15104K, reserved 1062912K
  class space    used 1540K, capacity 1669K, committed 1792K, reserved 1048576K

Card table byte_map: [0x00000001221be000,0x00000001225bf000] byte_map_base: 0x000000011e7be000

Marking Bits: (ParMarkBitMap*) 0x0000000111728488
 Begin Bits: [0x00000001228ba000, 0x00000001248ba000)
 End Bits:   [0x00000001248ba000, 0x00000001268ba000)

Polling page: 0x000000010cfae000

CodeCache: size=245760Kb used=9151Kb max_used=9532Kb free=236608Kb
 bounds [0x0000000112dfa000, 0x000000011376a000, 0x0000000121dfa000]
 total_blobs=3087 nmethods=2500 adapters=501
 compilation: enabled

Compilation events (10 events):
Event: 530.794 Thread 0x00007f9d58825800 3038       4       circeIsland.creatures.MaliciousVisitor::act (99 bytes)
Event: 530.860 Thread 0x00007f9d58825800 nmethod 3038 0x00000001131db290 code [0x00000001131db5a0, 0x00000001131dcbb0]
Event: 537.375 Thread 0x00007f9d58028800 3039       4       circeIsland.creatures.MaliciousVisitor::draw (154 bytes)
Event: 537.383 Thread 0x00007f9d58028800 nmethod 3039 0x0000000112f3f550 code [0x0000000112f3f6c0, 0x0000000112f3f868]
Event: 537.440 Thread 0x00007f9d58846800 3040       3       circeIsland.creatures.Nymph::setHouse (294 bytes)
Event: 537.441 Thread 0x00007f9d58846800 nmethod 3040 0x00000001133b58d0 code [0x00000001133b5bc0, 0x00000001133b6c50]
Event: 540.769 Thread 0x00007f9d5883d800 3041       4       circeIsland.creatures.Nymph::setHouse (294 bytes)
Event: 540.784 Thread 0x00007f9d5883d800 nmethod 3041 0x00000001131c8490 code [0x00000001131c86a0, 0x00000001131c8e58]
Event: 541.963 Thread 0x00007f9d58825800 3042       4       circeIsland.creatures.Nymph::act (286 bytes)
Event: 542.047 Thread 0x00007f9d58825800 nmethod 3042 0x00000001130bd090 code [0x00000001130bd480, 0x00000001130bf6b0]

GC Heap History (10 events):
Event: 3.667 GC heap before
{Heap before GC invocations=9 (full 2):
 PSYoungGen      total 281088K, used 252375K [0x0000000795580000, 0x00000007aa800000, 0x00000007c0000000)
  eden space 218624K, 100% used [0x0000000795580000,0x00000007a2b00000,0x00000007a2b00000)
  from space 62464K, 54% used [0x00000007a6980000,0x00000007a8a75f00,0x00000007aa680000)
  to   space 64000K, 0% used [0x00000007a2b00000,0x00000007a2b00000,0x00000007a6980000)
 ParOldGen       total 150528K, used 90138K [0x0000000740000000, 0x0000000749300000, 0x0000000795580000)
  object space 150528K, 59% used [0x0000000740000000,0x0000000745806a68,0x0000000749300000)
 Metaspace       used 12582K, capacity 12876K, committed 13056K, reserved 1060864K
  class space    used 1433K, capacity 1532K, committed 1536K, reserved 1048576K
Event: 3.727 GC heap after
Heap after GC invocations=9 (full 2):
 PSYoungGen      total 282624K, used 63977K [0x0000000795580000, 0x00000007ba900000, 0x00000007c0000000)
  eden space 218624K, 0% used [0x0000000795580000,0x0000000795580000,0x00000007a2b00000)
  from space 64000K, 99% used [0x00000007a2b00000,0x00000007a697a4a0,0x00000007a6980000)
  to   space 112128K, 0% used [0x00000007b3b80000,0x00000007b3b80000,0x00000007ba900000)
 ParOldGen       total 157696K, used 155733K [0x0000000740000000, 0x0000000749a00000, 0x0000000795580000)
  object space 157696K, 98% used [0x0000000740000000,0x0000000749815480,0x0000000749a00000)
 Metaspace       used 12582K, capacity 12876K, committed 13056K, reserved 1060864K
  class space    used 1433K, capacity 1532K, committed 1536K, reserved 1048576K
}
Event: 3.727 GC heap before
{Heap before GC invocations=10 (full 3):
 PSYoungGen      total 282624K, used 63977K [0x0000000795580000, 0x00000007ba900000, 0x00000007c0000000)
  eden space 218624K, 0% used [0x0000000795580000,0x0000000795580000,0x00000007a2b00000)
  from space 64000K, 99% used [0x00000007a2b00000,0x00000007a697a4a0,0x00000007a6980000)
  to   space 112128K, 0% used [0x00000007b3b80000,0x00000007b3b80000,0x00000007ba900000)
 ParOldGen       total 157696K, used 155733K [0x0000000740000000, 0x0000000749a00000, 0x0000000795580000)
  object space 157696K, 98% used [0x0000000740000000,0x0000000749815480,0x0000000749a00000)
 Metaspace       used 12582K, capacity 12876K, committed 13056K, reserved 1060864K
  class space    used 1433K, capacity 1532K, committed 1536K, reserved 1048576K
Event: 3.776 GC heap after
Heap after GC invocations=10 (full 3):
 PSYoungGen      total 282624K, used 38631K [0x0000000795580000, 0x00000007ba900000, 0x00000007c0000000)
  eden space 218624K, 0% used [0x0000000795580000,0x0000000795580000,0x00000007a2b00000)
  from space 64000K, 60% used [0x00000007a2b00000,0x00000007a50b9d28,0x00000007a6980000)
  to   space 112128K, 0% used [0x00000007b3b80000,0x00000007b3b80000,0x00000007ba900000)
 ParOldGen       total 266752K, used 151427K [0x0000000740000000, 0x0000000750480000, 0x0000000795580000)
  object space 266752K, 56% used [0x0000000740000000,0x00000007493e0ce0,0x0000000750480000)
 Metaspace       used 12582K, capacity 12876K, committed 13056K, reserved 1060864K
  class space    used 1433K, capacity 1532K, committed 1536K, reserved 1048576K
}
Event: 66.141 GC heap before
{Heap before GC invocations=11 (full 3):
 PSYoungGen      total 282624K, used 257255K [0x0000000795580000, 0x00000007ba900000, 0x00000007c0000000)
  eden space 218624K, 100% used [0x0000000795580000,0x00000007a2b00000,0x00000007a2b00000)
  from space 64000K, 60% used [0x00000007a2b00000,0x00000007a50b9d28,0x00000007a6980000)
  to   space 112128K, 0% used [0x00000007b3b80000,0x00000007b3b80000,0x00000007ba900000)
 ParOldGen       total 266752K, used 151427K [0x0000000740000000, 0x0000000750480000, 0x0000000795580000)
  object space 266752K, 56% used [0x0000000740000000,0x00000007493e0ce0,0x0000000750480000)
 Metaspace       used 14264K, capacity 14668K, committed 15104K, reserved 1062912K
  class space    used 1539K, capacity 1668K, committed 1792K, reserved 1048576K
Event: 66.365 GC heap after
Heap after GC invocations=11 (full 3):
 PSYoungGen      total 474112K, used 111296K [0x0000000795580000, 0x00000007bc380000, 0x00000007c0000000)
  eden space 361984K, 0% used [0x0000000795580000,0x0000000795580000,0x00000007ab700000)
  from space 112128K, 99% used [0x00000007b3b80000,0x00000007ba8302e0,0x00000007ba900000)
  to   space 135680K, 0% used [0x00000007ab700000,0x00000007ab700000,0x00000007b3b80000)
 ParOldGen       total 266752K, used 256981K [0x0000000740000000, 0x0000000750480000, 0x0000000795580000)
  object space 266752K, 96% used [0x0000000740000000,0x000000074faf5618,0x0000000750480000)
 Metaspace       used 14264K, capacity 14668K, committed 15104K, reserved 1062912K
  class space    used 1539K, capacity 1668K, committed 1792K, reserved 1048576K
}
Event: 66.365 GC heap before
{Heap before GC invocations=12 (full 4):
 PSYoungGen      total 474112K, used 111296K [0x0000000795580000, 0x00000007bc380000, 0x00000007c0000000)
  eden space 361984K, 0% used [0x0000000795580000,0x0000000795580000,0x00000007ab700000)
  from space 112128K, 99% used [0x00000007b3b80000,0x00000007ba8302e0,0x00000007ba900000)
  to   space 135680K, 0% used [0x00000007ab700000,0x00000007ab700000,0x00000007b3b80000)
 ParOldGen       total 266752K, used 256981K [0x0000000740000000, 0x0000000750480000, 0x0000000795580000)
  object space 266752K, 96% used [0x0000000740000000,0x000000074faf5618,0x0000000750480000)
 Metaspace       used 14264K, capacity 14668K, committed 15104K, reserved 1062912K
  class space    used 1539K, capacity 1668K, committed 1792K, reserved 1048576K
Event: 66.511 GC heap after
Heap after GC invocations=12 (full 4):
 PSYoungGen      total 474112K, used 15922K [0x0000000795580000, 0x00000007bc380000, 0x00000007c0000000)
  eden space 361984K, 0% used [0x0000000795580000,0x0000000795580000,0x00000007ab700000)
  from space 112128K, 14% used [0x00000007b3b80000,0x00000007b4b0c818,0x00000007ba900000)
  to   space 135680K, 0% used [0x00000007ab700000,0x00000007ab700000,0x00000007b3b80000)
 ParOldGen       total 410112K, used 257652K [0x0000000740000000, 0x0000000759080000, 0x0000000795580000)
  object space 410112K, 62% used [0x0000000740000000,0x000000074fb9d3d0,0x0000000759080000)
 Metaspace       used 14264K, capacity 14668K, committed 15104K, reserved 1062912K
  class space    used 1539K, capacity 1668K, committed 1792K, reserved 1048576K
}
Event: 351.346 GC heap before
{Heap before GC invocations=13 (full 4):
 PSYoungGen      total 474112K, used 377906K [0x0000000795580000, 0x00000007bc380000, 0x00000007c0000000)
  eden space 361984K, 100% used [0x0000000795580000,0x00000007ab700000,0x00000007ab700000)
  from space 112128K, 14% used [0x00000007b3b80000,0x00000007b4b0c818,0x00000007ba900000)
  to   space 135680K, 0% used [0x00000007ab700000,0x00000007ab700000,0x00000007b3b80000)
 ParOldGen       total 410112K, used 257652K [0x0000000740000000, 0x0000000759080000, 0x0000000795580000)
  object space 410112K, 62% used [0x0000000740000000,0x000000074fb9d3d0,0x0000000759080000)
 Metaspace       used 14519K, capacity 14866K, committed 15104K, reserved 1062912K
  class space    used 1540K, capacity 1669K, committed 1792K, reserved 1048576K
Event: 351.447 GC heap after
Heap after GC invocations=13 (full 4):
 PSYoungGen      total 497664K, used 134537K [0x0000000795580000, 0x00000007c0000000, 0x00000007c0000000)
  eden space 361984K, 0% used [0x0000000795580000,0x0000000795580000,0x00000007ab700000)
  from space 135680K, 99% used [0x00000007ab700000,0x00000007b3a62648,0x00000007b3b80000)
  to   space 161792K, 0% used [0x00000007b6200000,0x00000007b6200000,0x00000007c0000000)
 ParOldGen       total 410112K, used 287860K [0x0000000740000000, 0x0000000759080000, 0x0000000795580000)
  object space 410112K, 70% used [0x0000000740000000,0x000000075191d3e8,0x0000000759080000)
 Metaspace       used 14519K, capacity 14866K, committed 15104K, reserved 1062912K
  class space    used 1540K, capacity 1669K, committed 1792K, reserved 1048576K
}

Deoptimization events (10 events):
Event: 233.868 Thread 0x00007f9d58a1f800 Uncommon trap: reason=unstable_if action=reinterpret pc=0x00000001133aac18 method=g4p_controls.GButton.mouseEvent(Lprocessing/event/MouseEvent;)V @ 362
Event: 235.639 Thread 0x00007f9d58a1f800 Uncommon trap: reason=unstable_if action=reinterpret pc=0x00000001130f8224 method=g4p_controls.GScrollbar.mouseEvent(Lprocessing/event/MouseEvent;)V @ 108
Event: 245.545 Thread 0x00007f9d58a1f800 Uncommon trap: reason=unstable_if action=reinterpret pc=0x00000001131b8a48 method=circeIsland.creatures.Creature.islandHeightResized()Z @ 16
Event: 255.405 Thread 0x00007f9d58a1f800 Uncommon trap: reason=unstable_if action=reinterpret pc=0x00000001134f7128 method=circeIsland.creatures.Pig.findPigPen()[I @ 26
Event: 255.517 Thread 0x00007f9d58a1f800 Uncommon trap: reason=unstable_if action=reinterpret pc=0x00000001134f2eb8 method=circeIsland.creatures.Pig.findPigPen()[I @ 26
Event: 286.001 Thread 0x00007f9d58a1f800 Uncommon trap: reason=unstable_if action=reinterpret pc=0x000000011370ff40 method=circeIsland.main.DrawingSurface.draw()V @ 63
Event: 286.055 Thread 0x00007f9d58a1f800 Uncommon trap: reason=unstable_if action=reinterpret pc=0x00000001134f4340 method=circeIsland.creatures.Nymph.setHouse()Z @ 4
Event: 308.528 Thread 0x00007f9d58a1f800 Uncommon trap: reason=unstable_if action=reinterpret pc=0x00000001135ab834 method=g4p_controls.GScrollbar.mouseEvent(Lprocessing/event/MouseEvent;)V @ 547
Event: 365.102 Thread 0x00007f9d59837000 Uncommon trap: reason=unstable_if action=reinterpret pc=0x00000001134e06a8 method=sun.java2d.pipe.Region.contains(II)Z @ 5
Event: 379.611 Thread 0x00007f9d59837000 Uncommon trap: reason=unstable_if action=reinterpret pc=0x00000001131c5040 method=sun.java2d.pipe.Region.contains(II)Z @ 5

Classes redefined (0 events):
No events

Internal exceptions (10 events):
Event: 0.578 Thread 0x00007f9d5800c800 Exception <a 'java/io/FileNotFoundException'> (0x00000007958da130) thrown at [/jenkins/workspace/8-2-build-macosx-x86_64/jdk8u281/880/hotspot/src/share/vm/prims/jni.cpp, line 710]
Event: 1.031 Thread 0x00007f9d58a1f800 Exception <a 'java/io/FileNotFoundException'> (0x00000007961fd468) thrown at [/jenkins/workspace/8-2-build-macosx-x86_64/jdk8u281/880/hotspot/src/share/vm/prims/jni.cpp, line 710]
Event: 1.031 Thread 0x00007f9d58a1f800 Exception <a 'java/io/FileNotFoundException'> (0x0000000796200f50) thrown at [/jenkins/workspace/8-2-build-macosx-x86_64/jdk8u281/880/hotspot/src/share/vm/prims/jni.cpp, line 710]
Event: 1.031 Thread 0x00007f9d58a1f800 Exception <a 'java/io/FileNotFoundException'> (0x0000000796201e20) thrown at [/jenkins/workspace/8-2-build-macosx-x86_64/jdk8u281/880/hotspot/src/share/vm/prims/jni.cpp, line 710]
Event: 1.031 Thread 0x00007f9d58a1f800 Exception <a 'java/io/FileNotFoundException'> (0x0000000796202738) thrown at [/jenkins/workspace/8-2-build-macosx-x86_64/jdk8u281/880/hotspot/src/share/vm/prims/jni.cpp, line 710]
Event: 1.032 Thread 0x00007f9d58a1f800 Exception <a 'java/io/FileNotFoundException'> (0x0000000796204540) thrown at [/jenkins/workspace/8-2-build-macosx-x86_64/jdk8u281/880/hotspot/src/share/vm/prims/jni.cpp, line 710]
Event: 1.728 Thread 0x00007f9d58026800 Exception <a 'java/lang/NullPointerException'> (0x0000000795ac2ce0) thrown at [/jenkins/workspace/8-2-build-macosx-x86_64/jdk8u281/880/hotspot/src/share/vm/interpreter/linkResolver.cpp, line 1185]
Event: 38.526 Thread 0x00007f9d58a1f800 Implicit null exception at 0x0000000113402017 to 0x00000001134021d9
Event: 39.597 Thread 0x00007f9d58a1f800 Implicit null exception at 0x000000011342e6bd to 0x000000011342f155
Event: 542.065 Thread 0x00007f9d58a1f800 Implicit null exception at 0x00000001130bd607 to 0x0000000000000000

Events (10 events):
Event: 538.115 Thread 0x00007f9d58a1f800 DEOPT UNPACKING pc=0x0000000112e41384 sp=0x000000030f78d390 mode 0
Event: 538.796 Thread 0x00007f9d58a1f800 DEOPT PACKING pc=0x00000001133b6a44 sp=0x000000030f78d5d0
Event: 538.796 Thread 0x00007f9d58a1f800 DEOPT UNPACKING pc=0x0000000112e41384 sp=0x000000030f78d390 mode 0
Event: 539.411 Thread 0x00007f9d58a1f800 DEOPT PACKING pc=0x00000001133b6a44 sp=0x000000030f78d5d0
Event: 539.411 Thread 0x00007f9d58a1f800 DEOPT UNPACKING pc=0x0000000112e41384 sp=0x000000030f78d390 mode 0
Event: 540.062 Thread 0x00007f9d58a1f800 DEOPT PACKING pc=0x00000001133b6a44 sp=0x000000030f78d5d0
Event: 540.062 Thread 0x00007f9d58a1f800 DEOPT UNPACKING pc=0x0000000112e41384 sp=0x000000030f78d390 mode 0
Event: 540.769 Thread 0x00007f9d58a1f800 DEOPT PACKING pc=0x00000001133b6a44 sp=0x000000030f78d5d0
Event: 540.769 Thread 0x00007f9d58a1f800 DEOPT UNPACKING pc=0x0000000112e41384 sp=0x000000030f78d390 mode 0
Event: 540.792 Thread 0x00007f9d5883d800 flushing nmethod 0x000000011367d450


Dynamic libraries:
0x00007ffdffbee000 	/Library/Apple/usr/libexec/oah/runtime
0x00007fff352b5000 	/System/Library/Frameworks/Cocoa.framework/Versions/A/Cocoa
0x00007fff221f9000 	/System/Library/Frameworks/Security.framework/Versions/A/Security
0x00007fff3350d000 	/System/Library/Frameworks/ApplicationServices.framework/Versions/A/ApplicationServices
0x00007fff2a686000 	/usr/lib/libz.1.dylib
0x00007fff2a752000 	/usr/lib/libSystem.B.dylib
0x00007fff2048e000 	/System/Library/Frameworks/CoreFoundation.framework/Versions/A/CoreFoundation
0x00007fff2116d000 	/System/Library/Frameworks/Foundation.framework/Versions/C/Foundation
0x00007fff202ac000 	/usr/lib/libobjc.A.dylib
0x00007fff22c1d000 	/System/Library/Frameworks/AppKit.framework/Versions/C/AppKit
0x00007fff25aca000 	/System/Library/Frameworks/CoreData.framework/Versions/A/CoreData
0x00007fff23979000 	/System/Library/PrivateFrameworks/UIFoundation.framework/Versions/A/UIFoundation
0x00007fff2fef0000 	/System/Library/PrivateFrameworks/RemoteViewServices.framework/Versions/A/RemoteViewServices
0x00007fff28ca1000 	/System/Library/PrivateFrameworks/XCTTargetBootstrap.framework/Versions/A/XCTTargetBootstrap
0x00007fff2b9ef000 	/usr/lib/libspindump.dylib
0x00007fff23bcd000 	/System/Library/Frameworks/UniformTypeIdentifiers.framework/Versions/A/UniformTypeIdentifiers
0x00007fff27474000 	/usr/lib/libapp_launch_measurement.dylib
0x00007fff27477000 	/System/Library/PrivateFrameworks/CoreAutoLayout.framework/Versions/A/CoreAutoLayout
0x00007fff28602000 	/System/Library/Frameworks/Metal.framework/Versions/A/Metal
0x00007fff292f7000 	/usr/lib/liblangid.dylib
0x00007fff28ca5000 	/System/Library/PrivateFrameworks/CoreSVG.framework/Versions/A/CoreSVG
0x00007fff24bb3000 	/System/Library/PrivateFrameworks/SkyLight.framework/Versions/A/SkyLight
0x00007fff24f12000 	/System/Library/Frameworks/CoreGraphics.framework/Versions/A/CoreGraphics
0x00007fff30547000 	/System/Library/Frameworks/Accelerate.framework/Versions/A/Accelerate
0x00007fff2b42a000 	/System/Library/PrivateFrameworks/IconServices.framework/Versions/A/IconServices
0x00007fff285e3000 	/System/Library/Frameworks/IOSurface.framework/Versions/A/IOSurface
0x00007fff2645c000 	/usr/lib/libDiagnosticMessagesClient.dylib
0x00007fff28c8d000 	/System/Library/PrivateFrameworks/DFRFoundation.framework/Versions/A/DFRFoundation
0x00007fff22549000 	/usr/lib/libicucore.A.dylib
0x00007fff2cf2a000 	/System/Library/Frameworks/AudioToolbox.framework/Versions/A/AudioToolbox
0x00007fff2c1d5000 	/System/Library/PrivateFrameworks/DataDetectorsCore.framework/Versions/A/DataDetectorsCore
0x00007fff2898d000 	/System/Library/Frameworks/Carbon.framework/Versions/A/Frameworks/HIToolbox.framework/Versions/A/HIToolbox
0x00007fff26ed8000 	/System/Library/Frameworks/QuartzCore.framework/Versions/A/QuartzCore
0x00007fff2ff2c000 	/System/Library/Frameworks/Carbon.framework/Versions/A/Frameworks/SpeechRecognition.framework/Versions/A/SpeechRecognition
0x00007fff271dc000 	/System/Library/PrivateFrameworks/CoreUI.framework/Versions/A/CoreUI
0x00007fff21b55000 	/System/Library/Frameworks/CoreAudio.framework/Versions/A/CoreAudio
0x00007fff26547000 	/System/Library/Frameworks/DiskArbitration.framework/Versions/A/DiskArbitration
0x00007fff2bde7000 	/System/Library/PrivateFrameworks/MultitouchSupport.framework/Versions/A/MultitouchSupport
0x00007fff2c1cc000 	/System/Library/PrivateFrameworks/InternationalSupport.framework/Versions/A/InternationalSupport
0x00007fff24b27000 	/usr/lib/libenergytrace.dylib
0x00007fff22b17000 	/System/Library/Frameworks/IOKit.framework/Versions/A/IOKit
0x00007fff30279000 	/System/Library/Frameworks/CoreServices.framework/Versions/A/CoreServices
0x00007fff2740a000 	/System/Library/PrivateFrameworks/PerformanceAnalysis.framework/Versions/A/PerformanceAnalysis
0x00007fff6b767000 	/System/Library/Frameworks/OpenGL.framework/Versions/A/OpenGL
0x00007fff2c251000 	/System/Library/PrivateFrameworks/UserActivity.framework/Versions/A/UserActivity
0x00007fff255cc000 	/System/Library/Frameworks/ColorSync.framework/Versions/A/ColorSync
0x00007fff28f10000 	/System/Library/Frameworks/CoreImage.framework/Versions/A/CoreImage
0x00007fff2196b000 	/System/Library/Frameworks/CoreText.framework/Versions/A/CoreText
0x00007fff28ccf000 	/System/Library/Frameworks/ImageIO.framework/Versions/A/ImageIO
0x00007fff2a758000 	/System/Library/PrivateFrameworks/SoftLinking.framework/Versions/A/SoftLinking
0x00007fff274bf000 	/usr/lib/libxml2.2.dylib
0x00007fff20372000 	/usr/lib/libc++.1.dylib
0x00007fff2a9ca000 	/usr/lib/libcompression.dylib
0x00007fff24b28000 	/usr/lib/libMobileGestalt.dylib
0x00007fff2c0ff000 	/System/Library/PrivateFrameworks/TextureIO.framework/Versions/A/TextureIO
0x00007fff2b0b8000 	/usr/lib/libate.dylib
0x00007fff2a74c000 	/usr/lib/system/libcache.dylib
0x00007fff2a708000 	/usr/lib/system/libcommonCrypto.dylib
0x00007fff2a732000 	/usr/lib/system/libcompiler_rt.dylib
0x00007fff2a727000 	/usr/lib/system/libcopyfile.dylib
0x00007fff2019e000 	/usr/lib/system/libcorecrypto.dylib
0x00007fff20267000 	/usr/lib/system/libdispatch.dylib
0x00007fff2041c000 	/usr/lib/system/libdyld.dylib
0x00007fff2a743000 	/usr/lib/system/libkeymgr.dylib
0x00007fff2dcd9000 	/usr/lib/system/liblaunch.dylib
0x00007fff2a6e6000 	/usr/lib/system/libmacho.dylib
0x00007fff29efb000 	/usr/lib/system/libquarantine.dylib
0x00007fff2a740000 	/usr/lib/system/libremovefile.dylib
0x00007fff24b84000 	/usr/lib/system/libsystem_asl.dylib
0x00007fff2014e000 	/usr/lib/system/libsystem_blocks.dylib
0x00007fff202e9000 	/usr/lib/system/libsystem_c.dylib
0x00007fff2a73a000 	/usr/lib/system/libsystem_collections.dylib
0x00007fff292e8000 	/usr/lib/system/libsystem_configuration.dylib
0x00007fff285d2000 	/usr/lib/system/libsystem_containermanager.dylib
0x00007fff2a47e000 	/usr/lib/system/libsystem_coreservices.dylib
0x00007fff227ab000 	/usr/lib/system/libsystem_darwin.dylib
0x00007fff2a744000 	/usr/lib/system/libsystem_dnssd.dylib
0x00007fff202e6000 	/usr/lib/system/libsystem_featureflags.dylib
0x00007fff20462000 	/usr/lib/system/libsystem_info.dylib
0x00007fff2a699000 	/usr/lib/system/libsystem_m.dylib
0x00007fff2023a000 	/usr/lib/system/libsystem_malloc.dylib
0x00007fff24b18000 	/usr/lib/system/libsystem_networkextension.dylib
0x00007fff22bc5000 	/usr/lib/system/libsystem_notify.dylib
0x00007fff30177000 	/usr/lib/system/libsystem_product_info_filter.dylib
0x00007fff292ec000 	/usr/lib/system/libsystem_sandbox.dylib
0x00007fff2a73d000 	/usr/lib/system/libsystem_secinit.dylib
0x00007fff203e1000 	/usr/lib/system/libsystem_kernel.dylib
0x00007fff20458000 	/usr/lib/system/libsystem_platform.dylib
0x00007fff20410000 	/usr/lib/system/libsystem_pthread.dylib
0x00007fff262aa000 	/usr/lib/system/libsystem_symptoms.dylib
0x00007fff20186000 	/usr/lib/system/libsystem_trace.dylib
0x00007fff2a714000 	/usr/lib/system/libunwind.dylib
0x00007fff20150000 	/usr/lib/system/libxpc.dylib
0x00007fff203c8000 	/usr/lib/libc++abi.dylib
0x00007fff2a71f000 	/usr/lib/liboah.dylib
0x00007fff2ade3000 	/usr/lib/liblzma.5.dylib
0x00007fff20e83000 	/System/Library/Frameworks/SystemConfiguration.framework/Versions/A/SystemConfiguration
0x00007fff2a754000 	/usr/lib/libfakelink.dylib
0x00007fff2467b000 	/System/Library/Frameworks/CFNetwork.framework/Versions/A/CFNetwork
0x00007fff2a894000 	/usr/lib/libarchive.2.dylib
0x00007fff20f00000 	/usr/lib/libCRFSuite.dylib
0x00007fff29f22000 	/usr/lib/libbsm.0.dylib
0x00007fff24037000 	/usr/lib/libnetwork.dylib
0x00007fff2a759000 	/usr/lib/libpcap.A.dylib
0x00007fff262a3000 	/usr/lib/libdns_services.dylib
0x00007fff2adfc000 	/usr/lib/libcoretls_cfhelpers.dylib
0x00007fff2a998000 	/usr/lib/libapple_nghttp2.dylib
0x00007fff2a6ec000 	/usr/lib/system/libkxld.dylib
0x00007fff25f11000 	/usr/lib/libsqlite3.dylib
0x00007fff2a460000 	/System/Library/PrivateFrameworks/AppleFSCompression.framework/Versions/A/AppleFSCompression
0x00007fff29f0a000 	/usr/lib/libcoretls.dylib
0x00007fff2a9c5000 	/usr/lib/libpam.2.dylib
0x00007fff2aef9000 	/usr/lib/libxar.1.dylib
0x00007fff292f3000 	/System/Library/PrivateFrameworks/AppleSystemInfo.framework/Versions/A/AppleSystemInfo
0x00007fff29b4d000 	/System/Library/PrivateFrameworks/IOMobileFramebuffer.framework/Versions/A/IOMobileFramebuffer
0x00007fff2a470000 	/usr/lib/libbz2.1.0.dylib
0x00007fff2a791000 	/usr/lib/libiconv.2.dylib
0x00007fff2a6e5000 	/usr/lib/libcharset.1.dylib
0x00007fff27446000 	/System/Library/Frameworks/CoreServices.framework/Versions/A/Frameworks/FSEvents.framework/Versions/A/FSEvents
0x00007fff227b5000 	/System/Library/Frameworks/CoreServices.framework/Versions/A/Frameworks/CarbonCore.framework/Versions/A/CarbonCore
0x00007fff264ac000 	/System/Library/Frameworks/CoreServices.framework/Versions/A/Frameworks/Metadata.framework/Versions/A/Metadata
0x00007fff2a483000 	/System/Library/Frameworks/CoreServices.framework/Versions/A/Frameworks/OSServices.framework/Versions/A/OSServices
0x00007fff2a906000 	/System/Library/Frameworks/CoreServices.framework/Versions/A/Frameworks/SearchKit.framework/Versions/A/SearchKit
0x00007fff2622d000 	/System/Library/Frameworks/CoreServices.framework/Versions/A/Frameworks/AE.framework/Versions/A/AE
0x00007fff2092a000 	/System/Library/Frameworks/CoreServices.framework/Versions/A/Frameworks/LaunchServices.framework/Versions/A/LaunchServices
0x00007fff2ad94000 	/System/Library/Frameworks/CoreServices.framework/Versions/A/Frameworks/DictionaryServices.framework/Versions/A/DictionaryServices
0x00007fff2744f000 	/System/Library/Frameworks/CoreServices.framework/Versions/A/Frameworks/SharedFileList.framework/Versions/A/SharedFileList
0x00007fff29efe000 	/usr/lib/libCheckFix.dylib
0x00007fff24b9b000 	/System/Library/PrivateFrameworks/TCC.framework/Versions/A/TCC
0x00007fff292f9000 	/System/Library/PrivateFrameworks/CoreNLP.framework/Versions/A/CoreNLP
0x00007fff2645f000 	/System/Library/PrivateFrameworks/MetadataUtilities.framework/Versions/A/MetadataUtilities
0x00007fff20f36000 	/usr/lib/libmecabra.dylib
0x00007fff2a212000 	/System/Library/Frameworks/MLCompute.framework/Versions/A/MLCompute
0x00007fff29f33000 	/usr/lib/libmecab.dylib
0x00007fff29f7d000 	/usr/lib/libgermantok.dylib
0x00007fff2a96e000 	/usr/lib/libThaiTokenizer.dylib
0x00007fff2af34000 	/usr/lib/libChineseTokenizer.dylib
0x00007fff2a9c3000 	/System/Library/Frameworks/MetalPerformanceShaders.framework/Versions/A/MetalPerformanceShaders
0x00007fff2654e000 	/System/Library/Frameworks/Accelerate.framework/Versions/A/Frameworks/vImage.framework/Versions/A/vImage
0x00007fff30252000 	/System/Library/Frameworks/Accelerate.framework/Versions/A/Frameworks/vecLib.framework/Versions/A/vecLib
0x00007fff2af3f000 	/System/Library/Frameworks/Accelerate.framework/Versions/A/Frameworks/vecLib.framework/Versions/A/libvMisc.dylib
0x00007fff299a9000 	/System/Library/Frameworks/Accelerate.framework/Versions/A/Frameworks/vecLib.framework/Versions/A/libvDSP.dylib
0x00007fff20c2d000 	/System/Library/Frameworks/Accelerate.framework/Versions/A/Frameworks/vecLib.framework/Versions/A/libBLAS.dylib
0x00007fff2a9e9000 	/System/Library/Frameworks/Accelerate.framework/Versions/A/Frameworks/vecLib.framework/Versions/A/libLAPACK.dylib
0x00007fff29f83000 	/System/Library/Frameworks/Accelerate.framework/Versions/A/Frameworks/vecLib.framework/Versions/A/libLinearAlgebra.dylib
0x00007fff2a9b0000 	/System/Library/Frameworks/Accelerate.framework/Versions/A/Frameworks/vecLib.framework/Versions/A/libSparseBLAS.dylib
0x00007fff2a9e3000 	/System/Library/Frameworks/Accelerate.framework/Versions/A/Frameworks/vecLib.framework/Versions/A/libQuadrature.dylib
0x00007fff293a1000 	/System/Library/Frameworks/Accelerate.framework/Versions/A/Frameworks/vecLib.framework/Versions/A/libBNNS.dylib
0x00007fff20e14000 	/System/Library/Frameworks/Accelerate.framework/Versions/A/Frameworks/vecLib.framework/Versions/A/libSparse.dylib
0x00007fff2928c000 	/System/Library/Frameworks/MetalPerformanceShaders.framework/Versions/A/Frameworks/MPSCore.framework/Versions/A/MPSCore
0x00007fff2a3cf000 	/System/Library/Frameworks/MetalPerformanceShaders.framework/Versions/A/Frameworks/MPSImage.framework/Versions/A/MPSImage
0x00007fff29f9a000 	/System/Library/Frameworks/MetalPerformanceShaders.framework/Versions/A/Frameworks/MPSNeuralNetwork.framework/Versions/A/MPSNeuralNetwork
0x00007fff2a35a000 	/System/Library/Frameworks/MetalPerformanceShaders.framework/Versions/A/Frameworks/MPSMatrix.framework/Versions/A/MPSMatrix
0x00007fff2a1c2000 	/System/Library/Frameworks/MetalPerformanceShaders.framework/Versions/A/Frameworks/MPSRayIntersector.framework/Versions/A/MPSRayIntersector
0x00007fff2a391000 	/System/Library/Frameworks/MetalPerformanceShaders.framework/Versions/A/Frameworks/MPSNDArray.framework/Versions/A/MPSNDArray
0x00007fff20b59000 	/System/Library/PrivateFrameworks/MetalTools.framework/Versions/A/MetalTools
0x00007fff292f1000 	/System/Library/PrivateFrameworks/AggregateDictionary.framework/Versions/A/AggregateDictionary
0x00007fff26437000 	/System/Library/PrivateFrameworks/CoreAnalytics.framework/Versions/A/CoreAnalytics
0x00007fff2a970000 	/System/Library/PrivateFrameworks/AppleSauce.framework/Versions/A/AppleSauce
0x00007fff285f5000 	/System/Library/PrivateFrameworks/IOAccelerator.framework/Versions/A/IOAccelerator
0x00007fff6b75b000 	/System/Library/Frameworks/OpenGL.framework/Versions/A/Libraries/libCoreFSCache.dylib
0x00007fff214d1000 	/System/Library/PrivateFrameworks/LanguageModeling.framework/Versions/A/LanguageModeling
0x00007fff29b3a000 	/System/Library/PrivateFrameworks/CoreEmoji.framework/Versions/A/CoreEmoji
0x00007fff2939a000 	/System/Library/PrivateFrameworks/LinguisticData.framework/Versions/A/LinguisticData
0x00007fff20dc6000 	/System/Library/PrivateFrameworks/Lexicon.framework/Versions/A/Lexicon
0x00007fff2a882000 	/usr/lib/libcmph.dylib
0x00007fff27426000 	/System/Library/Frameworks/OpenDirectory.framework/Versions/A/Frameworks/CFOpenDirectory.framework/Versions/A/CFOpenDirectory
0x00007fff27416000 	/System/Library/Frameworks/OpenDirectory.framework/Versions/A/OpenDirectory
0x00007fff2adfe000 	/System/Library/PrivateFrameworks/APFS.framework/Versions/A/APFS
0x00007fff29e5f000 	/System/Library/Frameworks/SecurityFoundation.framework/Versions/A/SecurityFoundation
0x00007fff2af07000 	/usr/lib/libutil.dylib
0x00007fff22adc000 	/System/Library/PrivateFrameworks/CoreServicesStore.framework/Versions/A/CoreServicesStore
0x00007fff29ef6000 	/System/Library/Frameworks/ServiceManagement.framework/Versions/A/ServiceManagement
0x00007fff2af0b000 	/usr/lib/libxslt.1.dylib
0x00007fff29eec000 	/System/Library/PrivateFrameworks/BackgroundTaskManagement.framework/Versions/A/BackgroundTaskManagement
0x00007fff2c04a000 	/System/Library/Frameworks/ImageIO.framework/Versions/A/Resources/libRadiance.dylib
0x00007fff2c053000 	/System/Library/Frameworks/ImageIO.framework/Versions/A/Resources/libJPEG.dylib
0x00007fff2bfa1000 	/System/Library/Frameworks/ImageIO.framework/Versions/A/Resources/libPng.dylib
0x00007fff2bfc8000 	/System/Library/Frameworks/ImageIO.framework/Versions/A/Resources/libTIFF.dylib
0x00007fff2c0a8000 	/System/Library/Frameworks/ImageIO.framework/Versions/A/Resources/libGIF.dylib
0x00007fff2bd05000 	/System/Library/Frameworks/ImageIO.framework/Versions/A/Resources/libJP2.dylib
0x00007fff2b3f1000 	/usr/lib/libexpat.1.dylib
0x00007fff2bcbb000 	/System/Library/PrivateFrameworks/AppleJPEG.framework/Versions/A/AppleJPEG
0x00007fff28830000 	/System/Library/PrivateFrameworks/FontServices.framework/libFontParser.dylib
0x00007fff261e1000 	/System/Library/PrivateFrameworks/RunningBoardServices.framework/Versions/A/RunningBoardServices
0x00007fff2bde3000 	/System/Library/PrivateFrameworks/WatchdogClient.framework/Versions/A/WatchdogClient
0x00007fff215be000 	/System/Library/Frameworks/CoreDisplay.framework/Versions/A/CoreDisplay
0x00007fff28745000 	/System/Library/Frameworks/CoreMedia.framework/Versions/A/CoreMedia
0x00007fff275a2000 	/System/Library/Frameworks/CoreVideo.framework/Versions/A/CoreVideo
0x00007fff2be1b000 	/System/Library/Frameworks/VideoToolbox.framework/Versions/A/VideoToolbox
0x00007fff2615f000 	/System/Library/PrivateFrameworks/BaseBoard.framework/Versions/A/BaseBoard
0x00007fff2b536000 	/System/Library/PrivateFrameworks/PersistentConnection.framework/Versions/A/PersistentConnection
0x00007fff25efa000 	/System/Library/PrivateFrameworks/ProtocolBuffer.framework/Versions/A/ProtocolBuffer
0x00007fff26146000 	/System/Library/PrivateFrameworks/CommonUtilities.framework/Versions/A/CommonUtilities
0x00007fff2bc50000 	/System/Library/PrivateFrameworks/Bom.framework/Versions/A/Bom
0x00007fff2c043000 	/System/Library/PrivateFrameworks/GPUWrangler.framework/Versions/A/GPUWrangler
0x00007fff2c026000 	/System/Library/PrivateFrameworks/IOPresentment.framework/Versions/A/IOPresentment
0x00007fff2c04d000 	/System/Library/PrivateFrameworks/DSExternalDisplay.framework/Versions/A/DSExternalDisplay
0x00007fff2c0ad000 	/System/Library/PrivateFrameworks/CMCaptureCore.framework/Versions/A/CMCaptureCore
0x00007fff2b9d6000 	/System/Library/PrivateFrameworks/AppServerSupport.framework/Versions/A/AppServerSupport
0x00007fff2da7a000 	/System/Library/PrivateFrameworks/perfdata.framework/Versions/A/perfdata
0x00007fff29e4e000 	/System/Library/PrivateFrameworks/AssertionServices.framework/Versions/A/AssertionServices
0x00007fff216f5000 	/System/Library/PrivateFrameworks/AudioToolboxCore.framework/Versions/A/AudioToolboxCore
0x00007fff28728000 	/System/Library/PrivateFrameworks/caulk.framework/Versions/A/caulk
0x00007fff3cd09000 	/System/Library/PrivateFrameworks/SystemPolicy.framework/Versions/A/SystemPolicy
0x00007fff2b1e7000 	/usr/lib/libIOReport.dylib
0x00007fff2d29c000 	/usr/lib/libSMC.dylib
0x00007fff2bf6e000 	/usr/lib/libAudioToolboxUtility.dylib
0x00007fff3d66e000 	/usr/lib/libmis.dylib
0x00007fff6b7b7000 	/System/Library/Frameworks/OpenGL.framework/Versions/A/Libraries/libGLU.dylib
0x00007fff6b77a000 	/System/Library/Frameworks/OpenGL.framework/Versions/A/Libraries/libGFXShared.dylib
0x00007fff6b989000 	/System/Library/Frameworks/OpenGL.framework/Versions/A/Libraries/libGL.dylib
0x00007fff6b783000 	/System/Library/Frameworks/OpenGL.framework/Versions/A/Libraries/libGLImage.dylib
0x00007fff6b777000 	/System/Library/Frameworks/OpenGL.framework/Versions/A/Libraries/libCVMSPluginSupport.dylib
0x00007fff6b762000 	/System/Library/Frameworks/OpenGL.framework/Versions/A/Libraries/libCoreVMClient.dylib
0x00007fff6cdca000 	/System/Library/Frameworks/OpenCL.framework/Versions/A/OpenCL
0x00007fff2b560000 	/System/Library/PrivateFrameworks/GraphVisualizer.framework/Versions/A/GraphVisualizer
0x00007fff2b56f000 	/System/Library/PrivateFrameworks/FaceCore.framework/Versions/A/FaceCore
0x00007fff2b98b000 	/System/Library/PrivateFrameworks/OTSVG.framework/Versions/A/OTSVG
0x00007fff2719a000 	/System/Library/Frameworks/ApplicationServices.framework/Versions/A/Frameworks/ATS.framework/Versions/A/Resources/libFontRegistry.dylib
0x00007fff2b9dd000 	/System/Library/PrivateFrameworks/FontServices.framework/libhvf.dylib
0x00007fff2b39d000 	/System/Library/PrivateFrameworks/AppleVA.framework/Versions/A/AppleVA
0x00007fff2d0e5000 	/System/Library/Frameworks/ApplicationServices.framework/Versions/A/Frameworks/ATS.framework/Versions/A/ATS
0x00007fff2d3f7000 	/System/Library/Frameworks/ApplicationServices.framework/Versions/A/Frameworks/ColorSyncLegacy.framework/Versions/A/ColorSyncLegacy
0x00007fff256c3000 	/System/Library/Frameworks/ApplicationServices.framework/Versions/A/Frameworks/HIServices.framework/Versions/A/HIServices
0x00007fff2d3dc000 	/System/Library/Frameworks/ApplicationServices.framework/Versions/A/Frameworks/LangAnalysis.framework/Versions/A/LangAnalysis
0x00007fff2c0b7000 	/System/Library/Frameworks/ApplicationServices.framework/Versions/A/Frameworks/PrintCore.framework/Versions/A/PrintCore
0x00007fff2d3ff000 	/System/Library/Frameworks/ApplicationServices.framework/Versions/A/Frameworks/QD.framework/Versions/A/QD
0x00007fff2d0d5000 	/System/Library/Frameworks/ApplicationServices.framework/Versions/A/Frameworks/SpeechSynthesis.framework/Versions/A/SpeechSynthesis
0x00007fff2c078000 	/System/Library/Frameworks/ApplicationServices.framework/Versions/A/Frameworks/ATSUI.framework/Versions/A/ATSUI
0x00007fff2d37c000 	/usr/lib/libcups.2.dylib
0x00007fff2d3ec000 	/System/Library/PrivateFrameworks/NetAuth.framework/Versions/A/NetAuth
0x00007fff2da96000 	/System/Library/Frameworks/Kerberos.framework/Versions/A/Kerberos
0x00007fff2daa6000 	/System/Library/Frameworks/GSS.framework/Versions/A/GSS
0x00007fff2d151000 	/usr/lib/libresolv.9.dylib
0x00007fff2b9f2000 	/System/Library/PrivateFrameworks/Heimdal.framework/Versions/A/Heimdal
0x00007fff3380d000 	/System/Library/Frameworks/Kerberos.framework/Versions/A/Libraries/libHeimdalProxy.dylib
0x00007fff262b2000 	/System/Library/Frameworks/Network.framework/Versions/A/Network
0x00007fff2b40b000 	/usr/lib/libheimdal-asn1.dylib
0x00007fff2daf6000 	/System/Library/PrivateFrameworks/CommonAuth.framework/Versions/A/CommonAuth
0x00007fff275ef000 	/System/Library/PrivateFrameworks/login.framework/Versions/A/Frameworks/loginsupport.framework/Versions/A/loginsupport
0x00007fff2d05a000 	/System/Library/PrivateFrameworks/AudioSession.framework/Versions/A/AudioSession
0x00007fff2d0c2000 	/usr/lib/libAudioStatistics.dylib
0x00007fff2b498000 	/System/Library/PrivateFrameworks/MediaExperience.framework/Versions/A/MediaExperience
0x00007fff2cef8000 	/System/Library/PrivateFrameworks/AudioSession.framework/libSessionUtility.dylib
0x00007fff2da87000 	/usr/lib/libperfcheck.dylib
0x00007fff2d40b000 	/System/Library/PrivateFrameworks/AudioResourceArbitration.framework/Versions/A/AudioResourceArbitration
0x00007fff2b415000 	/System/Library/PrivateFrameworks/IconFoundation.framework/Versions/A/IconFoundation
0x00007fff2ff1c000 	/System/Library/PrivateFrameworks/SpeechRecognitionCore.framework/Versions/A/SpeechRecognitionCore
0x0000000111000000 	/Library/Internet Plug-Ins/JavaAppletPlugin.plugin/Contents/Home/lib/server/libjvm.dylib
0x000000010cf10000 	/Library/Internet Plug-Ins/JavaAppletPlugin.plugin/Contents/Home/lib/libverify.dylib
0x000000010cf36000 	/Library/Internet Plug-Ins/JavaAppletPlugin.plugin/Contents/Home/lib/libjava.dylib
0x0000000112dde000 	/Library/Internet Plug-Ins/JavaAppletPlugin.plugin/Contents/Home/lib/libzip.dylib
0x00000001297ac000 	/Library/Internet Plug-Ins/JavaAppletPlugin.plugin/Contents/Home/lib/libawt.dylib
0x00000001298f1000 	/Library/Internet Plug-Ins/JavaAppletPlugin.plugin/Contents/Home/lib/libmlib_image.dylib
0x00007fff6e7ee000 	/System/Library/Frameworks/JavaNativeFoundation.framework/Versions/A/JavaNativeFoundation
0x00007fff6e7fa000 	/System/Library/Frameworks/JavaRuntimeSupport.framework/Versions/A/JavaRuntimeSupport
0x00007fff3ca8b000 	/System/Library/Frameworks/Carbon.framework/Versions/A/Carbon
0x00007fff31efc000 	/System/Library/PrivateFrameworks/CoreSymbolication.framework/Versions/A/CoreSymbolication
0x00007fff366f3000 	/System/Library/Frameworks/Carbon.framework/Versions/A/Frameworks/CommonPanels.framework/Versions/A/CommonPanels
0x00007fff332cc000 	/System/Library/Frameworks/Carbon.framework/Versions/A/Frameworks/Help.framework/Versions/A/Help
0x00007fff366f7000 	/System/Library/Frameworks/Carbon.framework/Versions/A/Frameworks/ImageCapture.framework/Versions/A/ImageCapture
0x00007fff366cf000 	/System/Library/Frameworks/Carbon.framework/Versions/A/Frameworks/OpenScripting.framework/Versions/A/OpenScripting
0x00007fff366ef000 	/System/Library/Frameworks/Carbon.framework/Versions/A/Frameworks/Ink.framework/Versions/A/Ink
0x00007fff3ca87000 	/System/Library/Frameworks/Carbon.framework/Versions/A/Frameworks/Print.framework/Versions/A/Print
0x00007fff366eb000 	/System/Library/Frameworks/Carbon.framework/Versions/A/Frameworks/SecurityHI.framework/Versions/A/SecurityHI
0x00007fff31ebf000 	/System/Library/PrivateFrameworks/DebugSymbols.framework/Versions/A/DebugSymbols
0x0000000129aa6000 	/Library/Internet Plug-Ins/JavaAppletPlugin.plugin/Contents/Home/lib/libawt_lwawt.dylib
0x0000000129c1f000 	/Library/Internet Plug-Ins/JavaAppletPlugin.plugin/Contents/Home/lib/libosxapp.dylib
0x00007fff3c113000 	/System/Library/Frameworks/ExceptionHandling.framework/Versions/A/ExceptionHandling
0x00007fff22a9d000 	/System/Library/PrivateFrameworks/CoreServicesInternal.framework/Versions/A/CoreServicesInternal
0x00007fff31422000 	/System/Library/Frameworks/FileProvider.framework/Versions/A/FileProvider
0x00007fff260c9000 	/System/Library/Frameworks/Accounts.framework/Versions/A/Accounts
0x00007fff31543000 	/System/Library/PrivateFrameworks/GenerationalStorage.framework/Versions/A/GenerationalStorage
0x00007fff30e41000 	/System/Library/PrivateFrameworks/SymptomDiagnosticReporter.framework/Versions/A/SymptomDiagnosticReporter
0x00007fff2e733000 	/System/Library/PrivateFrameworks/AppContainer.framework/Versions/A/AppContainer
0x00007fff23be0000 	/System/Library/PrivateFrameworks/DesktopServicesPriv.framework/Versions/A/DesktopServicesPriv
0x00007fff22bd1000 	/usr/lib/libsandbox.1.dylib
0x00007fff2761b000 	/System/Library/PrivateFrameworks/UserManagement.framework/Versions/A/UserManagement
0x00007fff29e2b000 	/System/Library/PrivateFrameworks/MobileKeyBag.framework/Versions/A/MobileKeyBag
0x00007fff3486f000 	/System/Library/PrivateFrameworks/ChunkingLibrary.framework/Versions/A/ChunkingLibrary
0x00007fff2e748000 	/System/Library/PrivateFrameworks/SecCodeWrapper.framework/Versions/A/SecCodeWrapper
0x00007fff2b1ef000 	/System/Library/PrivateFrameworks/CrashReporterSupport.framework/Versions/A/CrashReporterSupport
0x00007fff47b0b000 	/System/Library/PrivateFrameworks/OSAnalytics.framework/Versions/A/OSAnalytics
0x00007fff7837d000 	/usr/lib/libRosetta.dylib
0x00007fff3325d000 	/System/Library/PrivateFrameworks/RemoteServiceDiscovery.framework/Versions/A/RemoteServiceDiscovery
0x00007fff515df000 	/System/Library/PrivateFrameworks/Symbolication.framework/Versions/A/Symbolication
0x00007fff3326d000 	/System/Library/PrivateFrameworks/RemoteXPC.framework/Versions/A/RemoteXPC
0x00007fff39558000 	/System/Library/PrivateFrameworks/OSAServicesClient.framework/Versions/A/OSAServicesClient
0x00007fff3d64d000 	/System/Library/PrivateFrameworks/MallocStackLogging.framework/Versions/A/MallocStackLogging
0x00007fff2e4cb000 	/System/Library/PrivateFrameworks/Sharing.framework/Versions/A/Sharing
0x00007fff32e3a000 	/System/Library/PrivateFrameworks/Apple80211.framework/Versions/A/Apple80211
0x00007fff2a4b1000 	/System/Library/PrivateFrameworks/AuthKit.framework/Versions/A/AuthKit
0x00007fff29c2b000 	/System/Library/PrivateFrameworks/CoreUtils.framework/Versions/A/CoreUtils
0x00007fff29b58000 	/System/Library/Frameworks/CoreWLAN.framework/Versions/A/CoreWLAN
0x00007fff2e612000 	/System/Library/Frameworks/IOBluetooth.framework/Versions/A/IOBluetooth
0x00007fff32e9e000 	/System/Library/PrivateFrameworks/CoreWiFi.framework/Versions/A/CoreWiFi
0x00007fff2db7c000 	/System/Library/PrivateFrameworks/CorePhoneNumbers.framework/Versions/A/CorePhoneNumbers
0x00007fff30f49000 	/System/Library/PrivateFrameworks/DiskManagement.framework/Versions/A/DiskManagement
0x00007fff30e5f000 	/System/Library/PrivateFrameworks/AppleIDAuthSupport.framework/Versions/A/AppleIDAuthSupport
0x00007fff2db59000 	/System/Library/PrivateFrameworks/KeychainCircle.framework/Versions/A/KeychainCircle
0x00007fff30f15000 	/System/Library/PrivateFrameworks/MediaKit.framework/Versions/A/MediaKit
0x00007fff30e6c000 	/System/Library/Frameworks/DiscRecording.framework/Versions/A/DiscRecording
0x00007fff2b311000 	/usr/lib/libCoreStorage.dylib
0x00007fff332d8000 	/usr/lib/libcsfde.dylib
0x00007fff2e74c000 	/System/Library/PrivateFrameworks/ProtectedCloudStorage.framework/Versions/A/ProtectedCloudStorage
0x00007fff332d0000 	/System/Library/PrivateFrameworks/EFILogin.framework/Versions/A/EFILogin
0x00007fff338c0000 	/System/Library/Frameworks/AudioUnit.framework/Versions/A/AudioUnit
0x00007fff30dab000 	/System/Library/Frameworks/CoreBluetooth.framework/Versions/A/CoreBluetooth
0x00007fff2b309000 	/usr/lib/libMatch.1.dylib
0x00007fff4382a000 	/System/Library/CoreServices/RawCamera.bundle/Contents/MacOS/RawCamera
0x00007fff2db07000 	/System/Library/PrivateFrameworks/MobileAsset.framework/Versions/A/MobileAsset
0x00007fff338e5000 	/System/Library/PrivateFrameworks/StreamingZip.framework/Versions/A/StreamingZip
0x00007fff2c2b0000 	/System/Library/Frameworks/MediaToolbox.framework/Versions/A/MediaToolbox
0x00007fff313f4000 	/System/Library/PrivateFrameworks/CoreAVCHD.framework/Versions/A/CoreAVCHD
0x00007fff30588000 	/System/Library/Frameworks/MediaAccessibility.framework/Versions/A/MediaAccessibility
0x00007fff313f0000 	/System/Library/PrivateFrameworks/Mangrove.framework/Versions/A/Mangrove
0x00007fff30594000 	/System/Library/PrivateFrameworks/AlgosScoreFramework.framework/Versions/A/AlgosScoreFramework
0x00007fff31daf000 	/System/Library/PrivateFrameworks/AppleVPA.framework/Versions/A/AppleVPA
0x00007fff31035000 	/System/Library/PrivateFrameworks/CoreAUC.framework/Versions/A/CoreAUC
0x00007fff4121e000 	/System/Library/Frameworks/Accelerate.framework/Versions/A/Frameworks/vImage.framework/Versions/A/Libraries/libCGInterfaces.dylib
0x000000012c21f000 	/usr/lib/libobjc-trampolines.dylib
0x00007fff2731e000 	/System/Library/PrivateFrameworks/ViewBridge.framework/Versions/A/ViewBridge
0x00007fff2bab3000 	/System/Library/PrivateFrameworks/login.framework/Versions/A/login
0x000000012e839000 	/Library/Internet Plug-Ins/JavaAppletPlugin.plugin/Contents/Home/lib/libfontmanager.dylib
0x00007fff6b994000 	/System/Library/Frameworks/OpenGL.framework/Versions/A/Resources/GLEngine.bundle/GLEngine
0x00007fff6b7f4000 	/System/Library/Frameworks/OpenGL.framework/Versions/A/Libraries/libGLProgrammability.dylib
0x000000012e904000 	/System/Library/Extensions/AppleMetalGLRenderer.bundle/Contents/MacOS/AppleMetalGLRenderer
0x00007fff6bb10000 	/System/Library/Frameworks/OpenGL.framework/Versions/A/Resources/GLRendererFloat.bundle/GLRendererFloat
0x000000012ea5a000 	/System/Library/Extensions/AGXMetal13_3.bundle/Contents/MacOS/AGXMetal13_3
0x00007fff388bd000 	/System/Library/PrivateFrameworks/IOGPU.framework/Versions/A/IOGPU
0x00007fff692ed000 	/System/Library/PrivateFrameworks/GPUCompiler.framework/Versions/31001/Libraries/libmetal_timestamp.dylib
0x000000012a415000 	/Library/Internet Plug-Ins/JavaAppletPlugin.plugin/Contents/Home/lib/libosxui.dylib
0x000000012ff98000 	/Library/Internet Plug-Ins/JavaAppletPlugin.plugin/Contents/Home/lib/libmanagement.dylib
0x0000000130ae4000 	/Library/Internet Plug-Ins/JavaAppletPlugin.plugin/Contents/Home/lib/libdcpr.dylib
0x0000000130b39000 	/Library/Internet Plug-Ins/JavaAppletPlugin.plugin/Contents/Home/lib/libnio.dylib
0x0000000130e49000 	/Library/Internet Plug-Ins/JavaAppletPlugin.plugin/Contents/Home/lib/libnet.dylib
0x0000000139f8c000 	/Library/Internet Plug-Ins/JavaAppletPlugin.plugin/Contents/Home/lib/libt2k.dylib
0x00007fff6f226000 	/System/Library/PrivateFrameworks/AccessibilityBundles.framework/Versions/A/AccessibilityBundles
0x00007fff305c5000 	/System/Library/PrivateFrameworks/SystemAdministration.framework/Versions/A/SystemAdministration
0x00007fff2fee4000 	/System/Library/Frameworks/DirectoryService.framework/Versions/A/DirectoryService
0x00007fff33176000 	/System/Library/PrivateFrameworks/DiskImages.framework/Versions/A/DiskImages
0x00007fff3334a000 	/System/Library/PrivateFrameworks/LoginUIKit.framework/Versions/A/Frameworks/LoginUICore.framework/Versions/A/LoginUICore
0x00007fff2bc4c000 	/usr/lib/libodfde.dylib
0x00007fff332e4000 	/usr/lib/libcurl.4.dylib
0x00007fff33044000 	/usr/lib/libcrypto.44.dylib
0x00007fff33148000 	/usr/lib/libssl.46.dylib
0x00007fff3300a000 	/System/Library/Frameworks/LDAP.framework/Versions/A/LDAP
0x00007fff33042000 	/System/Library/PrivateFrameworks/TrustEvaluationAgent.framework/Versions/A/TrustEvaluationAgent
0x00007fff2d16a000 	/usr/lib/libsasl2.2.dylib
0x00007fff305b9000 	/System/Library/PrivateFrameworks/CoreDaemon.framework/Versions/B/CoreDaemon
0x00007fff305b4000 	/System/Library/PrivateFrameworks/AppleSRP.framework/Versions/A/AppleSRP

VM Arguments:
jvm_args: -Dfile.encoding=UTF-8 
java_command: circeIsland.main.Main
java_class_path (initial): /Users/emmay/Documents/GitHub/capstoneproject-capstone-emma-jiwoo-rittika-sarah/CapstoneProject/bin:/Users/emmay/Documents/GitHub/capstoneproject-capstone-emma-jiwoo-rittika-sarah/CapstoneProject/processing_core.jar:/Users/emmay/Documents/GitHub/capstoneproject-capstone-emma-jiwoo-rittika-sarah/CapstoneProject/core.jar:/Users/emmay/Documents/GitHub/capstoneproject-capstone-emma-jiwoo-rittika-sarah/CapstoneProject/G4P.jar
Launcher Type: SUN_STANDARD

Environment Variables:
PATH=/usr/bin:/bin:/usr/sbin:/sbin
SHELL=/bin/zsh

Signal Handlers:
SIGSEGV: [libjvm.dylib+0x5a1f9b], sa_mask[0]=11111111111111111111111111111111, sa_flags=SA_ONSTACK|SA_RESTART|SA_SIGINFO
SIGBUS: [libjvm.dylib+0x5a1f9b], sa_mask[0]=11111111111111111111111111111111, sa_flags=SA_RESTART|SA_SIGINFO
SIGFPE: [libjvm.dylib+0x492701], sa_mask[0]=11111111111111111111111111111111, sa_flags=SA_RESTART|SA_SIGINFO
SIGPIPE: [libjvm.dylib+0x492701], sa_mask[0]=11111111111111111111111111111111, sa_flags=SA_RESTART|SA_SIGINFO
SIGXFSZ: [libjvm.dylib+0x492701], sa_mask[0]=11111111111111111111111111111111, sa_flags=SA_RESTART|SA_SIGINFO
SIGILL: [libjvm.dylib+0x492701], sa_mask[0]=11111111111111111111111111111111, sa_flags=SA_RESTART|SA_SIGINFO
SIGUSR1: SIG_DFL, sa_mask[0]=00000000000000000000000000000000, sa_flags=none
SIGUSR2: [libjvm.dylib+0x492ffa], sa_mask[0]=00100000000000000000000000000000, sa_flags=SA_RESTART|SA_SIGINFO
SIGHUP: [libjvm.dylib+0x491209], sa_mask[0]=11111111111111111111111111111111, sa_flags=SA_RESTART|SA_SIGINFO
SIGINT: [libjvm.dylib+0x491209], sa_mask[0]=11111111111111111111111111111111, sa_flags=SA_RESTART|SA_SIGINFO
SIGTERM: [libjvm.dylib+0x491209], sa_mask[0]=11111111111111111111111111111111, sa_flags=SA_RESTART|SA_SIGINFO
SIGQUIT: [libjvm.dylib+0x491209], sa_mask[0]=11111111111111111111111111111111, sa_flags=SA_RESTART|SA_SIGINFO


---------------  S Y S T E M  ---------------

OS:Bsduname:Darwin 20.1.0 Darwin Kernel Version 20.1.0: Sun Oct 18 15:32:00 PDT 2020; root:xnu-7195.41.8~9/RELEASE_ARM64_T8101 x86_64
rlimit: STACK 8176k, CORE 0k, NPROC 1333, NOFILE 10240, AS infinity
load average:5.14 4.17 3.62

CPU:total 8 (initial active 8) (1 cores per cpu, 1 threads per core) family 6 model 44 stepping 0, cmov, cx8, fxsr, mmx, sse, sse2, sse3, ssse3, sse4.1, sse4.2, popcnt, aes, clmul, tsc, tscinvbit, tscinv

Memory: 4k page, physical 8388608k(27728k free)

/proc/meminfo:


vm_info: Java HotSpot(TM) 64-Bit Server VM (25.281-b09) for bsd-amd64 JRE (1.8.0_281-b09), built on Dec  9 2020 12:44:49 by "java_re" with gcc 4.2.1 Compatible Apple LLVM 10.0.0 (clang-1000.11.45.5)

time: Mon May 23 20:20:15 2022
timezone: PDT
elapsed time: 542.081471 seconds (0d 0h 9m 2s)

