#
# A fatal error has been detected by the Java Runtime Environment:
#
#  SIGSEGV (0xb) at pc=0x00000001128ecdcf, pid=30617, tid=0x000000000000fc0b
#
# JRE version: Java(TM) SE Runtime Environment (8.0_281-b09) (build 1.8.0_281-b09)
# Java VM: Java HotSpot(TM) 64-Bit Server VM (25.281-b09 mixed mode bsd-amd64 compressed oops)
# Problematic frame:
# J 1914 C2 circeIsland.creatures.Nymph.act()V (61 bytes) @ 0x00000001128ecdcf [0x00000001128ecc40+0x18f]
#
# Failed to write core dump. Core dumps have been disabled. To enable core dumping, try "ulimit -c unlimited" before starting Java again
#
# If you would like to submit a bug report, please visit:
#   http://bugreport.java.com/bugreport/crash.jsp
#

---------------  T H R E A D  ---------------

Current thread (0x00007fdcc1b6a000):  JavaThread "Animation Thread" [_thread_in_Java, id=64523, stack(0x000000030e496000,0x000000030e596000)]

siginfo: si_signo: 11 (SIGSEGV), si_code: 2 (SEGV_ACCERR), si_addr: 0x0000000000000014

Registers:
RAX=0x000000000000000a, RBX=0x0000000000000019, RCX=0x0000000000000008, RDX=0x000000000000000b
RSP=0x000000030e595830, RBP=0x0000000748808a00, RSI=0x000000000000000a, RDI=0x0000000000000007
R8 =0x00000000e835741c, R9 =0x00000000e8356f90, R10=0x0000000000000014, R11=0x000000000000000b
R12=0x0000000000000000, R13=0x0000000000000009, R14=0x0000000000000000, R15=0x00007fdcc1b6a000
RIP=0x00000001128ecdcf, EFLAGS=0x0000000000000206, ERR=0x0000000000000004
  TRAPNO=0x000000000000000e

Top of Stack: (sp=0x000000030e595830)
0x000000030e595830:   448e400000000000 f419bb7500000006
0x000000030e595840:   00000007409de610 00000007a0cddba8
0x000000030e595850:   448e400042080000 00000007409d8e50
0x000000030e595860:   00000007a0cd3470 000000073f800000
0x000000030e595870:   00000007a0cdd908 0000000000000000
0x000000030e595880:   0000000000000009 0000000000000960
0x000000030e595890:   0000000748808a00 00000001127c6a00
0x000000030e5958a0:   0000000741ab7c80 00000007c009b388
0x000000030e5958b0:   00000007c00af728 e8357377437f0000
0x000000030e5958c0:   0000000000000009 0000000741ab9bb8
0x000000030e5958d0:   4050800000000001 444c600044400000
0x000000030e5958e0:   4444200044508000 e813458400000018
0x000000030e5958f0:   0000000741aba0b0 00000007409a2c20
0x000000030e595900:   00000007409a2d60 00000001127f6f10
0x000000030e595910:   00000007e81345ac 00000001127bf264
0x000000030e595920:   0000000000000011 0000000112aa4450
0x000000030e595930:   00000007409a2c20 00000001128805cc
0x000000030e595940:   00000007c00016d0 00000007c00af728
0x000000030e595950:   0000000700000001 00000007409a2c20
0x000000030e595960:   e812d0e1ff000000 0000034f000004b0
0x000000030e595970:   00000000f419a531 000000011286e03c
0x000000030e595980:   00000000e9ef3c99 0000000112c58b7c
0x000000030e595990:   0000000740a17f78 e8142fce00000000
0x000000030e5959a0:   0000000740a17da8 00007fdce8142fef
0x000000030e5959b0:   0000000000000007 0000000740a17e70
0x000000030e5959c0:   0000000000000011 0000000110c9058b
0x000000030e5959d0:   0000000000001761 00000001126f1154
0x000000030e5959e0:   00000007409a14b8 00000007409a2c20
0x000000030e5959f0:   0000c4fe8db8af84 00000001e8134584
0x000000030e595a00:   000000030e595aa0 0000000112bf8204
0x000000030e595a10:   ffffffffffffffff 00000001e814300e
0x000000030e595a20:   0000000000000000 0000000000000000 

Instructions: (pc=0x00000001128ecdcf)
0x00000001128ecdaf:   c0 3b 44 24 08 0f 84 19 07 00 00 41 83 c3 02 44
0x00000001128ecdbf:   3b 5c 24 08 0f 84 9f 0a 00 00 41 ba 14 00 00 00
0x00000001128ecdcf:   45 8b 12 33 c0 41 bd 10 00 00 00 eb 76 41 3b fa
0x00000001128ecddf:   74 14 41 3b ca 74 0f 45 3b ea 74 0a 41 3b f2 74 

Register to memory mapping:

RAX=0x000000000000000a is an unknown value
RBX=0x0000000000000019 is an unknown value
RCX=0x0000000000000008 is an unknown value
RDX=0x000000000000000b is an unknown value
RSP=0x000000030e595830 is pointing into the stack for thread: 0x00007fdcc1b6a000
RBP=0x0000000748808a00 is an oop
circeIsland.creatures.Nymph 
 - klass: 'circeIsland/creatures/Nymph'
RSI=0x000000000000000a is an unknown value
RDI=0x0000000000000007 is an unknown value
R8 =0x00000000e835741c is an unknown value
R9 =0x00000000e8356f90 is an unknown value
R10=0x0000000000000014 is an unknown value
R11=0x000000000000000b is an unknown value
R12=0x0000000000000000 is an unknown value
R13=0x0000000000000009 is an unknown value
R14=0x0000000000000000 is an unknown value
R15=0x00007fdcc1b6a000 is a thread


Stack: [0x000000030e496000,0x000000030e596000],  sp=0x000000030e595830,  free space=1022k
Native frames: (J=compiled Java code, j=interpreted, Vv=VM code, C=native code)
J 1914 C2 circeIsland.creatures.Nymph.act()V (61 bytes) @ 0x00000001128ecdcf [0x00000001128ecc40+0x18f]
J 1854 C2 circeIsland.screens.Island.draw()V (790 bytes) @ 0x00000001127c6a00 [0x00000001127c4980+0x2080]
J 1903 C2 circeIsland.main.DrawingSurface.draw()V (253 bytes) @ 0x00000001128805cc [0x000000011287ff40+0x68c]
J 1909 C2 processing.awt.PSurfaceAWT$12.callDraw()V (18 bytes) @ 0x00000001126f1154 [0x00000001126f0fc0+0x194]
j  processing.core.PSurfaceNone$AnimationThread.run()V+30
v  ~StubRoutines::call_stub
V  [libjvm.dylib+0x2d5599]  JavaCalls::call_helper(JavaValue*, methodHandle*, JavaCallArguments*, Thread*)+0x771
V  [libjvm.dylib+0x2d4264]  JavaCalls::call_virtual(JavaValue*, KlassHandle, Symbol*, Symbol*, JavaCallArguments*, Thread*)+0x14a
V  [libjvm.dylib+0x2d447f]  JavaCalls::call_virtual(JavaValue*, Handle, KlassHandle, Symbol*, Symbol*, Thread*)+0x57
V  [libjvm.dylib+0x342b21]  thread_entry(JavaThread*, Thread*)+0x78
V  [libjvm.dylib+0x5653f2]  JavaThread::thread_main_inner()+0x82
V  [libjvm.dylib+0x5652b7]  JavaThread::run()+0x19d
V  [libjvm.dylib+0x490329]  java_start(Thread*)+0xfa
C  [libsystem_pthread.dylib+0x6950]  _pthread_start+0xe0
C  [libsystem_pthread.dylib+0x247b]  thread_start+0xf
C  0x0000000000000000


---------------  P R O C E S S  ---------------

Java Threads: ( => current thread )
  0x00007fdcc21ac800 JavaThread "DestroyJavaVM" [_thread_blocked, id=9219, stack(0x000000030c815000,0x000000030c915000)]
=>0x00007fdcc1b6a000 JavaThread "Animation Thread" [_thread_in_Java, id=64523, stack(0x000000030e496000,0x000000030e596000)]
  0x00007fdcc2993000 JavaThread "AWT-EventQueue-0" [_thread_blocked, id=67151, stack(0x000000030e393000,0x000000030e493000)]
  0x00007fdcc29a6800 JavaThread "Java2D Disposer" daemon [_thread_blocked, id=57411, stack(0x000000030e18d000,0x000000030e28d000)]
  0x00007fdcc2955800 JavaThread "Java2D Queue Flusher" daemon [_thread_blocked, id=54403, stack(0x000000030e08a000,0x000000030e18a000)]
  0x00007fdcc1a72800 JavaThread "AWT-Shutdown" [_thread_blocked, id=29727, stack(0x000000030dce3000,0x000000030dde3000)]
  0x00007fdcc2894000 JavaThread "AppKit Thread" daemon [_thread_in_native, id=515, stack(0x000000030bf91000,0x000000030c791000)]
  0x00007fdcc2847000 JavaThread "Service Thread" daemon [_thread_blocked, id=23303, stack(0x000000030da56000,0x000000030db56000)]
  0x00007fdcc180d800 JavaThread "C1 CompilerThread3" daemon [_thread_blocked, id=23043, stack(0x000000030d953000,0x000000030da53000)]
  0x00007fdcc2846800 JavaThread "C2 CompilerThread2" daemon [_thread_blocked, id=42243, stack(0x000000030d850000,0x000000030d950000)]
  0x00007fdcc201d000 JavaThread "C2 CompilerThread1" daemon [_thread_blocked, id=42499, stack(0x000000030d74d000,0x000000030d84d000)]
  0x00007fdcc201b000 JavaThread "C2 CompilerThread0" daemon [_thread_blocked, id=42755, stack(0x000000030d64a000,0x000000030d74a000)]
  0x00007fdcc2838800 JavaThread "Signal Dispatcher" daemon [_thread_blocked, id=43011, stack(0x000000030d547000,0x000000030d647000)]
  0x00007fdcc2830800 JavaThread "Finalizer" daemon [_thread_blocked, id=18719, stack(0x000000030d336000,0x000000030d436000)]
  0x00007fdcc2014000 JavaThread "Reference Handler" daemon [_thread_blocked, id=13603, stack(0x000000030d233000,0x000000030d333000)]

Other Threads:
  0x00007fdcc2822000 VMThread [stack: 0x000000030d130000,0x000000030d230000] [id=13059]
  0x00007fdcc185d000 WatcherThread [stack: 0x000000030db59000,0x000000030dc59000] [id=40711]

VM state:not at safepoint (normal execution)

VM Mutex/Monitor currently owned by a thread: None

heap address: 0x0000000740000000, size: 2048 MB, Compressed Oops mode: Zero based, Oop shift amount: 3
Narrow klass base: 0x0000000000000000, Narrow klass shift: 3
Compressed class space size: 1073741824 Address: 0x00000007c0000000

Heap:
 PSYoungGen      total 432128K, used 305869K [0x0000000795580000, 0x00000007ba080000, 0x00000007c0000000)
  eden space 308224K, 61% used [0x0000000795580000,0x00000007a0f5d3d8,0x00000007a8280000)
  from space 123904K, 93% used [0x00000007b0d80000,0x00000007b7e561b8,0x00000007b8680000)
  to   space 142336K, 0% used [0x00000007a8280000,0x00000007a8280000,0x00000007b0d80000)
 ParOldGen       total 469504K, used 358877K [0x0000000740000000, 0x000000075ca80000, 0x0000000795580000)
  object space 469504K, 76% used [0x0000000740000000,0x0000000755e777a0,0x000000075ca80000)
 Metaspace       used 13046K, capacity 13290K, committed 13568K, reserved 1060864K
  class space    used 1451K, capacity 1535K, committed 1536K, reserved 1048576K

Card table byte_map: [0x000000012199e000,0x0000000121d9f000] byte_map_base: 0x000000011df9e000

Marking Bits: (ParMarkBitMap*) 0x0000000110f28488
 Begin Bits: [0x000000012204a000, 0x000000012404a000)
 End Bits:   [0x000000012404a000, 0x000000012604a000)

Polling page: 0x000000010c628000

CodeCache: size=245760Kb used=6644Kb max_used=6759Kb free=239115Kb
 bounds [0x00000001125de000, 0x0000000112c9e000, 0x00000001215de000]
 total_blobs=2369 nmethods=1797 adapters=487
 compilation: enabled

Compilation events (10 events):
Event: 234.472 Thread 0x00007fdcc2846800 nmethod 1910 0x00000001128719d0 code [0x0000000112871be0, 0x00000001128722a0]
Event: 234.472 Thread 0x00007fdcc201b000 nmethod 1909 0x00000001126f0d90 code [0x00000001126f0fc0, 0x00000001126f1730]
Event: 234.552 Thread 0x00007fdcc201d000 1911       4       circeIsland.creatures.Pig::act (6 bytes)
Event: 234.555 Thread 0x00007fdcc201d000 nmethod 1911 0x00000001126f3450 code [0x00000001126f3600, 0x00000001126f3928]
Event: 235.199 Thread 0x00007fdcc2846800 1912       4       java.lang.Math::max (11 bytes)
Event: 235.199 Thread 0x00007fdcc2846800 nmethod 1912 0x00000001127eab10 code [0x00000001127eac40, 0x00000001127eac98]
Event: 250.339 Thread 0x00007fdcc201b000 1913       4       java.lang.Object::equals (11 bytes)
Event: 250.346 Thread 0x00007fdcc201b000 nmethod 1913 0x00000001129296d0 code [0x0000000112929820, 0x0000000112929898]
Event: 254.640 Thread 0x00007fdcc201d000 1914       4       circeIsland.creatures.Nymph::act (61 bytes)
Event: 254.676 Thread 0x00007fdcc201d000 nmethod 1914 0x00000001128ec910 code [0x00000001128ecc40, 0x00000001128ee110]

GC Heap History (10 events):
Event: 5.081 GC heap before
{Heap before GC invocations=13 (full 3):
 PSYoungGen      total 248320K, used 222203K [0x0000000795580000, 0x00000007afc00000, 0x00000007c0000000)
  eden space 170496K, 100% used [0x0000000795580000,0x000000079fc00000,0x000000079fc00000)
  from space 77824K, 66% used [0x000000079fc00000,0x00000007a2e7ef80,0x00000007a4800000)
  to   space 92672K, 0% used [0x00000007aa180000,0x00000007aa180000,0x00000007afc00000)
 ParOldGen       total 218112K, used 118160K [0x0000000740000000, 0x000000074d500000, 0x0000000795580000)
  object space 218112K, 54% used [0x0000000740000000,0x0000000747364368,0x000000074d500000)
 Metaspace       used 12295K, capacity 12556K, committed 12800K, reserved 1060864K
  class space    used 1440K, capacity 1532K, committed 1536K, reserved 1048576K
Event: 5.140 GC heap after
Heap after GC invocations=13 (full 3):
 PSYoungGen      total 326144K, used 86527K [0x0000000795580000, 0x00000007b1c80000, 0x00000007c0000000)
  eden space 233472K, 0% used [0x0000000795580000,0x0000000795580000,0x00000007a3980000)
  from space 92672K, 93% used [0x00000007aa180000,0x00000007af5fff28,0x00000007afc00000)
  to   space 106496K, 0% used [0x00000007a3980000,0x00000007a3980000,0x00000007aa180000)
 ParOldGen       total 218112K, used 194448K [0x0000000740000000, 0x000000074d500000, 0x0000000795580000)
  object space 218112K, 89% used [0x0000000740000000,0x000000074bde41c8,0x000000074d500000)
 Metaspace       used 12295K, capacity 12556K, committed 12800K, reserved 1060864K
  class space    used 1440K, capacity 1532K, committed 1536K, reserved 1048576K
}
Event: 5.140 GC heap before
{Heap before GC invocations=14 (full 4):
 PSYoungGen      total 326144K, used 86527K [0x0000000795580000, 0x00000007b1c80000, 0x00000007c0000000)
  eden space 233472K, 0% used [0x0000000795580000,0x0000000795580000,0x00000007a3980000)
  from space 92672K, 93% used [0x00000007aa180000,0x00000007af5fff28,0x00000007afc00000)
  to   space 106496K, 0% used [0x00000007a3980000,0x00000007a3980000,0x00000007aa180000)
 ParOldGen       total 218112K, used 194448K [0x0000000740000000, 0x000000074d500000, 0x0000000795580000)
  object space 218112K, 89% used [0x0000000740000000,0x000000074bde41c8,0x000000074d500000)
 Metaspace       used 12295K, capacity 12556K, committed 12800K, reserved 1060864K
  class space    used 1440K, capacity 1532K, committed 1536K, reserved 1048576K
Event: 5.179 GC heap after
Heap after GC invocations=14 (full 4):
 PSYoungGen      total 326144K, used 24581K [0x0000000795580000, 0x00000007b1c80000, 0x00000007c0000000)
  eden space 233472K, 0% used [0x0000000795580000,0x0000000795580000,0x00000007a3980000)
  from space 92672K, 26% used [0x00000007aa180000,0x00000007ab981420,0x00000007afc00000)
  to   space 106496K, 0% used [0x00000007a3980000,0x00000007a3980000,0x00000007aa180000)
 ParOldGen       total 333824K, used 206353K [0x0000000740000000, 0x0000000754600000, 0x0000000795580000)
  object space 333824K, 61% used [0x0000000740000000,0x000000074c984760,0x0000000754600000)
 Metaspace       used 12295K, capacity 12556K, committed 12800K, reserved 1060864K
  class space    used 1440K, capacity 1532K, committed 1536K, reserved 1048576K
}
Event: 5.889 GC heap before
{Heap before GC invocations=15 (full 4):
 PSYoungGen      total 326144K, used 256837K [0x0000000795580000, 0x00000007b1c80000, 0x00000007c0000000)
  eden space 233472K, 99% used [0x0000000795580000,0x00000007a38502e8,0x00000007a3980000)
  from space 92672K, 26% used [0x00000007aa180000,0x00000007ab981420,0x00000007afc00000)
  to   space 106496K, 0% used [0x00000007a3980000,0x00000007a3980000,0x00000007aa180000)
 ParOldGen       total 333824K, used 206353K [0x0000000740000000, 0x0000000754600000, 0x0000000795580000)
  object space 333824K, 61% used [0x0000000740000000,0x000000074c984760,0x0000000754600000)
 Metaspace       used 12332K, capacity 12684K, committed 12800K, reserved 1060864K
  class space    used 1441K, capacity 1532K, committed 1536K, reserved 1048576K
Event: 5.928 GC heap after
Heap after GC invocations=15 (full 4):
 PSYoungGen      total 339968K, used 102489K [0x0000000795580000, 0x00000007b8680000, 0x00000007c0000000)
  eden space 233472K, 0% used [0x0000000795580000,0x0000000795580000,0x00000007a3980000)
  from space 106496K, 96% used [0x00000007a3980000,0x00000007a9d96730,0x00000007aa180000)
  to   space 123904K, 0% used [0x00000007b0d80000,0x00000007b0d80000,0x00000007b8680000)
 ParOldGen       total 333824K, used 273108K [0x0000000740000000, 0x0000000754600000, 0x0000000795580000)
  object space 333824K, 81% used [0x0000000740000000,0x0000000750ab5340,0x0000000754600000)
 Metaspace       used 12332K, capacity 12684K, committed 12800K, reserved 1060864K
  class space    used 1441K, capacity 1532K, committed 1536K, reserved 1048576K
}
Event: 5.928 GC heap before
{Heap before GC invocations=16 (full 5):
 PSYoungGen      total 339968K, used 102489K [0x0000000795580000, 0x00000007b8680000, 0x00000007c0000000)
  eden space 233472K, 0% used [0x0000000795580000,0x0000000795580000,0x00000007a3980000)
  from space 106496K, 96% used [0x00000007a3980000,0x00000007a9d96730,0x00000007aa180000)
  to   space 123904K, 0% used [0x00000007b0d80000,0x00000007b0d80000,0x00000007b8680000)
 ParOldGen       total 333824K, used 273108K [0x0000000740000000, 0x0000000754600000, 0x0000000795580000)
  object space 333824K, 81% used [0x0000000740000000,0x0000000750ab5340,0x0000000754600000)
 Metaspace       used 12332K, capacity 12684K, committed 12800K, reserved 1060864K
  class space    used 1441K, capacity 1532K, committed 1536K, reserved 1048576K
Event: 5.962 GC heap after
Heap after GC invocations=16 (full 5):
 PSYoungGen      total 339968K, used 0K [0x0000000795580000, 0x00000007b8680000, 0x00000007c0000000)
  eden space 233472K, 0% used [0x0000000795580000,0x0000000795580000,0x00000007a3980000)
  from space 106496K, 0% used [0x00000007a3980000,0x00000007a3980000,0x00000007aa180000)
  to   space 123904K, 0% used [0x00000007b0d80000,0x00000007b0d80000,0x00000007b8680000)
 ParOldGen       total 469504K, used 322005K [0x0000000740000000, 0x000000075ca80000, 0x0000000795580000)
  object space 469504K, 68% used [0x0000000740000000,0x0000000753a75770,0x000000075ca80000)
 Metaspace       used 12332K, capacity 12684K, committed 12800K, reserved 1060864K
  class space    used 1441K, capacity 1532K, committed 1536K, reserved 1048576K
}
Event: 125.168 GC heap before
{Heap before GC invocations=17 (full 5):
 PSYoungGen      total 339968K, used 233472K [0x0000000795580000, 0x00000007b8680000, 0x00000007c0000000)
  eden space 233472K, 100% used [0x0000000795580000,0x00000007a3980000,0x00000007a3980000)
  from space 106496K, 0% used [0x00000007a3980000,0x00000007a3980000,0x00000007aa180000)
  to   space 123904K, 0% used [0x00000007b0d80000,0x00000007b0d80000,0x00000007b8680000)
 ParOldGen       total 469504K, used 322005K [0x0000000740000000, 0x000000075ca80000, 0x0000000795580000)
  object space 469504K, 68% used [0x0000000740000000,0x0000000753a75770,0x000000075ca80000)
 Metaspace       used 13046K, capacity 13290K, committed 13568K, reserved 1060864K
  class space    used 1451K, capacity 1535K, committed 1536K, reserved 1048576K
Event: 125.252 GC heap after
Heap after GC invocations=17 (full 5):
 PSYoungGen      total 432128K, used 115544K [0x0000000795580000, 0x00000007ba080000, 0x00000007c0000000)
  eden space 308224K, 0% used [0x0000000795580000,0x0000000795580000,0x00000007a8280000)
  from space 123904K, 93% used [0x00000007b0d80000,0x00000007b7e561b8,0x00000007b8680000)
  to   space 142336K, 0% used [0x00000007a8280000,0x00000007a8280000,0x00000007b0d80000)
 ParOldGen       total 469504K, used 358877K [0x0000000740000000, 0x000000075ca80000, 0x0000000795580000)
  object space 469504K, 76% used [0x0000000740000000,0x0000000755e777a0,0x000000075ca80000)
 Metaspace       used 13046K, capacity 13290K, committed 13568K, reserved 1060864K
  class space    used 1451K, capacity 1535K, committed 1536K, reserved 1048576K
}

Deoptimization events (10 events):
Event: 13.953 Thread 0x00007fdcc1b6a000 Uncommon trap: reason=class_check action=maybe_recompile pc=0x0000000112961cb4 method=sun.java2d.SunGraphics2D.draw(Ljava/awt/Shape;)V @ 6
Event: 17.345 Thread 0x00007fdcc1b6a000 Uncommon trap: reason=unstable_if action=reinterpret pc=0x0000000112b10940 method=circeIsland.screens.Island.draw()V @ 758
Event: 17.392 Thread 0x00007fdcc1b6a000 Uncommon trap: reason=unstable_if action=reinterpret pc=0x0000000112af83d8 method=circeIsland.screens.Island.draw()V @ 758
Event: 131.668 Thread 0x00007fdcc1b6a000 Uncommon trap: reason=unstable_if action=reinterpret pc=0x0000000112bda51c method=circeIsland.screens.Island.draw()V @ 781
Event: 131.717 Thread 0x00007fdcc1b6a000 Uncommon trap: reason=unstable_if action=reinterpret pc=0x0000000112bbfe04 method=circeIsland.screens.Island.draw()V @ 781
Event: 144.053 Thread 0x00007fdcc1b6a000 Uncommon trap: reason=bimorphic action=maybe_recompile pc=0x0000000112c49c30 method=circeIsland.creatures.Creature.moveY(I)V @ 67
Event: 144.096 Thread 0x00007fdcc1b6a000 Uncommon trap: reason=bimorphic action=maybe_recompile pc=0x0000000112c49c30 method=circeIsland.creatures.Creature.moveY(I)V @ 67
Event: 144.138 Thread 0x00007fdcc1b6a000 Uncommon trap: reason=bimorphic action=maybe_recompile pc=0x0000000112c49c30 method=circeIsland.creatures.Creature.moveY(I)V @ 67
Event: 144.180 Thread 0x00007fdcc1b6a000 Uncommon trap: reason=bimorphic action=maybe_recompile pc=0x0000000112c49c30 method=circeIsland.creatures.Creature.moveY(I)V @ 67
Event: 219.143 Thread 0x00007fdcc1b6a000 Uncommon trap: reason=unstable_if action=reinterpret pc=0x0000000112c6c800 method=circeIsland.creatures.Nymph.act()V @ 19

Classes redefined (0 events):
No events

Internal exceptions (10 events):
Event: 1.018 Thread 0x00007fdcc180d000 Exception <a 'java/io/FileNotFoundException'> (0x00000007958c1100) thrown at [/jenkins/workspace/8-2-build-macosx-x86_64/jdk8u281/880/hotspot/src/share/vm/prims/jni.cpp, line 710]
Event: 1.018 Thread 0x00007fdcc180d000 Exception <a 'java/io/FileNotFoundException'> (0x00000007958c1c30) thrown at [/jenkins/workspace/8-2-build-macosx-x86_64/jdk8u281/880/hotspot/src/share/vm/prims/jni.cpp, line 710]
Event: 1.046 Thread 0x00007fdcc180d000 Exception <a 'java/io/FileNotFoundException'> (0x00000007958d6e18) thrown at [/jenkins/workspace/8-2-build-macosx-x86_64/jdk8u281/880/hotspot/src/share/vm/prims/jni.cpp, line 710]
Event: 1.726 Thread 0x00007fdcc1b6a000 Exception <a 'java/io/FileNotFoundException'> (0x00000007961f78b0) thrown at [/jenkins/workspace/8-2-build-macosx-x86_64/jdk8u281/880/hotspot/src/share/vm/prims/jni.cpp, line 710]
Event: 1.726 Thread 0x00007fdcc1b6a000 Exception <a 'java/io/FileNotFoundException'> (0x00000007961fb398) thrown at [/jenkins/workspace/8-2-build-macosx-x86_64/jdk8u281/880/hotspot/src/share/vm/prims/jni.cpp, line 710]
Event: 1.726 Thread 0x00007fdcc1b6a000 Exception <a 'java/io/FileNotFoundException'> (0x00000007961fc268) thrown at [/jenkins/workspace/8-2-build-macosx-x86_64/jdk8u281/880/hotspot/src/share/vm/prims/jni.cpp, line 710]
Event: 1.726 Thread 0x00007fdcc1b6a000 Exception <a 'java/io/FileNotFoundException'> (0x00000007961fcb80) thrown at [/jenkins/workspace/8-2-build-macosx-x86_64/jdk8u281/880/hotspot/src/share/vm/prims/jni.cpp, line 710]
Event: 1.727 Thread 0x00007fdcc1b6a000 Exception <a 'java/io/FileNotFoundException'> (0x00000007961fe988) thrown at [/jenkins/workspace/8-2-build-macosx-x86_64/jdk8u281/880/hotspot/src/share/vm/prims/jni.cpp, line 710]
Event: 2.974 Thread 0x00007fdcc2830800 Exception <a 'java/lang/NullPointerException'> (0x00000007955ebbf8) thrown at [/jenkins/workspace/8-2-build-macosx-x86_64/jdk8u281/880/hotspot/src/share/vm/interpreter/linkResolver.cpp, line 1185]
Event: 254.684 Thread 0x00007fdcc1b6a000 Implicit null exception at 0x00000001128ecdcf to 0x0000000000000000

Events (10 events):
Event: 219.027 Thread 0x00007fdcc2846800 flushing nmethod 0x00000001128efc90
Event: 219.027 Thread 0x00007fdcc2846800 flushing nmethod 0x00000001128f06d0
Event: 219.027 Thread 0x00007fdcc2846800 flushing nmethod 0x00000001128f0d10
Event: 219.027 Thread 0x00007fdcc2846800 flushing nmethod 0x00000001128ff910
Event: 219.143 Thread 0x00007fdcc1b6a000 Uncommon trap: trap_request=0xffffff65 fr.pc=0x0000000112c6c800
Event: 219.143 Thread 0x00007fdcc1b6a000 DEOPT PACKING pc=0x0000000112c6c800 sp=0x000000030e5956a0
Event: 219.143 Thread 0x00007fdcc1b6a000 DEOPT UNPACKING pc=0x000000011262373a sp=0x000000030e595668 mode 2
Event: 219.370 Thread 0x00007fdcc201b000 flushing nmethod 0x000000011290fe50
Event: 219.370 Thread 0x00007fdcc201b000 flushing nmethod 0x0000000112917850
Event: 219.370 Thread 0x00007fdcc201b000 flushing nmethod 0x0000000112929550


Dynamic libraries:
0x00007ffdffed4000 	/Library/Apple/usr/libexec/oah/runtime
0x00007fff352b1000 	/System/Library/Frameworks/Cocoa.framework/Versions/A/Cocoa
0x00007fff221f5000 	/System/Library/Frameworks/Security.framework/Versions/A/Security
0x00007fff33509000 	/System/Library/Frameworks/ApplicationServices.framework/Versions/A/ApplicationServices
0x00007fff2a682000 	/usr/lib/libz.1.dylib
0x00007fff2a74e000 	/usr/lib/libSystem.B.dylib
0x00007fff2048a000 	/System/Library/Frameworks/CoreFoundation.framework/Versions/A/CoreFoundation
0x00007fff21169000 	/System/Library/Frameworks/Foundation.framework/Versions/C/Foundation
0x00007fff202a8000 	/usr/lib/libobjc.A.dylib
0x00007fff22c19000 	/System/Library/Frameworks/AppKit.framework/Versions/C/AppKit
0x00007fff25ac6000 	/System/Library/Frameworks/CoreData.framework/Versions/A/CoreData
0x00007fff23975000 	/System/Library/PrivateFrameworks/UIFoundation.framework/Versions/A/UIFoundation
0x00007fff2feec000 	/System/Library/PrivateFrameworks/RemoteViewServices.framework/Versions/A/RemoteViewServices
0x00007fff28c9d000 	/System/Library/PrivateFrameworks/XCTTargetBootstrap.framework/Versions/A/XCTTargetBootstrap
0x00007fff2b9eb000 	/usr/lib/libspindump.dylib
0x00007fff23bc9000 	/System/Library/Frameworks/UniformTypeIdentifiers.framework/Versions/A/UniformTypeIdentifiers
0x00007fff27470000 	/usr/lib/libapp_launch_measurement.dylib
0x00007fff27473000 	/System/Library/PrivateFrameworks/CoreAutoLayout.framework/Versions/A/CoreAutoLayout
0x00007fff285fe000 	/System/Library/Frameworks/Metal.framework/Versions/A/Metal
0x00007fff292f3000 	/usr/lib/liblangid.dylib
0x00007fff28ca1000 	/System/Library/PrivateFrameworks/CoreSVG.framework/Versions/A/CoreSVG
0x00007fff24baf000 	/System/Library/PrivateFrameworks/SkyLight.framework/Versions/A/SkyLight
0x00007fff24f0e000 	/System/Library/Frameworks/CoreGraphics.framework/Versions/A/CoreGraphics
0x00007fff30543000 	/System/Library/Frameworks/Accelerate.framework/Versions/A/Accelerate
0x00007fff2b426000 	/System/Library/PrivateFrameworks/IconServices.framework/Versions/A/IconServices
0x00007fff285df000 	/System/Library/Frameworks/IOSurface.framework/Versions/A/IOSurface
0x00007fff26458000 	/usr/lib/libDiagnosticMessagesClient.dylib
0x00007fff28c89000 	/System/Library/PrivateFrameworks/DFRFoundation.framework/Versions/A/DFRFoundation
0x00007fff22545000 	/usr/lib/libicucore.A.dylib
0x00007fff2cf26000 	/System/Library/Frameworks/AudioToolbox.framework/Versions/A/AudioToolbox
0x00007fff2c1d1000 	/System/Library/PrivateFrameworks/DataDetectorsCore.framework/Versions/A/DataDetectorsCore
0x00007fff28989000 	/System/Library/Frameworks/Carbon.framework/Versions/A/Frameworks/HIToolbox.framework/Versions/A/HIToolbox
0x00007fff26ed4000 	/System/Library/Frameworks/QuartzCore.framework/Versions/A/QuartzCore
0x00007fff2ff28000 	/System/Library/Frameworks/Carbon.framework/Versions/A/Frameworks/SpeechRecognition.framework/Versions/A/SpeechRecognition
0x00007fff271d8000 	/System/Library/PrivateFrameworks/CoreUI.framework/Versions/A/CoreUI
0x00007fff21b51000 	/System/Library/Frameworks/CoreAudio.framework/Versions/A/CoreAudio
0x00007fff26543000 	/System/Library/Frameworks/DiskArbitration.framework/Versions/A/DiskArbitration
0x00007fff2bde3000 	/System/Library/PrivateFrameworks/MultitouchSupport.framework/Versions/A/MultitouchSupport
0x00007fff2c1c8000 	/System/Library/PrivateFrameworks/InternationalSupport.framework/Versions/A/InternationalSupport
0x00007fff24b23000 	/usr/lib/libenergytrace.dylib
0x00007fff22b13000 	/System/Library/Frameworks/IOKit.framework/Versions/A/IOKit
0x00007fff30275000 	/System/Library/Frameworks/CoreServices.framework/Versions/A/CoreServices
0x00007fff27406000 	/System/Library/PrivateFrameworks/PerformanceAnalysis.framework/Versions/A/PerformanceAnalysis
0x00007fff6b763000 	/System/Library/Frameworks/OpenGL.framework/Versions/A/OpenGL
0x00007fff2c24d000 	/System/Library/PrivateFrameworks/UserActivity.framework/Versions/A/UserActivity
0x00007fff255c8000 	/System/Library/Frameworks/ColorSync.framework/Versions/A/ColorSync
0x00007fff28f0c000 	/System/Library/Frameworks/CoreImage.framework/Versions/A/CoreImage
0x00007fff21967000 	/System/Library/Frameworks/CoreText.framework/Versions/A/CoreText
0x00007fff28ccb000 	/System/Library/Frameworks/ImageIO.framework/Versions/A/ImageIO
0x00007fff2a754000 	/System/Library/PrivateFrameworks/SoftLinking.framework/Versions/A/SoftLinking
0x00007fff274bb000 	/usr/lib/libxml2.2.dylib
0x00007fff2036e000 	/usr/lib/libc++.1.dylib
0x00007fff2a9c6000 	/usr/lib/libcompression.dylib
0x00007fff24b24000 	/usr/lib/libMobileGestalt.dylib
0x00007fff2c0fb000 	/System/Library/PrivateFrameworks/TextureIO.framework/Versions/A/TextureIO
0x00007fff2b0b4000 	/usr/lib/libate.dylib
0x00007fff2a748000 	/usr/lib/system/libcache.dylib
0x00007fff2a704000 	/usr/lib/system/libcommonCrypto.dylib
0x00007fff2a72e000 	/usr/lib/system/libcompiler_rt.dylib
0x00007fff2a723000 	/usr/lib/system/libcopyfile.dylib
0x00007fff2019a000 	/usr/lib/system/libcorecrypto.dylib
0x00007fff20263000 	/usr/lib/system/libdispatch.dylib
0x00007fff20418000 	/usr/lib/system/libdyld.dylib
0x00007fff2a73f000 	/usr/lib/system/libkeymgr.dylib
0x00007fff2dcd5000 	/usr/lib/system/liblaunch.dylib
0x00007fff2a6e2000 	/usr/lib/system/libmacho.dylib
0x00007fff29ef7000 	/usr/lib/system/libquarantine.dylib
0x00007fff2a73c000 	/usr/lib/system/libremovefile.dylib
0x00007fff24b80000 	/usr/lib/system/libsystem_asl.dylib
0x00007fff2014a000 	/usr/lib/system/libsystem_blocks.dylib
0x00007fff202e5000 	/usr/lib/system/libsystem_c.dylib
0x00007fff2a736000 	/usr/lib/system/libsystem_collections.dylib
0x00007fff292e4000 	/usr/lib/system/libsystem_configuration.dylib
0x00007fff285ce000 	/usr/lib/system/libsystem_containermanager.dylib
0x00007fff2a47a000 	/usr/lib/system/libsystem_coreservices.dylib
0x00007fff227a7000 	/usr/lib/system/libsystem_darwin.dylib
0x00007fff2a740000 	/usr/lib/system/libsystem_dnssd.dylib
0x00007fff202e2000 	/usr/lib/system/libsystem_featureflags.dylib
0x00007fff2045e000 	/usr/lib/system/libsystem_info.dylib
0x00007fff2a695000 	/usr/lib/system/libsystem_m.dylib
0x00007fff20236000 	/usr/lib/system/libsystem_malloc.dylib
0x00007fff24b14000 	/usr/lib/system/libsystem_networkextension.dylib
0x00007fff22bc1000 	/usr/lib/system/libsystem_notify.dylib
0x00007fff30173000 	/usr/lib/system/libsystem_product_info_filter.dylib
0x00007fff292e8000 	/usr/lib/system/libsystem_sandbox.dylib
0x00007fff2a739000 	/usr/lib/system/libsystem_secinit.dylib
0x00007fff203dd000 	/usr/lib/system/libsystem_kernel.dylib
0x00007fff20454000 	/usr/lib/system/libsystem_platform.dylib
0x00007fff2040c000 	/usr/lib/system/libsystem_pthread.dylib
0x00007fff262a6000 	/usr/lib/system/libsystem_symptoms.dylib
0x00007fff20182000 	/usr/lib/system/libsystem_trace.dylib
0x00007fff2a710000 	/usr/lib/system/libunwind.dylib
0x00007fff2014c000 	/usr/lib/system/libxpc.dylib
0x00007fff203c4000 	/usr/lib/libc++abi.dylib
0x00007fff2a71b000 	/usr/lib/liboah.dylib
0x00007fff2addf000 	/usr/lib/liblzma.5.dylib
0x00007fff20e7f000 	/System/Library/Frameworks/SystemConfiguration.framework/Versions/A/SystemConfiguration
0x00007fff2a750000 	/usr/lib/libfakelink.dylib
0x00007fff24677000 	/System/Library/Frameworks/CFNetwork.framework/Versions/A/CFNetwork
0x00007fff2a890000 	/usr/lib/libarchive.2.dylib
0x00007fff20efc000 	/usr/lib/libCRFSuite.dylib
0x00007fff29f1e000 	/usr/lib/libbsm.0.dylib
0x00007fff24033000 	/usr/lib/libnetwork.dylib
0x00007fff2a755000 	/usr/lib/libpcap.A.dylib
0x00007fff2629f000 	/usr/lib/libdns_services.dylib
0x00007fff2adf8000 	/usr/lib/libcoretls_cfhelpers.dylib
0x00007fff2a994000 	/usr/lib/libapple_nghttp2.dylib
0x00007fff2a6e8000 	/usr/lib/system/libkxld.dylib
0x00007fff25f0d000 	/usr/lib/libsqlite3.dylib
0x00007fff2a45c000 	/System/Library/PrivateFrameworks/AppleFSCompression.framework/Versions/A/AppleFSCompression
0x00007fff29f06000 	/usr/lib/libcoretls.dylib
0x00007fff2a9c1000 	/usr/lib/libpam.2.dylib
0x00007fff2aef5000 	/usr/lib/libxar.1.dylib
0x00007fff292ef000 	/System/Library/PrivateFrameworks/AppleSystemInfo.framework/Versions/A/AppleSystemInfo
0x00007fff29b49000 	/System/Library/PrivateFrameworks/IOMobileFramebuffer.framework/Versions/A/IOMobileFramebuffer
0x00007fff2a46c000 	/usr/lib/libbz2.1.0.dylib
0x00007fff2a78d000 	/usr/lib/libiconv.2.dylib
0x00007fff2a6e1000 	/usr/lib/libcharset.1.dylib
0x00007fff27442000 	/System/Library/Frameworks/CoreServices.framework/Versions/A/Frameworks/FSEvents.framework/Versions/A/FSEvents
0x00007fff227b1000 	/System/Library/Frameworks/CoreServices.framework/Versions/A/Frameworks/CarbonCore.framework/Versions/A/CarbonCore
0x00007fff264a8000 	/System/Library/Frameworks/CoreServices.framework/Versions/A/Frameworks/Metadata.framework/Versions/A/Metadata
0x00007fff2a47f000 	/System/Library/Frameworks/CoreServices.framework/Versions/A/Frameworks/OSServices.framework/Versions/A/OSServices
0x00007fff2a902000 	/System/Library/Frameworks/CoreServices.framework/Versions/A/Frameworks/SearchKit.framework/Versions/A/SearchKit
0x00007fff26229000 	/System/Library/Frameworks/CoreServices.framework/Versions/A/Frameworks/AE.framework/Versions/A/AE
0x00007fff20926000 	/System/Library/Frameworks/CoreServices.framework/Versions/A/Frameworks/LaunchServices.framework/Versions/A/LaunchServices
0x00007fff2ad90000 	/System/Library/Frameworks/CoreServices.framework/Versions/A/Frameworks/DictionaryServices.framework/Versions/A/DictionaryServices
0x00007fff2744b000 	/System/Library/Frameworks/CoreServices.framework/Versions/A/Frameworks/SharedFileList.framework/Versions/A/SharedFileList
0x00007fff29efa000 	/usr/lib/libCheckFix.dylib
0x00007fff24b97000 	/System/Library/PrivateFrameworks/TCC.framework/Versions/A/TCC
0x00007fff292f5000 	/System/Library/PrivateFrameworks/CoreNLP.framework/Versions/A/CoreNLP
0x00007fff2645b000 	/System/Library/PrivateFrameworks/MetadataUtilities.framework/Versions/A/MetadataUtilities
0x00007fff20f32000 	/usr/lib/libmecabra.dylib
0x00007fff2a20e000 	/System/Library/Frameworks/MLCompute.framework/Versions/A/MLCompute
0x00007fff29f2f000 	/usr/lib/libmecab.dylib
0x00007fff29f79000 	/usr/lib/libgermantok.dylib
0x00007fff2a96a000 	/usr/lib/libThaiTokenizer.dylib
0x00007fff2af30000 	/usr/lib/libChineseTokenizer.dylib
0x00007fff2a9bf000 	/System/Library/Frameworks/MetalPerformanceShaders.framework/Versions/A/MetalPerformanceShaders
0x00007fff2654a000 	/System/Library/Frameworks/Accelerate.framework/Versions/A/Frameworks/vImage.framework/Versions/A/vImage
0x00007fff3024e000 	/System/Library/Frameworks/Accelerate.framework/Versions/A/Frameworks/vecLib.framework/Versions/A/vecLib
0x00007fff2af3b000 	/System/Library/Frameworks/Accelerate.framework/Versions/A/Frameworks/vecLib.framework/Versions/A/libvMisc.dylib
0x00007fff299a5000 	/System/Library/Frameworks/Accelerate.framework/Versions/A/Frameworks/vecLib.framework/Versions/A/libvDSP.dylib
0x00007fff20c29000 	/System/Library/Frameworks/Accelerate.framework/Versions/A/Frameworks/vecLib.framework/Versions/A/libBLAS.dylib
0x00007fff2a9e5000 	/System/Library/Frameworks/Accelerate.framework/Versions/A/Frameworks/vecLib.framework/Versions/A/libLAPACK.dylib
0x00007fff29f7f000 	/System/Library/Frameworks/Accelerate.framework/Versions/A/Frameworks/vecLib.framework/Versions/A/libLinearAlgebra.dylib
0x00007fff2a9ac000 	/System/Library/Frameworks/Accelerate.framework/Versions/A/Frameworks/vecLib.framework/Versions/A/libSparseBLAS.dylib
0x00007fff2a9df000 	/System/Library/Frameworks/Accelerate.framework/Versions/A/Frameworks/vecLib.framework/Versions/A/libQuadrature.dylib
0x00007fff2939d000 	/System/Library/Frameworks/Accelerate.framework/Versions/A/Frameworks/vecLib.framework/Versions/A/libBNNS.dylib
0x00007fff20e10000 	/System/Library/Frameworks/Accelerate.framework/Versions/A/Frameworks/vecLib.framework/Versions/A/libSparse.dylib
0x00007fff29288000 	/System/Library/Frameworks/MetalPerformanceShaders.framework/Versions/A/Frameworks/MPSCore.framework/Versions/A/MPSCore
0x00007fff2a3cb000 	/System/Library/Frameworks/MetalPerformanceShaders.framework/Versions/A/Frameworks/MPSImage.framework/Versions/A/MPSImage
0x00007fff29f96000 	/System/Library/Frameworks/MetalPerformanceShaders.framework/Versions/A/Frameworks/MPSNeuralNetwork.framework/Versions/A/MPSNeuralNetwork
0x00007fff2a356000 	/System/Library/Frameworks/MetalPerformanceShaders.framework/Versions/A/Frameworks/MPSMatrix.framework/Versions/A/MPSMatrix
0x00007fff2a1be000 	/System/Library/Frameworks/MetalPerformanceShaders.framework/Versions/A/Frameworks/MPSRayIntersector.framework/Versions/A/MPSRayIntersector
0x00007fff2a38d000 	/System/Library/Frameworks/MetalPerformanceShaders.framework/Versions/A/Frameworks/MPSNDArray.framework/Versions/A/MPSNDArray
0x00007fff20b55000 	/System/Library/PrivateFrameworks/MetalTools.framework/Versions/A/MetalTools
0x00007fff292ed000 	/System/Library/PrivateFrameworks/AggregateDictionary.framework/Versions/A/AggregateDictionary
0x00007fff26433000 	/System/Library/PrivateFrameworks/CoreAnalytics.framework/Versions/A/CoreAnalytics
0x00007fff2a96c000 	/System/Library/PrivateFrameworks/AppleSauce.framework/Versions/A/AppleSauce
0x00007fff285f1000 	/System/Library/PrivateFrameworks/IOAccelerator.framework/Versions/A/IOAccelerator
0x00007fff6b757000 	/System/Library/Frameworks/OpenGL.framework/Versions/A/Libraries/libCoreFSCache.dylib
0x00007fff214cd000 	/System/Library/PrivateFrameworks/LanguageModeling.framework/Versions/A/LanguageModeling
0x00007fff29b36000 	/System/Library/PrivateFrameworks/CoreEmoji.framework/Versions/A/CoreEmoji
0x00007fff29396000 	/System/Library/PrivateFrameworks/LinguisticData.framework/Versions/A/LinguisticData
0x00007fff20dc2000 	/System/Library/PrivateFrameworks/Lexicon.framework/Versions/A/Lexicon
0x00007fff2a87e000 	/usr/lib/libcmph.dylib
0x00007fff27422000 	/System/Library/Frameworks/OpenDirectory.framework/Versions/A/Frameworks/CFOpenDirectory.framework/Versions/A/CFOpenDirectory
0x00007fff27412000 	/System/Library/Frameworks/OpenDirectory.framework/Versions/A/OpenDirectory
0x00007fff2adfa000 	/System/Library/PrivateFrameworks/APFS.framework/Versions/A/APFS
0x00007fff29e5b000 	/System/Library/Frameworks/SecurityFoundation.framework/Versions/A/SecurityFoundation
0x00007fff2af03000 	/usr/lib/libutil.dylib
0x00007fff22ad8000 	/System/Library/PrivateFrameworks/CoreServicesStore.framework/Versions/A/CoreServicesStore
0x00007fff29ef2000 	/System/Library/Frameworks/ServiceManagement.framework/Versions/A/ServiceManagement
0x00007fff2af07000 	/usr/lib/libxslt.1.dylib
0x00007fff29ee8000 	/System/Library/PrivateFrameworks/BackgroundTaskManagement.framework/Versions/A/BackgroundTaskManagement
0x00007fff2c046000 	/System/Library/Frameworks/ImageIO.framework/Versions/A/Resources/libRadiance.dylib
0x00007fff2c04f000 	/System/Library/Frameworks/ImageIO.framework/Versions/A/Resources/libJPEG.dylib
0x00007fff2bf9d000 	/System/Library/Frameworks/ImageIO.framework/Versions/A/Resources/libPng.dylib
0x00007fff2bfc4000 	/System/Library/Frameworks/ImageIO.framework/Versions/A/Resources/libTIFF.dylib
0x00007fff2c0a4000 	/System/Library/Frameworks/ImageIO.framework/Versions/A/Resources/libGIF.dylib
0x00007fff2bd01000 	/System/Library/Frameworks/ImageIO.framework/Versions/A/Resources/libJP2.dylib
0x00007fff2b3ed000 	/usr/lib/libexpat.1.dylib
0x00007fff2bcb7000 	/System/Library/PrivateFrameworks/AppleJPEG.framework/Versions/A/AppleJPEG
0x00007fff2882c000 	/System/Library/PrivateFrameworks/FontServices.framework/libFontParser.dylib
0x00007fff261dd000 	/System/Library/PrivateFrameworks/RunningBoardServices.framework/Versions/A/RunningBoardServices
0x00007fff2bddf000 	/System/Library/PrivateFrameworks/WatchdogClient.framework/Versions/A/WatchdogClient
0x00007fff215ba000 	/System/Library/Frameworks/CoreDisplay.framework/Versions/A/CoreDisplay
0x00007fff28741000 	/System/Library/Frameworks/CoreMedia.framework/Versions/A/CoreMedia
0x00007fff2759e000 	/System/Library/Frameworks/CoreVideo.framework/Versions/A/CoreVideo
0x00007fff2be17000 	/System/Library/Frameworks/VideoToolbox.framework/Versions/A/VideoToolbox
0x00007fff2615b000 	/System/Library/PrivateFrameworks/BaseBoard.framework/Versions/A/BaseBoard
0x00007fff2b532000 	/System/Library/PrivateFrameworks/PersistentConnection.framework/Versions/A/PersistentConnection
0x00007fff25ef6000 	/System/Library/PrivateFrameworks/ProtocolBuffer.framework/Versions/A/ProtocolBuffer
0x00007fff26142000 	/System/Library/PrivateFrameworks/CommonUtilities.framework/Versions/A/CommonUtilities
0x00007fff2bc4c000 	/System/Library/PrivateFrameworks/Bom.framework/Versions/A/Bom
0x00007fff2c03f000 	/System/Library/PrivateFrameworks/GPUWrangler.framework/Versions/A/GPUWrangler
0x00007fff2c022000 	/System/Library/PrivateFrameworks/IOPresentment.framework/Versions/A/IOPresentment
0x00007fff2c049000 	/System/Library/PrivateFrameworks/DSExternalDisplay.framework/Versions/A/DSExternalDisplay
0x00007fff2c0a9000 	/System/Library/PrivateFrameworks/CMCaptureCore.framework/Versions/A/CMCaptureCore
0x00007fff2b9d2000 	/System/Library/PrivateFrameworks/AppServerSupport.framework/Versions/A/AppServerSupport
0x00007fff2da76000 	/System/Library/PrivateFrameworks/perfdata.framework/Versions/A/perfdata
0x00007fff29e4a000 	/System/Library/PrivateFrameworks/AssertionServices.framework/Versions/A/AssertionServices
0x00007fff216f1000 	/System/Library/PrivateFrameworks/AudioToolboxCore.framework/Versions/A/AudioToolboxCore
0x00007fff28724000 	/System/Library/PrivateFrameworks/caulk.framework/Versions/A/caulk
0x00007fff3cd05000 	/System/Library/PrivateFrameworks/SystemPolicy.framework/Versions/A/SystemPolicy
0x00007fff2b1e3000 	/usr/lib/libIOReport.dylib
0x00007fff2d298000 	/usr/lib/libSMC.dylib
0x00007fff2bf6a000 	/usr/lib/libAudioToolboxUtility.dylib
0x00007fff3d66a000 	/usr/lib/libmis.dylib
0x00007fff6b7b3000 	/System/Library/Frameworks/OpenGL.framework/Versions/A/Libraries/libGLU.dylib
0x00007fff6b776000 	/System/Library/Frameworks/OpenGL.framework/Versions/A/Libraries/libGFXShared.dylib
0x00007fff6b985000 	/System/Library/Frameworks/OpenGL.framework/Versions/A/Libraries/libGL.dylib
0x00007fff6b77f000 	/System/Library/Frameworks/OpenGL.framework/Versions/A/Libraries/libGLImage.dylib
0x00007fff6b773000 	/System/Library/Frameworks/OpenGL.framework/Versions/A/Libraries/libCVMSPluginSupport.dylib
0x00007fff6b75e000 	/System/Library/Frameworks/OpenGL.framework/Versions/A/Libraries/libCoreVMClient.dylib
0x00007fff6cdc6000 	/System/Library/Frameworks/OpenCL.framework/Versions/A/OpenCL
0x00007fff2b55c000 	/System/Library/PrivateFrameworks/GraphVisualizer.framework/Versions/A/GraphVisualizer
0x00007fff2b56b000 	/System/Library/PrivateFrameworks/FaceCore.framework/Versions/A/FaceCore
0x00007fff2b987000 	/System/Library/PrivateFrameworks/OTSVG.framework/Versions/A/OTSVG
0x00007fff27196000 	/System/Library/Frameworks/ApplicationServices.framework/Versions/A/Frameworks/ATS.framework/Versions/A/Resources/libFontRegistry.dylib
0x00007fff2b9d9000 	/System/Library/PrivateFrameworks/FontServices.framework/libhvf.dylib
0x00007fff2b399000 	/System/Library/PrivateFrameworks/AppleVA.framework/Versions/A/AppleVA
0x00007fff2d0e1000 	/System/Library/Frameworks/ApplicationServices.framework/Versions/A/Frameworks/ATS.framework/Versions/A/ATS
0x00007fff2d3f3000 	/System/Library/Frameworks/ApplicationServices.framework/Versions/A/Frameworks/ColorSyncLegacy.framework/Versions/A/ColorSyncLegacy
0x00007fff256bf000 	/System/Library/Frameworks/ApplicationServices.framework/Versions/A/Frameworks/HIServices.framework/Versions/A/HIServices
0x00007fff2d3d8000 	/System/Library/Frameworks/ApplicationServices.framework/Versions/A/Frameworks/LangAnalysis.framework/Versions/A/LangAnalysis
0x00007fff2c0b3000 	/System/Library/Frameworks/ApplicationServices.framework/Versions/A/Frameworks/PrintCore.framework/Versions/A/PrintCore
0x00007fff2d3fb000 	/System/Library/Frameworks/ApplicationServices.framework/Versions/A/Frameworks/QD.framework/Versions/A/QD
0x00007fff2d0d1000 	/System/Library/Frameworks/ApplicationServices.framework/Versions/A/Frameworks/SpeechSynthesis.framework/Versions/A/SpeechSynthesis
0x00007fff2c074000 	/System/Library/Frameworks/ApplicationServices.framework/Versions/A/Frameworks/ATSUI.framework/Versions/A/ATSUI
0x00007fff2d378000 	/usr/lib/libcups.2.dylib
0x00007fff2d3e8000 	/System/Library/PrivateFrameworks/NetAuth.framework/Versions/A/NetAuth
0x00007fff2da92000 	/System/Library/Frameworks/Kerberos.framework/Versions/A/Kerberos
0x00007fff2daa2000 	/System/Library/Frameworks/GSS.framework/Versions/A/GSS
0x00007fff2d14d000 	/usr/lib/libresolv.9.dylib
0x00007fff2b9ee000 	/System/Library/PrivateFrameworks/Heimdal.framework/Versions/A/Heimdal
0x00007fff33809000 	/System/Library/Frameworks/Kerberos.framework/Versions/A/Libraries/libHeimdalProxy.dylib
0x00007fff262ae000 	/System/Library/Frameworks/Network.framework/Versions/A/Network
0x00007fff2b407000 	/usr/lib/libheimdal-asn1.dylib
0x00007fff2daf2000 	/System/Library/PrivateFrameworks/CommonAuth.framework/Versions/A/CommonAuth
0x00007fff275eb000 	/System/Library/PrivateFrameworks/login.framework/Versions/A/Frameworks/loginsupport.framework/Versions/A/loginsupport
0x00007fff2d056000 	/System/Library/PrivateFrameworks/AudioSession.framework/Versions/A/AudioSession
0x00007fff2d0be000 	/usr/lib/libAudioStatistics.dylib
0x00007fff2b494000 	/System/Library/PrivateFrameworks/MediaExperience.framework/Versions/A/MediaExperience
0x00007fff2cef4000 	/System/Library/PrivateFrameworks/AudioSession.framework/libSessionUtility.dylib
0x00007fff2da83000 	/usr/lib/libperfcheck.dylib
0x00007fff2d407000 	/System/Library/PrivateFrameworks/AudioResourceArbitration.framework/Versions/A/AudioResourceArbitration
0x00007fff2b411000 	/System/Library/PrivateFrameworks/IconFoundation.framework/Versions/A/IconFoundation
0x00007fff2ff18000 	/System/Library/PrivateFrameworks/SpeechRecognitionCore.framework/Versions/A/SpeechRecognitionCore
0x0000000110800000 	/Library/Internet Plug-Ins/JavaAppletPlugin.plugin/Contents/Home/lib/server/libjvm.dylib
0x000000010c58a000 	/Library/Internet Plug-Ins/JavaAppletPlugin.plugin/Contents/Home/lib/libverify.dylib
0x000000010c5b0000 	/Library/Internet Plug-Ins/JavaAppletPlugin.plugin/Contents/Home/lib/libjava.dylib
0x000000010c67a000 	/Library/Internet Plug-Ins/JavaAppletPlugin.plugin/Contents/Home/lib/libzip.dylib
0x0000000128e1f000 	/Library/Internet Plug-Ins/JavaAppletPlugin.plugin/Contents/Home/lib/libawt.dylib
0x0000000128f64000 	/Library/Internet Plug-Ins/JavaAppletPlugin.plugin/Contents/Home/lib/libmlib_image.dylib
0x00007fff6e7ea000 	/System/Library/Frameworks/JavaNativeFoundation.framework/Versions/A/JavaNativeFoundation
0x00007fff6e7f6000 	/System/Library/Frameworks/JavaRuntimeSupport.framework/Versions/A/JavaRuntimeSupport
0x00007fff3ca87000 	/System/Library/Frameworks/Carbon.framework/Versions/A/Carbon
0x00007fff31ef8000 	/System/Library/PrivateFrameworks/CoreSymbolication.framework/Versions/A/CoreSymbolication
0x00007fff366ef000 	/System/Library/Frameworks/Carbon.framework/Versions/A/Frameworks/CommonPanels.framework/Versions/A/CommonPanels
0x00007fff332c8000 	/System/Library/Frameworks/Carbon.framework/Versions/A/Frameworks/Help.framework/Versions/A/Help
0x00007fff366f3000 	/System/Library/Frameworks/Carbon.framework/Versions/A/Frameworks/ImageCapture.framework/Versions/A/ImageCapture
0x00007fff366cb000 	/System/Library/Frameworks/Carbon.framework/Versions/A/Frameworks/OpenScripting.framework/Versions/A/OpenScripting
0x00007fff366eb000 	/System/Library/Frameworks/Carbon.framework/Versions/A/Frameworks/Ink.framework/Versions/A/Ink
0x00007fff3ca83000 	/System/Library/Frameworks/Carbon.framework/Versions/A/Frameworks/Print.framework/Versions/A/Print
0x00007fff366e7000 	/System/Library/Frameworks/Carbon.framework/Versions/A/Frameworks/SecurityHI.framework/Versions/A/SecurityHI
0x00007fff31ebb000 	/System/Library/PrivateFrameworks/DebugSymbols.framework/Versions/A/DebugSymbols
0x0000000129118000 	/Library/Internet Plug-Ins/JavaAppletPlugin.plugin/Contents/Home/lib/libawt_lwawt.dylib
0x0000000129291000 	/Library/Internet Plug-Ins/JavaAppletPlugin.plugin/Contents/Home/lib/libosxapp.dylib
0x00007fff3c10f000 	/System/Library/Frameworks/ExceptionHandling.framework/Versions/A/ExceptionHandling
0x00007fff22a99000 	/System/Library/PrivateFrameworks/CoreServicesInternal.framework/Versions/A/CoreServicesInternal
0x00007fff3141e000 	/System/Library/Frameworks/FileProvider.framework/Versions/A/FileProvider
0x00007fff260c5000 	/System/Library/Frameworks/Accounts.framework/Versions/A/Accounts
0x00007fff3153f000 	/System/Library/PrivateFrameworks/GenerationalStorage.framework/Versions/A/GenerationalStorage
0x00007fff30e3d000 	/System/Library/PrivateFrameworks/SymptomDiagnosticReporter.framework/Versions/A/SymptomDiagnosticReporter
0x00007fff2e72f000 	/System/Library/PrivateFrameworks/AppContainer.framework/Versions/A/AppContainer
0x00007fff23bdc000 	/System/Library/PrivateFrameworks/DesktopServicesPriv.framework/Versions/A/DesktopServicesPriv
0x00007fff22bcd000 	/usr/lib/libsandbox.1.dylib
0x00007fff27617000 	/System/Library/PrivateFrameworks/UserManagement.framework/Versions/A/UserManagement
0x00007fff29e27000 	/System/Library/PrivateFrameworks/MobileKeyBag.framework/Versions/A/MobileKeyBag
0x00007fff3486b000 	/System/Library/PrivateFrameworks/ChunkingLibrary.framework/Versions/A/ChunkingLibrary
0x00007fff2e744000 	/System/Library/PrivateFrameworks/SecCodeWrapper.framework/Versions/A/SecCodeWrapper
0x00007fff2b1eb000 	/System/Library/PrivateFrameworks/CrashReporterSupport.framework/Versions/A/CrashReporterSupport
0x00007fff47b07000 	/System/Library/PrivateFrameworks/OSAnalytics.framework/Versions/A/OSAnalytics
0x00007fff78379000 	/usr/lib/libRosetta.dylib
0x00007fff33259000 	/System/Library/PrivateFrameworks/RemoteServiceDiscovery.framework/Versions/A/RemoteServiceDiscovery
0x00007fff515db000 	/System/Library/PrivateFrameworks/Symbolication.framework/Versions/A/Symbolication
0x00007fff33269000 	/System/Library/PrivateFrameworks/RemoteXPC.framework/Versions/A/RemoteXPC
0x00007fff39554000 	/System/Library/PrivateFrameworks/OSAServicesClient.framework/Versions/A/OSAServicesClient
0x00007fff3d649000 	/System/Library/PrivateFrameworks/MallocStackLogging.framework/Versions/A/MallocStackLogging
0x00007fff2e4c7000 	/System/Library/PrivateFrameworks/Sharing.framework/Versions/A/Sharing
0x00007fff32e36000 	/System/Library/PrivateFrameworks/Apple80211.framework/Versions/A/Apple80211
0x00007fff2a4ad000 	/System/Library/PrivateFrameworks/AuthKit.framework/Versions/A/AuthKit
0x00007fff29c27000 	/System/Library/PrivateFrameworks/CoreUtils.framework/Versions/A/CoreUtils
0x00007fff29b54000 	/System/Library/Frameworks/CoreWLAN.framework/Versions/A/CoreWLAN
0x00007fff2e60e000 	/System/Library/Frameworks/IOBluetooth.framework/Versions/A/IOBluetooth
0x00007fff32e9a000 	/System/Library/PrivateFrameworks/CoreWiFi.framework/Versions/A/CoreWiFi
0x00007fff2db78000 	/System/Library/PrivateFrameworks/CorePhoneNumbers.framework/Versions/A/CorePhoneNumbers
0x00007fff30f45000 	/System/Library/PrivateFrameworks/DiskManagement.framework/Versions/A/DiskManagement
0x00007fff30e5b000 	/System/Library/PrivateFrameworks/AppleIDAuthSupport.framework/Versions/A/AppleIDAuthSupport
0x00007fff2db55000 	/System/Library/PrivateFrameworks/KeychainCircle.framework/Versions/A/KeychainCircle
0x00007fff30f11000 	/System/Library/PrivateFrameworks/MediaKit.framework/Versions/A/MediaKit
0x00007fff30e68000 	/System/Library/Frameworks/DiscRecording.framework/Versions/A/DiscRecording
0x00007fff2b30d000 	/usr/lib/libCoreStorage.dylib
0x00007fff332d4000 	/usr/lib/libcsfde.dylib
0x00007fff2e748000 	/System/Library/PrivateFrameworks/ProtectedCloudStorage.framework/Versions/A/ProtectedCloudStorage
0x00007fff332cc000 	/System/Library/PrivateFrameworks/EFILogin.framework/Versions/A/EFILogin
0x00007fff338bc000 	/System/Library/Frameworks/AudioUnit.framework/Versions/A/AudioUnit
0x00007fff30da7000 	/System/Library/Frameworks/CoreBluetooth.framework/Versions/A/CoreBluetooth
0x00007fff2b305000 	/usr/lib/libMatch.1.dylib
0x00007fff43826000 	/System/Library/CoreServices/RawCamera.bundle/Contents/MacOS/RawCamera
0x00007fff2db03000 	/System/Library/PrivateFrameworks/MobileAsset.framework/Versions/A/MobileAsset
0x00007fff338e1000 	/System/Library/PrivateFrameworks/StreamingZip.framework/Versions/A/StreamingZip
0x00007fff2c2ac000 	/System/Library/Frameworks/MediaToolbox.framework/Versions/A/MediaToolbox
0x00007fff313f0000 	/System/Library/PrivateFrameworks/CoreAVCHD.framework/Versions/A/CoreAVCHD
0x00007fff30584000 	/System/Library/Frameworks/MediaAccessibility.framework/Versions/A/MediaAccessibility
0x00007fff313ec000 	/System/Library/PrivateFrameworks/Mangrove.framework/Versions/A/Mangrove
0x00007fff30590000 	/System/Library/PrivateFrameworks/AlgosScoreFramework.framework/Versions/A/AlgosScoreFramework
0x00007fff31dab000 	/System/Library/PrivateFrameworks/AppleVPA.framework/Versions/A/AppleVPA
0x00007fff31031000 	/System/Library/PrivateFrameworks/CoreAUC.framework/Versions/A/CoreAUC
0x00007fff4121a000 	/System/Library/Frameworks/Accelerate.framework/Versions/A/Frameworks/vImage.framework/Versions/A/Libraries/libCGInterfaces.dylib
0x000000012b8a7000 	/usr/lib/libobjc-trampolines.dylib
0x00007fff2731a000 	/System/Library/PrivateFrameworks/ViewBridge.framework/Versions/A/ViewBridge
0x00007fff2baaf000 	/System/Library/PrivateFrameworks/login.framework/Versions/A/login
0x000000012dea4000 	/Library/Internet Plug-Ins/JavaAppletPlugin.plugin/Contents/Home/lib/libfontmanager.dylib
0x00007fff6b990000 	/System/Library/Frameworks/OpenGL.framework/Versions/A/Resources/GLEngine.bundle/GLEngine
0x00007fff6b7f0000 	/System/Library/Frameworks/OpenGL.framework/Versions/A/Libraries/libGLProgrammability.dylib
0x000000012df70000 	/System/Library/Extensions/AppleMetalGLRenderer.bundle/Contents/MacOS/AppleMetalGLRenderer
0x00007fff6bb0c000 	/System/Library/Frameworks/OpenGL.framework/Versions/A/Resources/GLRendererFloat.bundle/GLRendererFloat
0x000000012e0c6000 	/System/Library/Extensions/AGXMetal13_3.bundle/Contents/MacOS/AGXMetal13_3
0x00007fff388b9000 	/System/Library/PrivateFrameworks/IOGPU.framework/Versions/A/IOGPU
0x00007fff692e9000 	/System/Library/PrivateFrameworks/GPUCompiler.framework/Versions/31001/Libraries/libmetal_timestamp.dylib
0x000000012f5ba000 	/Library/Internet Plug-Ins/JavaAppletPlugin.plugin/Contents/Home/lib/libosxui.dylib
0x000000012a5e5000 	/Library/Internet Plug-Ins/JavaAppletPlugin.plugin/Contents/Home/lib/libmanagement.dylib
0x00000001301b8000 	/Library/Internet Plug-Ins/JavaAppletPlugin.plugin/Contents/Home/lib/libdcpr.dylib
0x000000013020d000 	/Library/Internet Plug-Ins/JavaAppletPlugin.plugin/Contents/Home/lib/libnio.dylib
0x00000001304c5000 	/Library/Internet Plug-Ins/JavaAppletPlugin.plugin/Contents/Home/lib/libnet.dylib
0x0000000139610000 	/Library/Internet Plug-Ins/JavaAppletPlugin.plugin/Contents/Home/lib/libt2k.dylib

VM Arguments:
jvm_args: -Dfile.encoding=UTF-8 
java_command: circeIsland.main.Main
java_class_path (initial): /Users/emmay/Documents/GitHub/capstoneproject-capstone-emma-jiwoo-rittika-sarah/CapstoneProject/bin:/Users/emmay/Documents/GitHub/capstoneproject-capstone-emma-jiwoo-rittika-sarah/CapstoneProject/processing_core.jar:/Users/emmay/Documents/GitHub/capstoneproject-capstone-emma-jiwoo-rittika-sarah/CapstoneProject/core.jar:/Users/emmay/Documents/GitHub/capstoneproject-capstone-emma-jiwoo-rittika-sarah/CapstoneProject/G4P.jar
Launcher Type: SUN_STANDARD

Environment Variables:
PATH=/usr/bin:/bin:/usr/sbin:/sbin
SHELL=/bin/zsh

Signal Handlers:
SIGSEGV: [libjvm.dylib+0x5a1f9b], sa_mask[0]=11111111111111111111111111111111, sa_flags=SA_ONSTACK|SA_RESTART|SA_SIGINFO
SIGBUS: [libjvm.dylib+0x5a1f9b], sa_mask[0]=11111111111111111111111111111111, sa_flags=SA_RESTART|SA_SIGINFO
SIGFPE: [libjvm.dylib+0x492701], sa_mask[0]=11111111111111111111111111111111, sa_flags=SA_RESTART|SA_SIGINFO
SIGPIPE: [libjvm.dylib+0x492701], sa_mask[0]=11111111111111111111111111111111, sa_flags=SA_RESTART|SA_SIGINFO
SIGXFSZ: [libjvm.dylib+0x492701], sa_mask[0]=11111111111111111111111111111111, sa_flags=SA_RESTART|SA_SIGINFO
SIGILL: [libjvm.dylib+0x492701], sa_mask[0]=11111111111111111111111111111111, sa_flags=SA_RESTART|SA_SIGINFO
SIGUSR1: SIG_DFL, sa_mask[0]=00000000000000000000000000000000, sa_flags=none
SIGUSR2: [libjvm.dylib+0x492ffa], sa_mask[0]=00100000000000000000000000000000, sa_flags=SA_RESTART|SA_SIGINFO
SIGHUP: [libjvm.dylib+0x491209], sa_mask[0]=11111111111111111111111111111111, sa_flags=SA_RESTART|SA_SIGINFO
SIGINT: [libjvm.dylib+0x491209], sa_mask[0]=11111111111111111111111111111111, sa_flags=SA_RESTART|SA_SIGINFO
SIGTERM: [libjvm.dylib+0x491209], sa_mask[0]=11111111111111111111111111111111, sa_flags=SA_RESTART|SA_SIGINFO
SIGQUIT: [libjvm.dylib+0x491209], sa_mask[0]=11111111111111111111111111111111, sa_flags=SA_RESTART|SA_SIGINFO


---------------  S Y S T E M  ---------------

OS:Bsduname:Darwin 20.1.0 Darwin Kernel Version 20.1.0: Sun Oct 18 15:32:00 PDT 2020; root:xnu-7195.41.8~9/RELEASE_ARM64_T8101 x86_64
rlimit: STACK 8176k, CORE 0k, NPROC 1333, NOFILE 10240, AS infinity
load average:2.79 2.07 1.86

CPU:total 8 (initial active 8) (1 cores per cpu, 1 threads per core) family 6 model 44 stepping 0, cmov, cx8, fxsr, mmx, sse, sse2, sse3, ssse3, sse4.1, sse4.2, popcnt, aes, clmul, tsc, tscinvbit, tscinv

Memory: 4k page, physical 8388608k(24788k free)

/proc/meminfo:


vm_info: Java HotSpot(TM) 64-Bit Server VM (25.281-b09) for bsd-amd64 JRE (1.8.0_281-b09), built on Dec  9 2020 12:44:49 by "java_re" with gcc 4.2.1 Compatible Apple LLVM 10.0.0 (clang-1000.11.45.5)

time: Sun May 22 15:21:48 2022
timezone: PDT
elapsed time: 254.702382 seconds (0d 0h 4m 14s)

